{"level":"info","message":"ROUTE API CALL => \n http://localhost:6201/api/v1/cashFlow/getCashFlow","timestamp":"2025-06-30T03:42:17.790Z"}
{"level":"info","message":"ROUTE API CALL => \n http://localhost:6201/api/v1/adminRoutes/getAllLoan","timestamp":"2025-06-30T03:42:17.826Z"}
{"level":"info","message":"ROUTE API CALL => \n http://localhost:6201/api/v1/cashFlow/getCashFlow","timestamp":"2025-06-30T03:44:51.401Z"}
{"level":"info","message":"ROUTE API CALL => \n http://localhost:6201/api/v1/adminRoutes/getAllLoan","timestamp":"2025-06-30T03:44:51.413Z"}
{"level":"info","message":"ROUTE API CALL => \n http://localhost:6201/api/v1/newLoan/userListOption","timestamp":"2025-06-30T03:58:50.968Z"}
{"level":"info","message":"Server running --- from server.ts","timestamp":"2025-06-30T04:01:07.760Z"}
{"level":"info","message":"Server running --- from server.ts","timestamp":"2025-06-30T04:01:21.197Z"}
{"level":"info","message":"ROUTE API CALL => \n http://localhost:6201/api/v1/newLoan/userListOption","timestamp":"2025-06-30T04:52:16.933Z"}
{"level":"info","message":"ROUTE API CALL => \n http://localhost:6201/api/v1/newLoan/userListOption","timestamp":"2025-06-30T04:52:18.596Z"}
{"level":"info","message":"ROUTE API CALL => \n http://localhost:6201/api/v1/newLoan/userListOption","timestamp":"2025-06-30T04:52:19.595Z"}
{"level":"info","message":"ROUTE API CALL => \n http://localhost:6201/api/v1/newLoan/userListOption","timestamp":"2025-06-30T04:52:22.723Z"}
{"level":"info","message":"ROUTE API CALL => \n http://localhost:6201/api/v1/adminRoutes/getAllLoan","timestamp":"2025-06-30T04:52:22.730Z"}
{"level":"info","message":"ROUTE API CALL => \n http://localhost:6201/api/v1/adminRoutes/getAllLoan","timestamp":"2025-06-30T04:53:19.578Z"}
{"level":"info","message":"ROUTE API CALL => \n http://localhost:6201/api/v1/cashFlow/getCashFlow","timestamp":"2025-06-30T04:53:20.231Z"}
{"level":"info","message":"ROUTE API CALL => \n http://localhost:6201/api/v1/adminRoutes/getBankFundList","timestamp":"2025-06-30T04:53:20.242Z"}
{"level":"info","message":"ROUTE API CALL => \n http://localhost:6201/api/v1/settings/LoanId/getOption","timestamp":"2025-06-30T04:53:21.284Z"}
{"level":"info","message":"Server running --- from server.ts","timestamp":"2025-06-30T04:57:31.696Z"}
{"level":"info","message":"Server running --- from server.ts","timestamp":"2025-06-30T04:57:51.431Z"}
{"level":"info","message":"Server running --- from server.ts","timestamp":"2025-06-30T04:58:14.755Z"}
{"level":"info","message":"Server running --- from server.ts","timestamp":"2025-06-30T04:59:00.697Z"}
{"level":"info","message":"ROUTE API CALL => \n http://localhost:6201/api/v1/cashFlow/getCashFlow","timestamp":"2025-06-30T05:00:11.991Z"}
{"level":"info","message":"ROUTE API CALL => \n http://localhost:6201/api/v1/adminRoutes/getBankFundList","timestamp":"2025-06-30T05:00:12.006Z"}
{"level":"info","message":"Server running --- from server.ts","timestamp":"2025-06-30T06:34:37.542Z"}
{"level":"info","message":"ROUTE API CALL => \n http://localhost:6201/api/v1/settings/LoanId/getOption","timestamp":"2025-06-30T06:35:38.436Z"}
{"level":"info","message":"ROUTE API CALL => \n http://localhost:6201/api/v1/settings/LoanId/getOption","timestamp":"2025-06-30T06:35:45.604Z"}
{"level":"info","message":"ROUTE API CALL => \n http://localhost:6201/api/v1/settings/LoanId/getOption","timestamp":"2025-06-30T06:35:50.620Z"}
{"level":"info","message":"ROUTE API CALL => \n http://localhost:6201/api/v1/settings/LoanId/getOption","timestamp":"2025-06-30T06:35:55.597Z"}
{"level":"info","message":"ROUTE API CALL => \n http://localhost:6201/api/v1/settings/LoanId/getOption","timestamp":"2025-06-30T06:35:57.591Z"}
{"level":"info","message":"ROUTE API CALL => \n http://localhost:6201/api/v1/settings/LoanId/getOption","timestamp":"2025-06-30T06:35:58.601Z"}
{"level":"info","message":"ROUTE API CALL => \n http://localhost:6201/api/v1/settings/LoanId/getOption","timestamp":"2025-06-30T06:36:15.896Z"}
{"level":"info","message":"ROUTE API CALL => \n http://localhost:6201/api/v1/settings/LoanId/getOption","timestamp":"2025-06-30T06:36:28.593Z"}
{"level":"info","message":"ROUTE API CALL => \n http://localhost:6201/api/v1/settings/LoanId/getOption","timestamp":"2025-06-30T06:36:31.094Z"}
{"level":"info","message":"ROUTE API CALL => \n http://localhost:6201/api/v1/settings/LoanId/getOption","timestamp":"2025-06-30T06:36:39.058Z"}
{"level":"info","message":"ROUTE API CALL => \n http://localhost:6201/api/v1/settings/LoanId/getOption","timestamp":"2025-06-30T06:36:50.438Z"}
{"level":"info","message":"ROUTE API CALL => \n http://localhost:6201/api/v1/settings/LoanId/getOption","timestamp":"2025-06-30T06:37:18.893Z"}
{"level":"info","message":"ROUTE API CALL => \n http://localhost:6201/api/v1/settings/LoanId/getOption","timestamp":"2025-06-30T06:37:23.582Z"}
{"level":"info","message":"ROUTE API CALL => \n http://localhost:6201/api/v1/settings/LoanId/getOption","timestamp":"2025-06-30T06:37:43.590Z"}
{"level":"info","message":"ROUTE API CALL => \n http://localhost:6201/api/v1/settings/LoanId/getOption","timestamp":"2025-06-30T06:37:44.591Z"}
{"level":"info","message":"ROUTE API CALL => \n http://localhost:6201/api/v1/settings/LoanId/getOption","timestamp":"2025-06-30T06:37:53.756Z"}
{"level":"info","message":"ROUTE API CALL => \n http://localhost:6201/api/v1/settings/LoanId/getOption","timestamp":"2025-06-30T06:38:39.608Z"}
{"level":"info","message":"ROUTE API CALL => \n http://localhost:6201/api/v1/settings/LoanId/getOption","timestamp":"2025-06-30T06:38:47.810Z"}
{"level":"info","message":"ROUTE API CALL => \n http://localhost:6201/api/v1/settings/LoanId/getOption","timestamp":"2025-06-30T06:39:18.650Z"}
{"level":"info","message":"ROUTE API CALL => \n http://localhost:6201/api/v1/settings/LoanId/getOption","timestamp":"2025-06-30T06:39:41.905Z"}
{"level":"info","message":"ROUTE API CALL => \n http://localhost:6201/api/v1/adminRoutes/getBankFundList","timestamp":"2025-06-30T06:40:23.666Z"}
{"level":"info","message":"ROUTE API CALL => \n http://localhost:6201/api/v1/cashFlow/getCashFlow","timestamp":"2025-06-30T06:40:23.848Z"}
{"level":"info","message":"ROUTE API CALL => \n http://localhost:6201/api/v1/settings/LoanId/getOption","timestamp":"2025-06-30T06:41:32.798Z"}
{"level":"info","message":"ROUTE API CALL => \n http://localhost:6201/api/v1/settings/LoanId/getOption","timestamp":"2025-06-30T06:41:56.594Z"}
{"level":"info","message":"ROUTE API CALL => \n http://localhost:6201/api/v1/settings/LoanId/getOption","timestamp":"2025-06-30T06:42:53.922Z"}
{"level":"info","message":"ROUTE API CALL => \n http://localhost:6201/api/v1/settings/LoanId/getOption","timestamp":"2025-06-30T06:42:58.594Z"}
{"level":"info","message":"ROUTE API CALL => \n http://localhost:6201/api/v1/settings/LoanId/getOption","timestamp":"2025-06-30T06:43:00.586Z"}
{"level":"info","message":"ROUTE API CALL => \n http://localhost:6201/api/v1/settings/LoanId/getOption","timestamp":"2025-06-30T06:43:07.594Z"}
{"level":"info","message":"ROUTE API CALL => \n http://localhost:6201/api/v1/settings/LoanId/getOption","timestamp":"2025-06-30T06:43:12.602Z"}
{"level":"info","message":"ROUTE API CALL => \n http://localhost:6201/api/v1/settings/LoanId/getOption","timestamp":"2025-06-30T06:43:14.598Z"}
{"level":"info","message":"ROUTE API CALL => \n http://localhost:6201/api/v1/settings/LoanId/getOption","timestamp":"2025-06-30T06:43:17.591Z"}
{"level":"info","message":"ROUTE API CALL => \n http://localhost:6201/api/v1/cashFlow/getCashFlow","timestamp":"2025-06-30T06:43:26.971Z"}
{"level":"info","message":"ROUTE API CALL => \n http://localhost:6201/api/v1/adminRoutes/getBankFundList","timestamp":"2025-06-30T06:43:26.984Z"}
{"level":"info","message":"ROUTE API CALL => \n http://localhost:6201/api/v1/settings/LoanId/getOption","timestamp":"2025-06-30T06:43:44.564Z"}
{"level":"info","message":"ROUTE API CALL => \n http://localhost:6201/api/v1/settings/LoanId/getOption","timestamp":"2025-06-30T06:44:18.902Z"}
{"level":"info","message":"ROUTE API CALL => \n http://localhost:6201/api/v1/settings/LoanId/getOption","timestamp":"2025-06-30T06:44:22.134Z"}
{"level":"info","message":"ROUTE API CALL => \n http://localhost:6201/api/v1/settings/LoanId/getOption","timestamp":"2025-06-30T06:44:25.348Z"}
{"level":"info","message":"ROUTE API CALL => \n http://localhost:6201/api/v1/settings/LoanId/getOption","timestamp":"2025-06-30T06:44:42.588Z"}
{"level":"info","message":"ROUTE API CALL => \n http://localhost:6201/api/v1/settings/LoanId/getOption","timestamp":"2025-06-30T06:44:44.617Z"}
{"level":"info","message":"ROUTE API CALL => \n http://localhost:6201/api/v1/settings/LoanId/getOption","timestamp":"2025-06-30T06:44:47.490Z"}
{"level":"info","message":"ROUTE API CALL => \n http://localhost:6201/api/v1/settings/LoanId/getOption","timestamp":"2025-06-30T06:45:15.894Z"}
{"level":"info","message":"ROUTE API CALL => \n http://localhost:6201/api/v1/settings/LoanId/getOption","timestamp":"2025-06-30T06:45:16.592Z"}
{"level":"info","message":"ROUTE API CALL => \n http://localhost:6201/api/v1/settings/LoanId/getOption","timestamp":"2025-06-30T06:45:20.602Z"}
{"level":"info","message":"ROUTE API CALL => \n http://localhost:6201/api/v1/settings/LoanId/getOption","timestamp":"2025-06-30T06:45:47.614Z"}
{"level":"info","message":"ROUTE API CALL => \n http://localhost:6201/api/v1/settings/LoanId/getOption","timestamp":"2025-06-30T06:45:51.705Z"}
{"level":"info","message":"ROUTE API CALL => \n http://localhost:6201/api/v1/settings/LoanId/getOption","timestamp":"2025-06-30T06:45:58.417Z"}
{"level":"info","message":"ROUTE API CALL => \n http://localhost:6201/api/v1/settings/LoanId/getOption","timestamp":"2025-06-30T06:46:00.808Z"}
{"level":"info","message":"ROUTE API CALL => \n http://localhost:6201/api/v1/settings/LoanId/getOption","timestamp":"2025-06-30T06:46:03.666Z"}
{"level":"info","message":"ROUTE API CALL => \n http://localhost:6201/api/v1/settings/LoanId/getOption","timestamp":"2025-06-30T06:46:13.428Z"}
{"level":"info","message":"ROUTE API CALL => \n http://localhost:6201/api/v1/settings/LoanId/getOption","timestamp":"2025-06-30T06:46:26.944Z"}
{"level":"info","message":"ROUTE API CALL => \n http://localhost:6201/api/v1/settings/LoanId/getOption","timestamp":"2025-06-30T06:46:27.595Z"}
{"level":"info","message":"ROUTE API CALL => \n http://localhost:6201/api/v1/settings/LoanId/getOption","timestamp":"2025-06-30T06:46:29.619Z"}
{"level":"info","message":"ROUTE API CALL => \n http://localhost:6201/api/v1/settings/LoanId/getOption","timestamp":"2025-06-30T06:46:31.600Z"}
{"level":"info","message":"ROUTE API CALL => \n http://localhost:6201/api/v1/settings/LoanId/getOption","timestamp":"2025-06-30T06:46:36.648Z"}
{"level":"info","message":"ROUTE API CALL => \n http://localhost:6201/api/v1/settings/LoanId/getOption","timestamp":"2025-06-30T06:46:48.918Z"}
{"level":"info","message":"ROUTE API CALL => \n http://localhost:6201/api/v1/settings/LoanId/getOption","timestamp":"2025-06-30T06:46:50.055Z"}
{"level":"info","message":"ROUTE API CALL => \n http://localhost:6201/api/v1/settings/LoanId/getOption","timestamp":"2025-06-30T06:46:54.586Z"}
{"level":"info","message":"ROUTE API CALL => \n http://localhost:6201/api/v1/settings/LoanId/getOption","timestamp":"2025-06-30T06:47:00.386Z"}
{"level":"info","message":"ROUTE API CALL => \n http://localhost:6201/api/v1/settings/LoanId/getOption","timestamp":"2025-06-30T06:47:03.596Z"}
{"level":"info","message":"ROUTE API CALL => \n http://localhost:6201/api/v1/settings/LoanId/getOption","timestamp":"2025-06-30T06:48:25.923Z"}
{"level":"info","message":"ROUTE API CALL => \n http://localhost:6201/api/v1/settings/LoanId/getOption","timestamp":"2025-06-30T06:48:45.623Z"}
{"level":"info","message":"ROUTE API CALL => \n http://localhost:6201/api/v1/settings/LoanId/getOption","timestamp":"2025-06-30T06:48:50.587Z"}
{"level":"info","message":"ROUTE API CALL => \n http://localhost:6201/api/v1/settings/LoanId/getOption","timestamp":"2025-06-30T06:48:51.626Z"}
{"level":"info","message":"ROUTE API CALL => \n http://localhost:6201/api/v1/settings/LoanId/getOption","timestamp":"2025-06-30T07:37:20.960Z"}
{"level":"info","message":"ROUTE API CALL => \n http://localhost:6201/api/v1/settings/LoanId/getOption","timestamp":"2025-06-30T07:38:08.599Z"}
{"level":"info","message":"ROUTE API CALL => \n http://localhost:6201/api/v1/settings/LoanId/getOption","timestamp":"2025-06-30T07:38:12.606Z"}
{"level":"info","message":"ROUTE API CALL => \n http://localhost:6201/api/v1/settings/LoanId/getOption","timestamp":"2025-06-30T07:38:18.936Z"}
{"level":"info","message":"ROUTE API CALL => \n http://localhost:6201/api/v1/settings/LoanId/getOption","timestamp":"2025-06-30T07:38:22.583Z"}
{"level":"info","message":"ROUTE API CALL => \n http://localhost:6201/api/v1/settings/LoanId/getOption","timestamp":"2025-06-30T07:38:25.580Z"}
{"level":"info","message":"ROUTE API CALL => \n http://localhost:6201/api/v1/settings/LoanId/getOption","timestamp":"2025-06-30T07:38:27.592Z"}
{"level":"info","message":"ROUTE API CALL => \n http://localhost:6201/api/v1/settings/LoanId/getOption","timestamp":"2025-06-30T07:38:30.581Z"}
{"level":"info","message":"ROUTE API CALL => \n http://localhost:6201/api/v1/settings/LoanId/getOption","timestamp":"2025-06-30T07:38:34.578Z"}
{"level":"info","message":"ROUTE API CALL => \n http://localhost:6201/api/v1/settings/LoanId/getOption","timestamp":"2025-06-30T07:38:39.615Z"}
{"level":"info","message":"ROUTE API CALL => \n http://localhost:6201/api/v1/settings/LoanId/getOption","timestamp":"2025-06-30T07:38:52.892Z"}
{"level":"info","message":"ROUTE API CALL => \n http://localhost:6201/api/v1/settings/LoanId/getOption","timestamp":"2025-06-30T07:38:56.615Z"}
{"level":"info","message":"ROUTE API CALL => \n http://localhost:6201/api/v1/settings/LoanId/getOption","timestamp":"2025-06-30T07:39:58.907Z"}
{"level":"info","message":"ROUTE API CALL => \n http://localhost:6201/api/v1/settings/LoanId/getOption","timestamp":"2025-06-30T07:41:08.917Z"}
{"level":"info","message":"ROUTE API CALL => \n http://localhost:6201/api/v1/settings/LoanId/getOption","timestamp":"2025-06-30T07:41:11.644Z"}
{"level":"info","message":"ROUTE API CALL => \n http://localhost:6201/api/v1/settings/LoanId/getOption","timestamp":"2025-06-30T07:41:17.587Z"}
{"level":"info","message":"ROUTE API CALL => \n http://localhost:6201/api/v1/settings/LoanId/getOption","timestamp":"2025-06-30T07:41:29.901Z"}
{"level":"info","message":"ROUTE API CALL => \n http://localhost:6201/api/v1/settings/LoanId/getOption","timestamp":"2025-06-30T07:41:31.593Z"}
{"level":"info","message":"ROUTE API CALL => \n http://localhost:6201/api/v1/settings/LoanId/getOption","timestamp":"2025-06-30T07:41:38.589Z"}
{"level":"info","message":"ROUTE API CALL => \n http://localhost:6201/api/v1/settings/LoanId/getOption","timestamp":"2025-06-30T07:41:43.599Z"}
{"level":"info","message":"ROUTE API CALL => \n http://localhost:6201/api/v1/settings/LoanId/getOption","timestamp":"2025-06-30T07:41:45.593Z"}
{"level":"info","message":"ROUTE API CALL => \n http://localhost:6201/api/v1/settings/LoanId/getOption","timestamp":"2025-06-30T07:41:55.921Z"}
{"level":"info","message":"ROUTE API CALL => \n http://localhost:6201/api/v1/settings/LoanId/getOption","timestamp":"2025-06-30T07:42:00.639Z"}
{"level":"info","message":"ROUTE API CALL => \n http://localhost:6201/api/v1/settings/updateOption","timestamp":"2025-06-30T07:42:31.340Z"}
{"level":"info","message":"Server running --- from server.ts","timestamp":"2025-06-30T09:36:48.770Z"}
{"level":"info","message":"Server running --- from server.ts","timestamp":"2025-06-30T09:42:04.023Z"}
{"level":"info","message":"Server running --- from server.ts","timestamp":"2025-06-30T09:42:52.727Z"}
{"level":"info","message":"Server running --- from server.ts","timestamp":"2025-06-30T09:45:06.300Z"}
{"level":"info","message":"Server running --- from server.ts","timestamp":"2025-06-30T09:45:45.762Z"}
{"level":"info","message":"Server running --- from server.ts","timestamp":"2025-06-30T09:46:28.287Z"}
{"level":"info","message":"ROUTE API CALL => \n http://localhost:6201/api/v1/settings/LoanId/getOption","timestamp":"2025-06-30T09:49:17.605Z"}
{"level":"info","message":"ROUTE API CALL => \n http://localhost:6201/api/v1/settings/updateOption","timestamp":"2025-06-30T09:49:45.485Z"}
{"level":"info","message":"ROUTE API CALL => \n http://localhost:6201/api/v1/settings/LoanId/getOption","timestamp":"2025-06-30T09:50:15.908Z"}
{"level":"info","message":"ROUTE API CALL => \n http://localhost:6201/api/v1/settings/LoanId/getOption","timestamp":"2025-06-30T09:50:19.600Z"}
{"level":"info","message":"ROUTE API CALL => \n http://localhost:6201/api/v1/settings/LoanId/getOption","timestamp":"2025-06-30T09:50:26.607Z"}
{"level":"info","message":"ROUTE API CALL => \n http://localhost:6201/api/v1/settings/LoanId/getOption","timestamp":"2025-06-30T09:50:30.604Z"}
{"level":"info","message":"ROUTE API CALL => \n http://localhost:6201/api/v1/settings/LoanId/getOption","timestamp":"2025-06-30T09:50:33.598Z"}
{"level":"info","message":"ROUTE API CALL => \n http://localhost:6201/api/v1/settings/LoanId/getOption","timestamp":"2025-06-30T09:50:39.905Z"}
{"level":"info","message":"ROUTE API CALL => \n http://localhost:6201/api/v1/settings/LoanId/getOption","timestamp":"2025-06-30T09:50:45.612Z"}
{"level":"info","message":"ROUTE API CALL => \n http://localhost:6201/api/v1/settings/LoanId/getOption","timestamp":"2025-06-30T09:50:52.924Z"}
{"level":"info","message":"ROUTE API CALL => \n http://localhost:6201/api/v1/settings/LoanId/getOption","timestamp":"2025-06-30T09:51:08.595Z"}
{"level":"info","message":"ROUTE API CALL => \n http://localhost:6201/api/v1/settings/LoanId/getOption","timestamp":"2025-06-30T09:51:10.597Z"}
{"level":"info","message":"ROUTE API CALL => \n http://localhost:6201/api/v1/settings/LoanId/getOption","timestamp":"2025-06-30T09:51:26.928Z"}
{"level":"info","message":"Server running --- from server.ts","timestamp":"2025-06-30T09:51:50.281Z"}
{"level":"info","message":"ROUTE API CALL => \n http://localhost:6201/api/v1/settings/LoanId/getOption","timestamp":"2025-06-30T09:52:00.964Z"}
{"level":"info","message":"ROUTE API CALL => \n http://localhost:6201/api/v1/settings/updateOption","timestamp":"2025-06-30T09:52:27.696Z"}
{"level":"info","message":"Server running --- from server.ts","timestamp":"2025-06-30T09:55:48.640Z"}
{"level":"info","message":"Server running --- from server.ts","timestamp":"2025-06-30T09:56:01.142Z"}
{"level":"info","message":"Server running --- from server.ts","timestamp":"2025-06-30T09:56:11.815Z"}
{"level":"info","message":"Server running --- from server.ts","timestamp":"2025-06-30T09:56:35.749Z"}
{"level":"info","message":"Server running --- from server.ts","timestamp":"2025-06-30T09:57:22.140Z"}
{"level":"info","message":"Server running --- from server.ts","timestamp":"2025-06-30T09:57:28.996Z"}
{"level":"info","message":"Server running --- from server.ts","timestamp":"2025-06-30T09:57:43.263Z"}
{"level":"info","message":"Server running --- from server.ts","timestamp":"2025-06-30T09:57:49.662Z"}
{"level":"info","message":"ROUTE API CALL => \n http://localhost:6201/api/v1/settings/LoanId/getOption","timestamp":"2025-06-30T09:58:07.338Z"}
{"level":"info","message":"Server running --- from server.ts","timestamp":"2025-06-30T10:12:32.558Z"}
{"level":"info","message":"Server running --- from server.ts","timestamp":"2025-06-30T10:12:54.764Z"}
{"level":"info","message":"Server running --- from server.ts","timestamp":"2025-06-30T10:13:05.189Z"}
{"level":"info","message":"Server running --- from server.ts","timestamp":"2025-06-30T10:13:11.822Z"}
{"level":"info","message":"ROUTE API CALL => \n http://localhost:6201/api/v1/settings/LoanId/getOption","timestamp":"2025-06-30T10:13:29.699Z"}
{"level":"info","message":"ROUTE API CALL => \n http://localhost:6201/api/v1/settings/updateOption","timestamp":"2025-06-30T10:13:41.966Z"}
{"code":"42601","file":"postgres.c","length":123,"level":"error","line":"1480","message":"\n\nError In Updating the Customer Id Option Setting cannot insert multiple commands into a prepared statement","name":"error","routine":"exec_parse_message","severity":"ERROR","stack":"error: cannot insert multiple commands into a prepared statement\n    at C:\\Users\\VIJAY L\\Desktop\\Finance\\ZAdPro_MicroFin_Service\\node_modules\\pg\\lib\\client.js:535:17\n    at processTicksAndRejections (node:internal/process/task_queues:95:5)","timestamp":"2025-06-30T10:13:42.001Z"}
{"level":"info","message":"Server running --- from server.ts","timestamp":"2025-06-30T10:14:25.770Z"}
{"level":"info","message":"Server running --- from server.ts","timestamp":"2025-06-30T10:14:31.320Z"}
{"level":"info","message":"ROUTE API CALL => \n http://localhost:6201/api/v1/settings/updateOption","timestamp":"2025-06-30T10:14:34.105Z"}
{"code":"42P01","file":"parse_relation.c","length":119,"level":"error","line":"1431","message":"\n\nError In Updating the Customer Id Option Setting relation \"settings.refloantype\" does not exist","name":"error","position":"13","routine":"parserOpenTable","severity":"ERROR","stack":"error: relation \"settings.refloantype\" does not exist\n    at C:\\Users\\VIJAY L\\Desktop\\Finance\\ZAdPro_MicroFin_Service\\node_modules\\pg\\lib\\client.js:535:17\n    at processTicksAndRejections (node:internal/process/task_queues:95:5)","timestamp":"2025-06-30T10:14:34.307Z"}
{"level":"info","message":"Server running --- from server.ts","timestamp":"2025-06-30T10:15:34.106Z"}
{"level":"info","message":"Server running --- from server.ts","timestamp":"2025-06-30T10:16:33.381Z"}
{"level":"info","message":"Server running --- from server.ts","timestamp":"2025-06-30T10:17:49.661Z"}
{"level":"info","message":"Server running --- from server.ts","timestamp":"2025-06-30T10:18:38.823Z"}
{"level":"info","message":"Server running --- from server.ts","timestamp":"2025-06-30T10:18:47.312Z"}
{"level":"info","message":"ROUTE API CALL => \n http://localhost:6201/api/v1/settings/updateOption","timestamp":"2025-06-30T10:18:52.887Z"}
{"code":"42P01","file":"namespace.c","length":118,"level":"error","line":"619","message":"\n\nError In Updating the Customer Id Option Setting relation \"settings.refloantype\" does not exist","name":"error","routine":"RangeVarGetRelidExtended","severity":"ERROR","stack":"error: relation \"settings.refloantype\" does not exist\n    at C:\\Users\\VIJAY L\\Desktop\\Finance\\ZAdPro_MicroFin_Service\\node_modules\\pg\\lib\\client.js:535:17\n    at processTicksAndRejections (node:internal/process/task_queues:95:5)","timestamp":"2025-06-30T10:18:52.972Z"}
{"level":"info","message":"Server running --- from server.ts","timestamp":"2025-06-30T10:19:49.209Z"}
{"level":"info","message":"Server running --- from server.ts","timestamp":"2025-06-30T10:19:56.256Z"}
{"level":"info","message":"ROUTE API CALL => \n http://localhost:6201/api/v1/settings/updateOption","timestamp":"2025-06-30T10:20:08.566Z"}
{"code":"42703","file":"parse_target.c","length":137,"level":"error","line":"1070","message":"\n\nError In Updating the Customer Id Option Setting column \"refloantypeid\" of relation \"refLoanType\" does not exist","name":"error","position":"39","routine":"checkInsertTargets","severity":"ERROR","stack":"error: column \"refloantypeid\" of relation \"refLoanType\" does not exist\n    at C:\\Users\\VIJAY L\\Desktop\\Finance\\ZAdPro_MicroFin_Service\\node_modules\\pg\\lib\\client.js:535:17\n    at processTicksAndRejections (node:internal/process/task_queues:95:5)","timestamp":"2025-06-30T10:20:08.719Z"}
{"level":"info","message":"Server running --- from server.ts","timestamp":"2025-06-30T10:21:10.392Z"}
{"level":"info","message":"Server running --- from server.ts","timestamp":"2025-06-30T10:21:15.931Z"}
{"level":"info","message":"Server running --- from server.ts","timestamp":"2025-06-30T10:22:49.546Z"}
{"level":"info","message":"ROUTE API CALL => \n http://localhost:6201/api/v1/settings/updateOption","timestamp":"2025-06-30T10:22:54.165Z"}
{"code":"42P01","file":"namespace.c","length":123,"level":"error","line":"619","message":"\n\nError In Updating the Customer Id Option Setting relation \"settings.refRePaymentType\" does not exist","name":"error","routine":"RangeVarGetRelidExtended","severity":"ERROR","stack":"error: relation \"settings.refRePaymentType\" does not exist\n    at C:\\Users\\VIJAY L\\Desktop\\Finance\\ZAdPro_MicroFin_Service\\node_modules\\pg\\lib\\client.js:535:17\n    at processTicksAndRejections (node:internal/process/task_queues:95:5)","timestamp":"2025-06-30T10:22:54.241Z"}
{"level":"info","message":"Server running --- from server.ts","timestamp":"2025-06-30T10:24:15.630Z"}
{"level":"info","message":"Server running --- from server.ts","timestamp":"2025-06-30T10:24:21.824Z"}
{"level":"info","message":"Server running --- from server.ts","timestamp":"2025-06-30T10:24:27.015Z"}
{"level":"info","message":"Server running --- from server.ts","timestamp":"2025-06-30T10:24:31.980Z"}
{"level":"info","message":"Server running --- from server.ts","timestamp":"2025-06-30T10:25:04.053Z"}
{"level":"info","message":"Server running --- from server.ts","timestamp":"2025-06-30T10:25:17.859Z"}
{"level":"info","message":"ROUTE API CALL => \n http://localhost:6201/api/v1/settings/updateOption","timestamp":"2025-06-30T10:25:22.478Z"}
{"level":"info","message":"Server running --- from server.ts","timestamp":"2025-06-30T10:27:58.488Z"}
{"level":"info","message":"ROUTE API CALL => \n http://localhost:6201/api/v1/settings/LoanId/getOption","timestamp":"2025-06-30T10:28:25.671Z"}
{"level":"info","message":"ROUTE API CALL => \n http://localhost:6201/api/v1/settings/updateOption","timestamp":"2025-06-30T10:28:59.823Z"}
{"level":"info","message":"ROUTE API CALL => \n http://localhost:6201/api/v1/cashFlow/getCashFlow","timestamp":"2025-06-30T11:31:19.929Z"}
{"level":"info","message":"ROUTE API CALL => \n http://localhost:6201/api/v1/adminRoutes/getBankFundList","timestamp":"2025-06-30T11:31:19.942Z"}
{"level":"info","message":"ROUTE API CALL => \n http://localhost:6201/api/v1/settings/LoanId/getOption","timestamp":"2025-06-30T11:31:27.445Z"}
{"level":"info","message":"ROUTE API CALL => \n http://localhost:6201/api/v1/settings/paymentMethod/getOption","timestamp":"2025-06-30T11:31:41.746Z"}
{"level":"info","message":"ROUTE API CALL => \n http://localhost:6201/api/v1/cashFlow/getCashFlow","timestamp":"2025-06-30T11:31:45.167Z"}
{"level":"info","message":"ROUTE API CALL => \n http://localhost:6201/api/v1/settings/paymentMethod/getOption","timestamp":"2025-06-30T11:31:45.183Z"}
{"level":"info","message":"ROUTE API CALL => \n http://localhost:6201/api/v1/adminRoutes/getBankAccountList","timestamp":"2025-06-30T11:31:45.190Z"}
{"level":"info","message":"ROUTE API CALL => \n http://localhost:6201/api/v1/settings/paymentMethod/getOption","timestamp":"2025-06-30T11:31:49.158Z"}
{"level":"info","message":"ROUTE API CALL => \n http://localhost:6201/api/v1/cashFlow/getCashFlow","timestamp":"2025-06-30T11:31:59.564Z"}
{"level":"info","message":"ROUTE API CALL => \n http://localhost:6201/api/v1/adminRoutes/getBankFundList","timestamp":"2025-06-30T11:31:59.574Z"}
{"level":"info","message":"ROUTE API CALL => \n http://localhost:6201/api/v1/settings/paymentMethod/getOption","timestamp":"2025-06-30T11:32:01.008Z"}
{"level":"info","message":"ROUTE API CALL => \n http://localhost:6201/api/v1/settings/updateOption","timestamp":"2025-06-30T11:32:43.753Z"}
{"level":"info","message":"ROUTE API CALL => \n http://localhost:6201/api/v1/cashFlow/getCashFlow","timestamp":"2025-06-30T11:32:50.836Z"}
{"level":"info","message":"ROUTE API CALL => \n http://localhost:6201/api/v1/adminRoutes/getBankFundList","timestamp":"2025-06-30T11:32:50.842Z"}
{"level":"info","message":"ROUTE API CALL => \n http://localhost:6201/api/v1/expense/expenseData","timestamp":"2025-06-30T11:32:50.852Z"}
{"level":"info","message":"ROUTE API CALL => \n http://localhost:6201/api/v1/cashFlow/getCashFlow","timestamp":"2025-06-30T11:32:51.459Z"}
{"level":"info","message":"ROUTE API CALL => \n http://localhost:6201/api/v1/adminRoutes/getBankFundList","timestamp":"2025-06-30T11:32:51.472Z"}
{"level":"info","message":"ROUTE API CALL => \n http://localhost:6201/api/v1/cashFlow/getCashFlow","timestamp":"2025-06-30T11:32:55.799Z"}
{"level":"info","message":"ROUTE API CALL => \n http://localhost:6201/api/v1/adminRoutes/getAllLoan","timestamp":"2025-06-30T11:32:55.810Z"}
{"level":"info","message":"ROUTE API CALL => \n http://localhost:6201/api/v1/cashFlow/getCashFlow","timestamp":"2025-06-30T11:35:18.588Z"}
{"level":"info","message":"ROUTE API CALL => \n http://localhost:6201/api/v1/adminRoutes/getBankFundList","timestamp":"2025-06-30T11:35:18.595Z"}
{"level":"info","message":"ROUTE API CALL => \n http://localhost:6201/api/v1/cashFlow/getCashFlow","timestamp":"2025-06-30T11:35:20.906Z"}
{"level":"info","message":"ROUTE API CALL => \n http://localhost:6201/api/v1/adminRoutes/getAllLoan","timestamp":"2025-06-30T11:35:20.913Z"}
{"level":"info","message":"ROUTE API CALL => \n http://localhost:6201/api/v1/newLoan/userListOption","timestamp":"2025-06-30T11:35:23.222Z"}
{"level":"info","message":"ROUTE API CALL => \n http://localhost:6201/api/v1/adminRoutes/getAllLoan","timestamp":"2025-06-30T11:35:43.200Z"}
{"level":"info","message":"ROUTE API CALL => \n http://localhost:6201/api/v1/cashFlow/getCashFlow","timestamp":"2025-06-30T11:35:46.021Z"}
{"level":"info","message":"ROUTE API CALL => \n http://localhost:6201/api/v1/adminRoutes/getLoanAndUser","timestamp":"2025-06-30T11:35:46.035Z"}
{"level":"info","message":"ROUTE API CALL => \n http://localhost:6201/api/v1/AdminRePayment/userList","timestamp":"2025-06-30T11:35:46.077Z"}
{"level":"info","message":"ROUTE API CALL => \n http://localhost:6201/api/v1/adminLoan/allLoan","timestamp":"2025-06-30T11:35:48.801Z"}
{"level":"info","message":"ROUTE API CALL => \n http://localhost:6201/api/v1/adminLoan/vendorList","timestamp":"2025-06-30T11:35:50.602Z"}
{"level":"info","message":"Server running --- from server.ts","timestamp":"2025-06-30T17:12:11.752Z"}
{"level":"info","message":"ROUTE API CALL => \n http://localhost:6201/api/v1/test/GenerateURL","timestamp":"2025-06-30T17:13:12.450Z"}
{"level":"info","message":"Server running --- from server.ts","timestamp":"2025-06-30T17:14:03.779Z"}
{"level":"info","message":"ROUTE API CALL => \n http://localhost:6201/api/v1/test/GenerateURL","timestamp":"2025-06-30T17:14:07.031Z"}
{"level":"info","message":"Server running --- from server.ts","timestamp":"2025-06-30T17:14:37.232Z"}
{"level":"info","message":"ROUTE API CALL => \n http://localhost:6201/api/v1/test/GenerateURL","timestamp":"2025-06-30T17:14:37.507Z"}
{"level":"info","message":"Server running --- from server.ts","timestamp":"2025-06-30T17:15:33.220Z"}
{"level":"info","message":"Server running --- from server.ts","timestamp":"2025-06-30T17:15:47.716Z"}
{"level":"info","message":"ROUTE API CALL => \n http://localhost:6201/api/v1/test/GenerateURL","timestamp":"2025-06-30T17:15:54.147Z"}
{"level":"info","message":"Server running --- from server.ts","timestamp":"2025-06-30T17:16:25.397Z"}
{"level":"info","message":"Server running --- from server.ts","timestamp":"2025-06-30T17:16:40.757Z"}
{"level":"info","message":"ROUTE API CALL => \n http://localhost:6201/api/v1/test/GenerateURL","timestamp":"2025-06-30T17:16:46.091Z"}
{"level":"info","message":"Server running --- from server.ts","timestamp":"2025-06-30T17:17:20.611Z"}
{"level":"info","message":"ROUTE API CALL => \n http://localhost:6201/api/v1/test/GenerateURL","timestamp":"2025-06-30T17:17:22.973Z"}
{"level":"info","message":"Server running --- from server.ts","timestamp":"2025-06-30T17:24:13.416Z"}
{"level":"info","message":"Server running --- from server.ts","timestamp":"2025-06-30T17:24:34.753Z"}
{"level":"info","message":"Server running --- from server.ts","timestamp":"2025-06-30T17:26:41.393Z"}
{"level":"info","message":"Server running --- from server.ts","timestamp":"2025-06-30T17:27:29.481Z"}
{"level":"info","message":"ROUTE API CALL => \n http://localhost:6201/api/v1/test/GetFileUrl","timestamp":"2025-06-30T17:27:45.412Z"}
{"level":"info","message":"Server running --- from server.ts","timestamp":"2025-06-30T17:29:20.759Z"}
{"level":"info","message":"Server running --- from server.ts","timestamp":"2025-06-30T17:29:43.902Z"}
{"level":"info","message":"Server running --- from server.ts","timestamp":"2025-06-30T17:30:37.829Z"}
{"level":"info","message":"Server running --- from server.ts","timestamp":"2025-06-30T17:30:50.277Z"}
{"level":"info","message":"Server running --- from server.ts","timestamp":"2025-06-30T17:31:36.016Z"}
{"level":"info","message":"Server running --- from server.ts","timestamp":"2025-06-30T17:31:57.374Z"}
{"level":"info","message":"Server running --- from server.ts","timestamp":"2025-06-30T17:32:15.637Z"}
{"level":"info","message":"Server running --- from server.ts","timestamp":"2025-06-30T17:32:49.395Z"}
{"level":"info","message":"Server running --- from server.ts","timestamp":"2025-06-30T17:33:22.986Z"}
{"level":"info","message":"Server running --- from server.ts","timestamp":"2025-06-30T17:33:48.716Z"}
{"level":"info","message":"Server running --- from server.ts","timestamp":"2025-06-30T17:34:17.845Z"}
{"level":"info","message":"Server running --- from server.ts","timestamp":"2025-06-30T17:34:43.205Z"}
{"level":"info","message":"Server running --- from server.ts","timestamp":"2025-06-30T17:35:37.631Z"}
{"level":"info","message":"Server running --- from server.ts","timestamp":"2025-06-30T17:36:26.372Z"}
{"level":"info","message":"Server running --- from server.ts","timestamp":"2025-06-30T17:37:03.021Z"}
{"level":"info","message":"Server running --- from server.ts","timestamp":"2025-06-30T17:37:49.696Z"}
{"level":"info","message":"Server running --- from server.ts","timestamp":"2025-06-30T17:39:08.678Z"}
{"level":"info","message":"Server running --- from server.ts","timestamp":"2025-06-30T17:39:36.460Z"}
{"level":"info","message":"Server running --- from server.ts","timestamp":"2025-06-30T17:40:27.114Z"}
{"level":"info","message":"Server running --- from server.ts","timestamp":"2025-06-30T17:42:07.503Z"}
{"level":"info","message":"Server running --- from server.ts","timestamp":"2025-06-30T17:42:26.461Z"}
{"level":"info","message":"ROUTE API CALL => \n http://localhost:6201/api/v1/test/GenerateURL","timestamp":"2025-06-30T17:42:29.718Z"}
{"level":"info","message":"Server running --- from server.ts","timestamp":"2025-06-30T17:43:05.755Z"}
{"level":"info","message":"ROUTE API CALL => \n http://localhost:6201/api/v1/test/GenerateURL","timestamp":"2025-06-30T17:43:09.614Z"}
