{"level":"info","message":"Server running --- from server.ts","timestamp":"2025-06-16T03:39:19.875Z"}
{"level":"info","message":"Server running --- from server.ts","timestamp":"2025-06-16T03:39:41.365Z"}
{"level":"info","message":"Server running --- from server.ts","timestamp":"2025-06-16T04:42:32.975Z"}
{"level":"info","message":"Server running --- from server.ts","timestamp":"2025-06-16T04:43:54.337Z"}
{"level":"info","message":"Server running --- from server.ts","timestamp":"2025-06-16T04:44:02.679Z"}
{"level":"info","message":"Server running --- from server.ts","timestamp":"2025-06-16T04:44:18.604Z"}
{"level":"info","message":"Server running --- from server.ts","timestamp":"2025-06-16T04:45:25.154Z"}
{"level":"info","message":"Server running --- from server.ts","timestamp":"2025-06-16T04:46:53.265Z"}
{"level":"info","message":"ROUTE API CALL => \n http://localhost:6201/api/v1/cashFlow/getCashFlow","timestamp":"2025-06-16T05:20:35.181Z"}
{"level":"info","message":"ROUTE API CALL => \n http://localhost:6201/api/v1/adminRoutes/getAllLoan","timestamp":"2025-06-16T05:20:35.223Z"}
{"level":"info","message":"ROUTE API CALL => \n http://localhost:6201/api/v1/newLoan/userListOption","timestamp":"2025-06-16T05:21:02.297Z"}
{"level":"info","message":"ROUTE API CALL 685=> \n http://localhost:6201/api/v1/adminRoutes/addLoanOption","timestamp":"2025-06-16T05:21:06.308Z"}
{"level":"info","message":"ROUTE API CALL => \n http://localhost:6201/api/v1/adminRoutes/getLoan","timestamp":"2025-06-16T05:21:06.330Z"}
{"level":"info","message":"ROUTE API CALL => \n http://localhost:6201/api/v1/adminRoutes/getAllLoan","timestamp":"2025-06-16T05:21:09.895Z"}
{"level":"info","message":"ROUTE API CALL => \n http://localhost:6201/api/v1/cashFlow/getCashFlow","timestamp":"2025-06-16T05:21:10.865Z"}
{"level":"info","message":"ROUTE API CALL => \n http://localhost:6201/api/v1/adminRoutes/getBankFundList","timestamp":"2025-06-16T05:21:10.882Z"}
{"level":"info","message":"ROUTE API CALL => \n http://localhost:6201/api/v1/expense/expenseData","timestamp":"2025-06-16T05:21:10.895Z"}
{"level":"info","message":"ROUTE API CALL => \n http://localhost:6201/api/v1/cashFlow/getCashFlow","timestamp":"2025-06-16T05:21:12.970Z"}
{"level":"info","message":"ROUTE API CALL => \n http://localhost:6201/api/v1/adminRoutes/productList","timestamp":"2025-06-16T05:21:12.990Z"}
{"level":"info","message":"ROUTE API CALL => \n http://localhost:6201/api/v1/adminRoutes/updateProduct","timestamp":"2025-06-16T05:21:22.933Z"}
{"level":"info","message":"ROUTE API CALL => \n http://localhost:6201/api/v1/adminRoutes/productList","timestamp":"2025-06-16T05:21:23.034Z"}
{"level":"info","message":"ROUTE API CALL => \n http://localhost:6201/api/v1/cashFlow/getCashFlow","timestamp":"2025-06-16T05:21:26.127Z"}
{"level":"info","message":"ROUTE API CALL => \n http://localhost:6201/api/v1/adminRoutes/getAllLoan","timestamp":"2025-06-16T05:21:26.137Z"}
{"level":"info","message":"ROUTE API CALL => \n http://localhost:6201/api/v1/newLoan/userListOption","timestamp":"2025-06-16T05:21:28.039Z"}
{"level":"info","message":"ROUTE API CALL 685=> \n http://localhost:6201/api/v1/adminRoutes/addLoanOption","timestamp":"2025-06-16T05:21:32.419Z"}
{"level":"info","message":"ROUTE API CALL => \n http://localhost:6201/api/v1/adminRoutes/getLoan","timestamp":"2025-06-16T05:21:32.427Z"}
{"level":"info","message":"ROUTE API CALL => \n http://localhost:6201/api/v1/newLoan/CreateNewLoan","timestamp":"2025-06-16T05:22:24.412Z"}
{"level":"info","message":"ROUTE API CALL => \n http://localhost:6201/api/v1/adminRoutes/getAllLoan","timestamp":"2025-06-16T05:22:25.651Z"}
{"level":"info","message":"ROUTE API CALL => \n http://localhost:6201/api/v1/rePayment/loanDetails","timestamp":"2025-06-16T05:22:27.921Z"}
{"level":"info","message":"ROUTE API CALL => \n http://localhost:6201/api/v1/rePayment/loanAudit","timestamp":"2025-06-16T05:22:27.992Z"}
{"level":"info","message":"ROUTE API CALL 685=> \n http://localhost:6201/api/v1/adminRoutes/addLoanOption","timestamp":"2025-06-16T05:22:42.803Z"}
{"level":"info","message":"ROUTE API CALL => \n http://localhost:6201/api/v1/rePayment/loanCloseData","timestamp":"2025-06-16T05:22:42.821Z"}
{"level":"info","message":"ROUTE API CALL => \n http://localhost:6201/api/v1/rePayment/loanDetails","timestamp":"2025-06-16T05:22:42.858Z"}
{"level":"info","message":"Server running --- from server.ts","timestamp":"2025-06-16T05:35:38.615Z"}
{"level":"info","message":"Server running --- from server.ts","timestamp":"2025-06-16T05:35:55.308Z"}
{"level":"info","message":"Server running --- from server.ts","timestamp":"2025-06-16T05:36:00.578Z"}
{"level":"info","message":"Server running --- from server.ts","timestamp":"2025-06-16T05:46:59.197Z"}
{"level":"info","message":"Server running --- from server.ts","timestamp":"2025-06-16T05:47:08.920Z"}
{"level":"info","message":"Server running --- from server.ts","timestamp":"2025-06-16T05:50:17.557Z"}
{"level":"info","message":"Server running --- from server.ts","timestamp":"2025-06-16T05:50:46.129Z"}
{"level":"info","message":"Server running --- from server.ts","timestamp":"2025-06-16T05:51:23.963Z"}
{"level":"info","message":"Server running --- from server.ts","timestamp":"2025-06-16T05:51:55.265Z"}
{"level":"info","message":"Server running --- from server.ts","timestamp":"2025-06-16T05:52:27.902Z"}
{"level":"info","message":"Server running --- from server.ts","timestamp":"2025-06-16T05:52:41.830Z"}
{"level":"info","message":"ROUTE API CALL => \n http://localhost:6201/api/v1/rePayment/loanAudit","timestamp":"2025-06-16T05:54:47.304Z"}
{"level":"info","message":"ROUTE API CALL => \n http://localhost:6201/api/v1/rePayment/loanDetails","timestamp":"2025-06-16T05:54:47.340Z"}
{"level":"info","message":"ROUTE API CALL => \n http://localhost:6201/api/v1/rePayment/loanCloseData","timestamp":"2025-06-16T05:54:47.603Z"}
{"level":"info","message":"ROUTE API CALL 685=> \n http://localhost:6201/api/v1/adminRoutes/addLoanOption","timestamp":"2025-06-16T05:54:47.617Z"}
{"level":"info","message":"ROUTE API CALL => \n http://localhost:6201/api/v1/rePayment/loanDetails","timestamp":"2025-06-16T05:54:47.629Z"}
{"level":"info","message":"Server running --- from server.ts","timestamp":"2025-06-16T05:56:16.923Z"}
{"level":"info","message":"ROUTE API CALL => \n http://localhost:6201/api/v1/adminRoutes/getAllLoan","timestamp":"2025-06-16T05:56:17.188Z"}
{"level":"info","message":"ROUTE API CALL => \n http://localhost:6201/api/v1/rePayment/loanDetails","timestamp":"2025-06-16T05:56:21.270Z"}
{"level":"info","message":"ROUTE API CALL => \n http://localhost:6201/api/v1/rePayment/loanAudit","timestamp":"2025-06-16T05:56:21.342Z"}
{"level":"info","message":"ROUTE API CALL => \n http://localhost:6201/api/v1/rePayment/loanCloseData","timestamp":"2025-06-16T05:56:24.275Z"}
{"level":"info","message":"ROUTE API CALL 685=> \n http://localhost:6201/api/v1/adminRoutes/addLoanOption","timestamp":"2025-06-16T05:56:24.292Z"}
{"level":"info","message":"ROUTE API CALL => \n http://localhost:6201/api/v1/rePayment/loanDetails","timestamp":"2025-06-16T05:56:24.387Z"}
{"level":"info","message":"ROUTE API CALL => \n http://localhost:6201/api/v1/rePayment/loanAudit","timestamp":"2025-06-16T05:56:34.994Z"}
{"level":"info","message":"ROUTE API CALL => \n http://localhost:6201/api/v1/rePayment/loanDetails","timestamp":"2025-06-16T05:56:35.021Z"}
{"level":"info","message":"ROUTE API CALL => \n http://localhost:6201/api/v1/rePayment/loanCloseData","timestamp":"2025-06-16T05:56:40.733Z"}
{"level":"info","message":"ROUTE API CALL 685=> \n http://localhost:6201/api/v1/adminRoutes/addLoanOption","timestamp":"2025-06-16T05:56:40.782Z"}
{"level":"info","message":"ROUTE API CALL => \n http://localhost:6201/api/v1/rePayment/loanDetails","timestamp":"2025-06-16T05:56:40.804Z"}
{"level":"info","message":"Server running --- from server.ts","timestamp":"2025-06-16T06:10:20.379Z"}
{"level":"info","message":"Server running --- from server.ts","timestamp":"2025-06-16T06:11:03.496Z"}
{"level":"info","message":"Server running --- from server.ts","timestamp":"2025-06-16T06:11:27.939Z"}
{"level":"info","message":"Server running --- from server.ts","timestamp":"2025-06-16T06:11:52.211Z"}
{"level":"info","message":"Server running --- from server.ts","timestamp":"2025-06-16T06:12:35.388Z"}
{"level":"info","message":"Server running --- from server.ts","timestamp":"2025-06-16T06:13:23.722Z"}
{"level":"info","message":"Server running --- from server.ts","timestamp":"2025-06-16T06:13:42.412Z"}
{"level":"info","message":"Server running --- from server.ts","timestamp":"2025-06-16T06:14:37.488Z"}
{"level":"info","message":"Server running --- from server.ts","timestamp":"2025-06-16T06:15:16.308Z"}
{"level":"info","message":"ROUTE API CALL => \n http://localhost:6201/api/v1/rePayment/loanAudit","timestamp":"2025-06-16T06:15:16.537Z"}
{"level":"info","message":"ROUTE API CALL => \n http://localhost:6201/api/v1/rePayment/loanDetails","timestamp":"2025-06-16T06:15:16.577Z"}
{"level":"info","message":"ROUTE API CALL => \n http://localhost:6201/api/v1/rePayment/loanCloseData","timestamp":"2025-06-16T06:15:18.696Z"}
{"level":"info","message":"ROUTE API CALL 685=> \n http://localhost:6201/api/v1/adminRoutes/addLoanOption","timestamp":"2025-06-16T06:15:18.715Z"}
{"level":"info","message":"ROUTE API CALL => \n http://localhost:6201/api/v1/rePayment/loanDetails","timestamp":"2025-06-16T06:15:18.727Z"}
{"level":"info","message":"ROUTE API CALL => \n http://localhost:6201/api/v1/adminRoutes/getAllLoan","timestamp":"2025-06-16T06:16:20.699Z"}
{"level":"info","message":"ROUTE API CALL => \n http://localhost:6201/api/v1/rePayment/loanDetails","timestamp":"2025-06-16T06:16:22.198Z"}
{"level":"info","message":"ROUTE API CALL => \n http://localhost:6201/api/v1/rePayment/loanAudit","timestamp":"2025-06-16T06:16:22.249Z"}
{"level":"info","message":"ROUTE API CALL => \n http://localhost:6201/api/v1/rePayment/loanCloseData","timestamp":"2025-06-16T06:16:23.319Z"}
{"level":"info","message":"ROUTE API CALL 685=> \n http://localhost:6201/api/v1/adminRoutes/addLoanOption","timestamp":"2025-06-16T06:16:23.333Z"}
{"level":"info","message":"ROUTE API CALL => \n http://localhost:6201/api/v1/rePayment/loanDetails","timestamp":"2025-06-16T06:16:23.412Z"}
{"level":"info","message":"ROUTE API CALL => \n http://localhost:6201/api/v1/adminRoutes/getAllLoan","timestamp":"2025-06-16T06:17:52.917Z"}
{"level":"info","message":"ROUTE API CALL => \n http://localhost:6201/api/v1/rePayment/loanDetails","timestamp":"2025-06-16T06:17:55.171Z"}
{"level":"info","message":"ROUTE API CALL => \n http://localhost:6201/api/v1/rePayment/loanAudit","timestamp":"2025-06-16T06:17:55.283Z"}
{"level":"info","message":"ROUTE API CALL => \n http://localhost:6201/api/v1/rePayment/loanCloseData","timestamp":"2025-06-16T06:17:58.347Z"}
{"level":"info","message":"ROUTE API CALL 685=> \n http://localhost:6201/api/v1/adminRoutes/addLoanOption","timestamp":"2025-06-16T06:17:58.364Z"}
{"level":"info","message":"ROUTE API CALL => \n http://localhost:6201/api/v1/rePayment/loanDetails","timestamp":"2025-06-16T06:17:58.443Z"}
{"level":"info","message":"ROUTE API CALL => \n http://localhost:6201/api/v1/adminRoutes/getAllLoan","timestamp":"2025-06-16T06:21:05.702Z"}
{"level":"info","message":"ROUTE API CALL => \n http://localhost:6201/api/v1/rePayment/loanDetails","timestamp":"2025-06-16T06:21:06.988Z"}
{"level":"info","message":"ROUTE API CALL => \n http://localhost:6201/api/v1/rePayment/loanAudit","timestamp":"2025-06-16T06:21:07.090Z"}
{"level":"info","message":"ROUTE API CALL => \n http://localhost:6201/api/v1/rePayment/loanCloseData","timestamp":"2025-06-16T06:21:13.193Z"}
{"level":"info","message":"ROUTE API CALL 685=> \n http://localhost:6201/api/v1/adminRoutes/addLoanOption","timestamp":"2025-06-16T06:21:13.241Z"}
{"level":"info","message":"ROUTE API CALL => \n http://localhost:6201/api/v1/rePayment/loanDetails","timestamp":"2025-06-16T06:21:13.260Z"}
{"level":"info","message":"ROUTE API CALL => \n http://localhost:6201/api/v1/adminRoutes/getAllLoan","timestamp":"2025-06-16T06:25:22.304Z"}
{"level":"info","message":"ROUTE API CALL => \n http://localhost:6201/api/v1/rePayment/loanDetails","timestamp":"2025-06-16T06:25:23.235Z"}
{"level":"info","message":"ROUTE API CALL => \n http://localhost:6201/api/v1/rePayment/loanAudit","timestamp":"2025-06-16T06:25:23.341Z"}
{"level":"info","message":"ROUTE API CALL => \n http://localhost:6201/api/v1/adminRoutes/getAllLoan","timestamp":"2025-06-16T06:25:23.820Z"}
{"level":"info","message":"ROUTE API CALL => \n http://localhost:6201/api/v1/cashFlow/getCashFlow","timestamp":"2025-06-16T06:25:25.631Z"}
{"level":"info","message":"ROUTE API CALL => \n http://localhost:6201/api/v1/rePayment/userList","timestamp":"2025-06-16T06:25:25.644Z"}
{"level":"info","message":"ROUTE API CALL => \n http://localhost:6201/api/v1/cashFlow/getCashFlow","timestamp":"2025-06-16T06:25:40.888Z"}
{"level":"info","message":"ROUTE API CALL => \n http://localhost:6201/api/v1/adminRoutes/getLoanAndUser","timestamp":"2025-06-16T06:25:40.909Z"}
{"level":"info","message":"ROUTE API CALL => \n http://localhost:6201/api/v1/AdminRePayment/userList","timestamp":"2025-06-16T06:25:40.996Z"}
{"level":"info","message":"ROUTE API CALL => \n http://localhost:6201/api/v1/adminLoan/allLoan","timestamp":"2025-06-16T06:25:42.465Z"}
{"level":"info","message":"ROUTE API CALL => \n http://localhost:6201/api/v1/adminLoan/vendorList","timestamp":"2025-06-16T06:25:44.897Z"}
{"level":"info","message":"ROUTE API CALL => \n http://localhost:6201/api/v1/adminLoan/addLoanOption","timestamp":"2025-06-16T06:25:47.917Z"}
{"level":"info","message":"ROUTE API CALL => \n http://localhost:6201/api/v1/adminLoan/getLoan","timestamp":"2025-06-16T06:25:47.932Z"}
{"level":"info","message":"ROUTE API CALL => \n http://localhost:6201/api/v1/adminLoan/CreateNewLoan","timestamp":"2025-06-16T06:27:20.418Z"}
{"level":"info","message":"ROUTE API CALL => \n http://localhost:6201/api/v1/adminLoan/allLoan","timestamp":"2025-06-16T06:27:21.820Z"}
{"level":"info","message":"ROUTE API CALL => \n http://localhost:6201/api/v1/adminLoan/loanRePaymentAudit","timestamp":"2025-06-16T06:27:27.992Z"}
{"level":"info","message":"ROUTE API CALL => \n http://localhost:6201/api/v1/adminLoan/loanAudit","timestamp":"2025-06-16T06:27:28.024Z"}
{"level":"info","message":"ROUTE API CALL => \n http://localhost:6201/api/v1/adminLoan/loanCloseData","timestamp":"2025-06-16T06:27:44.974Z"}
{"level":"info","message":"Server running --- from server.ts","timestamp":"2025-06-16T06:29:41.453Z"}
{"level":"info","message":"ROUTE API CALL => \n http://localhost:6201/api/v1/adminLoan/loanRePaymentAudit","timestamp":"2025-06-16T06:29:47.608Z"}
{"level":"info","message":"ROUTE API CALL => \n http://localhost:6201/api/v1/adminLoan/loanCloseData","timestamp":"2025-06-16T06:29:48.166Z"}
{"level":"info","message":"ROUTE API CALL => \n http://localhost:6201/api/v1/adminLoan/allLoan","timestamp":"2025-06-16T06:29:49.964Z"}
{"level":"info","message":"ROUTE API CALL => \n http://localhost:6201/api/v1/adminLoan/loanRePaymentAudit","timestamp":"2025-06-16T06:31:07.557Z"}
{"level":"info","message":"ROUTE API CALL => \n http://localhost:6201/api/v1/adminLoan/loanAudit","timestamp":"2025-06-16T06:31:07.579Z"}
{"level":"info","message":"ROUTE API CALL => \n http://localhost:6201/api/v1/adminLoan/loanCloseData","timestamp":"2025-06-16T06:31:13.492Z"}
{"level":"info","message":"ROUTE API CALL => \n http://localhost:6201/api/v1/adminLoan/payPrincipalAmt","timestamp":"2025-06-16T06:31:21.713Z"}
{"level":"info","message":"ROUTE API CALL => \n http://localhost:6201/api/v1/adminLoan/allLoan","timestamp":"2025-06-16T06:31:21.831Z"}
{"level":"info","message":"ROUTE API CALL => \n http://localhost:6201/api/v1/adminLoan/loanRePaymentAudit","timestamp":"2025-06-16T06:31:23.487Z"}
{"level":"info","message":"ROUTE API CALL => \n http://localhost:6201/api/v1/adminLoan/loanAudit","timestamp":"2025-06-16T06:31:23.512Z"}
{"level":"info","message":"ROUTE API CALL => \n http://localhost:6201/api/v1/adminLoan/allLoan","timestamp":"2025-06-16T06:33:31.104Z"}
{"level":"info","message":"ROUTE API CALL => \n http://localhost:6201/api/v1/cashFlow/getCashFlow","timestamp":"2025-06-16T07:03:48.707Z"}
{"level":"info","message":"ROUTE API CALL => \n http://localhost:6201/api/v1/adminRoutes/getLoanAndUser","timestamp":"2025-06-16T07:03:48.730Z"}
{"level":"info","message":"ROUTE API CALL => \n http://localhost:6201/api/v1/AdminRePayment/userList","timestamp":"2025-06-16T07:03:49.059Z"}
{"level":"info","message":"ROUTE API CALL => \n http://localhost:6201/api/v1/adminLoan/allLoan","timestamp":"2025-06-16T07:03:55.289Z"}
{"level":"info","message":"ROUTE API CALL => \n http://localhost:6201/api/v1/adminLoan/loanRePaymentAudit","timestamp":"2025-06-16T07:03:59.372Z"}
{"level":"info","message":"ROUTE API CALL => \n http://localhost:6201/api/v1/adminLoan/loanAudit","timestamp":"2025-06-16T07:03:59.396Z"}
{"level":"info","message":"ROUTE API CALL => \n http://localhost:6201/api/v1/adminLoan/allLoan","timestamp":"2025-06-16T07:04:32.462Z"}
{"level":"info","message":"ROUTE API CALL => \n http://localhost:6201/api/v1/refDashboard/Count","timestamp":"2025-06-16T07:08:57.639Z"}
{"level":"info","message":"ROUTE API CALL => \n http://localhost:6201/api/v1/refDashboard/Count","timestamp":"2025-06-16T07:08:57.655Z"}
{"level":"info","message":"ROUTE API CALL => \n http://localhost:6201/api/v1/refDashboard/Count","timestamp":"2025-06-16T07:08:57.698Z"}
{"level":"info","message":"ROUTE API CALL => \n http://localhost:6201/api/v1/adminRoutes/adminLogin","timestamp":"2025-06-16T07:14:54.108Z"}
{"level":"info","message":"ROUTE API CALL => \n http://localhost:6201/api/v1/refDashboard/Count","timestamp":"2025-06-16T07:14:54.805Z"}
{"level":"info","message":"ROUTE API CALL => \n http://localhost:6201/api/v1/refDashboard/Count","timestamp":"2025-06-16T07:14:54.822Z"}
{"level":"info","message":"ROUTE API CALL => \n http://localhost:6201/api/v1/refDashboard/Count","timestamp":"2025-06-16T07:14:54.856Z"}
{"level":"info","message":"ROUTE API CALL => \n http://localhost:6201/api/v1/area/listArea","timestamp":"2025-06-16T07:15:16.314Z"}
{"level":"info","message":"ROUTE API CALL => \n http://localhost:6201/api/v1/area/listArea","timestamp":"2025-06-16T07:15:16.343Z"}
{"level":"info","message":"ROUTE API CALL => \n http://localhost:6201/api/v1/area/listArea","timestamp":"2025-06-16T07:15:16.353Z"}
{"level":"info","message":"ROUTE API CALL => \n http://localhost:6201/api/v1/area/listArea","timestamp":"2025-06-16T07:15:16.362Z"}
{"level":"info","message":"ROUTE API CALL => \n http://localhost:6201/api/v1/area/listArea","timestamp":"2025-06-16T07:15:18.178Z"}
{"level":"info","message":"ROUTE API CALL => \n http://localhost:6201/api/v1/area/listArea","timestamp":"2025-06-16T07:15:18.220Z"}
{"level":"info","message":"ROUTE API CALL => \n http://localhost:6201/api/v1/cashFlow/getCashFlow","timestamp":"2025-06-16T07:22:05.727Z"}
{"level":"info","message":"ROUTE API CALL => \n http://localhost:6201/api/v1/adminRoutes/getBankFundList","timestamp":"2025-06-16T07:22:05.734Z"}
{"level":"info","message":"ROUTE API CALL => \n http://localhost:6201/api/v1/area/listArea","timestamp":"2025-06-16T07:22:06.645Z"}
{"level":"info","message":"ROUTE API CALL => \n http://localhost:6201/api/v1/area/listArea","timestamp":"2025-06-16T07:24:48.438Z"}
{"level":"info","message":"ROUTE API CALL => \n http://localhost:6201/api/v1/area/listArea","timestamp":"2025-06-16T07:24:48.516Z"}
{"level":"info","message":"ROUTE API CALL => \n http://localhost:6201/api/v1/area/listArea","timestamp":"2025-06-16T07:27:41.232Z"}
{"level":"info","message":"ROUTE API CALL => \n http://localhost:6201/api/v1/area/listArea","timestamp":"2025-06-16T07:27:41.407Z"}
{"level":"info","message":"ROUTE API CALL => \n http://localhost:6201/api/v1/area/listArea","timestamp":"2025-06-16T07:30:29.157Z"}
{"level":"info","message":"ROUTE API CALL => \n http://localhost:6201/api/v1/area/listArea","timestamp":"2025-06-16T07:30:29.286Z"}
{"level":"info","message":"ROUTE API CALL => \n http://localhost:6201/api/v1/area/listArea","timestamp":"2025-06-16T07:52:11.520Z"}
{"level":"info","message":"ROUTE API CALL => \n http://localhost:6201/api/v1/area/listArea","timestamp":"2025-06-16T07:52:11.605Z"}
{"level":"info","message":"ROUTE API CALL => \n http://localhost:6201/api/v1/area/listArea","timestamp":"2025-06-16T07:52:11.618Z"}
{"level":"info","message":"ROUTE API CALL => \n http://localhost:6201/api/v1/area/listArea","timestamp":"2025-06-16T07:52:11.627Z"}
{"level":"info","message":"ROUTE API CALL => \n http://localhost:6201/api/v1/area/listArea","timestamp":"2025-06-16T07:52:14.107Z"}
{"level":"info","message":"ROUTE API CALL => \n http://localhost:6201/api/v1/area/listArea","timestamp":"2025-06-16T07:52:14.118Z"}
{"level":"info","message":"ROUTE API CALL => \n http://localhost:6201/api/v1/area/listArea","timestamp":"2025-06-16T07:52:14.129Z"}
{"level":"info","message":"ROUTE API CALL => \n http://localhost:6201/api/v1/area/listArea","timestamp":"2025-06-16T07:52:14.139Z"}
{"level":"info","message":"ROUTE API CALL => \n http://localhost:6201/api/v1/area/listArea","timestamp":"2025-06-16T07:52:16.784Z"}
{"level":"info","message":"ROUTE API CALL => \n http://localhost:6201/api/v1/area/listArea","timestamp":"2025-06-16T07:52:16.824Z"}
{"level":"info","message":"ROUTE API CALL => \n http://localhost:6201/api/v1/area/listArea","timestamp":"2025-06-16T07:52:28.300Z"}
{"level":"info","message":"ROUTE API CALL => \n http://localhost:6201/api/v1/area/listArea","timestamp":"2025-06-16T07:52:28.323Z"}
{"level":"info","message":"ROUTE API CALL => \n http://localhost:6201/api/v1/area/listArea","timestamp":"2025-06-16T07:56:52.641Z"}
{"level":"info","message":"ROUTE API CALL => \n http://localhost:6201/api/v1/area/listArea","timestamp":"2025-06-16T07:56:52.765Z"}
{"level":"info","message":"ROUTE API CALL => \n http://localhost:6201/api/v1/area/listArea","timestamp":"2025-06-16T07:57:07.160Z"}
{"level":"info","message":"ROUTE API CALL => \n http://localhost:6201/api/v1/area/listArea","timestamp":"2025-06-16T07:57:07.179Z"}
{"level":"info","message":"ROUTE API CALL => \n http://localhost:6201/api/v1/area/listArea","timestamp":"2025-06-16T07:58:08.774Z"}
{"level":"info","message":"ROUTE API CALL => \n http://localhost:6201/api/v1/area/listArea","timestamp":"2025-06-16T07:58:08.851Z"}
{"level":"info","message":"ROUTE API CALL => \n http://localhost:6201/api/v1/area/listArea","timestamp":"2025-06-16T07:59:00.244Z"}
{"level":"info","message":"ROUTE API CALL => \n http://localhost:6201/api/v1/area/listArea","timestamp":"2025-06-16T07:59:00.308Z"}
{"level":"info","message":"ROUTE API CALL => \n http://localhost:6201/api/v1/area/listArea","timestamp":"2025-06-16T08:36:57.883Z"}
{"level":"info","message":"ROUTE API CALL => \n http://localhost:6201/api/v1/area/listArea","timestamp":"2025-06-16T08:36:58.024Z"}
{"level":"info","message":"ROUTE API CALL => \n http://localhost:6201/api/v1/area/listArea","timestamp":"2025-06-16T08:36:58.038Z"}
{"level":"info","message":"ROUTE API CALL => \n http://localhost:6201/api/v1/area/listArea","timestamp":"2025-06-16T08:36:58.053Z"}
{"level":"info","message":"ROUTE API CALL => \n http://localhost:6201/api/v1/area/listArea","timestamp":"2025-06-16T08:36:59.484Z"}
{"level":"info","message":"ROUTE API CALL => \n http://localhost:6201/api/v1/area/listArea","timestamp":"2025-06-16T08:36:59.503Z"}
{"level":"info","message":"ROUTE API CALL => \n http://localhost:6201/api/v1/area/listArea","timestamp":"2025-06-16T08:37:35.641Z"}
{"level":"info","message":"ROUTE API CALL => \n http://localhost:6201/api/v1/area/listArea","timestamp":"2025-06-16T08:37:35.731Z"}
{"level":"info","message":"ROUTE API CALL => \n http://localhost:6201/api/v1/area/listArea","timestamp":"2025-06-16T08:38:27.693Z"}
{"level":"info","message":"ROUTE API CALL => \n http://localhost:6201/api/v1/area/listArea","timestamp":"2025-06-16T08:38:27.830Z"}
{"level":"info","message":"ROUTE API CALL => \n http://localhost:6201/api/v1/area/listArea","timestamp":"2025-06-16T08:38:52.958Z"}
{"level":"info","message":"ROUTE API CALL => \n http://localhost:6201/api/v1/area/listArea","timestamp":"2025-06-16T08:38:52.977Z"}
{"level":"info","message":"ROUTE API CALL => \n http://localhost:6201/api/v1/area/listArea","timestamp":"2025-06-16T08:40:37.098Z"}
{"level":"info","message":"ROUTE API CALL => \n http://localhost:6201/api/v1/area/listArea","timestamp":"2025-06-16T08:40:37.284Z"}
{"level":"info","message":"ROUTE API CALL => \n http://localhost:6201/api/v1/cashFlow/getCashFlow","timestamp":"2025-06-16T09:35:48.165Z"}
{"level":"info","message":"ROUTE API CALL => \n http://localhost:6201/api/v1/adminRoutes/getBankFundList","timestamp":"2025-06-16T09:35:48.354Z"}
{"level":"info","message":"ROUTE API CALL => \n http://localhost:6201/api/v1/area/listArea","timestamp":"2025-06-16T10:02:41.265Z"}
{"level":"info","message":"ROUTE API CALL => \n http://localhost:6201/api/v1/area/listArea","timestamp":"2025-06-16T10:02:41.359Z"}
{"level":"info","message":"ROUTE API CALL => \n http://localhost:6201/api/v1/area/listArea","timestamp":"2025-06-16T10:02:41.370Z"}
{"level":"info","message":"ROUTE API CALL => \n http://localhost:6201/api/v1/area/listArea","timestamp":"2025-06-16T10:02:41.377Z"}
{"level":"info","message":"ROUTE API CALL => \n http://localhost:6201/api/v1/area/listArea","timestamp":"2025-06-16T10:02:49.294Z"}
{"level":"info","message":"ROUTE API CALL => \n http://localhost:6201/api/v1/area/listArea","timestamp":"2025-06-16T10:02:49.315Z"}
{"level":"info","message":"ROUTE API CALL => \n http://localhost:6201/api/v1/area/movePinCode","timestamp":"2025-06-16T10:02:57.898Z"}
{"level":"info","message":"ROUTE API CALL => \n http://localhost:6201/api/v1/area/listArea","timestamp":"2025-06-16T10:03:03.340Z"}
{"level":"info","message":"ROUTE API CALL => \n http://localhost:6201/api/v1/area/listArea","timestamp":"2025-06-16T10:03:03.355Z"}
{"level":"info","message":"ROUTE API CALL => \n http://localhost:6201/api/v1/area/listArea","timestamp":"2025-06-16T10:03:07.807Z"}
{"level":"info","message":"ROUTE API CALL => \n http://localhost:6201/api/v1/area/listArea","timestamp":"2025-06-16T10:03:07.816Z"}
{"level":"info","message":"ROUTE API CALL => \n http://localhost:6201/api/v1/area/listArea","timestamp":"2025-06-16T10:03:07.825Z"}
{"level":"info","message":"ROUTE API CALL => \n http://localhost:6201/api/v1/area/listArea","timestamp":"2025-06-16T10:03:07.835Z"}
{"level":"info","message":"ROUTE API CALL => \n http://localhost:6201/api/v1/area/listArea","timestamp":"2025-06-16T10:03:16.053Z"}
{"level":"info","message":"ROUTE API CALL => \n http://localhost:6201/api/v1/area/listArea","timestamp":"2025-06-16T10:03:16.070Z"}
{"level":"info","message":"ROUTE API CALL => \n http://localhost:6201/api/v1/area/movePinCode","timestamp":"2025-06-16T10:03:36.911Z"}
{"level":"info","message":"ROUTE API CALL => \n http://localhost:6201/api/v1/area/listArea","timestamp":"2025-06-16T10:05:08.361Z"}
{"level":"info","message":"ROUTE API CALL => \n http://localhost:6201/api/v1/area/listArea","timestamp":"2025-06-16T10:05:08.442Z"}
{"level":"info","message":"ROUTE API CALL => \n http://localhost:6201/api/v1/area/movePinCode","timestamp":"2025-06-16T10:05:25.596Z"}
{"level":"info","message":"ROUTE API CALL => \n http://localhost:6201/api/v1/area/listArea","timestamp":"2025-06-16T10:09:31.139Z"}
{"level":"info","message":"ROUTE API CALL => \n http://localhost:6201/api/v1/area/listArea","timestamp":"2025-06-16T10:09:31.233Z"}
{"level":"info","message":"ROUTE API CALL => \n http://localhost:6201/api/v1/area/movePinCode","timestamp":"2025-06-16T10:09:34.087Z"}
{"level":"info","message":"ROUTE API CALL => \n http://localhost:6201/api/v1/area/listArea","timestamp":"2025-06-16T10:09:59.891Z"}
{"level":"info","message":"ROUTE API CALL => \n http://localhost:6201/api/v1/area/listArea","timestamp":"2025-06-16T10:09:59.902Z"}
{"level":"info","message":"ROUTE API CALL => \n http://localhost:6201/api/v1/area/listArea","timestamp":"2025-06-16T10:09:59.911Z"}
{"level":"info","message":"ROUTE API CALL => \n http://localhost:6201/api/v1/area/listArea","timestamp":"2025-06-16T10:09:59.944Z"}
{"level":"info","message":"ROUTE API CALL => \n http://localhost:6201/api/v1/area/listArea","timestamp":"2025-06-16T10:11:46.083Z"}
{"level":"info","message":"ROUTE API CALL => \n http://localhost:6201/api/v1/area/listArea","timestamp":"2025-06-16T10:11:46.154Z"}
{"level":"info","message":"ROUTE API CALL => \n http://localhost:6201/api/v1/area/movePinCode","timestamp":"2025-06-16T10:11:49.524Z"}
{"level":"info","message":"ROUTE API CALL => \n http://localhost:6201/api/v1/area/listArea","timestamp":"2025-06-16T10:12:19.909Z"}
{"level":"info","message":"ROUTE API CALL => \n http://localhost:6201/api/v1/area/listArea","timestamp":"2025-06-16T10:12:19.967Z"}
{"level":"info","message":"ROUTE API CALL => \n http://localhost:6201/api/v1/area/listArea","timestamp":"2025-06-16T10:12:19.975Z"}
{"level":"info","message":"ROUTE API CALL => \n http://localhost:6201/api/v1/area/listArea","timestamp":"2025-06-16T10:12:19.984Z"}
{"level":"info","message":"ROUTE API CALL => \n http://localhost:6201/api/v1/area/listArea","timestamp":"2025-06-16T10:12:21.863Z"}
{"level":"info","message":"ROUTE API CALL => \n http://localhost:6201/api/v1/area/listArea","timestamp":"2025-06-16T10:12:21.881Z"}
{"level":"info","message":"ROUTE API CALL => \n http://localhost:6201/api/v1/area/listArea","timestamp":"2025-06-16T10:15:34.147Z"}
{"level":"info","message":"ROUTE API CALL => \n http://localhost:6201/api/v1/area/listArea","timestamp":"2025-06-16T10:15:34.231Z"}
{"level":"info","message":"ROUTE API CALL => \n http://localhost:6201/api/v1/area/listArea","timestamp":"2025-06-16T10:16:09.775Z"}
{"level":"info","message":"ROUTE API CALL => \n http://localhost:6201/api/v1/area/listArea","timestamp":"2025-06-16T10:16:09.885Z"}
{"level":"info","message":"ROUTE API CALL => \n http://localhost:6201/api/v1/area/movePinCode","timestamp":"2025-06-16T10:16:15.840Z"}
{"level":"info","message":"ROUTE API CALL => \n http://localhost:6201/api/v1/area/listArea","timestamp":"2025-06-16T10:16:24.611Z"}
{"level":"info","message":"ROUTE API CALL => \n http://localhost:6201/api/v1/area/listArea","timestamp":"2025-06-16T10:16:24.626Z"}
{"level":"info","message":"ROUTE API CALL => \n http://localhost:6201/api/v1/area/listArea","timestamp":"2025-06-16T10:16:24.638Z"}
{"level":"info","message":"ROUTE API CALL => \n http://localhost:6201/api/v1/area/listArea","timestamp":"2025-06-16T10:16:24.650Z"}
{"level":"info","message":"ROUTE API CALL => \n http://localhost:6201/api/v1/area/listArea","timestamp":"2025-06-16T10:17:12.199Z"}
{"level":"info","message":"ROUTE API CALL => \n http://localhost:6201/api/v1/area/listArea","timestamp":"2025-06-16T10:17:12.307Z"}
{"level":"info","message":"ROUTE API CALL => \n http://localhost:6201/api/v1/area/movePinCode","timestamp":"2025-06-16T10:17:15.218Z"}
{"level":"info","message":"ROUTE API CALL => \n http://localhost:6201/api/v1/area/listArea","timestamp":"2025-06-16T10:17:20.700Z"}
{"level":"info","message":"ROUTE API CALL => \n http://localhost:6201/api/v1/area/listArea","timestamp":"2025-06-16T10:17:20.708Z"}
{"level":"info","message":"ROUTE API CALL => \n http://localhost:6201/api/v1/area/listArea","timestamp":"2025-06-16T10:17:20.720Z"}
{"level":"info","message":"ROUTE API CALL => \n http://localhost:6201/api/v1/area/listArea","timestamp":"2025-06-16T10:17:20.729Z"}
{"level":"info","message":"ROUTE API CALL => \n http://localhost:6201/api/v1/area/listArea","timestamp":"2025-06-16T10:19:10.152Z"}
{"level":"info","message":"ROUTE API CALL => \n http://localhost:6201/api/v1/area/listArea","timestamp":"2025-06-16T10:19:10.356Z"}
{"level":"info","message":"ROUTE API CALL => \n http://localhost:6201/api/v1/area/movePinCode","timestamp":"2025-06-16T10:19:14.464Z"}
{"level":"info","message":"ROUTE API CALL => \n http://localhost:6201/api/v1/area/listArea","timestamp":"2025-06-16T10:19:19.636Z"}
{"level":"info","message":"ROUTE API CALL => \n http://localhost:6201/api/v1/area/listArea","timestamp":"2025-06-16T10:19:19.653Z"}
{"level":"info","message":"ROUTE API CALL => \n http://localhost:6201/api/v1/area/listArea","timestamp":"2025-06-16T10:19:19.663Z"}
{"level":"info","message":"ROUTE API CALL => \n http://localhost:6201/api/v1/area/listArea","timestamp":"2025-06-16T10:19:19.675Z"}
{"level":"info","message":"ROUTE API CALL => \n http://localhost:6201/api/v1/area/listArea","timestamp":"2025-06-16T10:19:34.373Z"}
{"level":"info","message":"ROUTE API CALL => \n http://localhost:6201/api/v1/area/listArea","timestamp":"2025-06-16T10:19:34.396Z"}
{"level":"info","message":"ROUTE API CALL => \n http://localhost:6201/api/v1/area/listArea","timestamp":"2025-06-16T10:19:54.552Z"}
{"level":"info","message":"ROUTE API CALL => \n http://localhost:6201/api/v1/area/listArea","timestamp":"2025-06-16T10:19:54.578Z"}
{"level":"info","message":"ROUTE API CALL => \n http://localhost:6201/api/v1/area/movePinCode","timestamp":"2025-06-16T10:20:00.691Z"}
{"level":"info","message":"ROUTE API CALL => \n http://localhost:6201/api/v1/area/listArea","timestamp":"2025-06-16T10:20:18.605Z"}
{"level":"info","message":"ROUTE API CALL => \n http://localhost:6201/api/v1/area/listArea","timestamp":"2025-06-16T10:20:18.616Z"}
{"level":"info","message":"ROUTE API CALL => \n http://localhost:6201/api/v1/area/listArea","timestamp":"2025-06-16T10:20:20.712Z"}
{"level":"info","message":"ROUTE API CALL => \n http://localhost:6201/api/v1/area/listArea","timestamp":"2025-06-16T10:20:20.761Z"}
{"level":"info","message":"ROUTE API CALL => \n http://localhost:6201/api/v1/area/listArea","timestamp":"2025-06-16T10:21:48.675Z"}
{"level":"info","message":"ROUTE API CALL => \n http://localhost:6201/api/v1/area/listArea","timestamp":"2025-06-16T10:21:48.741Z"}
{"level":"info","message":"ROUTE API CALL => \n http://localhost:6201/api/v1/area/listArea","timestamp":"2025-06-16T10:21:48.750Z"}
{"level":"info","message":"ROUTE API CALL => \n http://localhost:6201/api/v1/area/listArea","timestamp":"2025-06-16T10:21:48.758Z"}
{"level":"info","message":"ROUTE API CALL => \n http://localhost:6201/api/v1/area/listArea","timestamp":"2025-06-16T10:21:54.485Z"}
{"level":"info","message":"ROUTE API CALL => \n http://localhost:6201/api/v1/area/listArea","timestamp":"2025-06-16T10:21:54.507Z"}
{"level":"info","message":"ROUTE API CALL => \n http://localhost:6201/api/v1/area/movePinCode","timestamp":"2025-06-16T10:22:05.986Z"}
{"level":"info","message":"ROUTE API CALL => \n http://localhost:6201/api/v1/area/listArea","timestamp":"2025-06-16T10:23:09.177Z"}
{"level":"info","message":"ROUTE API CALL => \n http://localhost:6201/api/v1/area/listArea","timestamp":"2025-06-16T10:23:09.366Z"}
{"level":"info","message":"ROUTE API CALL => \n http://localhost:6201/api/v1/area/listArea","timestamp":"2025-06-16T10:23:09.382Z"}
{"level":"info","message":"ROUTE API CALL => \n http://localhost:6201/api/v1/area/listArea","timestamp":"2025-06-16T10:23:09.433Z"}
{"level":"info","message":"ROUTE API CALL => \n http://localhost:6201/api/v1/area/listArea","timestamp":"2025-06-16T10:23:11.943Z"}
{"level":"info","message":"ROUTE API CALL => \n http://localhost:6201/api/v1/area/listArea","timestamp":"2025-06-16T10:23:11.979Z"}
{"level":"info","message":"ROUTE API CALL => \n http://localhost:6201/api/v1/area/listArea","timestamp":"2025-06-16T10:23:16.032Z"}
{"level":"info","message":"ROUTE API CALL => \n http://localhost:6201/api/v1/area/listArea","timestamp":"2025-06-16T10:23:16.056Z"}
{"level":"info","message":"ROUTE API CALL => \n http://localhost:6201/api/v1/area/movePinCode","timestamp":"2025-06-16T10:23:20.999Z"}
{"level":"info","message":"ROUTE API CALL => \n http://localhost:6201/api/v1/area/listArea","timestamp":"2025-06-16T10:23:26.387Z"}
{"level":"info","message":"ROUTE API CALL => \n http://localhost:6201/api/v1/area/listArea","timestamp":"2025-06-16T10:23:26.399Z"}
{"level":"info","message":"ROUTE API CALL => \n http://localhost:6201/api/v1/area/listArea","timestamp":"2025-06-16T10:23:26.410Z"}
{"level":"info","message":"ROUTE API CALL => \n http://localhost:6201/api/v1/area/listArea","timestamp":"2025-06-16T10:23:26.421Z"}
{"level":"info","message":"ROUTE API CALL => \n http://localhost:6201/api/v1/area/listArea","timestamp":"2025-06-16T10:24:05.024Z"}
{"level":"info","message":"ROUTE API CALL => \n http://localhost:6201/api/v1/area/listArea","timestamp":"2025-06-16T10:24:05.093Z"}
{"level":"info","message":"ROUTE API CALL => \n http://localhost:6201/api/v1/area/listArea","timestamp":"2025-06-16T10:24:05.102Z"}
{"level":"info","message":"ROUTE API CALL => \n http://localhost:6201/api/v1/area/listArea","timestamp":"2025-06-16T10:24:05.112Z"}
{"level":"info","message":"ROUTE API CALL => \n http://localhost:6201/api/v1/area/listArea","timestamp":"2025-06-16T10:24:10.707Z"}
{"level":"info","message":"ROUTE API CALL => \n http://localhost:6201/api/v1/area/listArea","timestamp":"2025-06-16T10:24:10.723Z"}
{"level":"info","message":"ROUTE API CALL => \n http://localhost:6201/api/v1/area/movePinCode","timestamp":"2025-06-16T10:24:15.223Z"}
{"level":"info","message":"ROUTE API CALL => \n http://localhost:6201/api/v1/area/listArea","timestamp":"2025-06-16T10:25:07.056Z"}
{"level":"info","message":"ROUTE API CALL => \n http://localhost:6201/api/v1/area/listArea","timestamp":"2025-06-16T10:25:07.122Z"}
{"level":"info","message":"ROUTE API CALL => \n http://localhost:6201/api/v1/area/movePinCode","timestamp":"2025-06-16T10:25:12.626Z"}
{"level":"info","message":"ROUTE API CALL => \n http://localhost:6201/api/v1/area/listArea","timestamp":"2025-06-16T10:26:50.159Z"}
{"level":"info","message":"ROUTE API CALL => \n http://localhost:6201/api/v1/area/listArea","timestamp":"2025-06-16T10:27:01.099Z"}
{"level":"info","message":"ROUTE API CALL => \n http://localhost:6201/api/v1/area/listArea","timestamp":"2025-06-16T10:27:01.121Z"}
{"level":"info","message":"ROUTE API CALL => \n http://localhost:6201/api/v1/area/listArea","timestamp":"2025-06-16T10:27:03.610Z"}
{"level":"info","message":"ROUTE API CALL => \n http://localhost:6201/api/v1/area/listArea","timestamp":"2025-06-16T10:27:04.778Z"}
{"level":"info","message":"ROUTE API CALL => \n http://localhost:6201/api/v1/area/listArea","timestamp":"2025-06-16T10:27:04.787Z"}
{"level":"info","message":"ROUTE API CALL => \n http://localhost:6201/api/v1/area/listArea","timestamp":"2025-06-16T10:27:04.799Z"}
{"level":"info","message":"ROUTE API CALL => \n http://localhost:6201/api/v1/area/listArea","timestamp":"2025-06-16T10:27:04.807Z"}
{"level":"info","message":"ROUTE API CALL => \n http://localhost:6201/api/v1/area/listArea","timestamp":"2025-06-16T10:27:06.740Z"}
{"level":"info","message":"ROUTE API CALL => \n http://localhost:6201/api/v1/area/listArea","timestamp":"2025-06-16T10:27:06.778Z"}
{"level":"info","message":"ROUTE API CALL => \n http://localhost:6201/api/v1/area/movePinCode","timestamp":"2025-06-16T10:27:11.454Z"}
{"level":"info","message":"ROUTE API CALL => \n http://localhost:6201/api/v1/area/listArea","timestamp":"2025-06-16T10:27:13.655Z"}
{"level":"info","message":"ROUTE API CALL => \n http://localhost:6201/api/v1/area/listArea","timestamp":"2025-06-16T10:27:23.475Z"}
{"level":"info","message":"ROUTE API CALL => \n http://localhost:6201/api/v1/area/listArea","timestamp":"2025-06-16T10:27:23.500Z"}
{"level":"info","message":"ROUTE API CALL => \n http://localhost:6201/api/v1/area/movePinCode","timestamp":"2025-06-16T10:27:26.897Z"}
{"level":"info","message":"ROUTE API CALL => \n http://localhost:6201/api/v1/area/listArea","timestamp":"2025-06-16T10:27:28.982Z"}
{"level":"info","message":"ROUTE API CALL => \n http://localhost:6201/api/v1/area/listArea","timestamp":"2025-06-16T10:34:55.463Z"}
{"level":"info","message":"ROUTE API CALL => \n http://localhost:6201/api/v1/area/listArea","timestamp":"2025-06-16T10:34:56.407Z"}
{"level":"info","message":"ROUTE API CALL => \n http://localhost:6201/api/v1/area/listArea","timestamp":"2025-06-16T10:34:56.420Z"}
{"level":"info","message":"ROUTE API CALL => \n http://localhost:6201/api/v1/area/listArea","timestamp":"2025-06-16T10:34:56.430Z"}
{"level":"info","message":"ROUTE API CALL => \n http://localhost:6201/api/v1/area/listArea","timestamp":"2025-06-16T10:34:56.442Z"}
{"level":"info","message":"ROUTE API CALL => \n http://localhost:6201/api/v1/area/listArea","timestamp":"2025-06-16T10:34:58.663Z"}
{"level":"info","message":"ROUTE API CALL => \n http://localhost:6201/api/v1/area/listArea","timestamp":"2025-06-16T10:34:58.700Z"}
{"level":"info","message":"ROUTE API CALL => \n http://localhost:6201/api/v1/area/listArea","timestamp":"2025-06-16T10:35:05.090Z"}
{"level":"info","message":"ROUTE API CALL => \n http://localhost:6201/api/v1/area/listArea","timestamp":"2025-06-16T10:35:06.856Z"}
{"level":"info","message":"ROUTE API CALL => \n http://localhost:6201/api/v1/area/listArea","timestamp":"2025-06-16T10:35:06.886Z"}
{"level":"info","message":"ROUTE API CALL => \n http://localhost:6201/api/v1/area/movePinCode","timestamp":"2025-06-16T10:35:11.147Z"}
{"level":"info","message":"ROUTE API CALL => \n http://localhost:6201/api/v1/area/listArea","timestamp":"2025-06-16T10:35:21.591Z"}
{"level":"info","message":"ROUTE API CALL => \n http://localhost:6201/api/v1/area/listArea","timestamp":"2025-06-16T10:35:25.642Z"}
{"level":"info","message":"ROUTE API CALL => \n http://localhost:6201/api/v1/area/listArea","timestamp":"2025-06-16T10:35:25.687Z"}
{"level":"info","message":"ROUTE API CALL => \n http://localhost:6201/api/v1/area/movePinCode","timestamp":"2025-06-16T10:35:29.175Z"}
{"level":"info","message":"ROUTE API CALL => \n http://localhost:6201/api/v1/area/listArea","timestamp":"2025-06-16T10:35:31.247Z"}
{"level":"info","message":"ROUTE API CALL => \n http://localhost:6201/api/v1/area/listArea","timestamp":"2025-06-16T10:35:41.946Z"}
{"level":"info","message":"ROUTE API CALL => \n http://localhost:6201/api/v1/area/listArea","timestamp":"2025-06-16T10:35:41.961Z"}
{"level":"info","message":"ROUTE API CALL => \n http://localhost:6201/api/v1/area/movePinCode","timestamp":"2025-06-16T10:36:44.631Z"}
{"level":"info","message":"ROUTE API CALL => \n http://localhost:6201/api/v1/area/listArea","timestamp":"2025-06-16T10:36:48.380Z"}
{"level":"info","message":"ROUTE API CALL => \n http://localhost:6201/api/v1/area/listArea","timestamp":"2025-06-16T10:37:41.957Z"}
{"level":"info","message":"ROUTE API CALL => \n http://localhost:6201/api/v1/area/listArea","timestamp":"2025-06-16T10:37:43.204Z"}
{"level":"info","message":"ROUTE API CALL => \n http://localhost:6201/api/v1/area/listArea","timestamp":"2025-06-16T10:37:43.212Z"}
{"level":"info","message":"ROUTE API CALL => \n http://localhost:6201/api/v1/area/listArea","timestamp":"2025-06-16T10:37:43.224Z"}
{"level":"info","message":"ROUTE API CALL => \n http://localhost:6201/api/v1/area/listArea","timestamp":"2025-06-16T10:37:43.233Z"}
{"level":"info","message":"ROUTE API CALL => \n http://localhost:6201/api/v1/area/listArea","timestamp":"2025-06-16T10:49:37.246Z"}
{"level":"info","message":"ROUTE API CALL => \n http://localhost:6201/api/v1/area/listArea","timestamp":"2025-06-16T10:49:37.358Z"}
{"level":"info","message":"ROUTE API CALL => \n http://localhost:6201/api/v1/area/movePinCode","timestamp":"2025-06-16T10:49:40.186Z"}
{"level":"info","message":"ROUTE API CALL => \n http://localhost:6201/api/v1/area/listArea","timestamp":"2025-06-16T10:49:42.497Z"}
{"level":"info","message":"ROUTE API CALL => \n http://localhost:6201/api/v1/area/listArea","timestamp":"2025-06-16T10:54:11.883Z"}
{"level":"info","message":"ROUTE API CALL => \n http://localhost:6201/api/v1/area/listArea","timestamp":"2025-06-16T10:54:12.961Z"}
{"level":"info","message":"ROUTE API CALL => \n http://localhost:6201/api/v1/area/listArea","timestamp":"2025-06-16T10:54:12.968Z"}
{"level":"info","message":"ROUTE API CALL => \n http://localhost:6201/api/v1/area/listArea","timestamp":"2025-06-16T10:54:12.979Z"}
{"level":"info","message":"ROUTE API CALL => \n http://localhost:6201/api/v1/area/listArea","timestamp":"2025-06-16T10:54:12.986Z"}
{"level":"info","message":"ROUTE API CALL => \n http://localhost:6201/api/v1/area/listArea","timestamp":"2025-06-16T10:54:15.102Z"}
{"level":"info","message":"ROUTE API CALL => \n http://localhost:6201/api/v1/area/listArea","timestamp":"2025-06-16T10:54:15.128Z"}
{"level":"info","message":"ROUTE API CALL => \n http://localhost:6201/api/v1/area/movePinCode","timestamp":"2025-06-16T10:54:26.959Z"}
{"level":"info","message":"ROUTE API CALL => \n http://localhost:6201/api/v1/area/listArea","timestamp":"2025-06-16T10:54:32.673Z"}
{"level":"info","message":"ROUTE API CALL => \n http://localhost:6201/api/v1/area/listArea","timestamp":"2025-06-16T10:54:33.800Z"}
{"level":"info","message":"ROUTE API CALL => \n http://localhost:6201/api/v1/area/listArea","timestamp":"2025-06-16T10:54:33.836Z"}
{"level":"info","message":"ROUTE API CALL => \n http://localhost:6201/api/v1/area/listArea","timestamp":"2025-06-16T10:54:35.460Z"}
{"level":"info","message":"ROUTE API CALL => \n http://localhost:6201/api/v1/area/listArea","timestamp":"2025-06-16T10:59:23.886Z"}
{"level":"info","message":"ROUTE API CALL => \n http://localhost:6201/api/v1/area/listArea","timestamp":"2025-06-16T10:59:23.994Z"}
{"level":"info","message":"ROUTE API CALL => \n http://localhost:6201/api/v1/area/movePinCode","timestamp":"2025-06-16T10:59:27.114Z"}
{"level":"info","message":"ROUTE API CALL => \n http://localhost:6201/api/v1/area/listArea","timestamp":"2025-06-16T10:59:28.543Z"}
{"level":"info","message":"ROUTE API CALL => \n http://localhost:6201/api/v1/area/listArea","timestamp":"2025-06-16T11:01:15.952Z"}
{"level":"info","message":"ROUTE API CALL => \n http://localhost:6201/api/v1/area/listArea","timestamp":"2025-06-16T11:01:16.022Z"}
{"level":"info","message":"ROUTE API CALL => \n http://localhost:6201/api/v1/area/listArea","timestamp":"2025-06-16T11:01:20.194Z"}
{"level":"info","message":"ROUTE API CALL => \n http://localhost:6201/api/v1/area/listArea","timestamp":"2025-06-16T11:01:23.852Z"}
{"level":"info","message":"ROUTE API CALL => \n http://localhost:6201/api/v1/area/listArea","timestamp":"2025-06-16T11:01:23.879Z"}
{"level":"info","message":"ROUTE API CALL => \n http://localhost:6201/api/v1/area/listArea","timestamp":"2025-06-16T11:23:25.195Z"}
{"level":"info","message":"ROUTE API CALL => \n http://localhost:6201/api/v1/area/listArea","timestamp":"2025-06-16T11:23:26.829Z"}
{"level":"info","message":"ROUTE API CALL => \n http://localhost:6201/api/v1/area/listArea","timestamp":"2025-06-16T11:23:30.506Z"}
{"level":"info","message":"ROUTE API CALL => \n http://localhost:6201/api/v1/area/listArea","timestamp":"2025-06-16T11:23:32.162Z"}
{"level":"info","message":"ROUTE API CALL => \n http://localhost:6201/api/v1/area/listArea","timestamp":"2025-06-16T11:23:32.181Z"}
{"level":"info","message":"ROUTE API CALL => \n http://localhost:6201/api/v1/area/listArea","timestamp":"2025-06-16T11:23:48.281Z"}
{"level":"info","message":"ROUTE API CALL => \n http://localhost:6201/api/v1/area/listArea","timestamp":"2025-06-16T11:23:50.111Z"}
{"level":"info","message":"ROUTE API CALL => \n http://localhost:6201/api/v1/area/listArea","timestamp":"2025-06-16T11:23:50.130Z"}
{"level":"info","message":"ROUTE API CALL => \n http://localhost:6201/api/v1/area/listArea","timestamp":"2025-06-16T12:10:04.009Z"}
{"level":"info","message":"ROUTE API CALL => \n http://localhost:6201/api/v1/area/listArea","timestamp":"2025-06-16T12:10:04.072Z"}
{"level":"info","message":"ROUTE API CALL => \n http://localhost:6201/api/v1/area/listArea","timestamp":"2025-06-16T12:10:04.081Z"}
{"level":"info","message":"ROUTE API CALL => \n http://localhost:6201/api/v1/area/listArea","timestamp":"2025-06-16T12:10:04.098Z"}
{"level":"info","message":"ROUTE API CALL => \n http://localhost:6201/api/v1/area/listArea","timestamp":"2025-06-16T12:10:12.827Z"}
{"level":"info","message":"ROUTE API CALL => \n http://localhost:6201/api/v1/area/listArea","timestamp":"2025-06-16T12:10:12.851Z"}
{"level":"info","message":"ROUTE API CALL => \n http://localhost:6201/api/v1/area/listArea","timestamp":"2025-06-16T12:10:17.753Z"}
{"level":"info","message":"ROUTE API CALL => \n http://localhost:6201/api/v1/area/listArea","timestamp":"2025-06-16T12:10:51.669Z"}
{"level":"info","message":"ROUTE API CALL => \n http://localhost:6201/api/v1/area/listArea","timestamp":"2025-06-16T12:10:54.991Z"}
{"level":"info","message":"ROUTE API CALL => \n http://localhost:6201/api/v1/area/listArea","timestamp":"2025-06-16T12:10:54.999Z"}
{"level":"info","message":"ROUTE API CALL => \n http://localhost:6201/api/v1/area/listArea","timestamp":"2025-06-16T12:10:55.006Z"}
{"level":"info","message":"ROUTE API CALL => \n http://localhost:6201/api/v1/area/listArea","timestamp":"2025-06-16T12:10:55.019Z"}
{"level":"info","message":"ROUTE API CALL => \n http://localhost:6201/api/v1/area/listArea","timestamp":"2025-06-16T12:11:12.018Z"}
{"level":"info","message":"ROUTE API CALL => \n http://localhost:6201/api/v1/area/listArea","timestamp":"2025-06-16T12:11:12.039Z"}
{"level":"info","message":"ROUTE API CALL => \n http://localhost:6201/api/v1/area/listArea","timestamp":"2025-06-16T12:11:12.053Z"}
{"level":"info","message":"ROUTE API CALL => \n http://localhost:6201/api/v1/area/listArea","timestamp":"2025-06-16T12:11:12.063Z"}
{"level":"info","message":"ROUTE API CALL => \n http://localhost:6201/api/v1/area/listArea","timestamp":"2025-06-16T12:15:10.887Z"}
{"level":"info","message":"ROUTE API CALL => \n http://localhost:6201/api/v1/area/listArea","timestamp":"2025-06-16T12:15:11.051Z"}
{"level":"info","message":"ROUTE API CALL => \n http://localhost:6201/api/v1/area/listArea","timestamp":"2025-06-16T12:15:11.063Z"}
{"level":"info","message":"ROUTE API CALL => \n http://localhost:6201/api/v1/area/listArea","timestamp":"2025-06-16T12:15:11.075Z"}
{"level":"info","message":"ROUTE API CALL => \n http://localhost:6201/api/v1/area/listArea","timestamp":"2025-06-16T12:15:36.783Z"}
{"level":"info","message":"ROUTE API CALL => \n http://localhost:6201/api/v1/area/listArea","timestamp":"2025-06-16T12:15:36.790Z"}
{"level":"info","message":"ROUTE API CALL => \n http://localhost:6201/api/v1/area/listArea","timestamp":"2025-06-16T12:15:36.798Z"}
{"level":"info","message":"ROUTE API CALL => \n http://localhost:6201/api/v1/area/listArea","timestamp":"2025-06-16T12:15:36.806Z"}
{"level":"info","message":"ROUTE API CALL => \n http://localhost:6201/api/v1/area/listArea","timestamp":"2025-06-16T12:15:41.927Z"}
{"level":"info","message":"ROUTE API CALL => \n http://localhost:6201/api/v1/area/listArea","timestamp":"2025-06-16T12:15:41.934Z"}
{"level":"info","message":"ROUTE API CALL => \n http://localhost:6201/api/v1/area/listArea","timestamp":"2025-06-16T12:15:41.942Z"}
{"level":"info","message":"ROUTE API CALL => \n http://localhost:6201/api/v1/area/listArea","timestamp":"2025-06-16T12:15:41.950Z"}
{"level":"info","message":"ROUTE API CALL => \n http://localhost:6201/api/v1/area/listArea","timestamp":"2025-06-16T12:15:53.603Z"}
{"level":"info","message":"ROUTE API CALL => \n http://localhost:6201/api/v1/area/listArea","timestamp":"2025-06-16T12:15:53.614Z"}
{"level":"info","message":"ROUTE API CALL => \n http://localhost:6201/api/v1/area/listArea","timestamp":"2025-06-16T12:15:53.626Z"}
{"level":"info","message":"ROUTE API CALL => \n http://localhost:6201/api/v1/area/listArea","timestamp":"2025-06-16T12:15:53.635Z"}
{"level":"info","message":"ROUTE API CALL => \n http://localhost:6201/api/v1/area/listArea","timestamp":"2025-06-16T12:15:54.983Z"}
{"level":"info","message":"ROUTE API CALL => \n http://localhost:6201/api/v1/area/listArea","timestamp":"2025-06-16T12:15:55.005Z"}
{"level":"info","message":"ROUTE API CALL => \n http://localhost:6201/api/v1/area/listArea","timestamp":"2025-06-16T12:15:56.515Z"}
{"level":"info","message":"ROUTE API CALL => \n http://localhost:6201/api/v1/area/listArea","timestamp":"2025-06-16T12:17:10.394Z"}
{"level":"info","message":"ROUTE API CALL => \n http://localhost:6201/api/v1/area/listArea","timestamp":"2025-06-16T12:17:11.475Z"}
{"level":"info","message":"ROUTE API CALL => \n http://localhost:6201/api/v1/area/listArea","timestamp":"2025-06-16T12:17:11.483Z"}
{"level":"info","message":"ROUTE API CALL => \n http://localhost:6201/api/v1/area/listArea","timestamp":"2025-06-16T12:17:11.499Z"}
{"level":"info","message":"ROUTE API CALL => \n http://localhost:6201/api/v1/area/listArea","timestamp":"2025-06-16T12:17:11.517Z"}
{"level":"info","message":"ROUTE API CALL => \n http://localhost:6201/api/v1/area/listArea","timestamp":"2025-06-16T12:17:19.683Z"}
{"level":"info","message":"ROUTE API CALL => \n http://localhost:6201/api/v1/area/listArea","timestamp":"2025-06-16T12:17:19.694Z"}
{"level":"info","message":"ROUTE API CALL => \n http://localhost:6201/api/v1/area/listArea","timestamp":"2025-06-16T12:17:21.090Z"}
{"level":"info","message":"ROUTE API CALL => \n http://localhost:6201/api/v1/area/listArea","timestamp":"2025-06-16T12:17:22.766Z"}
{"level":"info","message":"ROUTE API CALL => \n http://localhost:6201/api/v1/area/listArea","timestamp":"2025-06-16T12:17:22.774Z"}
{"level":"info","message":"ROUTE API CALL => \n http://localhost:6201/api/v1/area/listArea","timestamp":"2025-06-16T12:17:34.310Z"}
{"level":"info","message":"ROUTE API CALL => \n http://localhost:6201/api/v1/area/listArea","timestamp":"2025-06-16T12:17:36.365Z"}
{"level":"info","message":"ROUTE API CALL => \n http://localhost:6201/api/v1/area/listArea","timestamp":"2025-06-16T12:19:10.300Z"}
{"level":"info","message":"ROUTE API CALL => \n http://localhost:6201/api/v1/area/listArea","timestamp":"2025-06-16T12:19:10.464Z"}
{"level":"info","message":"ROUTE API CALL => \n http://localhost:6201/api/v1/area/listArea","timestamp":"2025-06-16T12:19:25.486Z"}
{"level":"info","message":"ROUTE API CALL => \n http://localhost:6201/api/v1/area/listArea","timestamp":"2025-06-16T12:19:25.498Z"}
{"level":"info","message":"ROUTE API CALL => \n http://localhost:6201/api/v1/area/listArea","timestamp":"2025-06-16T12:19:25.521Z"}
{"level":"info","message":"ROUTE API CALL => \n http://localhost:6201/api/v1/area/listArea","timestamp":"2025-06-16T12:19:25.534Z"}
{"level":"info","message":"ROUTE API CALL => \n http://localhost:6201/api/v1/area/listArea","timestamp":"2025-06-16T12:19:28.554Z"}
{"level":"info","message":"ROUTE API CALL => \n http://localhost:6201/api/v1/area/listArea","timestamp":"2025-06-16T12:19:28.568Z"}
{"level":"info","message":"ROUTE API CALL => \n http://localhost:6201/api/v1/area/listArea","timestamp":"2025-06-16T12:19:35.197Z"}
{"level":"info","message":"ROUTE API CALL => \n http://localhost:6201/api/v1/area/listArea","timestamp":"2025-06-16T12:19:37.283Z"}
{"level":"info","message":"ROUTE API CALL => \n http://localhost:6201/api/v1/area/listArea","timestamp":"2025-06-16T12:31:24.248Z"}
{"level":"info","message":"ROUTE API CALL => \n http://localhost:6201/api/v1/area/listArea","timestamp":"2025-06-16T12:31:24.409Z"}
{"level":"info","message":"ROUTE API CALL => \n http://localhost:6201/api/v1/area/listArea","timestamp":"2025-06-16T12:31:24.421Z"}
{"level":"info","message":"ROUTE API CALL => \n http://localhost:6201/api/v1/area/listArea","timestamp":"2025-06-16T12:31:24.430Z"}
{"level":"info","message":"ROUTE API CALL => \n http://localhost:6201/api/v1/area/listArea","timestamp":"2025-06-16T12:31:30.615Z"}
{"level":"info","message":"ROUTE API CALL => \n http://localhost:6201/api/v1/area/listArea","timestamp":"2025-06-16T12:31:30.636Z"}
{"level":"info","message":"ROUTE API CALL => \n http://localhost:6201/api/v1/area/listArea","timestamp":"2025-06-16T12:31:36.853Z"}
{"level":"info","message":"ROUTE API CALL => \n http://localhost:6201/api/v1/area/listArea","timestamp":"2025-06-16T12:31:39.169Z"}
{"level":"info","message":"ROUTE API CALL => \n http://localhost:6201/api/v1/area/listArea","timestamp":"2025-06-16T12:31:39.192Z"}
{"level":"info","message":"ROUTE API CALL => \n http://localhost:6201/api/v1/area/listArea","timestamp":"2025-06-16T12:31:47.636Z"}
{"level":"info","message":"ROUTE API CALL => \n http://localhost:6201/api/v1/area/listArea","timestamp":"2025-06-16T12:31:50.830Z"}
{"level":"info","message":"ROUTE API CALL => \n http://localhost:6201/api/v1/area/listArea","timestamp":"2025-06-16T12:32:00.803Z"}
{"level":"info","message":"ROUTE API CALL => \n http://localhost:6201/api/v1/area/listArea","timestamp":"2025-06-16T12:32:00.823Z"}
{"level":"info","message":"ROUTE API CALL => \n http://localhost:6201/api/v1/area/listArea","timestamp":"2025-06-16T12:32:05.338Z"}
{"level":"info","message":"ROUTE API CALL => \n http://localhost:6201/api/v1/area/listArea","timestamp":"2025-06-16T12:32:06.549Z"}
{"level":"info","message":"ROUTE API CALL => \n http://localhost:6201/api/v1/area/listArea","timestamp":"2025-06-16T12:32:06.566Z"}
{"level":"info","message":"ROUTE API CALL => \n http://localhost:6201/api/v1/area/listArea","timestamp":"2025-06-16T12:32:11.278Z"}
{"level":"info","message":"ROUTE API CALL => \n http://localhost:6201/api/v1/area/listArea","timestamp":"2025-06-16T12:32:12.548Z"}
{"level":"info","message":"ROUTE API CALL => \n http://localhost:6201/api/v1/area/updateArea","timestamp":"2025-06-16T12:32:25.090Z"}
{"level":"info","message":"ROUTE API CALL => \n http://localhost:6201/api/v1/area/listArea","timestamp":"2025-06-16T12:32:25.159Z"}
{"level":"info","message":"ROUTE API CALL => \n http://localhost:6201/api/v1/area/listArea","timestamp":"2025-06-16T12:32:25.175Z"}
{"level":"info","message":"ROUTE API CALL => \n http://localhost:6201/api/v1/area/listArea","timestamp":"2025-06-16T12:32:25.192Z"}
{"level":"info","message":"ROUTE API CALL => \n http://localhost:6201/api/v1/area/listArea","timestamp":"2025-06-16T12:32:34.161Z"}
{"level":"info","message":"ROUTE API CALL => \n http://localhost:6201/api/v1/area/listArea","timestamp":"2025-06-16T12:32:34.183Z"}
{"level":"info","message":"ROUTE API CALL => \n http://localhost:6201/api/v1/area/listArea","timestamp":"2025-06-16T12:32:36.308Z"}
{"level":"info","message":"ROUTE API CALL => \n http://localhost:6201/api/v1/area/listArea","timestamp":"2025-06-16T12:33:27.864Z"}
{"level":"info","message":"ROUTE API CALL => \n http://localhost:6201/api/v1/area/listArea","timestamp":"2025-06-16T12:33:27.934Z"}
{"level":"info","message":"ROUTE API CALL => \n http://localhost:6201/api/v1/area/listArea","timestamp":"2025-06-16T12:33:31.446Z"}
{"level":"info","message":"ROUTE API CALL => \n http://localhost:6201/api/v1/area/listArea","timestamp":"2025-06-16T12:33:33.797Z"}
{"level":"info","message":"ROUTE API CALL => \n http://localhost:6201/api/v1/area/listArea","timestamp":"2025-06-16T12:33:42.359Z"}
{"level":"info","message":"ROUTE API CALL => \n http://localhost:6201/api/v1/area/listArea","timestamp":"2025-06-16T12:33:44.121Z"}
{"level":"info","message":"ROUTE API CALL => \n http://localhost:6201/api/v1/area/listArea","timestamp":"2025-06-16T12:33:44.140Z"}
{"level":"info","message":"ROUTE API CALL => \n http://localhost:6201/api/v1/area/listArea","timestamp":"2025-06-16T12:33:47.361Z"}
{"level":"info","message":"ROUTE API CALL => \n http://localhost:6201/api/v1/area/listArea","timestamp":"2025-06-16T12:33:49.419Z"}
{"level":"info","message":"ROUTE API CALL => \n http://localhost:6201/api/v1/area/updateArea","timestamp":"2025-06-16T12:34:00.573Z"}
{"level":"info","message":"ROUTE API CALL => \n http://localhost:6201/api/v1/area/listArea","timestamp":"2025-06-16T12:34:00.599Z"}
{"level":"info","message":"ROUTE API CALL => \n http://localhost:6201/api/v1/area/listArea","timestamp":"2025-06-16T12:34:00.612Z"}
{"level":"info","message":"ROUTE API CALL => \n http://localhost:6201/api/v1/area/listArea","timestamp":"2025-06-16T12:34:00.628Z"}
{"level":"info","message":"ROUTE API CALL => \n http://localhost:6201/api/v1/area/listArea","timestamp":"2025-06-16T12:34:15.650Z"}
{"level":"info","message":"ROUTE API CALL => \n http://localhost:6201/api/v1/area/listArea","timestamp":"2025-06-16T12:34:16.791Z"}
{"level":"info","message":"ROUTE API CALL => \n http://localhost:6201/api/v1/area/listArea","timestamp":"2025-06-16T12:34:16.799Z"}
{"level":"info","message":"ROUTE API CALL => \n http://localhost:6201/api/v1/area/listArea","timestamp":"2025-06-16T12:34:16.806Z"}
{"level":"info","message":"ROUTE API CALL => \n http://localhost:6201/api/v1/area/listArea","timestamp":"2025-06-16T12:34:16.815Z"}
{"level":"info","message":"ROUTE API CALL => \n http://localhost:6201/api/v1/area/listArea","timestamp":"2025-06-16T12:34:27.542Z"}
{"level":"info","message":"ROUTE API CALL => \n http://localhost:6201/api/v1/area/listArea","timestamp":"2025-06-16T12:34:27.554Z"}
{"level":"info","message":"ROUTE API CALL => \n http://localhost:6201/api/v1/area/listArea","timestamp":"2025-06-16T12:34:31.251Z"}
{"level":"info","message":"ROUTE API CALL => \n http://localhost:6201/api/v1/area/listArea","timestamp":"2025-06-16T12:35:04.071Z"}
{"level":"info","message":"ROUTE API CALL => \n http://localhost:6201/api/v1/area/listArea","timestamp":"2025-06-16T12:35:05.104Z"}
{"level":"info","message":"ROUTE API CALL => \n http://localhost:6201/api/v1/area/listArea","timestamp":"2025-06-16T12:35:05.111Z"}
{"level":"info","message":"ROUTE API CALL => \n http://localhost:6201/api/v1/area/listArea","timestamp":"2025-06-16T12:35:05.119Z"}
{"level":"info","message":"ROUTE API CALL => \n http://localhost:6201/api/v1/area/listArea","timestamp":"2025-06-16T12:35:05.128Z"}
{"level":"info","message":"ROUTE API CALL => \n http://localhost:6201/api/v1/area/listArea","timestamp":"2025-06-16T12:35:27.838Z"}
{"level":"info","message":"ROUTE API CALL => \n http://localhost:6201/api/v1/area/listArea","timestamp":"2025-06-16T12:35:27.854Z"}
{"level":"info","message":"ROUTE API CALL => \n http://localhost:6201/api/v1/area/listArea","timestamp":"2025-06-16T12:35:48.126Z"}
{"level":"info","message":"ROUTE API CALL => \n http://localhost:6201/api/v1/area/listArea","timestamp":"2025-06-16T12:35:54.850Z"}
{"level":"info","message":"ROUTE API CALL => \n http://localhost:6201/api/v1/area/listArea","timestamp":"2025-06-16T12:35:54.873Z"}
{"level":"info","message":"ROUTE API CALL => \n http://localhost:6201/api/v1/area/listArea","timestamp":"2025-06-16T12:35:59.733Z"}
{"level":"info","message":"ROUTE API CALL => \n http://localhost:6201/api/v1/area/updateArea","timestamp":"2025-06-16T12:36:12.128Z"}
{"level":"info","message":"ROUTE API CALL => \n http://localhost:6201/api/v1/area/listArea","timestamp":"2025-06-16T12:36:12.161Z"}
{"level":"info","message":"ROUTE API CALL => \n http://localhost:6201/api/v1/area/listArea","timestamp":"2025-06-16T12:36:12.187Z"}
{"level":"info","message":"ROUTE API CALL => \n http://localhost:6201/api/v1/area/listArea","timestamp":"2025-06-16T12:36:12.213Z"}
{"level":"info","message":"ROUTE API CALL => \n http://localhost:6201/api/v1/area/listArea","timestamp":"2025-06-16T12:36:17.432Z"}
{"level":"info","message":"ROUTE API CALL => \n http://localhost:6201/api/v1/area/listArea","timestamp":"2025-06-16T12:36:17.453Z"}
{"level":"info","message":"ROUTE API CALL => \n http://localhost:6201/api/v1/area/listArea","timestamp":"2025-06-16T12:36:19.988Z"}
{"level":"info","message":"ROUTE API CALL => \n http://localhost:6201/api/v1/area/listArea","timestamp":"2025-06-16T12:36:42.826Z"}
{"level":"info","message":"ROUTE API CALL => \n http://localhost:6201/api/v1/area/listArea","timestamp":"2025-06-16T12:36:46.150Z"}
{"level":"info","message":"ROUTE API CALL => \n http://localhost:6201/api/v1/area/listArea","timestamp":"2025-06-16T12:36:46.158Z"}
{"level":"info","message":"ROUTE API CALL => \n http://localhost:6201/api/v1/area/listArea","timestamp":"2025-06-16T12:36:46.166Z"}
{"level":"info","message":"ROUTE API CALL => \n http://localhost:6201/api/v1/area/listArea","timestamp":"2025-06-16T12:36:46.175Z"}
{"level":"info","message":"ROUTE API CALL => \n http://localhost:6201/api/v1/area/listArea","timestamp":"2025-06-16T12:37:13.398Z"}
{"level":"info","message":"ROUTE API CALL => \n http://localhost:6201/api/v1/area/listArea","timestamp":"2025-06-16T12:37:13.412Z"}
{"level":"info","message":"ROUTE API CALL => \n http://localhost:6201/api/v1/area/movePinCode","timestamp":"2025-06-16T12:37:24.118Z"}
{"level":"info","message":"ROUTE API CALL => \n http://localhost:6201/api/v1/area/listArea","timestamp":"2025-06-16T12:37:29.086Z"}
{"level":"info","message":"ROUTE API CALL => \n http://localhost:6201/api/v1/area/listArea","timestamp":"2025-06-16T12:37:31.893Z"}
{"level":"info","message":"ROUTE API CALL => \n http://localhost:6201/api/v1/area/listArea","timestamp":"2025-06-16T12:37:31.918Z"}
{"level":"info","message":"ROUTE API CALL => \n http://localhost:6201/api/v1/area/listArea","timestamp":"2025-06-16T12:37:33.400Z"}
{"level":"info","message":"ROUTE API CALL => \n http://localhost:6201/api/v1/area/listArea","timestamp":"2025-06-16T12:37:35.687Z"}
{"level":"info","message":"ROUTE API CALL => \n http://localhost:6201/api/v1/area/listArea","timestamp":"2025-06-16T12:37:35.707Z"}
{"level":"info","message":"ROUTE API CALL => \n http://localhost:6201/api/v1/area/listArea","timestamp":"2025-06-16T12:37:38.909Z"}
{"level":"info","message":"ROUTE API CALL => \n http://localhost:6201/api/v1/area/listArea","timestamp":"2025-06-16T12:37:40.566Z"}
{"level":"info","message":"ROUTE API CALL => \n http://localhost:6201/api/v1/area/listArea","timestamp":"2025-06-16T12:37:40.582Z"}
{"level":"info","message":"ROUTE API CALL => \n http://localhost:6201/api/v1/area/movePinCode","timestamp":"2025-06-16T12:37:44.241Z"}
{"level":"info","message":"ROUTE API CALL => \n http://localhost:6201/api/v1/area/listArea","timestamp":"2025-06-16T12:37:45.672Z"}
{"level":"info","message":"ROUTE API CALL => \n http://localhost:6201/api/v1/area/listArea","timestamp":"2025-06-16T12:37:46.692Z"}
{"level":"info","message":"ROUTE API CALL => \n http://localhost:6201/api/v1/area/listArea","timestamp":"2025-06-16T12:37:46.722Z"}
{"level":"info","message":"ROUTE API CALL => \n http://localhost:6201/api/v1/area/listArea","timestamp":"2025-06-16T12:37:55.677Z"}
{"level":"info","message":"ROUTE API CALL => \n http://localhost:6201/api/v1/area/listArea","timestamp":"2025-06-16T12:38:16.234Z"}
{"level":"info","message":"ROUTE API CALL => \n http://localhost:6201/api/v1/area/listArea","timestamp":"2025-06-16T12:38:16.242Z"}
{"level":"info","message":"ROUTE API CALL => \n http://localhost:6201/api/v1/area/listArea","timestamp":"2025-06-16T12:38:33.127Z"}
{"level":"info","message":"ROUTE API CALL => \n http://localhost:6201/api/v1/area/listArea","timestamp":"2025-06-16T12:38:36.439Z"}
{"level":"info","message":"ROUTE API CALL => \n http://localhost:6201/api/v1/area/listArea","timestamp":"2025-06-16T12:38:36.464Z"}
{"level":"info","message":"ROUTE API CALL => \n http://localhost:6201/api/v1/area/listArea","timestamp":"2025-06-16T12:38:57.462Z"}
{"level":"info","message":"ROUTE API CALL => \n http://localhost:6201/api/v1/area/listArea","timestamp":"2025-06-16T12:39:05.967Z"}
{"level":"info","message":"ROUTE API CALL => \n http://localhost:6201/api/v1/area/listArea","timestamp":"2025-06-16T12:39:05.975Z"}
{"level":"info","message":"ROUTE API CALL => \n http://localhost:6201/api/v1/area/listArea","timestamp":"2025-06-16T12:39:15.996Z"}
{"level":"info","message":"ROUTE API CALL => \n http://localhost:6201/api/v1/area/updateArea","timestamp":"2025-06-16T12:39:30.720Z"}
{"level":"info","message":"ROUTE API CALL => \n http://localhost:6201/api/v1/area/listArea","timestamp":"2025-06-16T12:39:30.742Z"}
{"level":"info","message":"ROUTE API CALL => \n http://localhost:6201/api/v1/area/listArea","timestamp":"2025-06-16T12:39:30.769Z"}
{"level":"info","message":"ROUTE API CALL => \n http://localhost:6201/api/v1/area/listArea","timestamp":"2025-06-16T12:39:30.795Z"}
{"level":"info","message":"ROUTE API CALL => \n http://localhost:6201/api/v1/area/listArea","timestamp":"2025-06-16T12:39:34.935Z"}
{"level":"info","message":"ROUTE API CALL => \n http://localhost:6201/api/v1/area/listArea","timestamp":"2025-06-16T12:39:34.957Z"}
{"level":"info","message":"ROUTE API CALL => \n http://localhost:6201/api/v1/area/listArea","timestamp":"2025-06-16T12:46:56.639Z"}
{"level":"info","message":"ROUTE API CALL => \n http://localhost:6201/api/v1/area/listArea","timestamp":"2025-06-16T12:46:59.329Z"}
{"level":"info","message":"ROUTE API CALL => \n http://localhost:6201/api/v1/area/listArea","timestamp":"2025-06-16T12:47:01.035Z"}
{"level":"info","message":"ROUTE API CALL => \n http://localhost:6201/api/v1/area/listArea","timestamp":"2025-06-16T12:47:01.042Z"}
{"level":"info","message":"ROUTE API CALL => \n http://localhost:6201/api/v1/area/listArea","timestamp":"2025-06-16T12:47:01.052Z"}
{"level":"info","message":"ROUTE API CALL => \n http://localhost:6201/api/v1/area/listArea","timestamp":"2025-06-16T12:47:01.059Z"}
{"level":"info","message":"ROUTE API CALL => \n http://localhost:6201/api/v1/area/listArea","timestamp":"2025-06-16T12:53:11.518Z"}
{"level":"info","message":"ROUTE API CALL => \n http://localhost:6201/api/v1/area/listArea","timestamp":"2025-06-16T12:53:11.713Z"}
{"level":"info","message":"ROUTE API CALL => \n http://localhost:6201/api/v1/area/listArea","timestamp":"2025-06-16T12:53:15.600Z"}
{"level":"info","message":"ROUTE API CALL => \n http://localhost:6201/api/v1/area/listArea","timestamp":"2025-06-16T12:55:18.837Z"}
{"level":"info","message":"ROUTE API CALL => \n http://localhost:6201/api/v1/area/listArea","timestamp":"2025-06-16T12:55:20.466Z"}
{"level":"info","message":"ROUTE API CALL => \n http://localhost:6201/api/v1/area/listArea","timestamp":"2025-06-16T12:55:20.473Z"}
{"level":"info","message":"ROUTE API CALL => \n http://localhost:6201/api/v1/area/listArea","timestamp":"2025-06-16T12:55:20.480Z"}
{"level":"info","message":"ROUTE API CALL => \n http://localhost:6201/api/v1/area/listArea","timestamp":"2025-06-16T12:55:20.487Z"}
{"level":"info","message":"ROUTE API CALL => \n http://localhost:6201/api/v1/area/listArea","timestamp":"2025-06-16T12:55:22.508Z"}
{"level":"info","message":"ROUTE API CALL => \n http://localhost:6201/api/v1/area/listArea","timestamp":"2025-06-16T12:55:22.546Z"}
{"level":"info","message":"ROUTE API CALL => \n http://localhost:6201/api/v1/area/listArea","timestamp":"2025-06-16T12:55:25.371Z"}
{"level":"info","message":"ROUTE API CALL => \n http://localhost:6201/api/v1/area/listArea","timestamp":"2025-06-16T12:55:28.143Z"}
{"level":"info","message":"ROUTE API CALL => \n http://localhost:6201/api/v1/area/listArea","timestamp":"2025-06-16T12:56:35.121Z"}
{"level":"info","message":"ROUTE API CALL => \n http://localhost:6201/api/v1/area/listArea","timestamp":"2025-06-16T12:56:35.195Z"}
{"level":"info","message":"ROUTE API CALL => \n http://localhost:6201/api/v1/area/listArea","timestamp":"2025-06-16T12:56:35.205Z"}
{"level":"info","message":"ROUTE API CALL => \n http://localhost:6201/api/v1/area/listArea","timestamp":"2025-06-16T12:56:35.219Z"}
{"level":"info","message":"ROUTE API CALL => \n http://localhost:6201/api/v1/area/listArea","timestamp":"2025-06-16T12:58:12.589Z"}
{"level":"info","message":"ROUTE API CALL => \n http://localhost:6201/api/v1/area/listArea","timestamp":"2025-06-16T12:58:13.604Z"}
{"level":"info","message":"ROUTE API CALL => \n http://localhost:6201/api/v1/area/listArea","timestamp":"2025-06-16T12:58:13.611Z"}
{"level":"info","message":"ROUTE API CALL => \n http://localhost:6201/api/v1/area/listArea","timestamp":"2025-06-16T12:58:13.619Z"}
{"level":"info","message":"ROUTE API CALL => \n http://localhost:6201/api/v1/area/listArea","timestamp":"2025-06-16T12:58:13.627Z"}
{"level":"info","message":"ROUTE API CALL => \n http://localhost:6201/api/v1/area/listArea","timestamp":"2025-06-16T12:58:17.392Z"}
{"level":"info","message":"ROUTE API CALL => \n http://localhost:6201/api/v1/area/listArea","timestamp":"2025-06-16T12:58:17.412Z"}
{"level":"info","message":"ROUTE API CALL => \n http://localhost:6201/api/v1/area/listArea","timestamp":"2025-06-16T12:58:20.276Z"}
{"level":"info","message":"ROUTE API CALL => \n http://localhost:6201/api/v1/area/listArea","timestamp":"2025-06-16T12:58:23.226Z"}
{"level":"info","message":"ROUTE API CALL => \n http://localhost:6201/api/v1/area/listArea","timestamp":"2025-06-16T12:58:34.417Z"}
{"level":"info","message":"ROUTE API CALL => \n http://localhost:6201/api/v1/area/listArea","timestamp":"2025-06-16T12:58:35.163Z"}
{"level":"info","message":"ROUTE API CALL => \n http://localhost:6201/api/v1/area/listArea","timestamp":"2025-06-16T12:58:35.170Z"}
{"level":"info","message":"ROUTE API CALL => \n http://localhost:6201/api/v1/area/listArea","timestamp":"2025-06-16T12:58:35.178Z"}
{"level":"info","message":"ROUTE API CALL => \n http://localhost:6201/api/v1/area/listArea","timestamp":"2025-06-16T12:58:35.185Z"}
{"level":"info","message":"ROUTE API CALL => \n http://localhost:6201/api/v1/area/listArea","timestamp":"2025-06-16T13:00:33.076Z"}
{"level":"info","message":"ROUTE API CALL => \n http://localhost:6201/api/v1/area/listArea","timestamp":"2025-06-16T13:00:35.433Z"}
{"level":"info","message":"ROUTE API CALL => \n http://localhost:6201/api/v1/area/listArea","timestamp":"2025-06-16T13:00:35.441Z"}
{"level":"info","message":"ROUTE API CALL => \n http://localhost:6201/api/v1/area/listArea","timestamp":"2025-06-16T13:00:35.448Z"}
{"level":"info","message":"ROUTE API CALL => \n http://localhost:6201/api/v1/area/listArea","timestamp":"2025-06-16T13:00:35.456Z"}
{"level":"info","message":"ROUTE API CALL => \n http://localhost:6201/api/v1/area/listArea","timestamp":"2025-06-16T13:01:31.052Z"}
{"level":"info","message":"ROUTE API CALL => \n http://localhost:6201/api/v1/refDashboard/Count","timestamp":"2025-06-16T13:01:32.855Z"}
{"level":"info","message":"ROUTE API CALL => \n http://localhost:6201/api/v1/refDashboard/Count","timestamp":"2025-06-16T13:01:32.871Z"}
{"level":"info","message":"ROUTE API CALL => \n http://localhost:6201/api/v1/refDashboard/Count","timestamp":"2025-06-16T13:01:32.892Z"}
{"level":"info","message":"ROUTE API CALL => \n http://localhost:6201/api/v1/area/listArea","timestamp":"2025-06-16T13:01:37.332Z"}
{"level":"info","message":"ROUTE API CALL => \n http://localhost:6201/api/v1/area/listArea","timestamp":"2025-06-16T13:01:37.343Z"}
{"level":"info","message":"ROUTE API CALL => \n http://localhost:6201/api/v1/area/listArea","timestamp":"2025-06-16T13:01:37.352Z"}
{"level":"info","message":"ROUTE API CALL => \n http://localhost:6201/api/v1/area/listArea","timestamp":"2025-06-16T13:01:37.360Z"}
{"level":"info","message":"ROUTE API CALL => \n http://localhost:6201/api/v1/area/listArea","timestamp":"2025-06-16T13:01:38.505Z"}
{"level":"info","message":"ROUTE API CALL => \n http://localhost:6201/api/v1/area/listArea","timestamp":"2025-06-16T13:01:38.543Z"}
{"level":"info","message":"ROUTE API CALL => \n http://localhost:6201/api/v1/area/listArea","timestamp":"2025-06-16T13:01:39.789Z"}
{"level":"info","message":"ROUTE API CALL => \n http://localhost:6201/api/v1/area/listArea","timestamp":"2025-06-16T13:01:40.220Z"}
{"level":"info","message":"ROUTE API CALL => \n http://localhost:6201/api/v1/area/listArea","timestamp":"2025-06-16T13:02:59.453Z"}
{"level":"info","message":"ROUTE API CALL => \n http://localhost:6201/api/v1/area/listArea","timestamp":"2025-06-16T13:02:59.532Z"}
{"level":"info","message":"ROUTE API CALL => \n http://localhost:6201/api/v1/area/listArea","timestamp":"2025-06-16T13:02:59.540Z"}
{"level":"info","message":"ROUTE API CALL => \n http://localhost:6201/api/v1/area/listArea","timestamp":"2025-06-16T13:02:59.552Z"}
{"level":"info","message":"ROUTE API CALL => \n http://localhost:6201/api/v1/area/listArea","timestamp":"2025-06-16T13:03:27.473Z"}
{"level":"info","message":"ROUTE API CALL => \n http://localhost:6201/api/v1/area/listArea","timestamp":"2025-06-16T13:03:29.694Z"}
{"level":"info","message":"ROUTE API CALL => \n http://localhost:6201/api/v1/area/listArea","timestamp":"2025-06-16T13:03:29.702Z"}
{"level":"info","message":"ROUTE API CALL => \n http://localhost:6201/api/v1/area/listArea","timestamp":"2025-06-16T13:03:29.710Z"}
{"level":"info","message":"ROUTE API CALL => \n http://localhost:6201/api/v1/area/listArea","timestamp":"2025-06-16T13:03:29.718Z"}
{"level":"info","message":"ROUTE API CALL => \n http://localhost:6201/api/v1/area/listArea","timestamp":"2025-06-16T13:04:52.166Z"}
{"level":"info","message":"ROUTE API CALL => \n http://localhost:6201/api/v1/area/listArea","timestamp":"2025-06-16T13:05:06.997Z"}
{"level":"info","message":"ROUTE API CALL => \n http://localhost:6201/api/v1/area/listArea","timestamp":"2025-06-16T13:05:07.006Z"}
{"level":"info","message":"ROUTE API CALL => \n http://localhost:6201/api/v1/area/listArea","timestamp":"2025-06-16T13:05:07.014Z"}
{"level":"info","message":"ROUTE API CALL => \n http://localhost:6201/api/v1/area/listArea","timestamp":"2025-06-16T13:05:07.022Z"}
{"level":"info","message":"ROUTE API CALL => \n http://localhost:6201/api/v1/area/listArea","timestamp":"2025-06-16T13:06:09.604Z"}
{"level":"info","message":"ROUTE API CALL => \n http://localhost:6201/api/v1/area/listArea","timestamp":"2025-06-16T13:06:18.934Z"}
{"level":"info","message":"ROUTE API CALL => \n http://localhost:6201/api/v1/area/listArea","timestamp":"2025-06-16T13:06:18.940Z"}
{"level":"info","message":"ROUTE API CALL => \n http://localhost:6201/api/v1/area/listArea","timestamp":"2025-06-16T13:06:18.950Z"}
{"level":"info","message":"ROUTE API CALL => \n http://localhost:6201/api/v1/area/listArea","timestamp":"2025-06-16T13:06:18.959Z"}
{"level":"info","message":"ROUTE API CALL => \n http://localhost:6201/api/v1/area/listArea","timestamp":"2025-06-16T13:06:20.564Z"}
{"level":"info","message":"ROUTE API CALL => \n http://localhost:6201/api/v1/area/listArea","timestamp":"2025-06-16T13:06:38.971Z"}
{"level":"info","message":"ROUTE API CALL => \n http://localhost:6201/api/v1/area/listArea","timestamp":"2025-06-16T13:06:38.981Z"}
{"level":"info","message":"ROUTE API CALL => \n http://localhost:6201/api/v1/area/listArea","timestamp":"2025-06-16T13:06:38.991Z"}
{"level":"info","message":"ROUTE API CALL => \n http://localhost:6201/api/v1/area/listArea","timestamp":"2025-06-16T13:06:39.002Z"}
{"level":"info","message":"ROUTE API CALL => \n http://localhost:6201/api/v1/area/listArea","timestamp":"2025-06-16T13:06:40.041Z"}
{"level":"info","message":"ROUTE API CALL => \n http://localhost:6201/api/v1/area/listArea","timestamp":"2025-06-16T13:06:40.082Z"}
{"level":"info","message":"ROUTE API CALL => \n http://localhost:6201/api/v1/area/listArea","timestamp":"2025-06-16T13:14:35.796Z"}
{"level":"info","message":"ROUTE API CALL => \n http://localhost:6201/api/v1/area/listArea","timestamp":"2025-06-16T13:14:36.858Z"}
{"level":"info","message":"Server running --- from server.ts","timestamp":"2025-06-16T17:01:08.883Z"}
{"level":"info","message":"ROUTE API CALL => \n http://localhost:6201/api/v1/refDashboard/Count","timestamp":"2025-06-16T17:01:59.286Z"}
{"level":"info","message":"ROUTE API CALL => \n http://localhost:6201/api/v1/refDashboard/Count","timestamp":"2025-06-16T17:01:59.386Z"}
{"level":"info","message":"ROUTE API CALL => \n http://localhost:6201/api/v1/refDashboard/Count","timestamp":"2025-06-16T17:01:59.571Z"}
{"level":"info","message":"ROUTE API CALL => \n http://192.168.202.13:6201/api/v1/refDashboard/Count","timestamp":"2025-06-16T17:02:25.532Z"}
{"level":"info","message":"ROUTE API CALL => \n http://192.168.202.13:6201/api/v1/refDashboard/Count","timestamp":"2025-06-16T17:02:25.548Z"}
{"level":"info","message":"ROUTE API CALL => \n http://192.168.202.13:6201/api/v1/refDashboard/Count","timestamp":"2025-06-16T17:02:25.589Z"}
{"level":"info","message":"ROUTE API CALL => \n http://192.168.202.13:6201/api/v1/adminRoutes/adminLogin","timestamp":"2025-06-16T17:04:04.838Z"}
{"level":"info","message":"ROUTE API CALL => \n http://192.168.202.13:6201/api/v1/refDashboard/Count","timestamp":"2025-06-16T17:04:06.047Z"}
{"level":"info","message":"ROUTE API CALL => \n http://192.168.202.13:6201/api/v1/refDashboard/Count","timestamp":"2025-06-16T17:04:06.057Z"}
{"level":"info","message":"ROUTE API CALL => \n http://192.168.202.13:6201/api/v1/refDashboard/Count","timestamp":"2025-06-16T17:04:06.070Z"}
{"level":"info","message":"ROUTE API CALL => \n http://192.168.202.13:6201/api/v1/area/listArea","timestamp":"2025-06-16T17:04:10.577Z"}
{"level":"info","message":"ROUTE API CALL => \n http://192.168.202.13:6201/api/v1/area/listArea","timestamp":"2025-06-16T17:04:10.634Z"}
{"level":"info","message":"ROUTE API CALL => \n http://192.168.202.13:6201/api/v1/area/listArea","timestamp":"2025-06-16T17:04:10.653Z"}
{"level":"info","message":"ROUTE API CALL => \n http://192.168.202.13:6201/api/v1/area/listArea","timestamp":"2025-06-16T17:04:10.673Z"}
{"level":"info","message":"ROUTE API CALL => \n http://192.168.202.13:6201/api/v1/area/listArea","timestamp":"2025-06-16T17:04:12.611Z"}
{"level":"info","message":"ROUTE API CALL => \n http://192.168.202.13:6201/api/v1/area/listArea","timestamp":"2025-06-16T17:04:12.634Z"}
{"level":"info","message":"ROUTE API CALL => \n http://192.168.202.13:6201/api/v1/area/listArea","timestamp":"2025-06-16T17:04:14.804Z"}
{"level":"info","message":"ROUTE API CALL => \n http://192.168.202.13:6201/api/v1/area/listArea","timestamp":"2025-06-16T17:04:16.312Z"}
{"level":"info","message":"ROUTE API CALL => \n http://192.168.202.13:6201/api/v1/area/listArea","timestamp":"2025-06-16T17:04:16.353Z"}
{"level":"info","message":"ROUTE API CALL => \n http://192.168.202.13:6201/api/v1/area/listArea","timestamp":"2025-06-16T17:04:17.679Z"}
{"level":"info","message":"ROUTE API CALL => \n http://192.168.202.13:6201/api/v1/area/listArea","timestamp":"2025-06-16T17:04:18.593Z"}
{"level":"info","message":"ROUTE API CALL => \n http://192.168.202.13:6201/api/v1/area/listArea","timestamp":"2025-06-16T17:04:18.662Z"}
{"level":"info","message":"ROUTE API CALL => \n http://192.168.202.13:6201/api/v1/area/listArea","timestamp":"2025-06-16T17:04:21.326Z"}
{"level":"info","message":"ROUTE API CALL => \n http://192.168.202.13:6201/api/v1/area/movePinCode","timestamp":"2025-06-16T17:04:23.019Z"}
{"level":"info","message":"ROUTE API CALL => \n http://192.168.202.13:6201/api/v1/area/listArea","timestamp":"2025-06-16T17:04:24.353Z"}
{"level":"info","message":"ROUTE API CALL => \n http://192.168.202.13:6201/api/v1/area/listArea","timestamp":"2025-06-16T17:04:26.991Z"}
{"level":"info","message":"ROUTE API CALL => \n http://192.168.202.13:6201/api/v1/area/listArea","timestamp":"2025-06-16T17:04:27.052Z"}
{"level":"info","message":"ROUTE API CALL => \n http://192.168.202.13:6201/api/v1/area/listArea","timestamp":"2025-06-16T17:04:29.243Z"}
{"level":"info","message":"ROUTE API CALL => \n http://192.168.202.13:6201/api/v1/area/listArea","timestamp":"2025-06-16T17:04:29.563Z"}
{"level":"info","message":"ROUTE API CALL => \n http://192.168.202.13:6201/api/v1/area/listArea","timestamp":"2025-06-16T17:04:30.472Z"}
{"level":"info","message":"ROUTE API CALL => \n http://192.168.202.13:6201/api/v1/area/listArea","timestamp":"2025-06-16T17:04:30.499Z"}
{"level":"info","message":"ROUTE API CALL => \n http://192.168.202.13:6201/api/v1/area/listArea","timestamp":"2025-06-16T17:04:30.518Z"}
{"level":"info","message":"ROUTE API CALL => \n http://192.168.202.13:6201/api/v1/area/listArea","timestamp":"2025-06-16T17:04:30.534Z"}
{"level":"info","message":"ROUTE API CALL => \n http://192.168.202.13:6201/api/v1/area/listArea","timestamp":"2025-06-16T17:04:32.010Z"}
{"level":"info","message":"ROUTE API CALL => \n http://192.168.202.13:6201/api/v1/area/listArea","timestamp":"2025-06-16T17:04:34.981Z"}
{"level":"info","message":"ROUTE API CALL => \n http://192.168.202.13:6201/api/v1/area/listArea","timestamp":"2025-06-16T17:04:35.003Z"}
{"level":"info","message":"ROUTE API CALL => \n http://192.168.202.13:6201/api/v1/area/listArea","timestamp":"2025-06-16T17:04:35.023Z"}
{"level":"info","message":"ROUTE API CALL => \n http://192.168.202.13:6201/api/v1/area/listArea","timestamp":"2025-06-16T17:04:35.043Z"}
{"level":"info","message":"ROUTE API CALL => \n http://192.168.202.13:6201/api/v1/area/listArea","timestamp":"2025-06-16T17:04:37.967Z"}
{"level":"info","message":"ROUTE API CALL => \n http://192.168.202.13:6201/api/v1/area/listArea","timestamp":"2025-06-16T17:04:37.982Z"}
{"level":"info","message":"ROUTE API CALL => \n http://192.168.202.13:6201/api/v1/area/listArea","timestamp":"2025-06-16T17:04:40.010Z"}
{"level":"info","message":"ROUTE API CALL => \n http://192.168.202.13:6201/api/v1/area/movePinCode","timestamp":"2025-06-16T17:04:42.424Z"}
{"level":"info","message":"ROUTE API CALL => \n http://192.168.202.13:6201/api/v1/area/listArea","timestamp":"2025-06-16T17:04:43.678Z"}
{"level":"info","message":"ROUTE API CALL => \n http://192.168.202.13:6201/api/v1/area/listArea","timestamp":"2025-06-16T17:04:45.317Z"}
{"level":"info","message":"ROUTE API CALL => \n http://192.168.202.13:6201/api/v1/area/listArea","timestamp":"2025-06-16T17:04:45.386Z"}
{"level":"info","message":"ROUTE API CALL => \n http://192.168.202.13:6201/api/v1/area/listArea","timestamp":"2025-06-16T17:04:47.776Z"}
{"level":"info","message":"ROUTE API CALL => \n http://192.168.202.13:6201/api/v1/area/listArea","timestamp":"2025-06-16T17:04:51.972Z"}
{"level":"info","message":"ROUTE API CALL => \n http://192.168.202.13:6201/api/v1/area/listArea","timestamp":"2025-06-16T17:04:51.986Z"}
{"level":"info","message":"ROUTE API CALL => \n http://192.168.202.13:6201/api/v1/area/listArea","timestamp":"2025-06-16T17:04:54.431Z"}
{"level":"info","message":"ROUTE API CALL => \n http://192.168.202.13:6201/api/v1/area/listArea","timestamp":"2025-06-16T17:04:58.016Z"}
{"level":"info","message":"ROUTE API CALL => \n http://192.168.202.13:6201/api/v1/area/listArea","timestamp":"2025-06-16T17:05:00.478Z"}
{"level":"info","message":"ROUTE API CALL => \n http://192.168.202.13:6201/api/v1/area/listArea","timestamp":"2025-06-16T17:05:00.499Z"}
{"level":"info","message":"ROUTE API CALL => \n http://192.168.202.13:6201/api/v1/area/listArea","timestamp":"2025-06-16T17:05:02.425Z"}
{"level":"info","message":"ROUTE API CALL => \n http://192.168.202.13:6201/api/v1/area/listArea","timestamp":"2025-06-16T17:05:03.137Z"}
{"level":"info","message":"ROUTE API CALL => \n http://192.168.202.13:6201/api/v1/area/listArea","timestamp":"2025-06-16T17:05:05.177Z"}
{"level":"info","message":"ROUTE API CALL => \n http://192.168.202.13:6201/api/v1/area/listArea","timestamp":"2025-06-16T17:05:05.194Z"}
{"level":"info","message":"ROUTE API CALL => \n http://192.168.202.13:6201/api/v1/area/listArea","timestamp":"2025-06-16T17:05:07.433Z"}
{"level":"info","message":"ROUTE API CALL => \n http://192.168.202.13:6201/api/v1/area/updateArea","timestamp":"2025-06-16T17:05:21.265Z"}
{"level":"info","message":"ROUTE API CALL => \n http://192.168.202.13:6201/api/v1/area/listArea","timestamp":"2025-06-16T17:05:21.305Z"}
{"level":"info","message":"ROUTE API CALL => \n http://192.168.202.13:6201/api/v1/area/listArea","timestamp":"2025-06-16T17:05:21.383Z"}
{"level":"info","message":"ROUTE API CALL => \n http://192.168.202.13:6201/api/v1/area/listArea","timestamp":"2025-06-16T17:05:21.421Z"}
{"level":"info","message":"ROUTE API CALL => \n http://192.168.202.13:6201/api/v1/area/listArea","timestamp":"2025-06-16T17:06:23.453Z"}
{"level":"info","message":"ROUTE API CALL => \n http://192.168.202.13:6201/api/v1/area/listArea","timestamp":"2025-06-16T17:06:23.602Z"}
{"level":"info","message":"ROUTE API CALL => \n http://192.168.202.13:6201/api/v1/area/listArea","timestamp":"2025-06-16T17:06:23.628Z"}
{"level":"info","message":"ROUTE API CALL => \n http://192.168.202.13:6201/api/v1/area/listArea","timestamp":"2025-06-16T17:06:23.658Z"}
{"level":"info","message":"ROUTE API CALL => \n http://192.168.202.13:6201/api/v1/area/listArea","timestamp":"2025-06-16T17:23:06.648Z"}
{"level":"info","message":"ROUTE API CALL => \n http://192.168.202.13:6201/api/v1/area/listArea","timestamp":"2025-06-16T17:23:06.859Z"}
{"level":"info","message":"ROUTE API CALL => \n http://192.168.202.13:6201/api/v1/area/listArea","timestamp":"2025-06-16T17:23:06.911Z"}
{"level":"info","message":"ROUTE API CALL => \n http://192.168.202.13:6201/api/v1/area/listArea","timestamp":"2025-06-16T17:23:06.931Z"}
{"level":"info","message":"ROUTE API CALL => \n http://192.168.202.13:6201/api/v1/area/listArea","timestamp":"2025-06-16T17:28:25.508Z"}
{"level":"info","message":"ROUTE API CALL => \n http://192.168.202.13:6201/api/v1/area/listArea","timestamp":"2025-06-16T17:28:26.416Z"}
{"level":"info","message":"ROUTE API CALL => \n http://192.168.202.13:6201/api/v1/area/listArea","timestamp":"2025-06-16T17:28:26.433Z"}
{"level":"info","message":"ROUTE API CALL => \n http://192.168.202.13:6201/api/v1/area/listArea","timestamp":"2025-06-16T17:28:26.455Z"}
{"level":"info","message":"ROUTE API CALL => \n http://192.168.202.13:6201/api/v1/area/listArea","timestamp":"2025-06-16T17:28:26.472Z"}
{"level":"info","message":"ROUTE API CALL => \n http://192.168.202.13:6201/api/v1/area/listArea","timestamp":"2025-06-16T17:28:28.362Z"}
{"level":"info","message":"ROUTE API CALL => \n http://192.168.202.13:6201/api/v1/area/listArea","timestamp":"2025-06-16T17:28:28.393Z"}
{"level":"info","message":"ROUTE API CALL => \n http://192.168.202.13:6201/api/v1/area/listArea","timestamp":"2025-06-16T17:28:31.170Z"}
{"level":"info","message":"ROUTE API CALL => \n http://192.168.202.13:6201/api/v1/area/movePinCode","timestamp":"2025-06-16T17:28:32.773Z"}
{"level":"info","message":"ROUTE API CALL => \n http://192.168.202.13:6201/api/v1/area/listArea","timestamp":"2025-06-16T17:28:37.727Z"}
{"level":"info","message":"ROUTE API CALL => \n http://192.168.202.13:6201/api/v1/area/listArea","timestamp":"2025-06-16T17:28:50.209Z"}
{"level":"info","message":"ROUTE API CALL => \n http://192.168.202.13:6201/api/v1/area/listArea","timestamp":"2025-06-16T17:28:50.621Z"}
{"level":"info","message":"ROUTE API CALL => \n http://192.168.202.13:6201/api/v1/area/listArea","timestamp":"2025-06-16T17:28:50.640Z"}
{"level":"info","message":"ROUTE API CALL => \n http://192.168.202.13:6201/api/v1/area/listArea","timestamp":"2025-06-16T17:28:50.733Z"}
{"level":"info","message":"ROUTE API CALL => \n http://192.168.202.13:6201/api/v1/area/listArea","timestamp":"2025-06-16T17:28:52.123Z"}
{"level":"info","message":"ROUTE API CALL => \n http://192.168.202.13:6201/api/v1/area/listArea","timestamp":"2025-06-16T17:28:52.149Z"}
{"level":"info","message":"ROUTE API CALL => \n http://192.168.202.13:6201/api/v1/area/listArea","timestamp":"2025-06-16T17:28:54.780Z"}
{"level":"info","message":"ROUTE API CALL => \n http://192.168.202.13:6201/api/v1/area/movePinCode","timestamp":"2025-06-16T17:28:55.756Z"}
{"level":"info","message":"ROUTE API CALL => \n http://192.168.202.13:6201/api/v1/area/listArea","timestamp":"2025-06-16T17:28:58.571Z"}
{"level":"info","message":"ROUTE API CALL => \n http://192.168.202.13:6201/api/v1/adminRoutes/adminLogin","timestamp":"2025-06-16T17:29:32.661Z"}
{"level":"info","message":"ROUTE API CALL => \n http://192.168.202.13:6201/api/v1/refDashboard/Count","timestamp":"2025-06-16T17:29:33.717Z"}
{"level":"info","message":"ROUTE API CALL => \n http://192.168.202.13:6201/api/v1/refDashboard/Count","timestamp":"2025-06-16T17:29:33.727Z"}
{"level":"info","message":"ROUTE API CALL => \n http://192.168.202.13:6201/api/v1/refDashboard/Count","timestamp":"2025-06-16T17:29:33.769Z"}
{"level":"info","message":"ROUTE API CALL => \n http://192.168.202.13:6201/api/v1/area/listArea","timestamp":"2025-06-16T17:30:04.324Z"}
{"level":"info","message":"ROUTE API CALL => \n http://192.168.202.13:6201/api/v1/area/listArea","timestamp":"2025-06-16T17:30:04.331Z"}
{"level":"info","message":"ROUTE API CALL => \n http://192.168.202.13:6201/api/v1/area/listArea","timestamp":"2025-06-16T17:30:04.343Z"}
{"level":"info","message":"ROUTE API CALL => \n http://192.168.202.13:6201/api/v1/area/listArea","timestamp":"2025-06-16T17:30:04.372Z"}
{"level":"info","message":"ROUTE API CALL => \n http://192.168.202.13:6201/api/v1/area/listArea","timestamp":"2025-06-16T17:30:05.860Z"}
{"level":"info","message":"ROUTE API CALL => \n http://192.168.202.13:6201/api/v1/area/listArea","timestamp":"2025-06-16T17:30:05.895Z"}
{"level":"info","message":"ROUTE API CALL => \n http://192.168.202.13:6201/api/v1/area/listArea","timestamp":"2025-06-16T17:30:08.490Z"}
{"level":"info","message":"ROUTE API CALL => \n http://192.168.202.13:6201/api/v1/area/movePinCode","timestamp":"2025-06-16T17:30:09.739Z"}
{"level":"info","message":"ROUTE API CALL => \n http://192.168.202.13:6201/api/v1/area/listArea","timestamp":"2025-06-16T17:30:52.001Z"}
{"level":"info","message":"ROUTE API CALL => \n http://192.168.202.13:6201/api/v1/area/listArea","timestamp":"2025-06-16T17:30:52.185Z"}
{"level":"info","message":"ROUTE API CALL => \n http://192.168.202.13:6201/api/v1/area/listArea","timestamp":"2025-06-16T17:30:52.197Z"}
{"level":"info","message":"ROUTE API CALL => \n http://192.168.202.13:6201/api/v1/area/listArea","timestamp":"2025-06-16T17:30:52.209Z"}
{"level":"info","message":"ROUTE API CALL => \n http://192.168.202.13:6201/api/v1/area/listArea","timestamp":"2025-06-16T17:30:53.455Z"}
{"level":"info","message":"ROUTE API CALL => \n http://192.168.202.13:6201/api/v1/area/listArea","timestamp":"2025-06-16T17:30:53.484Z"}
{"level":"info","message":"ROUTE API CALL => \n http://192.168.202.13:6201/api/v1/area/listArea","timestamp":"2025-06-16T17:30:55.387Z"}
{"level":"info","message":"ROUTE API CALL => \n http://192.168.202.13:6201/api/v1/area/movePinCode","timestamp":"2025-06-16T17:30:56.839Z"}
{"level":"info","message":"ROUTE API CALL => \n http://192.168.202.13:6201/api/v1/area/listArea","timestamp":"2025-06-16T17:31:36.145Z"}
{"level":"info","message":"ROUTE API CALL => \n http://192.168.202.13:6201/api/v1/area/listArea","timestamp":"2025-06-16T17:31:37.792Z"}
{"level":"info","message":"ROUTE API CALL => \n http://192.168.202.13:6201/api/v1/area/listArea","timestamp":"2025-06-16T17:31:37.830Z"}
{"level":"info","message":"ROUTE API CALL => \n http://192.168.202.13:6201/api/v1/area/listArea","timestamp":"2025-06-16T17:31:39.979Z"}
{"level":"info","message":"ROUTE API CALL => \n http://192.168.202.13:6201/api/v1/area/movePinCode","timestamp":"2025-06-16T17:31:41.493Z"}
{"level":"info","message":"ROUTE API CALL => \n http://192.168.202.13:6201/api/v1/area/listArea","timestamp":"2025-06-16T17:32:19.831Z"}
{"level":"info","message":"ROUTE API CALL => \n http://192.168.202.13:6201/api/v1/area/listArea","timestamp":"2025-06-16T17:32:20.467Z"}
{"level":"info","message":"ROUTE API CALL => \n http://localhost:6201/api/v1/adminRoutes/adminLogin","timestamp":"2025-06-16T17:35:16.530Z"}
{"level":"info","message":"ROUTE API CALL => \n http://localhost:6201/api/v1/cashFlow/getCashFlow","timestamp":"2025-06-16T17:35:17.475Z"}
{"level":"info","message":"ROUTE API CALL => \n http://localhost:6201/api/v1/refDashboard/Count","timestamp":"2025-06-16T17:35:17.487Z"}
{"level":"info","message":"ROUTE API CALL => \n http://localhost:6201/api/v1/refDashboard/Count","timestamp":"2025-06-16T17:35:17.517Z"}
{"level":"info","message":"ROUTE API CALL => \n http://localhost:6201/api/v1/cashFlow/getCashFlow","timestamp":"2025-06-16T17:35:21.826Z"}
{"level":"info","message":"ROUTE API CALL => \n http://localhost:6201/api/v1/adminRoutes/productList","timestamp":"2025-06-16T17:35:21.837Z"}
{"level":"info","message":"ROUTE API CALL => \n http://localhost:6201/api/v1/cashFlow/getCashFlow","timestamp":"2025-06-16T17:35:22.291Z"}
{"level":"info","message":"ROUTE API CALL => \n http://localhost:6201/api/v1/adminRoutes/getAllLoan","timestamp":"2025-06-16T17:35:22.303Z"}
{"level":"info","message":"ROUTE API CALL => \n http://localhost:6201/api/v1/cashFlow/getCashFlow","timestamp":"2025-06-16T17:35:28.381Z"}
{"level":"info","message":"ROUTE API CALL => \n http://localhost:6201/api/v1/adminRoutes/getPersonList","timestamp":"2025-06-16T17:35:28.394Z"}
{"level":"info","message":"ROUTE API CALL => \n http://localhost:6201/api/v1/cashFlow/getCashFlow","timestamp":"2025-06-16T17:35:30.159Z"}
{"level":"info","message":"ROUTE API CALL => \n http://localhost:6201/api/v1/adminRoutes/getPersonList","timestamp":"2025-06-16T17:35:30.166Z"}
{"level":"info","message":"ROUTE API CALL => \n http://192.168.202.13:6201/api/v1/adminRoutes/getPersonList","timestamp":"2025-06-16T17:35:54.046Z"}
{"level":"info","message":"ROUTE API CALL => \n http://192.168.202.13:6201/api/v1/adminRoutes/getPersonList","timestamp":"2025-06-16T17:35:54.059Z"}
