{"level":"info","message":"Server running --- from server.ts","timestamp":"2025-07-13T09:07:06.883Z"}
{"level":"info","message":"ROUTE API CALL => \n http://localhost:6201/api/v1/adminRoutes/adminLogin","timestamp":"2025-07-13T09:07:59.324Z"}
{"level":"info","message":"ROUTE API CALL => \n http://localhost:6201/api/v1/cashFlow/getCashFlow","timestamp":"2025-07-13T09:08:00.500Z"}
{"level":"info","message":"ROUTE API CALL => \n http://localhost:6201/api/v1/refDashboard/Count","timestamp":"2025-07-13T09:08:00.513Z"}
{"level":"info","message":"ROUTE API CALL => \n http://localhost:6201/api/v1/refDashboard/Count","timestamp":"2025-07-13T09:08:00.537Z"}
{"level":"info","message":"ROUTE API CALL => \n http://localhost:6201/api/v1/cashFlow/getCashFlow","timestamp":"2025-07-13T09:08:14.652Z"}
{"level":"info","message":"ROUTE API CALL => \n http://localhost:6201/api/v1/adminRoutes/getLoanAndUser","timestamp":"2025-07-13T09:08:14.683Z"}
{"level":"info","message":"ROUTE API CALL => \n http://localhost:6201/api/v1/AdminRePayment/userList","timestamp":"2025-07-13T09:08:14.744Z"}
{"level":"info","message":"ROUTE API CALL => \n http://localhost:6201/api/v1/adminLoan/allLoan","timestamp":"2025-07-13T09:08:16.688Z"}
{"level":"info","message":"ROUTE API CALL => \n http://localhost:6201/api/v1/adminLoan/vendorList","timestamp":"2025-07-13T09:08:18.413Z"}
{"level":"info","message":"ROUTE API CALL => \n http://localhost:6201/api/v1/adminLoan/addLoanOption","timestamp":"2025-07-13T09:08:23.607Z"}
{"level":"info","message":"ROUTE API CALL => \n http://localhost:6201/api/v1/adminLoan/getLoan","timestamp":"2025-07-13T09:08:23.646Z"}
{"level":"info","message":"ROUTE API CALL => \n http://localhost:6201/api/v1/adminLoan/allLoan","timestamp":"2025-07-13T09:09:03.547Z"}
{"level":"info","message":"ROUTE API CALL => \n http://localhost:6201/api/v1/adminLoan/vendorList","timestamp":"2025-07-13T09:09:05.148Z"}
{"level":"info","message":"ROUTE API CALL => \n http://localhost:6201/api/v1/adminLoan/addLoanOption","timestamp":"2025-07-13T09:09:25.100Z"}
{"level":"info","message":"ROUTE API CALL => \n http://localhost:6201/api/v1/adminLoan/getLoan","timestamp":"2025-07-13T09:09:25.118Z"}
{"level":"info","message":"ROUTE API CALL => \n http://localhost:6201/api/v1/adminLoan/CreateNewLoan","timestamp":"2025-07-13T09:11:04.128Z"}
{"level":"info","message":"ROUTE API CALL => \n http://localhost:6201/api/v1/adminLoan/allLoan","timestamp":"2025-07-13T09:11:05.381Z"}
{"level":"info","message":"ROUTE API CALL => \n http://localhost:6201/api/v1/adminLoan/loanRePaymentAudit","timestamp":"2025-07-13T09:11:15.573Z"}
{"level":"info","message":"ROUTE API CALL => \n http://localhost:6201/api/v1/adminLoan/loanAudit","timestamp":"2025-07-13T09:11:15.591Z"}
{"level":"info","message":"ROUTE API CALL => \n http://localhost:6201/api/v1/adminLoan/loanCloseData","timestamp":"2025-07-13T09:11:20.456Z"}
{"level":"info","message":"ROUTE API CALL => \n http://localhost:6201/api/v1/settings/paymentMethod/getOption","timestamp":"2025-07-13T09:11:20.463Z"}
{"level":"info","message":"ROUTE API CALL => \n http://localhost:6201/api/v1/adminLoan/payPrincipalAmt","timestamp":"2025-07-13T09:12:02.635Z"}
{"level":"info","message":"ROUTE API CALL => \n http://localhost:6201/api/v1/adminLoan/allLoan","timestamp":"2025-07-13T09:12:02.833Z"}
{"level":"info","message":"ROUTE API CALL => \n http://localhost:6201/api/v1/adminLoan/loanRePaymentAudit","timestamp":"2025-07-13T09:12:06.249Z"}
{"level":"info","message":"ROUTE API CALL => \n http://localhost:6201/api/v1/adminLoan/loanAudit","timestamp":"2025-07-13T09:12:06.256Z"}
{"level":"info","message":"ROUTE API CALL => \n http://localhost:6201/api/v1/adminLoan/allLoan","timestamp":"2025-07-13T09:13:23.922Z"}
{"level":"info","message":"ROUTE API CALL => \n http://localhost:6201/api/v1/adminLoan/loanRePaymentAudit","timestamp":"2025-07-13T09:14:54.231Z"}
{"level":"info","message":"ROUTE API CALL => \n http://localhost:6201/api/v1/adminLoan/loanAudit","timestamp":"2025-07-13T09:14:54.257Z"}
{"level":"info","message":"ROUTE API CALL => \n http://localhost:6201/api/v1/adminLoan/loanCloseData","timestamp":"2025-07-13T09:14:56.127Z"}
{"level":"info","message":"ROUTE API CALL => \n http://localhost:6201/api/v1/settings/paymentMethod/getOption","timestamp":"2025-07-13T09:14:56.133Z"}
{"level":"info","message":"ROUTE API CALL => \n http://localhost:6201/api/v1/adminLoan/allLoan","timestamp":"2025-07-13T09:15:00.737Z"}
{"level":"info","message":"ROUTE API CALL => \n http://localhost:6201/api/v1/adminLoan/loanRePaymentAudit","timestamp":"2025-07-13T09:15:02.128Z"}
{"level":"info","message":"ROUTE API CALL => \n http://localhost:6201/api/v1/adminLoan/loanAudit","timestamp":"2025-07-13T09:15:02.136Z"}
{"level":"info","message":"ROUTE API CALL => \n http://localhost:6201/api/v1/adminLoan/loanCloseData","timestamp":"2025-07-13T09:15:04.470Z"}
{"level":"info","message":"ROUTE API CALL => \n http://localhost:6201/api/v1/settings/paymentMethod/getOption","timestamp":"2025-07-13T09:15:04.478Z"}
{"level":"info","message":"ROUTE API CALL => \n http://localhost:6201/api/v1/adminLoan/payPrincipalAmt","timestamp":"2025-07-13T09:15:43.310Z"}
{"level":"info","message":"ROUTE API CALL => \n http://localhost:6201/api/v1/adminLoan/allLoan","timestamp":"2025-07-13T09:15:43.491Z"}
{"level":"info","message":"ROUTE API CALL => \n http://localhost:6201/api/v1/adminLoan/loanRePaymentAudit","timestamp":"2025-07-13T09:15:53.321Z"}
{"level":"info","message":"ROUTE API CALL => \n http://localhost:6201/api/v1/adminLoan/loanAudit","timestamp":"2025-07-13T09:15:53.337Z"}
{"level":"info","message":"ROUTE API CALL => \n http://localhost:6201/api/v1/adminLoan/allLoan","timestamp":"2025-07-13T09:16:10.962Z"}
{"level":"info","message":"ROUTE API CALL => \n http://localhost:6201/api/v1/adminLoan/loanRePaymentAudit","timestamp":"2025-07-13T09:16:17.300Z"}
{"level":"info","message":"ROUTE API CALL => \n http://localhost:6201/api/v1/adminLoan/loanAudit","timestamp":"2025-07-13T09:16:17.315Z"}
{"level":"info","message":"ROUTE API CALL => \n http://localhost:6201/api/v1/adminLoan/loanCloseData","timestamp":"2025-07-13T09:16:20.421Z"}
{"level":"info","message":"ROUTE API CALL => \n http://localhost:6201/api/v1/settings/paymentMethod/getOption","timestamp":"2025-07-13T09:16:20.430Z"}
{"level":"info","message":"ROUTE API CALL => \n http://localhost:6201/api/v1/adminLoan/payPrincipalAmt","timestamp":"2025-07-13T09:16:32.963Z"}
{"level":"info","message":"ROUTE API CALL => \n http://localhost:6201/api/v1/adminLoan/allLoan","timestamp":"2025-07-13T09:16:33.017Z"}
{"level":"info","message":"ROUTE API CALL => \n http://localhost:6201/api/v1/adminLoan/loanRePaymentAudit","timestamp":"2025-07-13T09:17:47.160Z"}
{"level":"info","message":"ROUTE API CALL => \n http://localhost:6201/api/v1/adminLoan/loanAudit","timestamp":"2025-07-13T09:17:47.166Z"}
{"level":"info","message":"ROUTE API CALL => \n http://localhost:6201/api/v1/adminLoan/loanCloseData","timestamp":"2025-07-13T09:17:48.380Z"}
{"level":"info","message":"ROUTE API CALL => \n http://localhost:6201/api/v1/settings/paymentMethod/getOption","timestamp":"2025-07-13T09:17:48.390Z"}
{"level":"info","message":"ROUTE API CALL => \n http://localhost:6201/api/v1/adminLoan/loanCloseData","timestamp":"2025-07-13T09:20:20.625Z"}
{"level":"info","message":"ROUTE API CALL => \n http://localhost:6201/api/v1/settings/paymentMethod/getOption","timestamp":"2025-07-13T09:20:20.630Z"}
{"level":"info","message":"ROUTE API CALL => \n http://localhost:6201/api/v1/adminLoan/loanCloseData","timestamp":"2025-07-13T09:21:34.630Z"}
{"level":"info","message":"ROUTE API CALL => \n http://localhost:6201/api/v1/settings/paymentMethod/getOption","timestamp":"2025-07-13T09:21:34.669Z"}
{"level":"info","message":"ROUTE API CALL => \n http://localhost:6201/api/v1/adminLoan/loanCloseData","timestamp":"2025-07-13T09:21:39.327Z"}
{"level":"info","message":"ROUTE API CALL => \n http://localhost:6201/api/v1/settings/paymentMethod/getOption","timestamp":"2025-07-13T09:21:39.338Z"}
{"level":"info","message":"ROUTE API CALL => \n http://localhost:6201/api/v1/adminLoan/loanCloseData","timestamp":"2025-07-13T09:21:47.316Z"}
{"level":"info","message":"ROUTE API CALL => \n http://localhost:6201/api/v1/settings/paymentMethod/getOption","timestamp":"2025-07-13T09:21:47.342Z"}
{"level":"info","message":"ROUTE API CALL => \n http://localhost:6201/api/v1/adminLoan/loanCloseData","timestamp":"2025-07-13T09:22:00.353Z"}
{"level":"info","message":"ROUTE API CALL => \n http://localhost:6201/api/v1/settings/paymentMethod/getOption","timestamp":"2025-07-13T09:22:00.398Z"}
{"level":"info","message":"ROUTE API CALL => \n http://localhost:6201/api/v1/adminLoan/loanCloseData","timestamp":"2025-07-13T09:22:01.333Z"}
{"level":"info","message":"ROUTE API CALL => \n http://localhost:6201/api/v1/settings/paymentMethod/getOption","timestamp":"2025-07-13T09:22:01.344Z"}
{"level":"info","message":"ROUTE API CALL => \n http://localhost:6201/api/v1/adminLoan/loanCloseData","timestamp":"2025-07-13T09:22:04.320Z"}
{"level":"info","message":"ROUTE API CALL => \n http://localhost:6201/api/v1/settings/paymentMethod/getOption","timestamp":"2025-07-13T09:22:04.329Z"}
{"level":"info","message":"ROUTE API CALL => \n http://localhost:6201/api/v1/adminLoan/loanCloseData","timestamp":"2025-07-13T09:22:05.315Z"}
{"level":"info","message":"ROUTE API CALL => \n http://localhost:6201/api/v1/settings/paymentMethod/getOption","timestamp":"2025-07-13T09:22:05.324Z"}
{"level":"info","message":"ROUTE API CALL => \n http://localhost:6201/api/v1/adminLoan/loanCloseData","timestamp":"2025-07-13T09:22:12.636Z"}
{"level":"info","message":"ROUTE API CALL => \n http://localhost:6201/api/v1/settings/paymentMethod/getOption","timestamp":"2025-07-13T09:22:12.641Z"}
{"level":"info","message":"ROUTE API CALL => \n http://localhost:6201/api/v1/adminLoan/loanCloseData","timestamp":"2025-07-13T09:22:19.046Z"}
{"level":"info","message":"ROUTE API CALL => \n http://localhost:6201/api/v1/settings/paymentMethod/getOption","timestamp":"2025-07-13T09:22:19.075Z"}
{"level":"info","message":"ROUTE API CALL => \n http://localhost:6201/api/v1/adminLoan/loanCloseData","timestamp":"2025-07-13T09:23:37.604Z"}
{"level":"info","message":"ROUTE API CALL => \n http://localhost:6201/api/v1/settings/paymentMethod/getOption","timestamp":"2025-07-13T09:23:37.614Z"}
{"level":"info","message":"ROUTE API CALL => \n http://localhost:6201/api/v1/adminLoan/loanCloseData","timestamp":"2025-07-13T09:23:43.299Z"}
{"level":"info","message":"ROUTE API CALL => \n http://localhost:6201/api/v1/settings/paymentMethod/getOption","timestamp":"2025-07-13T09:23:43.327Z"}
{"level":"info","message":"ROUTE API CALL => \n http://localhost:6201/api/v1/adminLoan/allLoan","timestamp":"2025-07-13T09:24:38.017Z"}
{"level":"info","message":"ROUTE API CALL => \n http://localhost:6201/api/v1/adminLoan/loanRePaymentAudit","timestamp":"2025-07-13T09:24:44.483Z"}
{"level":"info","message":"ROUTE API CALL => \n http://localhost:6201/api/v1/adminLoan/loanAudit","timestamp":"2025-07-13T09:24:44.489Z"}
{"level":"info","message":"ROUTE API CALL => \n http://localhost:6201/api/v1/adminLoan/loanCloseData","timestamp":"2025-07-13T09:24:51.306Z"}
{"level":"info","message":"ROUTE API CALL => \n http://localhost:6201/api/v1/settings/paymentMethod/getOption","timestamp":"2025-07-13T09:24:51.357Z"}
{"level":"info","message":"ROUTE API CALL => \n http://localhost:6201/api/v1/adminLoan/allLoan","timestamp":"2025-07-13T09:25:36.235Z"}
{"level":"info","message":"ROUTE API CALL => \n http://localhost:6201/api/v1/adminLoan/loanRePaymentAudit","timestamp":"2025-07-13T09:25:38.400Z"}
{"level":"info","message":"ROUTE API CALL => \n http://localhost:6201/api/v1/adminLoan/loanAudit","timestamp":"2025-07-13T09:25:38.428Z"}
{"level":"info","message":"ROUTE API CALL => \n http://localhost:6201/api/v1/adminLoan/loanCloseData","timestamp":"2025-07-13T09:25:46.461Z"}
{"level":"info","message":"ROUTE API CALL => \n http://localhost:6201/api/v1/settings/paymentMethod/getOption","timestamp":"2025-07-13T09:25:46.516Z"}
{"level":"info","message":"Server running --- from server.ts","timestamp":"2025-07-13T09:28:08.536Z"}
{"level":"info","message":"ROUTE API CALL => \n http://localhost:6201/api/v1/adminLoan/loanCloseData","timestamp":"2025-07-13T09:28:14.335Z"}
{"level":"info","message":"ROUTE API CALL => \n http://localhost:6201/api/v1/settings/paymentMethod/getOption","timestamp":"2025-07-13T09:28:14.492Z"}
{"level":"info","message":"Server running --- from server.ts","timestamp":"2025-07-13T09:29:59.354Z"}
{"level":"info","message":"ROUTE API CALL => \n http://localhost:6201/api/v1/adminLoan/loanCloseData","timestamp":"2025-07-13T09:30:11.663Z"}
{"level":"info","message":"ROUTE API CALL => \n http://localhost:6201/api/v1/settings/paymentMethod/getOption","timestamp":"2025-07-13T09:30:11.688Z"}
{"level":"info","message":"Server running --- from server.ts","timestamp":"2025-07-13T09:31:18.194Z"}
{"level":"info","message":"ROUTE API CALL => \n http://localhost:6201/api/v1/adminLoan/loanRePaymentAudit","timestamp":"2025-07-13T09:31:43.762Z"}
{"level":"info","message":"ROUTE API CALL => \n http://localhost:6201/api/v1/adminLoan/loanCloseData","timestamp":"2025-07-13T09:31:47.729Z"}
{"level":"info","message":"ROUTE API CALL => \n http://localhost:6201/api/v1/settings/paymentMethod/getOption","timestamp":"2025-07-13T09:31:47.761Z"}
{"level":"info","message":"Server running --- from server.ts","timestamp":"2025-07-13T09:35:46.469Z"}
{"level":"info","message":"ROUTE API CALL => \n http://localhost:6201/api/v1/adminLoan/loanRePaymentAudit","timestamp":"2025-07-13T09:35:52.282Z"}
{"level":"info","message":"ROUTE API CALL => \n http://localhost:6201/api/v1/adminLoan/loanCloseData","timestamp":"2025-07-13T09:35:56.911Z"}
{"level":"info","message":"ROUTE API CALL => \n http://localhost:6201/api/v1/settings/paymentMethod/getOption","timestamp":"2025-07-13T09:35:56.924Z"}
{"level":"info","message":"Server running --- from server.ts","timestamp":"2025-07-13T09:36:41.223Z"}
{"level":"info","message":"ROUTE API CALL => \n http://localhost:6201/api/v1/adminLoan/allLoan","timestamp":"2025-07-13T09:37:35.186Z"}
{"level":"info","message":"ROUTE API CALL => \n http://localhost:6201/api/v1/adminLoan/loanRePaymentAudit","timestamp":"2025-07-13T09:37:37.910Z"}
{"level":"info","message":"ROUTE API CALL => \n http://localhost:6201/api/v1/adminLoan/loanAudit","timestamp":"2025-07-13T09:37:37.921Z"}
{"level":"info","message":"ROUTE API CALL => \n http://localhost:6201/api/v1/adminLoan/loanCloseData","timestamp":"2025-07-13T09:37:44.984Z"}
{"level":"info","message":"ROUTE API CALL => \n http://localhost:6201/api/v1/settings/paymentMethod/getOption","timestamp":"2025-07-13T09:37:45.014Z"}
{"level":"info","message":"Server running --- from server.ts","timestamp":"2025-07-13T09:39:41.943Z"}
{"level":"info","message":"Server running --- from server.ts","timestamp":"2025-07-13T09:40:20.367Z"}
{"level":"info","message":"Server running --- from server.ts","timestamp":"2025-07-13T09:41:00.205Z"}
{"level":"info","message":"ROUTE API CALL => \n http://localhost:6201/api/v1/adminLoan/allLoan","timestamp":"2025-07-13T09:41:36.822Z"}
{"level":"info","message":"ROUTE API CALL => \n http://localhost:6201/api/v1/adminLoan/loanRePaymentAudit","timestamp":"2025-07-13T09:41:37.619Z"}
{"level":"info","message":"ROUTE API CALL => \n http://localhost:6201/api/v1/adminLoan/loanAudit","timestamp":"2025-07-13T09:41:37.632Z"}
{"level":"info","message":"ROUTE API CALL => \n http://localhost:6201/api/v1/adminLoan/loanCloseData","timestamp":"2025-07-13T09:41:40.710Z"}
{"level":"info","message":"ROUTE API CALL => \n http://localhost:6201/api/v1/settings/paymentMethod/getOption","timestamp":"2025-07-13T09:41:40.722Z"}
{"level":"info","message":"Server running --- from server.ts","timestamp":"2025-07-13T09:43:08.402Z"}
{"level":"info","message":"ROUTE API CALL => \n http://localhost:6201/api/v1/adminLoan/allLoan","timestamp":"2025-07-13T09:43:30.269Z"}
{"level":"info","message":"ROUTE API CALL => \n http://localhost:6201/api/v1/adminLoan/loanRePaymentAudit","timestamp":"2025-07-13T09:43:31.267Z"}
{"level":"info","message":"ROUTE API CALL => \n http://localhost:6201/api/v1/adminLoan/loanAudit","timestamp":"2025-07-13T09:43:31.275Z"}
{"level":"info","message":"ROUTE API CALL => \n http://localhost:6201/api/v1/adminLoan/loanCloseData","timestamp":"2025-07-13T09:43:34.852Z"}
{"level":"info","message":"ROUTE API CALL => \n http://localhost:6201/api/v1/settings/paymentMethod/getOption","timestamp":"2025-07-13T09:43:34.865Z"}
{"level":"info","message":"Server running --- from server.ts","timestamp":"2025-07-13T15:48:12.371Z"}
