{"level":"info","message":"Server running --- from server.ts","timestamp":"2025-07-15T18:39:51.999Z"}
{"level":"info","message":"ROUTE API CALL => \n http://localhost:6201/api/v1/adminRoutes/getAllLoan","timestamp":"2025-07-15T18:39:58.498Z"}
{"level":"info","message":"ROUTE API CALL => \n http://localhost:6201/api/v1/newLoan/userListOption","timestamp":"2025-07-15T18:39:59.449Z"}
{"level":"info","message":"ROUTE API CALL 685=> \n http://localhost:6201/api/v1/adminRoutes/addLoanOption","timestamp":"2025-07-15T18:40:06.466Z"}
{"level":"info","message":"ROUTE API CALL => \n http://localhost:6201/api/v1/settings/paymentMethod/getOption","timestamp":"2025-07-15T18:40:06.489Z"}
{"level":"info","message":"ROUTE API CALL => \n http://localhost:6201/api/v1/adminRoutes/getLoan","timestamp":"2025-07-15T18:40:06.531Z"}
{"level":"info","message":"Server running --- from server.ts","timestamp":"2025-07-15T18:41:23.401Z"}
{"level":"info","message":"ROUTE API CALL => \n http://localhost:6201/api/v1/adminRoutes/getAllLoan","timestamp":"2025-07-15T18:41:28.912Z"}
{"level":"info","message":"ROUTE API CALL => \n http://localhost:6201/api/v1/newLoan/userListOption","timestamp":"2025-07-15T18:41:29.858Z"}
{"level":"info","message":"ROUTE API CALL 685=> \n http://localhost:6201/api/v1/adminRoutes/addLoanOption","timestamp":"2025-07-15T18:41:33.077Z"}
{"level":"info","message":"ROUTE API CALL => \n http://localhost:6201/api/v1/settings/paymentMethod/getOption","timestamp":"2025-07-15T18:41:33.090Z"}
{"level":"info","message":"ROUTE API CALL => \n http://localhost:6201/api/v1/adminRoutes/getLoan","timestamp":"2025-07-15T18:41:33.158Z"}
{"level":"info","message":"ROUTE API CALL => \n http://localhost:6201/api/v1/settings/paymentMethod/getOption","timestamp":"2025-07-15T18:42:06.986Z"}
{"level":"info","message":"ROUTE API CALL => \n http://localhost:6201/api/v1/settings/paymentMethod/getOption","timestamp":"2025-07-15T18:42:17.047Z"}
{"level":"info","message":"ROUTE API CALL => \n http://localhost:6201/api/v1/newLoan/CreateNewLoan","timestamp":"2025-07-15T18:42:27.337Z"}
{"level":"info","message":"ROUTE API CALL => \n http://localhost:6201/api/v1/adminRoutes/getAllLoan","timestamp":"2025-07-15T18:42:28.457Z"}
{"level":"info","message":"ROUTE API CALL => \n http://localhost:6201/api/v1/rePayment/loanDetails","timestamp":"2025-07-15T18:42:31.455Z"}
{"level":"info","message":"ROUTE API CALL => \n http://localhost:6201/api/v1/rePayment/loanAudit","timestamp":"2025-07-15T18:42:31.533Z"}
{"level":"info","message":"ROUTE API CALL => \n http://localhost:6201/api/v1/adminRoutes/getAllLoan","timestamp":"2025-07-15T18:43:16.426Z"}
{"level":"info","message":"ROUTE API CALL => \n http://localhost:6201/api/v1/cashFlow/getCashFlow","timestamp":"2025-07-15T18:43:30.673Z"}
{"level":"info","message":"ROUTE API CALL => \n http://localhost:6201/api/v1/product/list","timestamp":"2025-07-15T18:43:30.680Z"}
{"level":"info","message":"ROUTE API CALL => \n http://localhost:6201/api/v1/cashFlow/getCashFlow","timestamp":"2025-07-15T18:43:34.266Z"}
{"level":"info","message":"ROUTE API CALL => \n http://localhost:6201/api/v1/adminRoutes/getLoanAndUser","timestamp":"2025-07-15T18:43:34.281Z"}
{"level":"info","message":"ROUTE API CALL => \n http://localhost:6201/api/v1/AdminRePayment/userList","timestamp":"2025-07-15T18:43:34.309Z"}
{"level":"info","message":"ROUTE API CALL => \n http://localhost:6201/api/v1/cashFlow/getCashFlow","timestamp":"2025-07-15T18:44:03.798Z"}
{"level":"info","message":"ROUTE API CALL => \n http://localhost:6201/api/v1/adminRoutes/getAllLoan","timestamp":"2025-07-15T18:44:03.809Z"}
{"level":"info","message":"ROUTE API CALL => \n http://localhost:6201/api/v1/adminRoutes/getLoanAndUser","timestamp":"2025-07-15T19:05:01.396Z"}
{"level":"info","message":"ROUTE API CALL => \n http://localhost:6201/api/v1/cashFlow/getCashFlow","timestamp":"2025-07-15T19:05:01.408Z"}
{"level":"info","message":"ROUTE API CALL => \n http://localhost:6201/api/v1/AdminRePayment/userList","timestamp":"2025-07-15T19:05:01.772Z"}
{"level":"info","message":"ROUTE API CALL => \n http://localhost:6201/api/v1/adminLoan/allLoan","timestamp":"2025-07-15T19:05:05.883Z"}
{"level":"info","message":"ROUTE API CALL => \n http://localhost:6201/api/v1/adminLoan/vendorList","timestamp":"2025-07-15T19:05:07.154Z"}
{"level":"info","message":"ROUTE API CALL => \n http://localhost:6201/api/v1/adminLoan/vendorList","timestamp":"2025-07-15T19:06:06.084Z"}
{"level":"info","message":"ROUTE API CALL => \n http://localhost:6201/api/v1/adminLoan/vendorList","timestamp":"2025-07-15T19:06:24.745Z"}
{"level":"info","message":"ROUTE API CALL => \n http://localhost:6201/api/v1/adminLoan/allLoan","timestamp":"2025-07-15T19:06:48.439Z"}
{"level":"info","message":"ROUTE API CALL => \n http://localhost:6201/api/v1/cashFlow/getCashFlow","timestamp":"2025-07-15T19:06:52.865Z"}
{"level":"info","message":"ROUTE API CALL => \n http://localhost:6201/api/v1/adminRoutes/getLoanAndUser","timestamp":"2025-07-15T19:06:52.971Z"}
{"level":"info","message":"ROUTE API CALL => \n http://localhost:6201/api/v1/AdminRePayment/userList","timestamp":"2025-07-15T19:06:53.215Z"}
{"level":"info","message":"ROUTE API CALL => \n http://localhost:6201/api/v1/adminLoan/allLoan","timestamp":"2025-07-15T19:06:55.824Z"}
{"level":"info","message":"ROUTE API CALL => \n http://localhost:6201/api/v1/adminLoan/vendorList","timestamp":"2025-07-15T19:06:56.879Z"}
{"level":"info","message":"ROUTE API CALL => \n http://localhost:6201/api/v1/adminLoan/allLoan","timestamp":"2025-07-15T19:06:58.508Z"}
{"level":"info","message":"ROUTE API CALL => \n http://localhost:6201/api/v1/adminLoan/vendorList","timestamp":"2025-07-15T19:07:10.319Z"}
{"level":"info","message":"ROUTE API CALL => \n http://localhost:6201/api/v1/adminLoan/allLoan","timestamp":"2025-07-15T19:07:11.959Z"}
{"level":"info","message":"ROUTE API CALL => \n http://localhost:6201/api/v1/adminLoan/vendorList","timestamp":"2025-07-15T19:07:17.315Z"}
{"level":"info","message":"ROUTE API CALL => \n http://localhost:6201/api/v1/adminLoan/addLoanOption","timestamp":"2025-07-15T19:07:31.456Z"}
{"level":"info","message":"ROUTE API CALL => \n http://localhost:6201/api/v1/adminLoan/getLoan","timestamp":"2025-07-15T19:07:31.465Z"}
{"level":"info","message":"ROUTE API CALL => \n http://localhost:6201/api/v1/adminLoan/vendorList","timestamp":"2025-07-15T19:10:45.175Z"}
{"level":"info","message":"ROUTE API CALL => \n http://localhost:6201/api/v1/adminLoan/vendorList","timestamp":"2025-07-15T19:10:47.768Z"}
{"level":"info","message":"ROUTE API CALL => \n http://localhost:6201/api/v1/adminLoan/vendorList","timestamp":"2025-07-15T19:10:54.784Z"}
{"level":"info","message":"ROUTE API CALL => \n http://localhost:6201/api/v1/adminLoan/allLoan","timestamp":"2025-07-15T19:11:07.068Z"}
{"level":"info","message":"ROUTE API CALL => \n http://localhost:6201/api/v1/adminLoan/vendorList","timestamp":"2025-07-15T19:11:07.855Z"}
{"level":"info","message":"ROUTE API CALL => \n http://localhost:6201/api/v1/adminLoan/addLoanOption","timestamp":"2025-07-15T19:11:10.749Z"}
{"level":"info","message":"ROUTE API CALL => \n http://localhost:6201/api/v1/adminLoan/getLoan","timestamp":"2025-07-15T19:11:10.758Z"}
{"level":"info","message":"ROUTE API CALL => \n http://localhost:6201/api/v1/adminLoan/vendorList","timestamp":"2025-07-15T19:12:10.606Z"}
{"level":"info","message":"Server running --- from server.ts","timestamp":"2025-07-15T19:17:42.282Z"}
{"level":"info","message":"ROUTE API CALL => \n http://localhost:6201/api/v1/adminLoan/CreateNewLoan","timestamp":"2025-07-15T19:17:47.196Z"}
{"level":"info","message":"Server running --- from server.ts","timestamp":"2025-07-15T19:18:41.487Z"}
{"level":"info","message":"ROUTE API CALL => \n http://localhost:6201/api/v1/adminLoan/vendorList","timestamp":"2025-07-15T19:19:35.105Z"}
{"level":"info","message":"ROUTE API CALL => \n http://localhost:6201/api/v1/adminLoan/allLoan","timestamp":"2025-07-15T19:19:46.237Z"}
{"level":"info","message":"ROUTE API CALL => \n http://localhost:6201/api/v1/adminLoan/vendorList","timestamp":"2025-07-15T19:19:47.764Z"}
{"level":"info","message":"ROUTE API CALL => \n http://localhost:6201/api/v1/adminLoan/allLoan","timestamp":"2025-07-15T19:19:50.309Z"}
{"level":"info","message":"ROUTE API CALL => \n http://localhost:6201/api/v1/adminRoutes/getLoanAndUser","timestamp":"2025-07-15T19:19:56.600Z"}
{"level":"info","message":"ROUTE API CALL => \n http://localhost:6201/api/v1/cashFlow/getCashFlow","timestamp":"2025-07-15T19:19:56.607Z"}
{"level":"info","message":"ROUTE API CALL => \n http://localhost:6201/api/v1/AdminRePayment/userList","timestamp":"2025-07-15T19:19:56.734Z"}
{"level":"info","message":"ROUTE API CALL => \n http://localhost:6201/api/v1/adminLoan/allLoan","timestamp":"2025-07-15T19:20:06.773Z"}
{"level":"info","message":"ROUTE API CALL => \n http://localhost:6201/api/v1/adminLoan/vendorList","timestamp":"2025-07-15T19:20:07.664Z"}
{"level":"info","message":"ROUTE API CALL => \n http://localhost:6201/api/v1/adminLoan/addLoanOption","timestamp":"2025-07-15T19:20:10.513Z"}
{"level":"info","message":"ROUTE API CALL => \n http://localhost:6201/api/v1/adminLoan/getLoan","timestamp":"2025-07-15T19:20:10.535Z"}
{"level":"info","message":"ROUTE API CALL => \n http://localhost:6201/api/v1/adminLoan/CreateNewLoan","timestamp":"2025-07-15T19:20:50.301Z"}
{"level":"info","message":"Server running --- from server.ts","timestamp":"2025-07-15T19:21:44.974Z"}
{"level":"info","message":"ROUTE API CALL => \n http://localhost:6201/api/v1/adminLoan/CreateNewLoan","timestamp":"2025-07-15T19:21:49.189Z"}
{"level":"info","message":"Server running --- from server.ts","timestamp":"2025-07-15T19:24:02.832Z"}
{"level":"info","message":"ROUTE API CALL => \n http://localhost:6201/api/v1/adminLoan/CreateNewLoan","timestamp":"2025-07-15T19:24:07.956Z"}
{"level":"info","message":"Server running --- from server.ts","timestamp":"2025-07-15T19:25:08.812Z"}
{"level":"info","message":"ROUTE API CALL => \n http://localhost:6201/api/v1/adminLoan/CreateNewLoan","timestamp":"2025-07-15T19:25:16.590Z"}
{"level":"info","message":"ROUTE API CALL => \n http://localhost:6201/api/v1/adminLoan/allLoan","timestamp":"2025-07-15T19:25:17.768Z"}
{"level":"info","message":"ROUTE API CALL => \n http://localhost:6201/api/v1/adminLoan/loanRePaymentAudit","timestamp":"2025-07-15T19:25:25.319Z"}
{"level":"info","message":"ROUTE API CALL => \n http://localhost:6201/api/v1/adminLoan/loanAudit","timestamp":"2025-07-15T19:25:25.341Z"}
{"level":"info","message":"ROUTE API CALL => \n http://localhost:6201/api/v1/adminLoan/allLoan","timestamp":"2025-07-15T19:27:14.867Z"}
{"level":"info","message":"ROUTE API CALL => \n http://localhost:6201/api/v1/cashFlow/getCashFlow","timestamp":"2025-07-15T19:27:15.338Z"}
{"level":"info","message":"ROUTE API CALL => \n http://localhost:6201/api/v1/product/list","timestamp":"2025-07-15T19:27:15.350Z"}
{"level":"info","message":"ROUTE API CALL => \n http://localhost:6201/api/v1/product/productOptions","timestamp":"2025-07-15T19:27:25.818Z"}
{"level":"info","message":"ROUTE API CALL => \n http://localhost:6201/api/v1/product/productOptions","timestamp":"2025-07-15T19:28:15.756Z"}
{"level":"info","message":"ROUTE API CALL => \n http://localhost:6201/api/v1/product/productOptions","timestamp":"2025-07-15T19:28:51.065Z"}
{"level":"info","message":"ROUTE API CALL => \n http://localhost:6201/api/v1/product/productOptions","timestamp":"2025-07-15T19:28:56.747Z"}
{"level":"info","message":"ROUTE API CALL => \n http://localhost:6201/api/v1/product/productOptions","timestamp":"2025-07-15T19:28:58.787Z"}
{"level":"info","message":"ROUTE API CALL => \n http://localhost:6201/api/v1/product/productOptions","timestamp":"2025-07-15T19:29:10.137Z"}
{"level":"info","message":"ROUTE API CALL => \n http://localhost:6201/api/v1/product/productOptions","timestamp":"2025-07-15T19:29:15.755Z"}
{"level":"info","message":"ROUTE API CALL => \n http://localhost:6201/api/v1/product/productOptions","timestamp":"2025-07-15T19:29:17.738Z"}
{"level":"info","message":"ROUTE API CALL => \n http://localhost:6201/api/v1/product/productOptions","timestamp":"2025-07-15T19:29:21.749Z"}
{"level":"info","message":"ROUTE API CALL => \n http://localhost:6201/api/v1/product/productOptions","timestamp":"2025-07-15T19:30:08.080Z"}
{"level":"info","message":"ROUTE API CALL => \n http://localhost:6201/api/v1/product/productOptions","timestamp":"2025-07-15T19:30:22.752Z"}
{"level":"info","message":"ROUTE API CALL => \n http://localhost:6201/api/v1/product/productOptions","timestamp":"2025-07-15T19:30:53.087Z"}
{"level":"info","message":"ROUTE API CALL => \n http://localhost:6201/api/v1/product/productOptions","timestamp":"2025-07-15T19:31:07.746Z"}
{"level":"info","message":"ROUTE API CALL => \n http://localhost:6201/api/v1/product/productOptions","timestamp":"2025-07-15T19:31:10.743Z"}
{"level":"info","message":"ROUTE API CALL => \n http://localhost:6201/api/v1/product/productOptions","timestamp":"2025-07-15T19:31:11.742Z"}
{"level":"info","message":"ROUTE API CALL => \n http://localhost:6201/api/v1/product/productOptions","timestamp":"2025-07-15T19:31:19.057Z"}
{"level":"info","message":"ROUTE API CALL => \n http://localhost:6201/api/v1/product/addNewProduct","timestamp":"2025-07-15T19:32:05.097Z"}
{"level":"info","message":"ROUTE API CALL => \n http://localhost:6201/api/v1/product/list","timestamp":"2025-07-15T19:32:05.165Z"}
{"level":"info","message":"ROUTE API CALL => \n http://localhost:6201/api/v1/product/productOptions","timestamp":"2025-07-15T19:32:18.720Z"}
{"level":"info","message":"ROUTE API CALL => \n http://localhost:6201/api/v1/product/list","timestamp":"2025-07-15T19:32:21.676Z"}
{"level":"info","message":"ROUTE API CALL => \n http://localhost:6201/api/v1/product/productOptions","timestamp":"2025-07-15T19:33:05.611Z"}
{"level":"info","message":"ROUTE API CALL => \n http://localhost:6201/api/v1/product/productOptions","timestamp":"2025-07-15T19:33:44.300Z"}
{"level":"info","message":"ROUTE API CALL => \n http://localhost:6201/api/v1/product/productOptions","timestamp":"2025-07-15T19:34:08.770Z"}
{"level":"info","message":"ROUTE API CALL => \n http://localhost:6201/api/v1/product/productOptions","timestamp":"2025-07-15T19:34:38.042Z"}
{"level":"info","message":"ROUTE API CALL => \n http://localhost:6201/api/v1/product/addNewProduct","timestamp":"2025-07-15T19:34:59.597Z"}
{"level":"info","message":"ROUTE API CALL => \n http://localhost:6201/api/v1/product/list","timestamp":"2025-07-15T19:34:59.614Z"}
{"level":"info","message":"ROUTE API CALL => \n http://localhost:6201/api/v1/cashFlow/getCashFlow","timestamp":"2025-07-15T19:35:28.872Z"}
{"level":"info","message":"ROUTE API CALL => \n http://localhost:6201/api/v1/adminRoutes/getLoanAndUser","timestamp":"2025-07-15T19:35:28.883Z"}
{"level":"info","message":"ROUTE API CALL => \n http://localhost:6201/api/v1/AdminRePayment/userList","timestamp":"2025-07-15T19:35:28.964Z"}
{"level":"info","message":"ROUTE API CALL => \n http://localhost:6201/api/v1/adminLoan/allLoan","timestamp":"2025-07-15T19:35:30.503Z"}
{"level":"info","message":"ROUTE API CALL => \n http://localhost:6201/api/v1/adminLoan/vendorList","timestamp":"2025-07-15T19:35:31.865Z"}
{"level":"info","message":"ROUTE API CALL => \n http://localhost:6201/api/v1/adminLoan/addLoanOption","timestamp":"2025-07-15T19:35:35.365Z"}
{"level":"info","message":"ROUTE API CALL => \n http://localhost:6201/api/v1/adminLoan/getLoan","timestamp":"2025-07-15T19:35:35.374Z"}
{"level":"info","message":"ROUTE API CALL => \n http://localhost:6201/api/v1/adminLoan/allLoan","timestamp":"2025-07-15T19:35:46.202Z"}
