{"level":"info","message":"Server running --- from server.ts","timestamp":"2025-04-04T05:40:07.995Z"}
{"level":"info","message":"Router-----adminLogin","timestamp":"2025-04-04T05:42:13.537Z"}
{"level":"info","message":"Router-----get Customer and Agent","timestamp":"2025-04-04T05:42:14.555Z"}
{"level":"info","message":"Router-----get Customer and Agent","timestamp":"2025-04-04T05:43:56.463Z"}
{"level":"info","message":"Router-----get Customer and Agent","timestamp":"2025-04-04T05:44:02.489Z"}
{"level":"info","message":"Router-----get Customer and Agent","timestamp":"2025-04-04T05:44:41.127Z"}
{"level":"info","message":"Router-----get Customer and Agent","timestamp":"2025-04-04T05:44:52.471Z"}
{"level":"info","message":"Router-----store Address","timestamp":"2025-04-04T05:44:59.224Z"}
{"level":"info","message":"Router-----Add New agent or customer","timestamp":"2025-04-04T05:44:59.281Z"}
{"level":"info","message":"Router-----get Customer and Agent","timestamp":"2025-04-04T05:44:59.409Z"}
{"level":"info","message":"Router-----get Customer and Agent","timestamp":"2025-04-04T05:45:01.543Z"}
{"level":"info","message":"Router-----view loan list","timestamp":"2025-04-04T05:45:04.557Z"}
{"level":"info","message":"Router-----view loan list","timestamp":"2025-04-04T05:45:07.129Z"}
{"level":"info","message":"Router-----get Customer and Agent","timestamp":"2025-04-04T05:45:16.849Z"}
{"level":"info","message":"Router-----get Customer and Agent","timestamp":"2025-04-04T05:45:33.688Z"}
{"level":"info","message":"Router-----get Customer and Agent","timestamp":"2025-04-04T05:45:56.311Z"}
{"level":"info","message":"Router-----get bank account","timestamp":"2025-04-04T05:46:30.011Z"}
{"level":"info","message":"Router-----view bank fund list","timestamp":"2025-04-04T05:46:51.793Z"}
{"level":"info","message":"Router-----add bank fund","timestamp":"2025-04-04T05:46:53.677Z"}
{"level":"info","message":"Router-----get bank account","timestamp":"2025-04-04T05:47:04.654Z"}
{"level":"info","message":"Router-----view bank fund list","timestamp":"2025-04-04T05:47:35.957Z"}
{"level":"info","message":"Router-----list the product","timestamp":"2025-04-04T05:48:17.491Z"}
{"level":"info","message":"Router-----view loan list","timestamp":"2025-04-04T05:49:05.922Z"}
{"level":"info","message":"Router-----view loan list","timestamp":"2025-04-04T05:49:19.362Z"}
{"level":"info","message":"Router-----view bank fund list","timestamp":"2025-04-04T05:50:54.557Z"}
{"level":"info","message":"Router-----list the product","timestamp":"2025-04-04T05:50:57.088Z"}
{"level":"info","message":"Server running --- from server.ts","timestamp":"2025-04-04T05:51:07.180Z"}
{"level":"info","message":"Router-----view bank fund list","timestamp":"2025-04-04T05:51:07.431Z"}
{"level":"info","message":"Router-----list the product","timestamp":"2025-04-04T05:51:07.617Z"}
{"level":"info","message":"Router-----view loan list","timestamp":"2025-04-04T05:51:44.743Z"}
{"level":"info","message":"Router-----view loan list","timestamp":"2025-04-04T05:51:46.269Z"}
{"level":"info","message":"Router-----get Customer and Agent","timestamp":"2025-04-04T05:56:10.033Z"}
{"level":"info","message":"Router-----list the product","timestamp":"2025-04-04T05:56:27.861Z"}
{"level":"info","message":"Router-----view loan list","timestamp":"2025-04-04T05:56:31.603Z"}
{"level":"info","message":"Router-----view loan list","timestamp":"2025-04-04T05:56:33.028Z"}
{"level":"info","message":"Router-----get Customer and Agent","timestamp":"2025-04-04T05:58:22.464Z"}
{"level":"info","message":"Router-----get Customer and Agent","timestamp":"2025-04-04T05:58:28.754Z"}
{"level":"info","message":"Server running --- from server.ts","timestamp":"2025-04-04T06:05:18.142Z"}
