{"level":"info","message":"Server running --- from server.ts","timestamp":"2025-05-08T03:42:57.127Z"}
{"level":"info","message":"ROUTE API CALL => \n http://localhost:6201/api/v1/adminRoutes/adminLogin","timestamp":"2025-05-08T03:55:04.942Z"}
{"level":"info","message":"ROUTE API CALL => \n http://localhost:6201/api/v1/refDashboard/Count","timestamp":"2025-05-08T03:55:05.488Z"}
{"level":"info","message":"ROUTE API CALL => \n http://localhost:6201/api/v1/refDashboard/Count","timestamp":"2025-05-08T03:55:05.511Z"}
{"level":"info","message":"ROUTE API CALL => \n http://localhost:6201/api/v1/adminRoutes/getPersonList","timestamp":"2025-05-08T03:55:07.220Z"}
{"level":"info","message":"ROUTE API CALL => \n http://localhost:6201/api/v1/adminRoutes/getLoanAndUser","timestamp":"2025-05-08T03:55:09.118Z"}
{"level":"info","message":"ROUTE API CALL => \n http://localhost:6201/api/v1/AdminRePayment/userList","timestamp":"2025-05-08T03:55:09.146Z"}
{"level":"info","message":"ROUTE API CALL => \n http://localhost:6201/api/v1/adminLoan/vendor/list","timestamp":"2025-05-08T03:55:10.536Z"}
{"level":"info","message":"ROUTE API CALL => \n http://localhost:6201/api/v1/adminLoan/allLoan","timestamp":"2025-05-08T03:55:13.139Z"}
{"level":"info","message":"ROUTE API CALL => \n http://localhost:6201/api/v1/adminLoan/vendorList","timestamp":"2025-05-08T03:55:16.196Z"}
{"level":"info","message":"ROUTE API CALL => \n http://localhost:6201/api/v1/adminLoan/addLoanOption","timestamp":"2025-05-08T03:55:22.978Z"}
{"level":"info","message":"ROUTE API CALL => \n http://localhost:6201/api/v1/adminLoan/getLoan","timestamp":"2025-05-08T03:55:22.987Z"}
{"level":"info","message":"ROUTE API CALL => \n http://localhost:6201/api/v1/adminLoan/CreateNewLoan","timestamp":"2025-05-08T03:56:01.367Z"}
{"level":"info","message":"ROUTE API CALL => \n http://localhost:6201/api/v1/adminLoan/allLoan","timestamp":"2025-05-08T03:56:02.537Z"}
{"level":"info","message":"ROUTE API CALL => \n http://localhost:6201/api/v1/AdminRePayment/userList","timestamp":"2025-05-08T03:58:41.210Z"}
{"level":"info","message":"ROUTE API CALL => \n http://localhost:6201/api/v1/AdminRePayment/rePaymentCalculation","timestamp":"2025-05-08T03:58:43.041Z"}
{"level":"info","message":"ROUTE API CALL => \n http://localhost:6201/api/v1/adminLoan/loanRePaymentAudit","timestamp":"2025-05-08T03:58:49.550Z"}
{"level":"info","message":"ROUTE API CALL => \n http://localhost:6201/api/v1/AdminRePayment/rePaymentCalculation","timestamp":"2025-05-08T03:59:09.122Z"}
{"level":"info","message":"ROUTE API CALL => \n http://localhost:6201/api/v1/AdminRePayment/rePaymentCalculation","timestamp":"2025-05-08T04:02:09.704Z"}
{"level":"info","message":"ROUTE API CALL => \n http://localhost:6201/api/v1/adminLoan/loanRePaymentAudit","timestamp":"2025-05-08T04:02:12.491Z"}
{"level":"info","message":"ROUTE API CALL => \n http://localhost:6201/api/v1/adminLoan/allLoan","timestamp":"2025-05-08T04:02:18.051Z"}
{"level":"info","message":"ROUTE API CALL => \n http://localhost:6201/api/v1/adminLoan/vendor/list","timestamp":"2025-05-08T04:02:19.310Z"}
{"level":"info","message":"ROUTE API CALL => \n http://localhost:6201/api/v1/adminRoutes/adminLogin","timestamp":"2025-05-08T04:05:28.431Z"}
{"level":"info","message":"ROUTE API CALL => \n http://localhost:6201/api/v1/refDashboard/Count","timestamp":"2025-05-08T04:05:28.884Z"}
{"level":"info","message":"ROUTE API CALL => \n http://localhost:6201/api/v1/refDashboard/Count","timestamp":"2025-05-08T04:05:28.903Z"}
{"level":"info","message":"ROUTE API CALL => \n http://localhost:6201/api/v1/adminRoutes/getPersonList","timestamp":"2025-05-08T04:06:32.235Z"}
{"level":"info","message":"ROUTE API CALL => \n http://localhost:6201/api/v1/adminRoutes/getPersonList","timestamp":"2025-05-08T04:06:33.229Z"}
{"level":"info","message":"ROUTE API CALL => \n http://localhost:6201/api/v1/refDashboard/Count","timestamp":"2025-05-08T04:06:34.848Z"}
{"level":"info","message":"ROUTE API CALL => \n http://localhost:6201/api/v1/refDashboard/Count","timestamp":"2025-05-08T04:06:34.869Z"}
{"level":"info","message":"ROUTE API CALL => \n http://localhost:6201/api/v1/adminRoutes/getPersonList","timestamp":"2025-05-08T04:07:14.484Z"}
{"level":"info","message":"ROUTE API CALL => \n http://localhost:6201/api/v1/adminRoutes/getPersonList","timestamp":"2025-05-08T04:07:18.110Z"}
{"level":"info","message":"ROUTE API CALL => \n http://localhost:6201/api/v1/adminRoutes/getPersonList","timestamp":"2025-05-08T04:07:23.494Z"}
{"level":"info","message":"ROUTE API CALL => \n http://localhost:6201/api/v1/adminRoutes/getPersonList","timestamp":"2025-05-08T04:07:35.497Z"}
{"level":"info","message":"ROUTE API CALL => \n http://localhost:6201/api/v1/adminRoutes/getBankAccountList","timestamp":"2025-05-08T04:07:45.236Z"}
{"level":"info","message":"ROUTE API CALL => \n http://localhost:6201/api/v1/adminRoutes/getPersonList","timestamp":"2025-05-08T04:09:13.598Z"}
{"level":"info","message":"ROUTE API CALL => \n http://localhost:6201/api/v1/adminRoutes/getPersonList","timestamp":"2025-05-08T04:09:35.128Z"}
{"level":"info","message":"ROUTE API CALL => \n http://localhost:6201/api/v1/adminRoutes/getBankFundList","timestamp":"2025-05-08T04:10:40.270Z"}
{"level":"info","message":"ROUTE API CALL => \n http://localhost:6201/api/v1/adminRoutes/getBankList","timestamp":"2025-05-08T04:10:46.651Z"}
{"level":"info","message":"ROUTE API CALL => \n http://localhost:6201/api/v1/adminRoutes/getBankList","timestamp":"2025-05-08T04:10:48.269Z"}
{"level":"info","message":"ROUTE API CALL => \n http://localhost:6201/api/v1/adminRoutes/getBankList","timestamp":"2025-05-08T04:10:49.893Z"}
{"level":"info","message":"ROUTE API CALL => \n http://localhost:6201/api/v1/adminRoutes/getBankList","timestamp":"2025-05-08T04:10:52.788Z"}
{"level":"info","message":"ROUTE API CALL => \n http://localhost:6201/api/v1/adminRoutes/getBankList","timestamp":"2025-05-08T04:10:54.419Z"}
{"level":"info","message":"ROUTE API CALL => \n http://localhost:6201/api/v1/adminRoutes/getBankList","timestamp":"2025-05-08T04:11:00.572Z"}
{"level":"info","message":"ROUTE API CALL => \n http://localhost:6201/api/v1/adminRoutes/getBankList","timestamp":"2025-05-08T04:11:17.759Z"}
{"level":"info","message":"ROUTE API CALL => \n http://localhost:6201/api/v1/adminRoutes/getBankList","timestamp":"2025-05-08T04:11:48.954Z"}
{"level":"info","message":"ROUTE API CALL => \n http://localhost:6201/api/v1/adminRoutes/getLoanAndUser","timestamp":"2025-05-08T04:13:20.879Z"}
{"level":"info","message":"ROUTE API CALL => \n http://localhost:6201/api/v1/AdminRePayment/userList","timestamp":"2025-05-08T04:13:21.181Z"}
{"level":"info","message":"ROUTE API CALL => \n http://localhost:6201/api/v1/adminLoan/allLoan","timestamp":"2025-05-08T04:13:27.142Z"}
{"level":"info","message":"ROUTE API CALL => \n http://localhost:6201/api/v1/adminLoan/vendorList","timestamp":"2025-05-08T04:13:29.429Z"}
{"level":"info","message":"ROUTE API CALL => \n http://localhost:6201/api/v1/adminLoan/allLoan","timestamp":"2025-05-08T04:13:30.712Z"}
{"level":"info","message":"ROUTE API CALL => \n http://localhost:6201/api/v1/adminRoutes/getBankAccountList","timestamp":"2025-05-08T04:13:52.594Z"}
{"level":"info","message":"ROUTE API CALL => \n http://localhost:6201/api/v1/adminRoutes/getBankFundList","timestamp":"2025-05-08T04:13:57.530Z"}
{"level":"info","message":"ROUTE API CALL => \n http://localhost:6201/api/v1/adminRoutes/productList","timestamp":"2025-05-08T04:14:51.573Z"}
{"level":"info","message":"ROUTE API CALL => \n http://localhost:6201/api/v1/adminRoutes/getLoanAndUser","timestamp":"2025-05-08T04:15:09.102Z"}
{"level":"info","message":"ROUTE API CALL => \n http://localhost:6201/api/v1/adminRoutes/getLoan","timestamp":"2025-05-08T04:15:15.929Z"}
{"level":"info","message":"ROUTE API CALL => \n http://localhost:6201/api/v1/rePayment/loanDetails","timestamp":"2025-05-08T04:15:15.948Z"}
{"level":"info","message":"ROUTE API CALL => \n http://localhost:6201/api/v1/adminRoutes/productList","timestamp":"2025-05-08T04:15:17.981Z"}
{"level":"info","message":"ROUTE API CALL => \n http://localhost:6201/api/v1/adminRoutes/getLoanAndUser","timestamp":"2025-05-08T04:16:13.456Z"}
{"level":"info","message":"ROUTE API CALL => \n http://localhost:6201/api/v1/adminRoutes/getLoan","timestamp":"2025-05-08T04:16:15.507Z"}
{"level":"info","message":"ROUTE API CALL => \n http://localhost:6201/api/v1/rePayment/loanDetails","timestamp":"2025-05-08T04:16:15.509Z"}
{"level":"info","message":"ROUTE API CALL => \n http://localhost:6201/api/v1/adminRoutes/getLoan","timestamp":"2025-05-08T04:16:17.419Z"}
{"level":"info","message":"ROUTE API CALL => \n http://localhost:6201/api/v1/rePayment/loanDetails","timestamp":"2025-05-08T04:16:17.422Z"}
{"level":"info","message":"ROUTE API CALL => \n http://localhost:6201/api/v1/adminRoutes/getLoan","timestamp":"2025-05-08T04:16:20.554Z"}
{"level":"info","message":"ROUTE API CALL => \n http://localhost:6201/api/v1/adminRoutes/addLoanOption","timestamp":"2025-05-08T04:16:20.559Z"}
{"level":"info","message":"ROUTE API CALL => \n http://localhost:6201/api/v1/adminRoutes/productList","timestamp":"2025-05-08T04:21:12.911Z"}
{"level":"info","message":"ROUTE API CALL => \n http://localhost:6201/api/v1/adminRoutes/getLoanAndUser","timestamp":"2025-05-08T04:21:21.725Z"}
{"level":"info","message":"ROUTE API CALL => \n http://localhost:6201/api/v1/adminRoutes/getLoan","timestamp":"2025-05-08T04:21:23.039Z"}
{"level":"info","message":"ROUTE API CALL => \n http://localhost:6201/api/v1/rePayment/loanDetails","timestamp":"2025-05-08T04:21:23.053Z"}
{"level":"info","message":"ROUTE API CALL => \n http://localhost:6201/api/v1/adminRoutes/getLoan","timestamp":"2025-05-08T04:21:24.192Z"}
{"level":"info","message":"ROUTE API CALL => \n http://localhost:6201/api/v1/rePayment/loanDetails","timestamp":"2025-05-08T04:21:24.194Z"}
{"level":"info","message":"ROUTE API CALL => \n http://localhost:6201/api/v1/adminRoutes/addLoanOption","timestamp":"2025-05-08T04:21:28.331Z"}
{"level":"info","message":"ROUTE API CALL => \n http://localhost:6201/api/v1/adminRoutes/getLoan","timestamp":"2025-05-08T04:21:28.334Z"}
{"level":"info","message":"ROUTE API CALL => \n http://localhost:6201/api/v1/adminRoutes/addLoanOption","timestamp":"2025-05-08T04:24:37.025Z"}
{"level":"info","message":"ROUTE API CALL => \n http://localhost:6201/api/v1/adminRoutes/getLoan","timestamp":"2025-05-08T04:24:37.028Z"}
{"level":"info","message":"ROUTE API CALL => \n http://localhost:6201/api/v1/newLoan/selectedLoanDetailsV1","timestamp":"2025-05-08T04:24:42.167Z"}
{"level":"info","message":"ROUTE API CALL => \n http://localhost:6201/api/v1/adminRoutes/getLoan","timestamp":"2025-05-08T04:24:42.235Z"}
{"level":"info","message":"ROUTE API CALL => \n http://localhost:6201/api/v1/adminRoutes/addLoanOption","timestamp":"2025-05-08T04:24:45.264Z"}
{"level":"info","message":"ROUTE API CALL => \n http://localhost:6201/api/v1/adminRoutes/getLoan","timestamp":"2025-05-08T04:24:45.271Z"}
{"level":"info","message":"ROUTE API CALL => \n http://localhost:6201/api/v1/adminRoutes/getLoan","timestamp":"2025-05-08T04:24:47.651Z"}
{"level":"info","message":"ROUTE API CALL => \n http://localhost:6201/api/v1/rePayment/loanDetails","timestamp":"2025-05-08T04:24:47.653Z"}
{"level":"info","message":"ROUTE API CALL => \n http://localhost:6201/api/v1/adminRoutes/getLoan","timestamp":"2025-05-08T04:24:48.925Z"}
{"level":"info","message":"ROUTE API CALL => \n http://localhost:6201/api/v1/rePayment/loanDetails","timestamp":"2025-05-08T04:24:48.928Z"}
{"level":"info","message":"ROUTE API CALL => \n http://localhost:6201/api/v1/adminRoutes/addLoanOption","timestamp":"2025-05-08T04:24:51.007Z"}
{"level":"info","message":"ROUTE API CALL => \n http://localhost:6201/api/v1/adminRoutes/getLoan","timestamp":"2025-05-08T04:24:51.011Z"}
{"level":"info","message":"ROUTE API CALL => \n http://localhost:6201/api/v1/newLoan/selectedLoanDetailsV1","timestamp":"2025-05-08T04:24:53.998Z"}
{"level":"info","message":"ROUTE API CALL => \n http://localhost:6201/api/v1/adminRoutes/getLoan","timestamp":"2025-05-08T04:24:54.026Z"}
{"level":"info","message":"ROUTE API CALL => \n http://localhost:6201/api/v1/adminRoutes/addLoanOption","timestamp":"2025-05-08T04:30:36.042Z"}
{"level":"info","message":"ROUTE API CALL => \n http://localhost:6201/api/v1/adminRoutes/getLoan","timestamp":"2025-05-08T04:30:36.047Z"}
{"level":"info","message":"ROUTE API CALL => \n http://localhost:6201/api/v1/newLoan/selectedLoanDetailsV1","timestamp":"2025-05-08T04:31:01.739Z"}
{"level":"info","message":"ROUTE API CALL => \n http://localhost:6201/api/v1/adminRoutes/getLoan","timestamp":"2025-05-08T04:31:01.776Z"}
{"level":"info","message":"ROUTE API CALL => \n http://localhost:6201/api/v1/adminRoutes/addLoanOption","timestamp":"2025-05-08T04:31:04.767Z"}
{"level":"info","message":"ROUTE API CALL => \n http://localhost:6201/api/v1/adminRoutes/getLoan","timestamp":"2025-05-08T04:31:04.777Z"}
{"level":"info","message":"ROUTE API CALL => \n http://localhost:6201/api/v1/adminRoutes/getLoan","timestamp":"2025-05-08T04:37:56.046Z"}
{"level":"info","message":"ROUTE API CALL => \n http://localhost:6201/api/v1/rePayment/loanDetails","timestamp":"2025-05-08T04:37:56.048Z"}
{"level":"info","message":"ROUTE API CALL => \n http://localhost:6201/api/v1/adminRoutes/getLoan","timestamp":"2025-05-08T04:37:57.614Z"}
{"level":"info","message":"ROUTE API CALL => \n http://localhost:6201/api/v1/rePayment/loanDetails","timestamp":"2025-05-08T04:37:57.618Z"}
{"level":"info","message":"ROUTE API CALL => \n http://localhost:6201/api/v1/adminRoutes/addLoanOption","timestamp":"2025-05-08T04:38:00.781Z"}
{"level":"info","message":"ROUTE API CALL => \n http://localhost:6201/api/v1/adminRoutes/getLoan","timestamp":"2025-05-08T04:38:00.788Z"}
{"level":"info","message":"ROUTE API CALL => \n http://localhost:6201/api/v1/newLoan/selectedLoanDetailsV1","timestamp":"2025-05-08T04:38:04.108Z"}
{"level":"info","message":"ROUTE API CALL => \n http://localhost:6201/api/v1/adminRoutes/getLoan","timestamp":"2025-05-08T04:38:04.149Z"}
{"level":"info","message":"ROUTE API CALL => \n http://localhost:6201/api/v1/newLoan/selectedLoanDetailsV1","timestamp":"2025-05-08T04:38:07.882Z"}
{"level":"info","message":"ROUTE API CALL => \n http://localhost:6201/api/v1/adminRoutes/getLoan","timestamp":"2025-05-08T04:38:07.904Z"}
{"level":"info","message":"ROUTE API CALL => \n http://localhost:6201/api/v1/newLoan/CreateNewLoan","timestamp":"2025-05-08T04:39:38.197Z"}
{"level":"info","message":"ROUTE API CALL => \n http://localhost:6201/api/v1/adminRoutes/getLoan","timestamp":"2025-05-08T04:39:39.464Z"}
{"level":"info","message":"ROUTE API CALL => \n http://localhost:6201/api/v1/rePayment/loanDetails","timestamp":"2025-05-08T04:39:39.466Z"}
{"level":"info","message":"ROUTE API CALL => \n http://localhost:6201/api/v1/adminRoutes/getLoan","timestamp":"2025-05-08T04:39:41.924Z"}
{"level":"info","message":"ROUTE API CALL => \n http://localhost:6201/api/v1/rePayment/loanDetails","timestamp":"2025-05-08T04:39:41.926Z"}
{"level":"info","message":"ROUTE API CALL => \n http://localhost:6201/api/v1/rePayment/loanAudit","timestamp":"2025-05-08T04:39:44.579Z"}
{"level":"info","message":"ROUTE API CALL => \n http://localhost:6201/api/v1/adminRoutes/getLoan","timestamp":"2025-05-08T04:40:58.171Z"}
{"level":"info","message":"ROUTE API CALL => \n http://localhost:6201/api/v1/rePayment/loanDetails","timestamp":"2025-05-08T04:40:58.184Z"}
{"level":"info","message":"ROUTE API CALL => \n http://localhost:6201/api/v1/adminRoutes/getLoan","timestamp":"2025-05-08T04:40:59.798Z"}
{"level":"info","message":"ROUTE API CALL => \n http://localhost:6201/api/v1/rePayment/loanDetails","timestamp":"2025-05-08T04:40:59.800Z"}
{"level":"info","message":"ROUTE API CALL => \n http://localhost:6201/api/v1/adminRoutes/getLoan","timestamp":"2025-05-08T04:41:38.509Z"}
{"level":"info","message":"ROUTE API CALL => \n http://localhost:6201/api/v1/rePayment/loanDetails","timestamp":"2025-05-08T04:41:38.744Z"}
{"level":"info","message":"ROUTE API CALL => \n http://localhost:6201/api/v1/rePayment/userList","timestamp":"2025-05-08T04:41:43.694Z"}
{"level":"info","message":"ROUTE API CALL => \n http://localhost:6201/api/v1/rePayment/rePaymentCalculation","timestamp":"2025-05-08T04:41:52.775Z"}
{"level":"info","message":"ROUTE API CALL => \n http://localhost:6201/api/v1/rePayment/loanAudit","timestamp":"2025-05-08T04:42:06.098Z"}
{"level":"info","message":"ROUTE API CALL => \n http://localhost:6201/api/v1/rePayment/rePaymentCalculation","timestamp":"2025-05-08T04:42:16.728Z"}
{"level":"info","message":"ROUTE API CALL => \n http://localhost:6201/api/v1/rePayment/loanAudit","timestamp":"2025-05-08T04:42:26.286Z"}
{"level":"info","message":"ROUTE API CALL => \n http://localhost:6201/api/v1/rePayment/updateRePayment","timestamp":"2025-05-08T04:42:55.899Z"}
{"level":"info","message":"ROUTE API CALL => \n http://localhost:6201/api/v1/rePayment/userList","timestamp":"2025-05-08T04:42:56.078Z"}
{"level":"info","message":"ROUTE API CALL => \n http://localhost:6201/api/v1/adminRoutes/getLoanAndUser","timestamp":"2025-05-08T04:43:01.392Z"}
{"level":"info","message":"ROUTE API CALL => \n http://localhost:6201/api/v1/adminRoutes/getLoan","timestamp":"2025-05-08T04:43:02.398Z"}
{"level":"info","message":"ROUTE API CALL => \n http://localhost:6201/api/v1/rePayment/loanDetails","timestamp":"2025-05-08T04:43:02.402Z"}
{"level":"info","message":"ROUTE API CALL => \n http://localhost:6201/api/v1/adminRoutes/getLoan","timestamp":"2025-05-08T04:43:03.773Z"}
{"level":"info","message":"ROUTE API CALL => \n http://localhost:6201/api/v1/rePayment/loanDetails","timestamp":"2025-05-08T04:43:03.774Z"}
{"level":"info","message":"ROUTE API CALL => \n http://localhost:6201/api/v1/rePayment/loanAudit","timestamp":"2025-05-08T04:43:06.706Z"}
{"level":"info","message":"ROUTE API CALL => \n http://localhost:6201/api/v1/rePayment/loanAudit","timestamp":"2025-05-08T04:43:16.181Z"}
{"level":"info","message":"ROUTE API CALL => \n http://localhost:6201/api/v1/rePayment/loanAudit","timestamp":"2025-05-08T04:43:18.983Z"}
{"level":"info","message":"ROUTE API CALL => \n http://localhost:6201/api/v1/rePayment/loanAudit","timestamp":"2025-05-08T04:43:24.196Z"}
{"level":"info","message":"ROUTE API CALL => \n http://localhost:6201/api/v1/adminRoutes/getLoanAndUser","timestamp":"2025-05-08T04:43:52.790Z"}
{"level":"info","message":"ROUTE API CALL => \n http://localhost:6201/api/v1/AdminRePayment/userList","timestamp":"2025-05-08T04:43:52.887Z"}
{"level":"info","message":"ROUTE API CALL => \n http://localhost:6201/api/v1/AdminRePayment/rePaymentCalculation","timestamp":"2025-05-08T04:44:00.967Z"}
{"level":"info","message":"ROUTE API CALL => \n http://localhost:6201/api/v1/adminLoan/loanRePaymentAudit","timestamp":"2025-05-08T04:44:03.596Z"}
{"level":"info","message":"ROUTE API CALL => \n http://localhost:6201/api/v1/AdminRePayment/rePaymentCalculation","timestamp":"2025-05-08T04:44:37.154Z"}
{"level":"info","message":"ROUTE API CALL => \n http://localhost:6201/api/v1/AdminRePayment/updateRePayment","timestamp":"2025-05-08T04:45:12.531Z"}
{"level":"info","message":"ROUTE API CALL => \n http://localhost:6201/api/v1/AdminRePayment/userList","timestamp":"2025-05-08T04:45:12.748Z"}
{"level":"info","message":"ROUTE API CALL => \n http://localhost:6201/api/v1/adminLoan/allLoan","timestamp":"2025-05-08T04:45:15.103Z"}
{"level":"info","message":"ROUTE API CALL => \n http://localhost:6201/api/v1/adminLoan/loanRePaymentAudit","timestamp":"2025-05-08T04:45:18.138Z"}
{"level":"info","message":"ROUTE API CALL => \n http://localhost:6201/api/v1/adminLoan/loanAudit","timestamp":"2025-05-08T04:45:18.152Z"}
{"level":"info","message":"ROUTE API CALL => \n http://localhost:6201/api/v1/adminLoan/allLoan","timestamp":"2025-05-08T04:47:57.120Z"}
{"level":"info","message":"ROUTE API CALL => \n http://localhost:6201/api/v1/AdminRePayment/userList","timestamp":"2025-05-08T04:47:59.059Z"}
{"level":"info","message":"ROUTE API CALL => \n http://localhost:6201/api/v1/adminLoan/allLoan","timestamp":"2025-05-08T04:48:03.026Z"}
{"level":"info","message":"ROUTE API CALL => \n http://localhost:6201/api/v1/adminLoan/vendorList","timestamp":"2025-05-08T04:48:07.745Z"}
{"level":"info","message":"ROUTE API CALL => \n http://localhost:6201/api/v1/adminLoan/allLoan","timestamp":"2025-05-08T04:48:09.834Z"}
{"level":"info","message":"ROUTE API CALL => \n http://localhost:6201/api/v1/adminLoan/vendor/list","timestamp":"2025-05-08T04:48:11.101Z"}
{"level":"info","message":"ROUTE API CALL => \n http://localhost:6201/api/v1/adminLoan/vendor/list","timestamp":"2025-05-08T04:49:22.910Z"}
{"level":"info","message":"ROUTE API CALL => \n http://localhost:6201/api/v1/adminLoan/vendor/details","timestamp":"2025-05-08T04:49:24.739Z"}
{"level":"info","message":"ROUTE API CALL => \n http://localhost:6201/api/v1/adminLoan/vendor/list","timestamp":"2025-05-08T04:49:28.001Z"}
{"level":"info","message":"ROUTE API CALL => \n http://localhost:6201/api/v1/adminLoan/allLoan","timestamp":"2025-05-08T04:49:30.006Z"}
{"level":"info","message":"ROUTE API CALL => \n http://localhost:6201/api/v1/adminLoan/vendorList","timestamp":"2025-05-08T04:49:31.603Z"}
{"level":"info","message":"ROUTE API CALL => \n http://localhost:6201/api/v1/adminLoan/addLoanOption","timestamp":"2025-05-08T04:49:42.556Z"}
{"level":"info","message":"ROUTE API CALL => \n http://localhost:6201/api/v1/adminLoan/getLoan","timestamp":"2025-05-08T04:49:42.561Z"}
{"level":"info","message":"ROUTE API CALL => \n http://localhost:6201/api/v1/adminLoan/CreateNewLoan","timestamp":"2025-05-08T04:53:21.679Z"}
{"level":"info","message":"ROUTE API CALL => \n http://localhost:6201/api/v1/adminLoan/allLoan","timestamp":"2025-05-08T04:53:22.798Z"}
{"level":"info","message":"ROUTE API CALL => \n http://localhost:6201/api/v1/adminRoutes/getBankFundList","timestamp":"2025-05-08T04:53:26.930Z"}
{"level":"info","message":"ROUTE API CALL => \n http://localhost:6201/api/v1/adminRoutes/getBankAccountList","timestamp":"2025-05-08T04:53:36.471Z"}
{"level":"info","message":"ROUTE API CALL => \n http://localhost:6201/api/v1/adminRoutes/getBankFundList","timestamp":"2025-05-08T04:53:45.257Z"}
{"level":"info","message":"ROUTE API CALL => \n http://localhost:6201/api/v1/adminRoutes/getLoanAndUser","timestamp":"2025-05-08T04:53:52.250Z"}
{"level":"info","message":"ROUTE API CALL => \n http://localhost:6201/api/v1/AdminRePayment/userList","timestamp":"2025-05-08T04:53:52.423Z"}
{"level":"info","message":"ROUTE API CALL => \n http://localhost:6201/api/v1/adminRoutes/getBankFundList","timestamp":"2025-05-08T04:54:18.718Z"}
{"level":"info","message":"ROUTE API CALL => \n http://localhost:6201/api/v1/adminRoutes/getLoanAndUser","timestamp":"2025-05-08T04:54:30.590Z"}
{"level":"info","message":"ROUTE API CALL => \n http://localhost:6201/api/v1/AdminRePayment/userList","timestamp":"2025-05-08T04:54:30.667Z"}
{"level":"info","message":"ROUTE API CALL => \n http://localhost:6201/api/v1/adminLoan/vendor/list","timestamp":"2025-05-08T04:54:32.399Z"}
{"level":"info","message":"ROUTE API CALL => \n http://localhost:6201/api/v1/rePayment/userList","timestamp":"2025-05-08T04:55:54.917Z"}
{"level":"info","message":"ROUTE API CALL => \n http://localhost:6201/api/v1/adminRoutes/getPersonList","timestamp":"2025-05-08T04:57:43.014Z"}
{"level":"info","message":"ROUTE API CALL => \n http://localhost:6201/api/v1/adminRoutes/getBankAccountList","timestamp":"2025-05-08T04:58:29.031Z"}
{"level":"info","message":"ROUTE API CALL => \n http://localhost:6201/api/v1/adminRoutes/getLoanAndUser","timestamp":"2025-05-08T04:58:31.624Z"}
{"level":"info","message":"ROUTE API CALL => \n http://localhost:6201/api/v1/adminRoutes/getLoanAndUser","timestamp":"2025-05-08T05:01:56.564Z"}
{"level":"info","message":"ROUTE API CALL => \n http://localhost:6201/api/v1/AdminRePayment/userList","timestamp":"2025-05-08T05:01:56.665Z"}
{"level":"info","message":"ROUTE API CALL => \n http://localhost:6201/api/v1/rePayment/userList","timestamp":"2025-05-08T05:01:58.376Z"}
{"level":"info","message":"ROUTE API CALL => \n http://localhost:6201/api/v1/adminRoutes/getLoanAndUser","timestamp":"2025-05-08T05:02:01.150Z"}
{"level":"info","message":"ROUTE API CALL => \n http://localhost:6201/api/v1/AdminRePayment/userList","timestamp":"2025-05-08T05:02:01.162Z"}
{"level":"info","message":"ROUTE API CALL => \n http://localhost:6201/api/v1/adminLoan/allLoan","timestamp":"2025-05-08T05:02:02.612Z"}
{"level":"info","message":"ROUTE API CALL => \n http://localhost:6201/api/v1/adminLoan/vendor/list","timestamp":"2025-05-08T06:33:11.836Z"}
{"level":"info","message":"ROUTE API CALL => \n http://localhost:6201/api/v1/adminLoan/vendor/details","timestamp":"2025-05-08T06:33:13.277Z"}
{"level":"info","message":"ROUTE API CALL => \n http://localhost:6201/api/v1/adminLoan/vendor/list","timestamp":"2025-05-08T06:55:02.543Z"}
{"level":"info","message":"ROUTE API CALL => \n http://localhost:6201/api/v1/adminLoan/vendor/details","timestamp":"2025-05-08T06:55:06.369Z"}
{"level":"info","message":"ROUTE API CALL => \n http://localhost:6201/api/v1/adminLoan/vendor/list","timestamp":"2025-05-08T06:55:09.144Z"}
{"level":"info","message":"ROUTE API CALL => \n http://localhost:6201/api/v1/adminLoan/vendor/list","timestamp":"2025-05-08T06:55:21.910Z"}
{"level":"info","message":"ROUTE API CALL => \n http://localhost:6201/api/v1/adminLoan/vendor/list","timestamp":"2025-05-08T06:55:51.862Z"}
{"level":"info","message":"ROUTE API CALL => \n http://localhost:6201/api/v1/adminRoutes/getLoanAndUser","timestamp":"2025-05-08T08:45:52.515Z"}
{"level":"info","message":"ROUTE API CALL => \n http://localhost:6201/api/v1/AdminRePayment/userList","timestamp":"2025-05-08T08:45:52.954Z"}
{"level":"info","message":"ROUTE API CALL => \n http://localhost:6201/api/v1/adminRoutes/getLoanAndUser","timestamp":"2025-05-08T10:12:12.966Z"}
{"level":"info","message":"ROUTE API CALL => \n http://localhost:6201/api/v1/AdminRePayment/userList","timestamp":"2025-05-08T10:12:13.249Z"}
{"level":"info","message":"Server running --- from server.ts","timestamp":"2025-05-08T10:27:55.522Z"}
{"level":"info","message":"Server running --- from server.ts","timestamp":"2025-05-08T10:28:24.775Z"}
{"level":"info","message":"Server running --- from server.ts","timestamp":"2025-05-08T10:28:48.995Z"}
{"level":"info","message":"ROUTE API CALL => \n http://localhost:6201/api/v1/adminLoan/allLoan","timestamp":"2025-05-08T10:28:51.816Z"}
{"level":"info","message":"ROUTE API CALL => \n http://localhost:6201/api/v1/adminRoutes/getLoanAndUser","timestamp":"2025-05-08T10:28:54.981Z"}
{"level":"info","message":"ROUTE API CALL => \n http://localhost:6201/api/v1/adminRoutes/getLoan","timestamp":"2025-05-08T10:28:57.879Z"}
{"level":"info","message":"ROUTE API CALL => \n http://localhost:6201/api/v1/rePayment/loanDetails","timestamp":"2025-05-08T10:28:57.882Z"}
{"level":"info","message":"ROUTE API CALL => \n http://localhost:6201/api/v1/adminRoutes/getLoan","timestamp":"2025-05-08T10:28:59.880Z"}
{"level":"info","message":"ROUTE API CALL => \n http://localhost:6201/api/v1/rePayment/loanDetails","timestamp":"2025-05-08T10:28:59.885Z"}
{"level":"info","message":"ROUTE API CALL => \n http://localhost:6201/api/v1/adminRoutes/getLoan","timestamp":"2025-05-08T10:29:04.075Z"}
{"level":"info","message":"ROUTE API CALL => \n http://localhost:6201/api/v1/adminRoutes/addLoanOption","timestamp":"2025-05-08T10:29:04.087Z"}
{"level":"info","message":"ROUTE API CALL => \n http://localhost:6201/api/v1/newLoan/CreateNewLoan","timestamp":"2025-05-08T10:30:07.925Z"}
{"level":"info","message":"ROUTE API CALL => \n http://localhost:6201/api/v1/adminRoutes/getLoan","timestamp":"2025-05-08T10:30:09.179Z"}
{"level":"info","message":"ROUTE API CALL => \n http://localhost:6201/api/v1/rePayment/loanDetails","timestamp":"2025-05-08T10:30:09.183Z"}
{"level":"info","message":"ROUTE API CALL => \n http://localhost:6201/api/v1/adminRoutes/getLoan","timestamp":"2025-05-08T10:30:16.206Z"}
{"level":"info","message":"ROUTE API CALL => \n http://localhost:6201/api/v1/rePayment/loanDetails","timestamp":"2025-05-08T10:30:16.214Z"}
{"level":"info","message":"ROUTE API CALL => \n http://localhost:6201/api/v1/rePayment/loanAudit","timestamp":"2025-05-08T10:30:18.984Z"}
{"level":"info","message":"ROUTE API CALL => \n http://localhost:6201/api/v1/adminRoutes/getLoan","timestamp":"2025-05-08T10:32:15.374Z"}
{"level":"info","message":"ROUTE API CALL => \n http://localhost:6201/api/v1/rePayment/loanDetails","timestamp":"2025-05-08T10:32:15.384Z"}
{"level":"info","message":"ROUTE API CALL => \n http://localhost:6201/api/v1/adminRoutes/getLoan","timestamp":"2025-05-08T10:32:18.678Z"}
{"level":"info","message":"ROUTE API CALL => \n http://localhost:6201/api/v1/rePayment/loanDetails","timestamp":"2025-05-08T10:32:18.687Z"}
{"level":"info","message":"ROUTE API CALL => \n http://localhost:6201/api/v1/adminRoutes/addLoanOption","timestamp":"2025-05-08T10:32:22.108Z"}
{"level":"info","message":"ROUTE API CALL => \n http://localhost:6201/api/v1/adminRoutes/getLoan","timestamp":"2025-05-08T10:32:22.129Z"}
{"level":"info","message":"ROUTE API CALL => \n http://localhost:6201/api/v1/newLoan/CreateNewLoan","timestamp":"2025-05-08T10:33:02.230Z"}
{"level":"info","message":"ROUTE API CALL => \n http://localhost:6201/api/v1/adminRoutes/getLoan","timestamp":"2025-05-08T10:33:03.509Z"}
{"level":"info","message":"ROUTE API CALL => \n http://localhost:6201/api/v1/rePayment/loanDetails","timestamp":"2025-05-08T10:33:03.526Z"}
{"level":"info","message":"ROUTE API CALL => \n http://localhost:6201/api/v1/adminRoutes/getLoan","timestamp":"2025-05-08T10:33:14.417Z"}
{"level":"info","message":"ROUTE API CALL => \n http://localhost:6201/api/v1/rePayment/loanDetails","timestamp":"2025-05-08T10:33:14.432Z"}
{"level":"info","message":"ROUTE API CALL => \n http://localhost:6201/api/v1/rePayment/loanAudit","timestamp":"2025-05-08T10:33:17.906Z"}
{"level":"info","message":"ROUTE API CALL => \n http://localhost:6201/api/v1/adminRoutes/getLoan","timestamp":"2025-05-08T10:36:36.811Z"}
{"level":"info","message":"ROUTE API CALL => \n http://localhost:6201/api/v1/rePayment/loanDetails","timestamp":"2025-05-08T10:36:36.816Z"}
{"level":"info","message":"ROUTE API CALL => \n http://localhost:6201/api/v1/adminRoutes/getLoan","timestamp":"2025-05-08T10:36:38.259Z"}
{"level":"info","message":"ROUTE API CALL => \n http://localhost:6201/api/v1/rePayment/loanDetails","timestamp":"2025-05-08T10:36:38.263Z"}
{"level":"info","message":"ROUTE API CALL => \n http://localhost:6201/api/v1/rePayment/loanAudit","timestamp":"2025-05-08T10:36:40.806Z"}
{"level":"info","message":"Server running --- from server.ts","timestamp":"2025-05-08T11:59:09.083Z"}
{"level":"info","message":"ROUTE API CALL => \n http://localhost:6201/api/v1/adminRoutes/productList","timestamp":"2025-05-08T11:59:16.042Z"}
{"level":"info","message":"ROUTE API CALL => \n http://localhost:6201/api/v1/adminRoutes/getLoanAndUser","timestamp":"2025-05-08T11:59:17.137Z"}
{"level":"info","message":"ROUTE API CALL => \n http://localhost:6201/api/v1/rePayment/userList","timestamp":"2025-05-08T11:59:19.429Z"}
{"level":"info","message":"ROUTE API CALL => \n http://localhost:6201/api/v1/rePayment/rePaymentCalculation","timestamp":"2025-05-08T11:59:26.616Z"}
{"level":"info","message":"Server running --- from server.ts","timestamp":"2025-05-08T13:03:45.618Z"}
{"level":"info","message":"Server running --- from server.ts","timestamp":"2025-05-08T15:47:56.708Z"}
{"level":"info","message":"ROUTE API CALL => \n http://localhost:6201/api/v1/adminRoutes/adminLogin","timestamp":"2025-05-08T15:48:08.399Z"}
{"level":"info","message":"ROUTE API CALL => \n http://localhost:6201/api/v1/refDashboard/Count","timestamp":"2025-05-08T15:48:09.610Z"}
{"level":"info","message":"ROUTE API CALL => \n http://localhost:6201/api/v1/refDashboard/Count","timestamp":"2025-05-08T15:48:09.653Z"}
{"level":"info","message":"ROUTE API CALL => \n http://localhost:6201/api/v1/rePayment/userList","timestamp":"2025-05-08T15:48:13.642Z"}
{"level":"info","message":"ROUTE API CALL => \n http://localhost:6201/api/v1/adminRoutes/getLoanAndUser","timestamp":"2025-05-08T15:48:16.991Z"}
{"level":"info","message":"ROUTE API CALL => \n http://localhost:6201/api/v1/rePayment/userList","timestamp":"2025-05-08T15:48:19.876Z"}
{"level":"info","message":"ROUTE API CALL => \n http://localhost:6201/api/v1/rePayment/rePaymentCalculation","timestamp":"2025-05-08T15:48:21.668Z"}
{"level":"info","message":"ROUTE API CALL => \n http://localhost:6201/api/v1/rePayment/userList","timestamp":"2025-05-08T17:00:06.512Z"}
{"level":"info","message":"ROUTE API CALL => \n http://localhost:6201/api/v1/rePayment/rePaymentCalculation","timestamp":"2025-05-08T17:00:08.641Z"}
{"level":"info","message":"ROUTE API CALL => \n http://localhost:6201/api/v1/rePayment/loanAudit","timestamp":"2025-05-08T17:00:10.055Z"}
{"level":"info","message":"ROUTE API CALL => \n http://localhost:6201/api/v1/rePayment/updateRePayment","timestamp":"2025-05-08T17:01:16.269Z"}
{"level":"info","message":"Server running --- from server.ts","timestamp":"2025-05-08T17:02:57.858Z"}
{"level":"info","message":"ROUTE API CALL => \n http://localhost:6201/api/v1/rePayment/updateRePayment","timestamp":"2025-05-08T17:03:01.747Z"}
{"level":"info","message":"ROUTE API CALL => \n http://localhost:6201/api/v1/rePayment/userList","timestamp":"2025-05-08T17:03:02.107Z"}
{"level":"info","message":"ROUTE API CALL => \n http://localhost:6201/api/v1/adminRoutes/getLoanAndUser","timestamp":"2025-05-08T17:03:05.537Z"}
{"level":"info","message":"ROUTE API CALL => \n http://localhost:6201/api/v1/adminRoutes/getLoan","timestamp":"2025-05-08T17:03:07.145Z"}
{"level":"info","message":"ROUTE API CALL => \n http://localhost:6201/api/v1/rePayment/loanDetails","timestamp":"2025-05-08T17:03:07.151Z"}
{"level":"info","message":"ROUTE API CALL => \n http://localhost:6201/api/v1/adminRoutes/getLoan","timestamp":"2025-05-08T17:03:09.036Z"}
{"level":"info","message":"ROUTE API CALL => \n http://localhost:6201/api/v1/rePayment/loanDetails","timestamp":"2025-05-08T17:03:09.040Z"}
{"level":"info","message":"ROUTE API CALL => \n http://localhost:6201/api/v1/rePayment/loanAudit","timestamp":"2025-05-08T17:03:11.657Z"}
{"level":"info","message":"Server running --- from server.ts","timestamp":"2025-05-08T17:08:55.259Z"}
{"level":"info","message":"Server running --- from server.ts","timestamp":"2025-05-08T17:12:32.843Z"}
{"level":"info","message":"ROUTE API CALL => \n http://localhost:6201/api/v1/rePayment/userList","timestamp":"2025-05-08T17:14:54.998Z"}
{"level":"info","message":"ROUTE API CALL => \n http://localhost:6201/api/v1/adminRoutes/getLoanAndUser","timestamp":"2025-05-08T17:14:56.073Z"}
{"level":"info","message":"ROUTE API CALL => \n http://localhost:6201/api/v1/AdminRePayment/userList","timestamp":"2025-05-08T17:14:56.327Z"}
{"level":"info","message":"ROUTE API CALL => \n http://localhost:6201/api/v1/adminLoan/allLoan","timestamp":"2025-05-08T17:14:59.931Z"}
{"level":"info","message":"ROUTE API CALL => \n http://localhost:6201/api/v1/adminLoan/vendorList","timestamp":"2025-05-08T17:15:01.881Z"}
{"level":"info","message":"ROUTE API CALL => \n http://localhost:6201/api/v1/adminLoan/addLoanOption","timestamp":"2025-05-08T17:15:10.951Z"}
{"level":"info","message":"ROUTE API CALL => \n http://localhost:6201/api/v1/adminLoan/getLoan","timestamp":"2025-05-08T17:15:10.964Z"}
{"level":"info","message":"ROUTE API CALL => \n http://localhost:6201/api/v1/adminLoan/vendorList","timestamp":"2025-05-08T17:17:23.592Z"}
{"level":"info","message":"ROUTE API CALL => \n http://localhost:6201/api/v1/adminLoan/vendorList","timestamp":"2025-05-08T17:17:29.239Z"}
{"level":"info","message":"ROUTE API CALL => \n http://localhost:6201/api/v1/adminLoan/vendorList","timestamp":"2025-05-08T17:18:30.574Z"}
{"level":"info","message":"ROUTE API CALL => \n http://localhost:6201/api/v1/adminLoan/vendorList","timestamp":"2025-05-08T17:18:32.241Z"}
{"level":"info","message":"ROUTE API CALL => \n http://localhost:6201/api/v1/adminLoan/vendorList","timestamp":"2025-05-08T17:18:35.249Z"}
{"level":"info","message":"ROUTE API CALL => \n http://localhost:6201/api/v1/adminLoan/vendorList","timestamp":"2025-05-08T17:18:55.407Z"}
{"level":"info","message":"ROUTE API CALL => \n http://localhost:6201/api/v1/adminLoan/vendorList","timestamp":"2025-05-08T17:19:41.605Z"}
{"level":"info","message":"ROUTE API CALL => \n http://localhost:6201/api/v1/adminLoan/vendorList","timestamp":"2025-05-08T17:19:43.241Z"}
{"level":"info","message":"ROUTE API CALL => \n http://localhost:6201/api/v1/adminLoan/vendorList","timestamp":"2025-05-08T17:19:49.227Z"}
{"level":"info","message":"ROUTE API CALL => \n http://localhost:6201/api/v1/adminLoan/vendorList","timestamp":"2025-05-08T17:19:54.578Z"}
{"level":"info","message":"ROUTE API CALL => \n http://localhost:6201/api/v1/adminLoan/vendorList","timestamp":"2025-05-08T17:20:17.210Z"}
{"level":"info","message":"ROUTE API CALL => \n http://localhost:6201/api/v1/adminLoan/vendorList","timestamp":"2025-05-08T17:20:20.262Z"}
{"level":"info","message":"ROUTE API CALL => \n http://localhost:6201/api/v1/adminLoan/vendorList","timestamp":"2025-05-08T17:20:22.217Z"}
{"level":"info","message":"ROUTE API CALL => \n http://localhost:6201/api/v1/adminLoan/vendorList","timestamp":"2025-05-08T17:20:23.736Z"}
{"level":"info","message":"ROUTE API CALL => \n http://localhost:6201/api/v1/adminLoan/vendorList","timestamp":"2025-05-08T17:20:51.546Z"}
{"level":"info","message":"ROUTE API CALL => \n http://localhost:6201/api/v1/adminLoan/vendorList","timestamp":"2025-05-08T17:20:58.208Z"}
{"level":"info","message":"ROUTE API CALL => \n http://localhost:6201/api/v1/adminLoan/vendorList","timestamp":"2025-05-08T17:20:59.500Z"}
{"level":"info","message":"ROUTE API CALL => \n http://localhost:6201/api/v1/adminLoan/vendorList","timestamp":"2025-05-08T17:21:20.535Z"}
{"level":"info","message":"ROUTE API CALL => \n http://localhost:6201/api/v1/adminLoan/vendorList","timestamp":"2025-05-08T17:21:26.268Z"}
{"level":"info","message":"ROUTE API CALL => \n http://localhost:6201/api/v1/adminLoan/vendorList","timestamp":"2025-05-08T17:22:19.586Z"}
{"level":"info","message":"ROUTE API CALL => \n http://localhost:6201/api/v1/adminLoan/vendorList","timestamp":"2025-05-08T17:22:21.229Z"}
{"level":"info","message":"ROUTE API CALL => \n http://localhost:6201/api/v1/adminLoan/vendorList","timestamp":"2025-05-08T17:22:23.233Z"}
{"level":"info","message":"ROUTE API CALL => \n http://localhost:6201/api/v1/adminLoan/vendorList","timestamp":"2025-05-08T17:22:28.266Z"}
{"level":"info","message":"ROUTE API CALL => \n http://localhost:6201/api/v1/adminLoan/vendorList","timestamp":"2025-05-08T17:22:46.556Z"}
{"level":"info","message":"ROUTE API CALL => \n http://localhost:6201/api/v1/adminLoan/vendorList","timestamp":"2025-05-08T17:22:49.263Z"}
{"level":"info","message":"ROUTE API CALL => \n http://localhost:6201/api/v1/adminLoan/vendorList","timestamp":"2025-05-08T17:22:52.273Z"}
{"level":"info","message":"ROUTE API CALL => \n http://localhost:6201/api/v1/adminLoan/vendorList","timestamp":"2025-05-08T17:22:57.269Z"}
{"level":"info","message":"ROUTE API CALL => \n http://localhost:6201/api/v1/adminLoan/CreateNewLoan","timestamp":"2025-05-08T17:23:09.007Z"}
{"level":"info","message":"Server running --- from server.ts","timestamp":"2025-05-08T17:27:22.617Z"}
{"level":"info","message":"ROUTE API CALL => \n http://localhost:6201/api/v1/adminLoan/CreateNewLoan","timestamp":"2025-05-08T17:27:45.766Z"}
{"level":"info","message":"Server running --- from server.ts","timestamp":"2025-05-08T17:28:47.520Z"}
{"level":"info","message":"Server running --- from server.ts","timestamp":"2025-05-08T17:29:28.940Z"}
{"level":"info","message":"Server running --- from server.ts","timestamp":"2025-05-08T17:29:58.487Z"}
{"level":"info","message":"ROUTE API CALL => \n http://localhost:6201/api/v1/adminLoan/CreateNewLoan","timestamp":"2025-05-08T17:30:10.641Z"}
{"level":"info","message":"ROUTE API CALL => \n http://localhost:6201/api/v1/adminLoan/CreateNewLoan","timestamp":"2025-05-08T17:33:22.010Z"}
{"level":"info","message":"Server running --- from server.ts","timestamp":"2025-05-08T17:37:06.041Z"}
{"level":"info","message":"ROUTE API CALL => \n http://localhost:6201/api/v1/adminLoan/CreateNewLoan","timestamp":"2025-05-08T17:37:10.865Z"}
{"level":"info","message":"Server running --- from server.ts","timestamp":"2025-05-08T17:37:48.908Z"}
{"level":"info","message":"ROUTE API CALL => \n http://localhost:6201/api/v1/adminLoan/CreateNewLoan","timestamp":"2025-05-08T17:37:55.074Z"}
{"level":"info","message":"ROUTE API CALL => \n http://localhost:6201/api/v1/adminLoan/allLoan","timestamp":"2025-05-08T17:37:57.198Z"}
{"level":"info","message":"Server running --- from server.ts","timestamp":"2025-05-08T17:43:22.713Z"}
{"level":"info","message":"ROUTE API CALL => \n http://localhost:6201/api/v1/adminLoan/vendorList","timestamp":"2025-05-08T17:43:24.587Z"}
{"level":"info","message":"ROUTE API CALL => \n http://localhost:6201/api/v1/adminLoan/addLoanOption","timestamp":"2025-05-08T17:43:29.807Z"}
{"level":"info","message":"ROUTE API CALL => \n http://localhost:6201/api/v1/adminLoan/getLoan","timestamp":"2025-05-08T17:43:29.835Z"}
{"level":"info","message":"ROUTE API CALL => \n http://localhost:6201/api/v1/adminLoan/CreateNewLoan","timestamp":"2025-05-08T17:43:54.317Z"}
{"level":"info","message":"Server running --- from server.ts","timestamp":"2025-05-08T17:45:57.782Z"}
{"level":"info","message":"ROUTE API CALL => \n http://localhost:6201/api/v1/adminLoan/CreateNewLoan","timestamp":"2025-05-08T17:46:02.059Z"}
{"level":"info","message":"Server running --- from server.ts","timestamp":"2025-05-08T17:47:48.733Z"}
{"level":"info","message":"ROUTE API CALL => \n http://localhost:6201/api/v1/adminLoan/CreateNewLoan","timestamp":"2025-05-08T17:47:51.586Z"}
{"level":"info","message":"ROUTE API CALL => \n http://localhost:6201/api/v1/adminLoan/allLoan","timestamp":"2025-05-08T17:47:53.000Z"}
{"level":"info","message":"ROUTE API CALL => \n http://localhost:6201/api/v1/adminLoan/loanRePaymentAudit","timestamp":"2025-05-08T17:48:06.156Z"}
{"level":"info","message":"ROUTE API CALL => \n http://localhost:6201/api/v1/adminLoan/loanAudit","timestamp":"2025-05-08T17:48:06.179Z"}
{"level":"info","message":"ROUTE API CALL => \n http://localhost:6201/api/v1/adminLoan/allLoan","timestamp":"2025-05-08T17:48:37.419Z"}
{"level":"info","message":"ROUTE API CALL => \n http://localhost:6201/api/v1/AdminRePayment/userList","timestamp":"2025-05-08T17:48:39.277Z"}
{"level":"info","message":"ROUTE API CALL => \n http://localhost:6201/api/v1/AdminRePayment/userList","timestamp":"2025-05-08T17:48:42.170Z"}
{"level":"info","message":"ROUTE API CALL => \n http://localhost:6201/api/v1/AdminRePayment/userList","timestamp":"2025-05-08T17:48:44.570Z"}
{"level":"info","message":"ROUTE API CALL => \n http://localhost:6201/api/v1/AdminRePayment/rePaymentCalculation","timestamp":"2025-05-08T17:48:48.989Z"}
{"level":"info","message":"ROUTE API CALL => \n http://localhost:6201/api/v1/AdminRePayment/rePaymentCalculation","timestamp":"2025-05-08T17:49:54.714Z"}
{"level":"info","message":"ROUTE API CALL => \n http://localhost:6201/api/v1/AdminRePayment/updateRePayment","timestamp":"2025-05-08T17:50:03.840Z"}
{"level":"info","message":"ROUTE API CALL => \n http://localhost:6201/api/v1/AdminRePayment/userList","timestamp":"2025-05-08T17:50:04.109Z"}
{"level":"info","message":"ROUTE API CALL => \n http://localhost:6201/api/v1/adminRoutes/getLoanAndUser","timestamp":"2025-05-08T17:50:07.805Z"}
{"level":"info","message":"ROUTE API CALL => \n http://localhost:6201/api/v1/adminRoutes/getLoanAndUser","timestamp":"2025-05-08T17:50:08.733Z"}
{"level":"info","message":"ROUTE API CALL => \n http://localhost:6201/api/v1/AdminRePayment/userList","timestamp":"2025-05-08T17:50:08.789Z"}
{"level":"info","message":"ROUTE API CALL => \n http://localhost:6201/api/v1/adminLoan/vendor/list","timestamp":"2025-05-08T17:50:09.981Z"}
{"level":"info","message":"ROUTE API CALL => \n http://localhost:6201/api/v1/adminLoan/allLoan","timestamp":"2025-05-08T17:50:12.552Z"}
{"level":"info","message":"ROUTE API CALL => \n http://localhost:6201/api/v1/adminLoan/loanRePaymentAudit","timestamp":"2025-05-08T17:50:18.856Z"}
{"level":"info","message":"ROUTE API CALL => \n http://localhost:6201/api/v1/adminLoan/loanAudit","timestamp":"2025-05-08T17:50:18.865Z"}
{"level":"info","message":"ROUTE API CALL => \n http://localhost:6201/api/v1/adminLoan/allLoan","timestamp":"2025-05-08T17:50:52.659Z"}
{"level":"info","message":"ROUTE API CALL => \n http://localhost:6201/api/v1/AdminRePayment/userList","timestamp":"2025-05-08T17:50:55.173Z"}
{"level":"info","message":"ROUTE API CALL => \n http://localhost:6201/api/v1/AdminRePayment/userList","timestamp":"2025-05-08T17:50:57.399Z"}
{"level":"info","message":"ROUTE API CALL => \n http://localhost:6201/api/v1/AdminRePayment/userList","timestamp":"2025-05-08T17:50:59.431Z"}
{"level":"info","message":"ROUTE API CALL => \n http://localhost:6201/api/v1/AdminRePayment/rePaymentCalculation","timestamp":"2025-05-08T17:51:01.074Z"}
{"level":"info","message":"ROUTE API CALL => \n http://localhost:6201/api/v1/adminLoan/loanRePaymentAudit","timestamp":"2025-05-08T17:51:05.786Z"}
{"level":"info","message":"ROUTE API CALL => \n http://localhost:6201/api/v1/AdminRePayment/updateRePayment","timestamp":"2025-05-08T17:51:32.243Z"}
{"level":"info","message":"ROUTE API CALL => \n http://localhost:6201/api/v1/AdminRePayment/updateRePayment","timestamp":"2025-05-08T17:52:05.678Z"}
{"level":"info","message":"ROUTE API CALL => \n http://localhost:6201/api/v1/AdminRePayment/userList","timestamp":"2025-05-08T17:52:16.127Z"}
{"level":"info","message":"ROUTE API CALL => \n http://localhost:6201/api/v1/AdminRePayment/rePaymentCalculation","timestamp":"2025-05-08T17:52:18.105Z"}
{"level":"info","message":"ROUTE API CALL => \n http://localhost:6201/api/v1/AdminRePayment/updateRePayment","timestamp":"2025-05-08T17:52:28.471Z"}
{"level":"info","message":"Server running --- from server.ts","timestamp":"2025-05-08T17:54:01.668Z"}
{"level":"info","message":"Server running --- from server.ts","timestamp":"2025-05-08T17:54:07.585Z"}
{"level":"info","message":"Server running --- from server.ts","timestamp":"2025-05-08T17:54:50.163Z"}
{"level":"info","message":"ROUTE API CALL => \n http://localhost:6201/api/v1/AdminRePayment/updateRePayment","timestamp":"2025-05-08T17:54:51.831Z"}
{"level":"info","message":"ROUTE API CALL => \n http://localhost:6201/api/v1/AdminRePayment/userList","timestamp":"2025-05-08T17:54:52.045Z"}
{"level":"info","message":"ROUTE API CALL => \n http://localhost:6201/api/v1/adminLoan/allLoan","timestamp":"2025-05-08T17:54:58.697Z"}
{"level":"info","message":"ROUTE API CALL => \n http://localhost:6201/api/v1/adminLoan/loanRePaymentAudit","timestamp":"2025-05-08T17:55:02.111Z"}
{"level":"info","message":"ROUTE API CALL => \n http://localhost:6201/api/v1/adminLoan/loanAudit","timestamp":"2025-05-08T17:55:02.129Z"}
{"level":"info","message":"ROUTE API CALL => \n http://localhost:6201/api/v1/adminLoan/allLoan","timestamp":"2025-05-08T17:56:22.812Z"}
{"level":"info","message":"ROUTE API CALL => \n http://localhost:6201/api/v1/adminLoan/vendorList","timestamp":"2025-05-08T18:05:27.817Z"}
{"level":"info","message":"ROUTE API CALL => \n http://localhost:6201/api/v1/adminLoan/addLoanOption","timestamp":"2025-05-08T18:05:31.985Z"}
{"level":"info","message":"ROUTE API CALL => \n http://localhost:6201/api/v1/adminLoan/getLoan","timestamp":"2025-05-08T18:05:31.990Z"}
{"level":"info","message":"ROUTE API CALL => \n http://localhost:6201/api/v1/adminLoan/CreateNewLoan","timestamp":"2025-05-08T18:05:57.552Z"}
{"level":"info","message":"ROUTE API CALL => \n http://localhost:6201/api/v1/adminLoan/allLoan","timestamp":"2025-05-08T18:05:58.618Z"}
{"level":"info","message":"ROUTE API CALL => \n http://localhost:6201/api/v1/adminRoutes/getLoanAndUser","timestamp":"2025-05-08T18:09:58.272Z"}
{"level":"info","message":"ROUTE API CALL => \n http://localhost:6201/api/v1/adminRoutes/getLoan","timestamp":"2025-05-08T18:10:00.181Z"}
{"level":"info","message":"ROUTE API CALL => \n http://localhost:6201/api/v1/rePayment/loanDetails","timestamp":"2025-05-08T18:10:00.188Z"}
{"level":"info","message":"ROUTE API CALL => \n http://localhost:6201/api/v1/adminRoutes/getLoan","timestamp":"2025-05-08T18:10:01.807Z"}
{"level":"info","message":"ROUTE API CALL => \n http://localhost:6201/api/v1/rePayment/loanDetails","timestamp":"2025-05-08T18:10:01.813Z"}
{"level":"info","message":"ROUTE API CALL => \n http://localhost:6201/api/v1/adminRoutes/getLoan","timestamp":"2025-05-08T18:10:03.642Z"}
{"level":"info","message":"ROUTE API CALL => \n http://localhost:6201/api/v1/adminRoutes/addLoanOption","timestamp":"2025-05-08T18:10:03.661Z"}
{"level":"info","message":"ROUTE API CALL => \n http://localhost:6201/api/v1/newLoan/CreateNewLoan","timestamp":"2025-05-08T18:10:20.245Z"}
{"level":"info","message":"ROUTE API CALL => \n http://localhost:6201/api/v1/adminRoutes/getLoan","timestamp":"2025-05-08T18:10:21.378Z"}
{"level":"info","message":"ROUTE API CALL => \n http://localhost:6201/api/v1/rePayment/loanDetails","timestamp":"2025-05-08T18:10:21.384Z"}
{"level":"info","message":"ROUTE API CALL => \n http://localhost:6201/api/v1/adminRoutes/getLoan","timestamp":"2025-05-08T18:12:10.001Z"}
{"level":"info","message":"ROUTE API CALL => \n http://localhost:6201/api/v1/rePayment/loanDetails","timestamp":"2025-05-08T18:12:10.008Z"}
{"level":"info","message":"ROUTE API CALL => \n http://localhost:6201/api/v1/adminRoutes/addLoanOption","timestamp":"2025-05-08T18:12:12.172Z"}
{"level":"info","message":"ROUTE API CALL => \n http://localhost:6201/api/v1/adminRoutes/getLoan","timestamp":"2025-05-08T18:12:12.187Z"}
{"level":"info","message":"ROUTE API CALL => \n http://localhost:6201/api/v1/newLoan/CreateNewLoan","timestamp":"2025-05-08T18:12:35.537Z"}
{"level":"info","message":"ROUTE API CALL => \n http://localhost:6201/api/v1/adminRoutes/getLoan","timestamp":"2025-05-08T18:12:36.659Z"}
{"level":"info","message":"ROUTE API CALL => \n http://localhost:6201/api/v1/rePayment/loanDetails","timestamp":"2025-05-08T18:12:36.674Z"}
{"level":"info","message":"ROUTE API CALL => \n http://localhost:6201/api/v1/adminRoutes/getLoan","timestamp":"2025-05-08T18:13:33.455Z"}
{"level":"info","message":"ROUTE API CALL => \n http://localhost:6201/api/v1/rePayment/loanDetails","timestamp":"2025-05-08T18:13:33.611Z"}
{"level":"info","message":"ROUTE API CALL => \n http://localhost:6201/api/v1/adminRoutes/getLoan","timestamp":"2025-05-08T18:13:47.847Z"}
{"level":"info","message":"ROUTE API CALL => \n http://localhost:6201/api/v1/rePayment/loanDetails","timestamp":"2025-05-08T18:13:47.859Z"}
{"level":"info","message":"Server running --- from server.ts","timestamp":"2025-05-08T18:14:37.309Z"}
{"level":"info","message":"Server running --- from server.ts","timestamp":"2025-05-08T18:14:44.762Z"}
{"level":"info","message":"ROUTE API CALL => \n http://localhost:6201/api/v1/adminRoutes/getLoan","timestamp":"2025-05-08T18:15:34.472Z"}
{"level":"info","message":"ROUTE API CALL => \n http://localhost:6201/api/v1/rePayment/loanDetails","timestamp":"2025-05-08T18:15:34.488Z"}
{"level":"info","message":"Server running --- from server.ts","timestamp":"2025-05-08T18:16:14.743Z"}
{"level":"info","message":"ROUTE API CALL => \n http://localhost:6201/api/v1/adminRoutes/getLoan","timestamp":"2025-05-08T18:16:21.132Z"}
{"level":"info","message":"ROUTE API CALL => \n http://localhost:6201/api/v1/rePayment/loanDetails","timestamp":"2025-05-08T18:16:21.158Z"}
{"level":"info","message":"ROUTE API CALL => \n http://localhost:6201/api/v1/adminRoutes/getLoan","timestamp":"2025-05-08T18:17:12.231Z"}
{"level":"info","message":"ROUTE API CALL => \n http://localhost:6201/api/v1/rePayment/loanDetails","timestamp":"2025-05-08T18:17:12.361Z"}
{"level":"info","message":"ROUTE API CALL => \n http://localhost:6201/api/v1/adminRoutes/getLoan","timestamp":"2025-05-08T18:17:18.283Z"}
{"level":"info","message":"ROUTE API CALL => \n http://localhost:6201/api/v1/rePayment/loanDetails","timestamp":"2025-05-08T18:17:18.300Z"}
{"level":"info","message":"ROUTE API CALL => \n http://localhost:6201/api/v1/adminRoutes/getLoan","timestamp":"2025-05-08T18:17:23.233Z"}
{"level":"info","message":"ROUTE API CALL => \n http://localhost:6201/api/v1/rePayment/loanDetails","timestamp":"2025-05-08T18:17:23.235Z"}
{"level":"info","message":"ROUTE API CALL => \n http://localhost:6201/api/v1/adminRoutes/getLoan","timestamp":"2025-05-08T18:18:16.243Z"}
{"level":"info","message":"ROUTE API CALL => \n http://localhost:6201/api/v1/rePayment/loanDetails","timestamp":"2025-05-08T18:18:16.250Z"}
{"level":"info","message":"ROUTE API CALL => \n http://localhost:6201/api/v1/adminRoutes/getLoanAndUser","timestamp":"2025-05-08T18:18:36.288Z"}
{"level":"info","message":"ROUTE API CALL => \n http://localhost:6201/api/v1/adminRoutes/getLoan","timestamp":"2025-05-08T18:18:44.398Z"}
{"level":"info","message":"ROUTE API CALL => \n http://localhost:6201/api/v1/rePayment/loanDetails","timestamp":"2025-05-08T18:18:44.406Z"}
{"level":"info","message":"ROUTE API CALL => \n http://localhost:6201/api/v1/adminRoutes/addLoanOption","timestamp":"2025-05-08T18:18:45.591Z"}
{"level":"info","message":"ROUTE API CALL => \n http://localhost:6201/api/v1/adminRoutes/getLoan","timestamp":"2025-05-08T18:18:45.601Z"}
{"level":"info","message":"ROUTE API CALL => \n http://localhost:6201/api/v1/rePayment/loanDetails","timestamp":"2025-05-08T18:18:45.608Z"}
{"level":"info","message":"ROUTE API CALL => \n http://localhost:6201/api/v1/adminRoutes/getLoan","timestamp":"2025-05-08T18:18:46.533Z"}
{"level":"info","message":"ROUTE API CALL => \n http://localhost:6201/api/v1/rePayment/loanDetails","timestamp":"2025-05-08T18:18:46.538Z"}
{"level":"info","message":"ROUTE API CALL => \n http://localhost:6201/api/v1/adminRoutes/getLoan","timestamp":"2025-05-08T18:18:54.930Z"}
{"level":"info","message":"ROUTE API CALL => \n http://localhost:6201/api/v1/rePayment/loanDetails","timestamp":"2025-05-08T18:18:54.935Z"}
{"level":"info","message":"ROUTE API CALL => \n http://localhost:6201/api/v1/adminRoutes/getLoan","timestamp":"2025-05-08T18:19:04.976Z"}
{"level":"info","message":"ROUTE API CALL => \n http://localhost:6201/api/v1/rePayment/loanDetails","timestamp":"2025-05-08T18:19:04.992Z"}
{"level":"info","message":"ROUTE API CALL => \n http://localhost:6201/api/v1/adminRoutes/getLoan","timestamp":"2025-05-08T18:21:07.583Z"}
{"level":"info","message":"ROUTE API CALL => \n http://localhost:6201/api/v1/rePayment/loanDetails","timestamp":"2025-05-08T18:21:07.590Z"}
{"level":"info","message":"Server running --- from server.ts","timestamp":"2025-05-08T18:22:00.491Z"}
{"level":"info","message":"Server running --- from server.ts","timestamp":"2025-05-08T18:22:17.429Z"}
{"level":"info","message":"ROUTE API CALL => \n http://localhost:6201/api/v1/adminRoutes/getLoan","timestamp":"2025-05-08T18:22:34.530Z"}
{"level":"info","message":"ROUTE API CALL => \n http://localhost:6201/api/v1/rePayment/loanDetails","timestamp":"2025-05-08T18:22:34.539Z"}
{"level":"info","message":"ROUTE API CALL => \n http://localhost:6201/api/v1/adminRoutes/getLoan","timestamp":"2025-05-08T18:24:23.882Z"}
{"level":"info","message":"ROUTE API CALL => \n http://localhost:6201/api/v1/rePayment/loanDetails","timestamp":"2025-05-08T18:24:23.888Z"}
{"level":"info","message":"ROUTE API CALL => \n http://localhost:6201/api/v1/adminRoutes/getLoan","timestamp":"2025-05-08T18:24:24.966Z"}
{"level":"info","message":"ROUTE API CALL => \n http://localhost:6201/api/v1/rePayment/loanDetails","timestamp":"2025-05-08T18:24:24.970Z"}
{"level":"info","message":"ROUTE API CALL => \n http://localhost:6201/api/v1/adminRoutes/addLoanOption","timestamp":"2025-05-08T18:24:27.567Z"}
{"level":"info","message":"ROUTE API CALL => \n http://localhost:6201/api/v1/adminRoutes/getLoan","timestamp":"2025-05-08T18:24:27.584Z"}
{"level":"info","message":"ROUTE API CALL => \n http://localhost:6201/api/v1/newLoan/selectedLoanDetailsV1","timestamp":"2025-05-08T18:24:30.307Z"}
{"level":"info","message":"ROUTE API CALL => \n http://localhost:6201/api/v1/adminRoutes/getLoan","timestamp":"2025-05-08T18:24:30.367Z"}
{"level":"info","message":"Server running --- from server.ts","timestamp":"2025-05-08T18:25:10.586Z"}
