{"level":"info","message":"Server running --- from server.ts","timestamp":"2025-06-15T09:25:38.197Z"}
{"level":"info","message":"Server running --- from server.ts","timestamp":"2025-06-15T10:19:13.935Z"}
{"level":"info","message":"ROUTE API CALL => \n http://localhost:6201/api/v1/adminRoutes/adminLogin","timestamp":"2025-06-15T10:19:28.721Z"}
{"level":"info","message":"ROUTE API CALL => \n http://localhost:6201/api/v1/area/listArea","timestamp":"2025-06-15T10:19:36.961Z"}
{"level":"info","message":"ROUTE API CALL => \n http://localhost:6201/api/v1/area/listArea","timestamp":"2025-06-15T10:19:37.065Z"}
{"level":"info","message":"ROUTE API CALL => \n http://localhost:6201/api/v1/area/listArea","timestamp":"2025-06-15T10:19:37.106Z"}
{"level":"info","message":"ROUTE API CALL => \n http://localhost:6201/api/v1/area/listArea","timestamp":"2025-06-15T10:19:37.127Z"}
{"level":"info","message":"ROUTE API CALL => \n http://localhost:6201/api/v1/area/listArea","timestamp":"2025-06-15T10:19:39.229Z"}
{"level":"info","message":"ROUTE API CALL => \n http://localhost:6201/api/v1/area/listArea","timestamp":"2025-06-15T10:19:39.317Z"}
{"level":"info","message":"ROUTE API CALL => \n http://localhost:6201/api/v1/area/listArea","timestamp":"2025-06-15T10:28:13.912Z"}
{"level":"info","message":"ROUTE API CALL => \n http://localhost:6201/api/v1/area/listArea","timestamp":"2025-06-15T10:28:14.131Z"}
{"level":"info","message":"ROUTE API CALL => \n http://localhost:6201/api/v1/area/listArea","timestamp":"2025-06-15T10:28:14.156Z"}
{"level":"info","message":"ROUTE API CALL => \n http://localhost:6201/api/v1/area/listArea","timestamp":"2025-06-15T10:28:14.180Z"}
{"level":"info","message":"ROUTE API CALL => \n http://localhost:6201/api/v1/area/listArea","timestamp":"2025-06-15T10:28:16.414Z"}
{"level":"info","message":"ROUTE API CALL => \n http://localhost:6201/api/v1/area/listArea","timestamp":"2025-06-15T10:28:16.438Z"}
{"level":"info","message":"ROUTE API CALL => \n http://localhost:6201/api/v1/area/listArea","timestamp":"2025-06-15T10:30:31.913Z"}
{"level":"info","message":"ROUTE API CALL => \n http://localhost:6201/api/v1/area/listArea","timestamp":"2025-06-15T10:30:32.019Z"}
{"level":"info","message":"ROUTE API CALL => \n http://localhost:6201/api/v1/area/listArea","timestamp":"2025-06-15T10:30:33.887Z"}
{"level":"info","message":"ROUTE API CALL => \n http://localhost:6201/api/v1/area/listArea","timestamp":"2025-06-15T10:30:33.912Z"}
{"level":"info","message":"ROUTE API CALL => \n http://localhost:6201/api/v1/area/listArea","timestamp":"2025-06-15T10:30:46.578Z"}
{"level":"info","message":"ROUTE API CALL => \n http://localhost:6201/api/v1/area/listArea","timestamp":"2025-06-15T10:30:46.613Z"}
{"level":"info","message":"ROUTE API CALL => \n http://localhost:6201/api/v1/area/listArea","timestamp":"2025-06-15T10:31:04.397Z"}
{"level":"info","message":"ROUTE API CALL => \n http://localhost:6201/api/v1/area/listArea","timestamp":"2025-06-15T10:31:04.439Z"}
{"level":"info","message":"ROUTE API CALL => \n http://localhost:6201/api/v1/area/listArea","timestamp":"2025-06-15T10:31:08.187Z"}
{"level":"info","message":"ROUTE API CALL => \n http://localhost:6201/api/v1/area/listArea","timestamp":"2025-06-15T10:31:08.214Z"}
{"level":"info","message":"ROUTE API CALL => \n http://localhost:6201/api/v1/area/checkPinCode","timestamp":"2025-06-15T10:31:11.830Z"}
{"level":"info","message":"ROUTE API CALL => \n http://localhost:6201/api/v1/area/updateArea","timestamp":"2025-06-15T10:31:14.647Z"}
{"level":"info","message":"ROUTE API CALL => \n http://localhost:6201/api/v1/area/listArea","timestamp":"2025-06-15T10:31:14.721Z"}
{"level":"info","message":"ROUTE API CALL => \n http://localhost:6201/api/v1/area/listArea","timestamp":"2025-06-15T10:31:14.741Z"}
{"level":"info","message":"ROUTE API CALL => \n http://localhost:6201/api/v1/area/listArea","timestamp":"2025-06-15T10:31:14.768Z"}
{"level":"info","message":"ROUTE API CALL => \n http://localhost:6201/api/v1/area/listArea","timestamp":"2025-06-15T10:31:59.451Z"}
{"level":"info","message":"ROUTE API CALL => \n http://localhost:6201/api/v1/area/listArea","timestamp":"2025-06-15T10:31:59.695Z"}
{"level":"info","message":"ROUTE API CALL => \n http://localhost:6201/api/v1/area/listArea","timestamp":"2025-06-15T10:31:59.711Z"}
{"level":"info","message":"ROUTE API CALL => \n http://localhost:6201/api/v1/area/listArea","timestamp":"2025-06-15T10:31:59.726Z"}
{"level":"info","message":"ROUTE API CALL => \n http://localhost:6201/api/v1/refDashboard/Count","timestamp":"2025-06-15T10:32:00.691Z"}
{"level":"info","message":"ROUTE API CALL => \n http://localhost:6201/api/v1/refDashboard/Count","timestamp":"2025-06-15T10:32:00.710Z"}
{"level":"info","message":"ROUTE API CALL => \n http://localhost:6201/api/v1/refDashboard/Count","timestamp":"2025-06-15T10:32:00.759Z"}
{"level":"info","message":"ROUTE API CALL => \n http://localhost:6201/api/v1/area/listArea","timestamp":"2025-06-15T10:32:03.422Z"}
{"level":"info","message":"ROUTE API CALL => \n http://localhost:6201/api/v1/area/listArea","timestamp":"2025-06-15T10:32:03.434Z"}
{"level":"info","message":"ROUTE API CALL => \n http://localhost:6201/api/v1/area/listArea","timestamp":"2025-06-15T10:32:03.443Z"}
{"level":"info","message":"ROUTE API CALL => \n http://localhost:6201/api/v1/area/listArea","timestamp":"2025-06-15T10:32:03.454Z"}
{"level":"info","message":"ROUTE API CALL => \n http://localhost:6201/api/v1/area/listArea","timestamp":"2025-06-15T10:32:04.951Z"}
{"level":"info","message":"ROUTE API CALL => \n http://localhost:6201/api/v1/area/listArea","timestamp":"2025-06-15T10:32:04.999Z"}
