{"level":"info","message":"Server running --- from server.ts","timestamp":"2025-03-28T05:59:06.306Z"}
{"level":"info","message":"Router-----adminLogin","timestamp":"2025-03-28T06:02:50.929Z"}
{"level":"info","message":"Router-----adminLogin","timestamp":"2025-03-28T06:02:54.948Z"}
{"level":"info","message":"Router-----get Customer and Agent","timestamp":"2025-03-28T06:02:55.310Z"}
{"level":"info","message":"Router-----adminLogin","timestamp":"2025-03-28T06:03:22.522Z"}
{"level":"info","message":"Router-----get Customer and Agent","timestamp":"2025-03-28T06:03:23.147Z"}
{"level":"info","message":"Router-----store Address","timestamp":"2025-03-28T06:06:07.024Z"}
{"level":"info","message":"Router-----Add New agent or customer","timestamp":"2025-03-28T06:06:07.238Z"}
{"level":"info","message":"Router-----get Customer and Agent","timestamp":"2025-03-28T06:06:07.837Z"}
{"level":"info","message":"Router-----get Customer and Agent","timestamp":"2025-03-28T06:06:52.678Z"}
{"level":"info","message":"Router-----get Customer and Agent","timestamp":"2025-03-28T06:06:54.645Z"}
{"level":"info","message":"Router-----get Customer and Agent","timestamp":"2025-03-28T06:06:57.036Z"}
{"level":"info","message":"Router-----store Address","timestamp":"2025-03-28T06:07:29.206Z"}
{"level":"info","message":"Router-----Add New agent or customer","timestamp":"2025-03-28T06:07:29.231Z"}
{"level":"info","message":"Router-----get Customer and Agent","timestamp":"2025-03-28T06:07:29.311Z"}
{"level":"info","message":"Router-----get Customer and Agent","timestamp":"2025-03-28T06:07:33.667Z"}
{"level":"info","message":"Router-----get Customer and Agent","timestamp":"2025-03-28T06:08:22.906Z"}
{"level":"info","message":"Router-----get Customer and Agent","timestamp":"2025-03-28T06:08:38.617Z"}
{"level":"info","message":"Router-----get Customer and Agent","timestamp":"2025-03-28T06:09:30.091Z"}
{"level":"info","message":"Router-----get Customer and Agent","timestamp":"2025-03-28T06:09:57.461Z"}
{"level":"info","message":"Router-----get Customer and Agent","timestamp":"2025-03-28T06:10:04.564Z"}
{"level":"info","message":"Router-----get bank account","timestamp":"2025-03-28T06:10:56.177Z"}
{"level":"info","message":"Router-----get Customer and Agent","timestamp":"2025-03-28T06:11:01.320Z"}
{"level":"info","message":"Router-----get Customer and Agent","timestamp":"2025-03-28T06:11:01.921Z"}
{"level":"info","message":"Router-----get Customer and Agent","timestamp":"2025-03-28T06:11:02.460Z"}
{"level":"info","message":"Router-----get Customer and Agent","timestamp":"2025-03-28T06:11:04.068Z"}
{"level":"info","message":"Router-----get bank account","timestamp":"2025-03-28T06:11:08.387Z"}
{"level":"info","message":"Router-----update bank account","timestamp":"2025-03-28T06:11:15.178Z"}
{"level":"info","message":"Router-----get bank account","timestamp":"2025-03-28T06:11:15.198Z"}
{"level":"info","message":"Router-----get bank account","timestamp":"2025-03-28T06:12:02.421Z"}
{"level":"info","message":"Router-----view bank fund list","timestamp":"2025-03-28T06:12:26.335Z"}
{"level":"info","message":"Router-----view bank fund list","timestamp":"2025-03-28T06:15:42.557Z"}
{"level":"info","message":"Router-----view bank fund list","timestamp":"2025-03-28T06:15:51.421Z"}
{"level":"info","message":"Router-----view bank fund list","timestamp":"2025-03-28T06:16:12.061Z"}
{"level":"info","message":"Router-----view bank fund list","timestamp":"2025-03-28T06:16:15.066Z"}
{"level":"info","message":"Router-----view bank fund list","timestamp":"2025-03-28T06:17:56.067Z"}
{"level":"info","message":"Router-----view bank fund list","timestamp":"2025-03-28T06:18:21.115Z"}
{"level":"info","message":"Router-----view bank fund list","timestamp":"2025-03-28T06:18:26.051Z"}
{"level":"info","message":"Router-----view bank fund list","timestamp":"2025-03-28T06:18:34.073Z"}
{"level":"info","message":"Router-----view bank fund list","timestamp":"2025-03-28T06:18:37.103Z"}
{"level":"info","message":"Router-----view bank fund list","timestamp":"2025-03-28T06:19:11.106Z"}
{"level":"info","message":"Router-----view bank fund list","timestamp":"2025-03-28T06:19:33.140Z"}
{"level":"info","message":"Server running --- from server.ts","timestamp":"2025-03-28T06:19:48.628Z"}
{"level":"info","message":"Router-----get bank account","timestamp":"2025-03-28T06:19:51.023Z"}
{"level":"info","message":"Router-----view bank fund list","timestamp":"2025-03-28T06:19:51.700Z"}
{"level":"info","message":"Router-----view bank fund list","timestamp":"2025-03-28T06:20:05.431Z"}
{"level":"info","message":"Router-----view bank fund list","timestamp":"2025-03-28T06:20:05.628Z"}
{"level":"info","message":"Router-----view bank fund list","timestamp":"2025-03-28T06:21:11.704Z"}
{"level":"info","message":"Router-----view bank fund list","timestamp":"2025-03-28T06:21:15.501Z"}
{"level":"info","message":"Router-----view bank fund list","timestamp":"2025-03-28T06:21:17.374Z"}
{"level":"info","message":"Router-----view bank fund list","timestamp":"2025-03-28T06:21:24.150Z"}
{"level":"info","message":"Router-----view bank fund list","timestamp":"2025-03-28T06:21:30.360Z"}
{"level":"info","message":"Router-----view bank fund list","timestamp":"2025-03-28T06:21:32.789Z"}
{"level":"info","message":"Router-----view bank fund list","timestamp":"2025-03-28T06:21:39.424Z"}
{"level":"info","message":"Server running --- from server.ts","timestamp":"2025-03-28T06:21:55.936Z"}
{"level":"info","message":"Router-----view bank fund list","timestamp":"2025-03-28T06:21:56.021Z"}
{"level":"info","message":"Router-----view bank fund list","timestamp":"2025-03-28T06:22:05.720Z"}
{"level":"info","message":"Router-----view bank fund list","timestamp":"2025-03-28T06:22:07.605Z"}
{"level":"info","message":"Router-----view bank fund list","timestamp":"2025-03-28T06:22:14.653Z"}
{"level":"info","message":"Router-----view bank fund list","timestamp":"2025-03-28T06:22:16.351Z"}
{"level":"info","message":"Router-----add bank fund","timestamp":"2025-03-28T06:22:22.753Z"}
{"level":"info","message":"Router-----view bank fund list","timestamp":"2025-03-28T06:22:24.896Z"}
{"level":"info","message":"Router-----view bank fund list","timestamp":"2025-03-28T06:22:30.301Z"}
{"level":"info","message":"Router-----view bank fund list","timestamp":"2025-03-28T06:22:34.730Z"}
{"level":"info","message":"Router-----view bank fund list","timestamp":"2025-03-28T06:22:41.530Z"}
{"level":"info","message":"Server running --- from server.ts","timestamp":"2025-03-28T06:22:51.509Z"}
{"level":"info","message":"Router-----list the product","timestamp":"2025-03-28T06:22:55.821Z"}
{"level":"info","message":"Router-----view bank fund list","timestamp":"2025-03-28T06:22:56.299Z"}
{"level":"info","message":"Router-----add bank fund","timestamp":"2025-03-28T06:22:58.159Z"}
{"level":"info","message":"Router-----add bank fund","timestamp":"2025-03-28T06:23:02.170Z"}
{"level":"info","message":"Router-----add bank fund","timestamp":"2025-03-28T06:23:20.398Z"}
{"level":"info","message":"Router-----add bank fund","timestamp":"2025-03-28T06:23:25.662Z"}
{"level":"info","message":"Router-----list the product","timestamp":"2025-03-28T06:23:29.855Z"}
{"level":"info","message":"Router-----view bank fund list","timestamp":"2025-03-28T06:23:30.948Z"}
{"level":"info","message":"Router-----list the product","timestamp":"2025-03-28T06:23:31.390Z"}
{"level":"info","message":"Router-----view loan list","timestamp":"2025-03-28T06:24:08.951Z"}
{"level":"info","message":"Server running --- from server.ts","timestamp":"2025-03-28T06:24:23.509Z"}
{"level":"info","message":"Router-----list the product","timestamp":"2025-03-28T06:24:28.452Z"}
{"level":"info","message":"Router-----view loan list","timestamp":"2025-03-28T06:24:29.451Z"}
{"level":"info","message":"Router-----list the product","timestamp":"2025-03-28T06:24:30.141Z"}
{"level":"info","message":"Router-----view loan list","timestamp":"2025-03-28T06:24:34.756Z"}
{"level":"info","message":"Router-----view loan list","timestamp":"2025-03-28T06:24:36.048Z"}
{"level":"info","message":"Router-----view loan list","timestamp":"2025-03-28T06:24:58.683Z"}
{"level":"info","message":"Router-----view loan list","timestamp":"2025-03-28T06:25:03.989Z"}
{"level":"info","message":"Router-----view bank fund list","timestamp":"2025-03-28T06:25:09.626Z"}
{"level":"info","message":"Router-----list the product","timestamp":"2025-03-28T06:25:10.318Z"}
{"level":"info","message":"Router-----get Customer and Agent","timestamp":"2025-03-28T06:25:11.230Z"}
{"level":"info","message":"Router-----adminLogin","timestamp":"2025-03-28T06:34:57.640Z"}
{"level":"info","message":"Router-----get Customer and Agent","timestamp":"2025-03-28T06:34:58.391Z"}
{"level":"info","message":"Router-----get Customer and Agent","timestamp":"2025-03-28T06:40:22.389Z"}
{"level":"info","message":"Server running --- from server.ts","timestamp":"2025-03-28T06:41:48.234Z"}
{"level":"info","message":"Router-----get Customer and Agent","timestamp":"2025-03-28T06:41:48.682Z"}
{"level":"info","message":"Router-----store Address","timestamp":"2025-03-28T06:42:17.288Z"}
{"level":"info","message":"Router-----Add New agent or customer","timestamp":"2025-03-28T06:42:17.441Z"}
{"level":"info","message":"Router-----get Customer and Agent","timestamp":"2025-03-28T06:42:17.594Z"}
{"level":"info","message":"Router-----get Customer and Agent","timestamp":"2025-03-28T06:42:22.675Z"}
{"level":"info","message":"Router-----store Address","timestamp":"2025-03-28T06:45:15.180Z"}
{"level":"info","message":"Router-----Add New agent or customer","timestamp":"2025-03-28T06:45:15.205Z"}
{"level":"info","message":"Router-----get Customer and Agent","timestamp":"2025-03-28T06:45:15.332Z"}
{"level":"info","message":"Router-----get Customer and Agent","timestamp":"2025-03-28T06:45:20.030Z"}
{"level":"info","message":"Router-----get Customer and Agent","timestamp":"2025-03-28T06:48:46.789Z"}
{"level":"info","message":"Router-----get Customer and Agent","timestamp":"2025-03-28T06:49:03.209Z"}
{"level":"info","message":"Router-----get Customer and Agent","timestamp":"2025-03-28T06:50:57.758Z"}
{"level":"info","message":"Router-----get Customer and Agent","timestamp":"2025-03-28T06:56:19.674Z"}
{"level":"info","message":"Router-----store Address","timestamp":"2025-03-28T06:56:46.130Z"}
{"level":"info","message":"Router-----Add New agent or customer","timestamp":"2025-03-28T06:56:46.221Z"}
{"level":"info","message":"Router-----get Customer and Agent","timestamp":"2025-03-28T06:56:46.587Z"}
{"level":"info","message":"Router-----get Customer and Agent","timestamp":"2025-03-28T06:56:57.691Z"}
{"level":"info","message":"Router-----adminLogin","timestamp":"2025-03-28T06:59:37.903Z"}
{"level":"info","message":"Router-----get Customer and Agent","timestamp":"2025-03-28T06:59:38.864Z"}
{"level":"info","message":"Router-----get Customer and Agent","timestamp":"2025-03-28T06:59:41.764Z"}
{"level":"info","message":"Router-----get Customer and Agent","timestamp":"2025-03-28T06:59:42.996Z"}
{"level":"info","message":"Router-----get Customer and Agent","timestamp":"2025-03-28T07:00:02.225Z"}
{"level":"info","message":"Router-----get Customer and Agent","timestamp":"2025-03-28T07:00:02.310Z"}
{"level":"info","message":"Router-----get bank account","timestamp":"2025-03-28T07:12:03.238Z"}
{"level":"info","message":"Router-----get Customer and Agent","timestamp":"2025-03-28T07:12:03.834Z"}
{"level":"info","message":"Router-----get Customer and Agent","timestamp":"2025-03-28T07:12:04.176Z"}
{"level":"info","message":"Router-----get Customer and Agent","timestamp":"2025-03-28T07:12:07.162Z"}
{"level":"info","message":"Router-----get Customer and Agent","timestamp":"2025-03-28T07:12:10.980Z"}
{"level":"info","message":"Router-----get Customer and Agent","timestamp":"2025-03-28T07:12:12.230Z"}
{"level":"info","message":"Router-----get Customer and Agent","timestamp":"2025-03-28T07:12:14.370Z"}
{"level":"info","message":"Router-----get bank account","timestamp":"2025-03-28T07:12:45.842Z"}
{"level":"info","message":"Router-----get Customer and Agent","timestamp":"2025-03-28T07:12:46.858Z"}
{"level":"info","message":"Router-----get Customer and Agent","timestamp":"2025-03-28T07:13:35.310Z"}
{"level":"info","message":"Router-----get Customer and Agent","timestamp":"2025-03-28T07:13:36.308Z"}
{"level":"info","message":"Router-----get Customer and Agent","timestamp":"2025-03-28T07:13:39.362Z"}
{"level":"info","message":"Router-----get Customer and Agent","timestamp":"2025-03-28T07:13:39.945Z"}
{"level":"info","message":"Router-----get bank account","timestamp":"2025-03-28T07:14:10.342Z"}
{"level":"info","message":"Router-----get Customer and Agent","timestamp":"2025-03-28T07:17:41.594Z"}
{"level":"info","message":"Router-----get Customer and Agent","timestamp":"2025-03-28T07:17:45.023Z"}
{"level":"info","message":"Router-----get Customer and Agent","timestamp":"2025-03-28T07:17:46.305Z"}
{"level":"info","message":"Router-----get Customer and Agent","timestamp":"2025-03-28T07:17:56.263Z"}
{"level":"info","message":"Router-----get Customer and Agent","timestamp":"2025-03-28T07:18:21.174Z"}
{"level":"info","message":"Router-----list the product","timestamp":"2025-03-28T07:25:06.224Z"}
{"level":"info","message":"Router-----view bank fund list","timestamp":"2025-03-28T07:25:12.479Z"}
{"level":"info","message":"Router-----add bank fund","timestamp":"2025-03-28T07:28:21.866Z"}
{"level":"info","message":"Router-----view bank fund list","timestamp":"2025-03-28T07:30:36.391Z"}
{"level":"info","message":"Router-----view bank fund list","timestamp":"2025-03-28T07:30:41.201Z"}
{"level":"info","message":"Router-----view bank fund list","timestamp":"2025-03-28T07:30:45.609Z"}
{"level":"info","message":"Router-----view bank fund list","timestamp":"2025-03-28T07:30:47.921Z"}
{"level":"info","message":"Router-----view bank fund list","timestamp":"2025-03-28T07:30:52.859Z"}
{"level":"info","message":"Router-----view bank fund list","timestamp":"2025-03-28T07:30:57.275Z"}
{"level":"info","message":"Router-----view bank fund list","timestamp":"2025-03-28T07:30:59.544Z"}
{"level":"info","message":"Router-----view bank fund list","timestamp":"2025-03-28T07:31:05.297Z"}
{"level":"info","message":"Server running --- from server.ts","timestamp":"2025-03-28T07:31:13.052Z"}
{"level":"info","message":"Router-----get bank account","timestamp":"2025-03-28T07:31:15.312Z"}
{"level":"info","message":"Router-----view bank fund list","timestamp":"2025-03-28T07:31:16.087Z"}
{"level":"info","message":"Router-----view bank fund list","timestamp":"2025-03-28T07:31:22.469Z"}
{"level":"info","message":"Router-----view bank fund list","timestamp":"2025-03-28T07:31:22.483Z"}
{"level":"info","message":"Router-----view bank fund list","timestamp":"2025-03-28T07:31:26.134Z"}
{"level":"info","message":"Router-----view bank fund list","timestamp":"2025-03-28T07:31:26.164Z"}
{"level":"info","message":"Router-----view bank fund list","timestamp":"2025-03-28T07:31:27.003Z"}
{"level":"info","message":"Router-----view bank fund list","timestamp":"2025-03-28T07:31:27.048Z"}
{"level":"info","message":"Router-----view bank fund list","timestamp":"2025-03-28T07:31:34.901Z"}
{"level":"info","message":"Router-----view bank fund list","timestamp":"2025-03-28T07:31:35.333Z"}
{"level":"info","message":"Router-----add bank fund","timestamp":"2025-03-28T07:31:58.202Z"}
{"level":"info","message":"Router-----get bank account","timestamp":"2025-03-28T07:32:00.360Z"}
{"level":"info","message":"Router-----add bank fund","timestamp":"2025-03-28T07:32:04.856Z"}
{"level":"info","message":"Router-----view bank fund list","timestamp":"2025-03-28T07:32:12.688Z"}
{"level":"info","message":"Router-----get Customer and Agent","timestamp":"2025-03-28T07:32:13.686Z"}
{"level":"info","message":"Router-----get Customer and Agent","timestamp":"2025-03-28T07:32:14.239Z"}
{"level":"info","message":"Router-----get bank account","timestamp":"2025-03-28T07:32:33.212Z"}
{"level":"info","message":"Router-----get bank account","timestamp":"2025-03-28T07:32:40.212Z"}
{"level":"info","message":"Router-----list the product","timestamp":"2025-03-28T07:34:55.065Z"}
{"level":"info","message":"Server running --- from server.ts","timestamp":"2025-03-28T07:35:02.075Z"}
{"level":"info","message":"Router-----get bank account","timestamp":"2025-03-28T07:35:02.284Z"}
{"level":"info","message":"Router-----view bank fund list","timestamp":"2025-03-28T07:35:21.070Z"}
{"level":"info","message":"Router-----list the product","timestamp":"2025-03-28T07:35:21.671Z"}
{"level":"info","message":"Router-----view loan list","timestamp":"2025-03-28T07:43:59.023Z"}
{"level":"info","message":"Router-----view loan list","timestamp":"2025-03-28T07:44:05.532Z"}
{"level":"info","message":"Router-----view loan list","timestamp":"2025-03-28T07:44:20.058Z"}
{"level":"info","message":"Router-----view loan list","timestamp":"2025-03-28T07:46:01.819Z"}
{"level":"info","message":"Router-----get bank account","timestamp":"2025-03-28T09:36:57.553Z"}
{"level":"info","message":"Router-----get Customer and Agent","timestamp":"2025-03-28T09:46:27.779Z"}
{"level":"info","message":"Router-----get Customer and Agent","timestamp":"2025-03-28T09:46:30.096Z"}
{"level":"info","message":"Router-----get Customer and Agent","timestamp":"2025-03-28T09:46:59.559Z"}
{"level":"info","message":"Router-----get bank account","timestamp":"2025-03-28T09:47:00.422Z"}
{"level":"info","message":"Router-----view bank fund list","timestamp":"2025-03-28T09:47:01.059Z"}
{"level":"info","message":"Router-----get bank account","timestamp":"2025-03-28T09:47:02.008Z"}
{"level":"info","message":"Router-----get Customer and Agent","timestamp":"2025-03-28T09:47:05.469Z"}
{"level":"info","message":"Router-----get Customer and Agent","timestamp":"2025-03-28T09:47:05.895Z"}
{"level":"info","message":"Router-----get Customer and Agent","timestamp":"2025-03-28T09:47:06.435Z"}
{"level":"info","message":"Router-----get bank account","timestamp":"2025-03-28T09:47:06.787Z"}
{"level":"info","message":"Router-----view bank fund list","timestamp":"2025-03-28T09:47:07.077Z"}
{"level":"info","message":"Router-----list the product","timestamp":"2025-03-28T09:47:07.509Z"}
{"level":"info","message":"Router-----view loan list","timestamp":"2025-03-28T09:47:08.546Z"}
{"level":"info","message":"Router-----list the product","timestamp":"2025-03-28T09:47:09.366Z"}
{"level":"info","message":"Router-----get bank account","timestamp":"2025-03-28T09:47:24.913Z"}
{"level":"info","message":"Router-----get Customer and Agent","timestamp":"2025-03-28T09:49:57.213Z"}
{"level":"info","message":"Server running --- from server.ts","timestamp":"2025-03-28T09:50:19.550Z"}
{"level":"info","message":"Router-----adminLogin","timestamp":"2025-03-28T09:50:57.793Z"}
{"level":"info","message":"Router-----get Customer and Agent","timestamp":"2025-03-28T09:50:58.771Z"}
{"level":"info","message":"Router-----get Customer and Agent","timestamp":"2025-03-28T09:53:02.195Z"}
{"level":"info","message":"Router-----get Customer and Agent","timestamp":"2025-03-28T09:53:03.713Z"}
{"level":"info","message":"Router-----get Customer and Agent","timestamp":"2025-03-28T09:53:27.132Z"}
{"level":"info","message":"Router-----get Customer and Agent","timestamp":"2025-03-28T09:53:32.169Z"}
{"level":"info","message":"Server running --- from server.ts","timestamp":"2025-03-28T09:54:41.299Z"}
{"level":"info","message":"Router-----adminLogin","timestamp":"2025-03-28T09:55:32.905Z"}
{"level":"info","message":"Router-----get Customer and Agent","timestamp":"2025-03-28T09:55:33.693Z"}
{"level":"info","message":"Router-----adminLogin","timestamp":"2025-03-28T10:00:17.578Z"}
{"level":"info","message":"Router-----get Customer and Agent","timestamp":"2025-03-28T10:00:18.569Z"}
{"level":"info","message":"Router-----adminLogin","timestamp":"2025-03-28T10:01:32.473Z"}
{"level":"info","message":"Router-----get Customer and Agent","timestamp":"2025-03-28T10:01:33.455Z"}
{"level":"info","message":"Router-----get Customer and Agent","timestamp":"2025-03-28T10:07:04.486Z"}
{"level":"info","message":"Router-----get Customer and Agent","timestamp":"2025-03-28T10:10:00.064Z"}
{"level":"info","message":"Router-----get Customer and Agent","timestamp":"2025-03-28T10:12:57.514Z"}
{"level":"info","message":"Router-----get bank account","timestamp":"2025-03-28T10:14:00.946Z"}
{"level":"info","message":"Router-----Add bank account","timestamp":"2025-03-28T10:23:12.711Z"}
{"level":"info","message":"Router-----get bank account","timestamp":"2025-03-28T10:23:12.970Z"}
{"level":"info","message":"Router-----Add bank account","timestamp":"2025-03-28T10:24:48.711Z"}
{"level":"info","message":"Router-----get bank account","timestamp":"2025-03-28T10:24:48.916Z"}
{"level":"info","message":"Router-----view bank fund list","timestamp":"2025-03-28T10:25:22.896Z"}
{"level":"info","message":"Router-----add bank fund","timestamp":"2025-03-28T10:25:45.946Z"}
{"level":"info","message":"Router-----view loan list","timestamp":"2025-03-28T10:27:08.266Z"}
{"level":"info","message":"Router-----view loan list","timestamp":"2025-03-28T10:27:51.826Z"}
{"level":"info","message":"Router-----get bank account","timestamp":"2025-03-28T10:30:16.641Z"}
{"level":"info","message":"Router-----Add bank account","timestamp":"2025-03-28T10:31:56.588Z"}
{"level":"info","message":"Router-----get bank account","timestamp":"2025-03-28T10:31:56.767Z"}
{"level":"info","message":"Router-----view bank fund list","timestamp":"2025-03-28T10:33:24.843Z"}
{"level":"info","message":"Router-----add bank fund","timestamp":"2025-03-28T10:33:33.808Z"}
{"level":"info","message":"Router-----add bank fund","timestamp":"2025-03-28T10:34:16.593Z"}
{"level":"info","message":"Router-----add bank fund","timestamp":"2025-03-28T10:34:23.678Z"}
{"level":"info","message":"Router-----view bank fund list","timestamp":"2025-03-28T10:34:23.863Z"}
{"level":"info","message":"Router-----view bank fund list","timestamp":"2025-03-28T10:34:32.408Z"}
{"level":"info","message":"Router-----view bank fund list","timestamp":"2025-03-28T10:34:34.786Z"}
{"level":"info","message":"Router-----add bank fund","timestamp":"2025-03-28T10:34:53.857Z"}
{"level":"info","message":"Router-----add bank fund","timestamp":"2025-03-28T10:35:45.278Z"}
{"level":"info","message":"Router-----get bank account","timestamp":"2025-03-28T10:35:45.414Z"}
{"level":"info","message":"Server running --- from server.ts","timestamp":"2025-03-28T10:35:58.413Z"}
{"level":"info","message":"Router-----get Customer and Agent","timestamp":"2025-03-28T10:36:03.526Z"}
{"level":"info","message":"Router-----get bank account","timestamp":"2025-03-28T10:36:04.411Z"}
{"level":"info","message":"Router-----Add bank account","timestamp":"2025-03-28T10:36:19.734Z"}
{"level":"info","message":"Router-----get bank account","timestamp":"2025-03-28T10:36:19.917Z"}
{"level":"info","message":"Router-----view bank fund list","timestamp":"2025-03-28T10:36:29.324Z"}
{"level":"info","message":"Router-----add bank fund","timestamp":"2025-03-28T10:36:31.571Z"}
{"level":"info","message":"Router-----add bank fund","timestamp":"2025-03-28T10:37:01.902Z"}
{"level":"info","message":"Router-----add bank fund","timestamp":"2025-03-28T10:37:07.840Z"}
{"level":"info","message":"Router-----view bank fund list","timestamp":"2025-03-28T10:37:08.010Z"}
{"level":"info","message":"Router-----add bank fund","timestamp":"2025-03-28T10:37:46.910Z"}
{"level":"info","message":"Router-----add bank fund","timestamp":"2025-03-28T10:37:53.526Z"}
{"level":"info","message":"Router-----view bank fund list","timestamp":"2025-03-28T10:37:53.712Z"}
{"level":"info","message":"Router-----add bank fund","timestamp":"2025-03-28T10:38:43.783Z"}
{"level":"info","message":"Router-----add bank fund","timestamp":"2025-03-28T10:38:49.998Z"}
{"level":"info","message":"Router-----view bank fund list","timestamp":"2025-03-28T10:38:50.184Z"}
{"level":"info","message":"Router-----add bank fund","timestamp":"2025-03-28T10:39:26.221Z"}
{"level":"info","message":"Router-----add bank fund","timestamp":"2025-03-28T10:39:34.425Z"}
{"level":"info","message":"Router-----view bank fund list","timestamp":"2025-03-28T10:39:34.612Z"}
{"level":"info","message":"Router-----list the product","timestamp":"2025-03-28T10:40:36.443Z"}
{"level":"info","message":"Router-----view loan list","timestamp":"2025-03-28T10:40:41.314Z"}
{"level":"info","message":"Server running --- from server.ts","timestamp":"2025-03-28T10:41:07.817Z"}
{"level":"info","message":"Router-----list the product","timestamp":"2025-03-28T10:41:15.560Z"}
{"level":"info","message":"Router-----add product","timestamp":"2025-03-28T10:45:46.629Z"}
{"level":"info","message":"Router-----list the product","timestamp":"2025-03-28T10:45:46.896Z"}
{"level":"info","message":"Router-----add product","timestamp":"2025-03-28T10:46:49.804Z"}
{"level":"info","message":"Router-----list the product","timestamp":"2025-03-28T10:46:50.099Z"}
{"level":"info","message":"Router-----add product","timestamp":"2025-03-28T10:48:48.939Z"}
{"level":"info","message":"Router-----list the product","timestamp":"2025-03-28T10:48:49.131Z"}
{"level":"info","message":"Router-----view loan list","timestamp":"2025-03-28T10:51:21.258Z"}
{"level":"info","message":"Router-----view loan list","timestamp":"2025-03-28T10:52:19.556Z"}
{"level":"info","message":"Router-----view loan list","timestamp":"2025-03-28T10:53:00.662Z"}
{"level":"info","message":"Router-----add Loan","timestamp":"2025-03-28T10:53:28.771Z"}
{"level":"info","message":"Router-----add Loan","timestamp":"2025-03-28T10:53:42.368Z"}
{"level":"info","message":"Router-----get bank account","timestamp":"2025-03-28T10:53:46.509Z"}
{"level":"info","message":"Router-----view bank fund list","timestamp":"2025-03-28T10:54:06.715Z"}
{"level":"info","message":"Router-----get Customer and Agent","timestamp":"2025-03-28T10:54:12.198Z"}
{"level":"info","message":"Router-----get bank account","timestamp":"2025-03-28T10:54:14.004Z"}
{"level":"info","message":"Router-----view bank fund list","timestamp":"2025-03-28T10:54:27.472Z"}
{"level":"info","message":"Router-----add bank fund","timestamp":"2025-03-28T10:54:29.525Z"}
{"level":"info","message":"Router-----add bank fund","timestamp":"2025-03-28T10:54:37.899Z"}
{"level":"info","message":"Server running --- from server.ts","timestamp":"2025-03-28T10:54:53.328Z"}
{"level":"info","message":"Router-----add bank fund","timestamp":"2025-03-28T10:55:19.411Z"}
{"level":"info","message":"Router-----add bank fund","timestamp":"2025-03-28T10:55:27.970Z"}
{"level":"info","message":"Router-----view bank fund list","timestamp":"2025-03-28T10:55:28.208Z"}
{"level":"info","message":"Router-----get bank account","timestamp":"2025-03-28T10:55:49.577Z"}
{"level":"info","message":"Router-----view loan list","timestamp":"2025-03-28T10:55:53.366Z"}
{"level":"info","message":"Router-----view loan list","timestamp":"2025-03-28T10:55:55.092Z"}
{"level":"info","message":"Router-----add Loan","timestamp":"2025-03-28T10:56:26.754Z"}
{"level":"info","message":"Router-----view loan list","timestamp":"2025-03-28T10:56:27.073Z"}
{"level":"info","message":"Router-----view loan list","timestamp":"2025-03-28T10:56:58.933Z"}
{"level":"info","message":"Router-----view loan list","timestamp":"2025-03-28T10:57:45.055Z"}
{"level":"info","message":"Router-----add Loan","timestamp":"2025-03-28T10:58:10.021Z"}
{"level":"info","message":"Router-----view loan list","timestamp":"2025-03-28T10:58:10.456Z"}
{"level":"info","message":"Router-----get Customer and Agent","timestamp":"2025-03-28T11:29:40.985Z"}
{"level":"info","message":"Router-----get Customer and Agent","timestamp":"2025-03-28T11:32:17.468Z"}
{"level":"info","message":"Router-----store Address","timestamp":"2025-03-28T11:32:28.563Z"}
{"level":"info","message":"Router-----Add New agent or customer","timestamp":"2025-03-28T11:32:28.645Z"}
{"level":"info","message":"Router-----get Customer and Agent","timestamp":"2025-03-28T11:32:28.952Z"}
{"level":"info","message":"Router-----store Address","timestamp":"2025-03-28T11:36:02.328Z"}
{"level":"info","message":"Router-----Add New agent or customer","timestamp":"2025-03-28T11:36:02.366Z"}
{"level":"info","message":"Router-----get Customer and Agent","timestamp":"2025-03-28T11:36:02.775Z"}
{"level":"info","message":"Router-----get Customer and Agent","timestamp":"2025-03-28T11:36:13.779Z"}
{"level":"info","message":"Router-----store Address","timestamp":"2025-03-28T11:36:25.051Z"}
{"level":"info","message":"Router-----Add New agent or customer","timestamp":"2025-03-28T11:36:25.090Z"}
{"level":"info","message":"Router-----get Customer and Agent","timestamp":"2025-03-28T11:36:25.207Z"}
{"level":"info","message":"Router-----store Address","timestamp":"2025-03-28T11:37:44.879Z"}
{"level":"info","message":"Router-----Add New agent or customer","timestamp":"2025-03-28T11:37:44.904Z"}
{"level":"info","message":"Router-----get Customer and Agent","timestamp":"2025-03-28T11:37:45.206Z"}
{"level":"info","message":"Router-----get Customer and Agent","timestamp":"2025-03-28T11:37:50.490Z"}
{"level":"info","message":"Router-----store Address","timestamp":"2025-03-28T11:37:59.485Z"}
{"level":"info","message":"Router-----Add New agent or customer","timestamp":"2025-03-28T11:37:59.512Z"}
{"level":"info","message":"Router-----get Customer and Agent","timestamp":"2025-03-28T11:37:59.560Z"}
{"level":"info","message":"Router-----get Customer and Agent","timestamp":"2025-03-28T11:39:35.809Z"}
{"level":"info","message":"Router-----get Customer and Agent","timestamp":"2025-03-28T11:39:43.506Z"}
{"level":"info","message":"Router-----store Address","timestamp":"2025-03-28T11:41:59.801Z"}
{"level":"info","message":"Router-----Add New agent or customer","timestamp":"2025-03-28T11:41:59.837Z"}
{"level":"info","message":"Router-----get Customer and Agent","timestamp":"2025-03-28T11:42:00.186Z"}
{"level":"info","message":"Router-----get Customer and Agent","timestamp":"2025-03-28T11:42:03.138Z"}
{"level":"info","message":"Router-----store Address","timestamp":"2025-03-28T11:46:37.990Z"}
{"level":"info","message":"Router-----Add New agent or customer","timestamp":"2025-03-28T11:46:38.029Z"}
{"level":"info","message":"Router-----get Customer and Agent","timestamp":"2025-03-28T11:46:38.382Z"}
{"level":"info","message":"Router-----get Customer and Agent","timestamp":"2025-03-28T11:46:44.240Z"}
{"level":"info","message":"Router-----get Customer and Agent","timestamp":"2025-03-28T11:57:44.348Z"}
{"level":"info","message":"Router-----get bank account","timestamp":"2025-03-28T12:18:23.999Z"}
{"level":"info","message":"Router-----get Customer and Agent","timestamp":"2025-03-28T12:18:26.933Z"}
{"level":"info","message":"Router-----get bank account","timestamp":"2025-03-28T12:18:28.309Z"}
{"level":"info","message":"Router-----view bank fund list","timestamp":"2025-03-28T12:18:39.669Z"}
{"level":"info","message":"Router-----add bank fund","timestamp":"2025-03-28T12:18:45.441Z"}
{"level":"info","message":"Router-----view bank fund list","timestamp":"2025-03-28T12:26:58.656Z"}
{"level":"info","message":"Router-----get bank account","timestamp":"2025-03-28T12:27:08.063Z"}
{"level":"info","message":"Router-----view bank fund list","timestamp":"2025-03-28T12:27:20.563Z"}
{"level":"info","message":"Router-----view bank fund list","timestamp":"2025-03-28T12:27:23.952Z"}
{"level":"info","message":"Router-----view bank fund list","timestamp":"2025-03-28T12:27:28.658Z"}
