{"level":"info","message":"ROUTE API CALL => \n http://localhost:6201/api/v1/newLoan/userListOption","timestamp":"2025-07-03T18:30:13.059Z"}
{"level":"info","message":"ROUTE API CALL => \n http://localhost:6201/api/v1/newLoan/userListOption","timestamp":"2025-07-03T18:30:18.748Z"}
{"level":"info","message":"ROUTE API CALL => \n http://localhost:6201/api/v1/settings/paymentMethod/getOption","timestamp":"2025-07-03T18:30:26.104Z"}
{"level":"info","message":"ROUTE API CALL => \n http://localhost:6201/api/v1/adminRoutes/getAllLoan","timestamp":"2025-07-03T18:30:58.984Z"}
{"level":"info","message":"ROUTE API CALL => \n http://localhost:6201/api/v1/cashFlow/getCashFlow","timestamp":"2025-07-03T18:30:59.604Z"}
{"level":"info","message":"ROUTE API CALL => \n http://localhost:6201/api/v1/adminRoutes/getBankFundList","timestamp":"2025-07-03T18:30:59.626Z"}
{"level":"info","message":"ROUTE API CALL => \n http://localhost:6201/api/v1/settings/LoanId/getOption","timestamp":"2025-07-03T18:31:01.097Z"}
{"level":"info","message":"ROUTE API CALL => \n http://localhost:6201/api/v1/settings/updateOption","timestamp":"2025-07-03T18:31:08.182Z"}
{"level":"info","message":"ROUTE API CALL => \n http://localhost:6201/api/v1/cashFlow/getCashFlow","timestamp":"2025-07-03T18:31:10.736Z"}
{"level":"info","message":"ROUTE API CALL => \n http://localhost:6201/api/v1/adminRoutes/getBankFundList","timestamp":"2025-07-03T18:31:10.749Z"}
{"level":"info","message":"ROUTE API CALL => \n http://localhost:6201/api/v1/cashFlow/getCashFlow","timestamp":"2025-07-03T18:31:11.828Z"}
{"level":"info","message":"ROUTE API CALL => \n http://localhost:6201/api/v1/adminRoutes/getAllLoan","timestamp":"2025-07-03T18:31:11.835Z"}
{"level":"info","message":"ROUTE API CALL => \n http://localhost:6201/api/v1/newLoan/userListOption","timestamp":"2025-07-03T18:31:12.997Z"}
{"level":"info","message":"ROUTE API CALL 685=> \n http://localhost:6201/api/v1/adminRoutes/addLoanOption","timestamp":"2025-07-03T18:31:16.843Z"}
{"level":"info","message":"ROUTE API CALL => \n http://localhost:6201/api/v1/settings/paymentMethod/getOption","timestamp":"2025-07-03T18:31:16.861Z"}
{"level":"info","message":"ROUTE API CALL => \n http://localhost:6201/api/v1/adminRoutes/getLoan","timestamp":"2025-07-03T18:31:16.899Z"}
{"level":"info","message":"ROUTE API CALL 685=> \n http://localhost:6201/api/v1/adminRoutes/addLoanOption","timestamp":"2025-07-03T18:31:24.666Z"}
{"level":"info","message":"ROUTE API CALL => \n http://localhost:6201/api/v1/settings/paymentMethod/getOption","timestamp":"2025-07-03T18:31:24.679Z"}
{"level":"info","message":"ROUTE API CALL => \n http://localhost:6201/api/v1/adminRoutes/getLoan","timestamp":"2025-07-03T18:31:24.704Z"}
{"level":"info","message":"ROUTE API CALL 685=> \n http://localhost:6201/api/v1/adminRoutes/addLoanOption","timestamp":"2025-07-03T18:31:32.419Z"}
{"level":"info","message":"ROUTE API CALL => \n http://localhost:6201/api/v1/settings/paymentMethod/getOption","timestamp":"2025-07-03T18:31:32.431Z"}
{"level":"info","message":"ROUTE API CALL => \n http://localhost:6201/api/v1/adminRoutes/getLoan","timestamp":"2025-07-03T18:31:32.461Z"}
{"level":"info","message":"ROUTE API CALL => \n http://localhost:6201/api/v1/newLoan/selectedLoanDetailsV1","timestamp":"2025-07-03T18:31:35.434Z"}
{"level":"info","message":"ROUTE API CALL => \n http://localhost:6201/api/v1/settings/paymentMethod/getOption","timestamp":"2025-07-03T18:31:35.554Z"}
{"level":"info","message":"ROUTE API CALL => \n http://localhost:6201/api/v1/adminRoutes/getLoan","timestamp":"2025-07-03T18:31:35.604Z"}
{"level":"info","message":"ROUTE API CALL => \n http://localhost:6201/api/v1/settings/paymentMethod/getOption","timestamp":"2025-07-03T18:31:59.875Z"}
{"level":"info","message":"ROUTE API CALL => \n http://localhost:6201/api/v1/newLoan/userListOption","timestamp":"2025-07-03T18:33:17.073Z"}
{"level":"info","message":"ROUTE API CALL => \n http://localhost:6201/api/v1/newLoan/userListOption","timestamp":"2025-07-03T18:33:35.478Z"}
{"level":"info","message":"ROUTE API CALL => \n http://localhost:6201/api/v1/newLoan/userListOption","timestamp":"2025-07-03T18:33:36.202Z"}
{"level":"info","message":"ROUTE API CALL => \n http://localhost:6201/api/v1/newLoan/userListOption","timestamp":"2025-07-03T18:33:48.056Z"}
{"level":"info","message":"ROUTE API CALL => \n http://localhost:6201/api/v1/newLoan/userListOption","timestamp":"2025-07-03T18:33:48.765Z"}
{"level":"info","message":"ROUTE API CALL => \n http://localhost:6201/api/v1/newLoan/userListOption","timestamp":"2025-07-03T18:33:49.408Z"}
{"level":"info","message":"ROUTE API CALL => \n http://localhost:6201/api/v1/newLoan/userListOption","timestamp":"2025-07-03T18:34:02.850Z"}
{"level":"info","message":"ROUTE API CALL => \n http://localhost:6201/api/v1/newLoan/userListOption","timestamp":"2025-07-03T18:34:02.962Z"}
{"level":"info","message":"ROUTE API CALL => \n http://localhost:6201/api/v1/newLoan/userListOption","timestamp":"2025-07-03T18:34:45.018Z"}
{"level":"info","message":"ROUTE API CALL => \n http://localhost:6201/api/v1/newLoan/userListOption","timestamp":"2025-07-03T18:34:54.833Z"}
{"level":"info","message":"ROUTE API CALL => \n http://localhost:6201/api/v1/newLoan/userListOption","timestamp":"2025-07-03T18:34:56.769Z"}
{"level":"info","message":"ROUTE API CALL => \n http://localhost:6201/api/v1/newLoan/userListOption","timestamp":"2025-07-03T18:34:58.877Z"}
{"level":"info","message":"ROUTE API CALL => \n http://localhost:6201/api/v1/newLoan/userListOption","timestamp":"2025-07-03T18:35:06.055Z"}
{"level":"info","message":"ROUTE API CALL => \n http://localhost:6201/api/v1/newLoan/userListOption","timestamp":"2025-07-03T18:35:11.742Z"}
{"level":"info","message":"ROUTE API CALL => \n http://localhost:6201/api/v1/newLoan/userListOption","timestamp":"2025-07-03T18:35:31.087Z"}
{"level":"info","message":"ROUTE API CALL => \n http://localhost:6201/api/v1/newLoan/userListOption","timestamp":"2025-07-03T18:35:33.643Z"}
{"level":"info","message":"ROUTE API CALL => \n http://localhost:6201/api/v1/newLoan/userListOption","timestamp":"2025-07-03T18:35:41.376Z"}
{"level":"info","message":"ROUTE API CALL => \n http://localhost:6201/api/v1/newLoan/userListOption","timestamp":"2025-07-03T18:35:55.498Z"}
{"level":"info","message":"ROUTE API CALL => \n http://localhost:6201/api/v1/newLoan/userListOption","timestamp":"2025-07-03T18:36:03.753Z"}
{"level":"info","message":"ROUTE API CALL => \n http://localhost:6201/api/v1/newLoan/userListOption","timestamp":"2025-07-03T18:36:10.617Z"}
{"level":"info","message":"ROUTE API CALL => \n http://localhost:6201/api/v1/newLoan/userListOption","timestamp":"2025-07-03T18:36:18.756Z"}
{"level":"info","message":"ROUTE API CALL => \n http://localhost:6201/api/v1/newLoan/userListOption","timestamp":"2025-07-03T18:36:22.773Z"}
{"level":"info","message":"ROUTE API CALL => \n http://localhost:6201/api/v1/newLoan/userListOption","timestamp":"2025-07-03T18:36:29.633Z"}
{"level":"info","message":"ROUTE API CALL => \n http://localhost:6201/api/v1/newLoan/userListOption","timestamp":"2025-07-03T18:36:33.752Z"}
{"level":"info","message":"ROUTE API CALL => \n http://localhost:6201/api/v1/newLoan/userListOption","timestamp":"2025-07-03T18:36:34.806Z"}
{"level":"info","message":"ROUTE API CALL => \n http://localhost:6201/api/v1/newLoan/userListOption","timestamp":"2025-07-03T18:36:39.775Z"}
{"level":"info","message":"ROUTE API CALL => \n http://localhost:6201/api/v1/newLoan/userListOption","timestamp":"2025-07-03T18:36:41.749Z"}
{"level":"info","message":"ROUTE API CALL => \n http://localhost:6201/api/v1/newLoan/userListOption","timestamp":"2025-07-03T18:36:52.740Z"}
{"level":"info","message":"ROUTE API CALL => \n http://localhost:6201/api/v1/newLoan/userListOption","timestamp":"2025-07-03T18:36:55.739Z"}
{"level":"info","message":"ROUTE API CALL => \n http://localhost:6201/api/v1/newLoan/userListOption","timestamp":"2025-07-03T18:37:01.497Z"}
{"level":"info","message":"ROUTE API CALL => \n http://localhost:6201/api/v1/newLoan/userListOption","timestamp":"2025-07-03T18:37:12.959Z"}
{"level":"info","message":"ROUTE API CALL => \n http://localhost:6201/api/v1/newLoan/userListOption","timestamp":"2025-07-03T18:37:15.906Z"}
{"level":"info","message":"ROUTE API CALL => \n http://localhost:6201/api/v1/newLoan/userListOption","timestamp":"2025-07-03T18:37:36.933Z"}
{"level":"info","message":"ROUTE API CALL => \n http://localhost:6201/api/v1/newLoan/userListOption","timestamp":"2025-07-03T18:37:43.040Z"}
{"level":"info","message":"ROUTE API CALL => \n http://localhost:6201/api/v1/newLoan/userListOption","timestamp":"2025-07-03T18:37:55.081Z"}
{"level":"info","message":"ROUTE API CALL => \n http://localhost:6201/api/v1/newLoan/userListOption","timestamp":"2025-07-03T18:37:57.766Z"}
{"level":"info","message":"ROUTE API CALL => \n http://localhost:6201/api/v1/newLoan/userListOption","timestamp":"2025-07-03T18:38:00.762Z"}
{"level":"info","message":"ROUTE API CALL => \n http://localhost:6201/api/v1/newLoan/userListOption","timestamp":"2025-07-03T18:38:05.363Z"}
{"level":"info","message":"ROUTE API CALL => \n http://localhost:6201/api/v1/newLoan/userListOption","timestamp":"2025-07-03T18:38:14.767Z"}
{"level":"info","message":"ROUTE API CALL => \n http://localhost:6201/api/v1/newLoan/userListOption","timestamp":"2025-07-03T18:38:17.692Z"}
{"level":"info","message":"ROUTE API CALL => \n http://localhost:6201/api/v1/newLoan/userListOption","timestamp":"2025-07-03T18:38:26.569Z"}
{"level":"info","message":"ROUTE API CALL => \n http://localhost:6201/api/v1/newLoan/userListOption","timestamp":"2025-07-03T18:38:35.744Z"}
{"level":"info","message":"ROUTE API CALL => \n http://localhost:6201/api/v1/newLoan/userListOption","timestamp":"2025-07-03T18:38:38.029Z"}
{"level":"info","message":"ROUTE API CALL => \n http://localhost:6201/api/v1/newLoan/userListOption","timestamp":"2025-07-03T18:38:42.198Z"}
{"level":"info","message":"ROUTE API CALL => \n http://localhost:6201/api/v1/newLoan/userListOption","timestamp":"2025-07-03T18:38:51.520Z"}
{"level":"info","message":"ROUTE API CALL => \n http://localhost:6201/api/v1/newLoan/userListOption","timestamp":"2025-07-03T18:38:56.743Z"}
{"level":"info","message":"ROUTE API CALL => \n http://localhost:6201/api/v1/newLoan/userListOption","timestamp":"2025-07-03T18:38:59.788Z"}
{"level":"info","message":"ROUTE API CALL 685=> \n http://localhost:6201/api/v1/adminRoutes/addLoanOption","timestamp":"2025-07-03T18:42:58.747Z"}
{"level":"info","message":"ROUTE API CALL => \n http://localhost:6201/api/v1/settings/paymentMethod/getOption","timestamp":"2025-07-03T18:42:58.753Z"}
{"level":"info","message":"ROUTE API CALL => \n http://localhost:6201/api/v1/adminRoutes/getLoan","timestamp":"2025-07-03T18:42:58.823Z"}
{"level":"info","message":"ROUTE API CALL => \n http://localhost:6201/api/v1/newLoan/selectedLoanDetailsV1","timestamp":"2025-07-03T18:43:01.270Z"}
{"level":"info","message":"ROUTE API CALL => \n http://localhost:6201/api/v1/settings/paymentMethod/getOption","timestamp":"2025-07-03T18:43:01.330Z"}
{"level":"info","message":"ROUTE API CALL => \n http://localhost:6201/api/v1/adminRoutes/getLoan","timestamp":"2025-07-03T18:43:01.579Z"}
{"level":"info","message":"ROUTE API CALL => \n http://localhost:6201/api/v1/settings/paymentMethod/getOption","timestamp":"2025-07-03T18:43:09.674Z"}
{"level":"info","message":"ROUTE API CALL => \n http://localhost:6201/api/v1/settings/paymentMethod/getOption","timestamp":"2025-07-03T18:43:09.684Z"}
{"level":"info","message":"ROUTE API CALL => \n http://localhost:6201/api/v1/settings/paymentMethod/getOption","timestamp":"2025-07-03T18:43:09.739Z"}
{"level":"info","message":"ROUTE API CALL => \n http://localhost:6201/api/v1/settings/paymentMethod/getOption","timestamp":"2025-07-03T18:43:09.749Z"}
{"level":"info","message":"ROUTE API CALL => \n http://localhost:6201/api/v1/settings/paymentMethod/getOption","timestamp":"2025-07-03T18:43:09.760Z"}
{"level":"info","message":"ROUTE API CALL => \n http://localhost:6201/api/v1/settings/paymentMethod/getOption","timestamp":"2025-07-03T18:43:11.465Z"}
{"level":"info","message":"ROUTE API CALL => \n http://localhost:6201/api/v1/settings/paymentMethod/getOption","timestamp":"2025-07-03T18:43:13.490Z"}
{"level":"info","message":"ROUTE API CALL => \n http://localhost:6201/api/v1/settings/paymentMethod/getOption","timestamp":"2025-07-03T18:43:15.352Z"}
{"level":"info","message":"ROUTE API CALL => \n http://localhost:6201/api/v1/settings/paymentMethod/getOption","timestamp":"2025-07-03T18:43:16.871Z"}
{"level":"info","message":"ROUTE API CALL => \n http://localhost:6201/api/v1/settings/paymentMethod/getOption","timestamp":"2025-07-03T18:43:17.095Z"}
{"level":"info","message":"ROUTE API CALL => \n http://localhost:6201/api/v1/settings/paymentMethod/getOption","timestamp":"2025-07-03T18:43:17.303Z"}
{"level":"info","message":"ROUTE API CALL => \n http://localhost:6201/api/v1/settings/paymentMethod/getOption","timestamp":"2025-07-03T18:43:17.601Z"}
{"level":"info","message":"ROUTE API CALL => \n http://localhost:6201/api/v1/settings/paymentMethod/getOption","timestamp":"2025-07-03T18:43:23.458Z"}
{"level":"info","message":"ROUTE API CALL => \n http://localhost:6201/api/v1/settings/paymentMethod/getOption","timestamp":"2025-07-03T18:43:24.630Z"}
{"level":"info","message":"ROUTE API CALL => \n http://localhost:6201/api/v1/newLoan/CreateNewLoan","timestamp":"2025-07-03T18:43:36.496Z"}
{"level":"info","message":"ROUTE API CALL => \n http://localhost:6201/api/v1/adminRoutes/getAllLoan","timestamp":"2025-07-03T18:43:37.623Z"}
{"level":"info","message":"ROUTE API CALL => \n http://localhost:6201/api/v1/adminRoutes/getBankFundList","timestamp":"2025-07-03T18:44:57.003Z"}
{"level":"info","message":"ROUTE API CALL => \n http://localhost:6201/api/v1/cashFlow/getCashFlow","timestamp":"2025-07-03T18:44:57.007Z"}
{"level":"info","message":"ROUTE API CALL => \n http://localhost:6201/api/v1/settings/CustomerId/getOption","timestamp":"2025-07-03T18:44:58.246Z"}
{"level":"info","message":"ROUTE API CALL => \n http://localhost:6201/api/v1/settings/updateOption","timestamp":"2025-07-03T18:45:01.593Z"}
{"level":"info","message":"ROUTE API CALL => \n http://localhost:6201/api/v1/cashFlow/getCashFlow","timestamp":"2025-07-03T18:45:03.727Z"}
{"level":"info","message":"ROUTE API CALL => \n http://localhost:6201/api/v1/adminRoutes/getAllLoan","timestamp":"2025-07-03T18:45:03.737Z"}
{"level":"info","message":"ROUTE API CALL => \n http://localhost:6201/api/v1/rePayment/loanDetails","timestamp":"2025-07-03T18:45:14.126Z"}
{"level":"info","message":"ROUTE API CALL => \n http://localhost:6201/api/v1/rePayment/loanAudit","timestamp":"2025-07-03T18:45:14.197Z"}
{"level":"info","message":"ROUTE API CALL => \n http://localhost:6201/api/v1/rePayment/loanCloseData","timestamp":"2025-07-03T18:45:15.700Z"}
{"level":"info","message":"ROUTE API CALL 685=> \n http://localhost:6201/api/v1/adminRoutes/addLoanOption","timestamp":"2025-07-03T18:45:15.711Z"}
{"level":"info","message":"ROUTE API CALL => \n http://localhost:6201/api/v1/rePayment/loanDetails","timestamp":"2025-07-03T18:45:15.721Z"}
{"level":"info","message":"ROUTE API CALL => \n http://localhost:6201/api/v1/settings/paymentMethod/getOption","timestamp":"2025-07-03T18:45:15.735Z"}
{"level":"info","message":"ROUTE API CALL => \n http://localhost:6201/api/v1/adminRoutes/getAllLoan","timestamp":"2025-07-03T18:45:18.071Z"}
{"level":"info","message":"ROUTE API CALL => \n http://localhost:6201/api/v1/rePayment/loanDetails","timestamp":"2025-07-03T18:45:51.680Z"}
{"level":"info","message":"ROUTE API CALL => \n http://localhost:6201/api/v1/rePayment/loanAudit","timestamp":"2025-07-03T18:45:51.937Z"}
{"level":"info","message":"ROUTE API CALL => \n http://localhost:6201/api/v1/cashFlow/getCashFlow","timestamp":"2025-07-03T20:15:11.704Z"}
{"level":"info","message":"ROUTE API CALL => \n http://localhost:6201/api/v1/adminRoutes/getAllLoan","timestamp":"2025-07-03T20:15:11.725Z"}
{"level":"info","message":"ROUTE API CALL => \n http://localhost:6201/api/v1/cashFlow/getCashFlow","timestamp":"2025-07-04T03:47:26.249Z"}
{"level":"info","message":"ROUTE API CALL => \n http://localhost:6201/api/v1/adminRoutes/getAllLoan","timestamp":"2025-07-04T03:47:26.313Z"}
{"level":"info","message":"ROUTE API CALL => \n http://localhost:6201/api/v1/cashFlow/getCashFlow","timestamp":"2025-07-04T03:47:42.838Z"}
{"level":"info","message":"ROUTE API CALL => \n http://localhost:6201/api/v1/adminRoutes/getAllLoan","timestamp":"2025-07-04T03:47:42.848Z"}
{"level":"info","message":"ROUTE API CALL => \n http://localhost:6201/api/v1/cashFlow/getCashFlow","timestamp":"2025-07-04T04:18:14.524Z"}
{"level":"info","message":"ROUTE API CALL => \n http://localhost:6201/api/v1/product/list","timestamp":"2025-07-04T04:18:14.545Z"}
{"level":"info","message":"ROUTE API CALL => \n http://localhost:6201/api/v1/product/productOptions","timestamp":"2025-07-04T04:18:17.074Z"}
{"level":"info","message":"Server running --- from server.ts","timestamp":"2025-07-04T09:37:39.289Z"}
{"level":"info","message":"ROUTE API CALL => \n http://localhost:6201/api/v1/adminRoutes/adminLogin","timestamp":"2025-07-04T09:39:56.522Z"}
{"level":"info","message":"ROUTE API CALL => \n http://localhost:6201/api/v1/cashFlow/getCashFlow","timestamp":"2025-07-04T09:39:57.875Z"}
{"level":"info","message":"ROUTE API CALL => \n http://localhost:6201/api/v1/refDashboard/Count","timestamp":"2025-07-04T09:39:57.889Z"}
{"level":"info","message":"ROUTE API CALL => \n http://localhost:6201/api/v1/refDashboard/Count","timestamp":"2025-07-04T09:39:57.904Z"}
{"level":"info","message":"ROUTE API CALL => \n http://localhost:6201/api/v1/cashFlow/getCashFlow","timestamp":"2025-07-04T09:40:00.786Z"}
{"level":"info","message":"ROUTE API CALL => \n http://localhost:6201/api/v1/adminRoutes/getAllLoan","timestamp":"2025-07-04T09:40:00.798Z"}
{"level":"info","message":"ROUTE API CALL => \n http://localhost:6201/api/v1/newLoan/userListOption","timestamp":"2025-07-04T09:40:02.084Z"}
{"level":"info","message":"ROUTE API CALL 685=> \n http://localhost:6201/api/v1/adminRoutes/addLoanOption","timestamp":"2025-07-04T09:40:07.995Z"}
{"level":"info","message":"ROUTE API CALL => \n http://localhost:6201/api/v1/settings/paymentMethod/getOption","timestamp":"2025-07-04T09:40:08.016Z"}
{"level":"info","message":"ROUTE API CALL => \n http://localhost:6201/api/v1/adminRoutes/getLoan","timestamp":"2025-07-04T09:40:08.100Z"}
{"level":"info","message":"ROUTE API CALL 685=> \n http://localhost:6201/api/v1/adminRoutes/addLoanOption","timestamp":"2025-07-04T09:40:11.220Z"}
{"level":"info","message":"ROUTE API CALL => \n http://localhost:6201/api/v1/settings/paymentMethod/getOption","timestamp":"2025-07-04T09:40:11.231Z"}
{"level":"info","message":"ROUTE API CALL => \n http://localhost:6201/api/v1/adminRoutes/getLoan","timestamp":"2025-07-04T09:40:11.343Z"}
{"level":"info","message":"ROUTE API CALL => \n http://localhost:6201/api/v1/settings/paymentMethod/getOption","timestamp":"2025-07-04T09:40:28.606Z"}
{"level":"info","message":"ROUTE API CALL => \n http://localhost:6201/api/v1/settings/paymentMethod/getOption","timestamp":"2025-07-04T09:42:24.631Z"}
{"level":"info","message":"ROUTE API CALL => \n http://localhost:6201/api/v1/newLoan/userListOption","timestamp":"2025-07-04T09:43:53.697Z"}
{"level":"info","message":"ROUTE API CALL => \n http://localhost:6201/api/v1/newLoan/userListOption","timestamp":"2025-07-04T09:43:55.314Z"}
{"level":"info","message":"ROUTE API CALL => \n http://localhost:6201/api/v1/newLoan/userListOption","timestamp":"2025-07-04T09:43:58.295Z"}
{"level":"info","message":"ROUTE API CALL => \n http://localhost:6201/api/v1/newLoan/userListOption","timestamp":"2025-07-04T09:44:00.372Z"}
{"level":"info","message":"ROUTE API CALL => \n http://localhost:6201/api/v1/newLoan/userListOption","timestamp":"2025-07-04T09:44:02.266Z"}
{"level":"info","message":"ROUTE API CALL => \n http://localhost:6201/api/v1/settings/paymentMethod/getOption","timestamp":"2025-07-04T09:44:18.002Z"}
{"level":"info","message":"ROUTE API CALL => \n http://localhost:6201/api/v1/adminRoutes/getAllLoan","timestamp":"2025-07-04T09:45:24.354Z"}
{"level":"info","message":"ROUTE API CALL => \n http://localhost:6201/api/v1/cashFlow/getCashFlow","timestamp":"2025-07-04T09:45:25.890Z"}
{"level":"info","message":"ROUTE API CALL => \n http://localhost:6201/api/v1/adminRoutes/getBankFundList","timestamp":"2025-07-04T09:45:25.905Z"}
{"level":"info","message":"ROUTE API CALL => \n http://localhost:6201/api/v1/settings/LoanId/getOption","timestamp":"2025-07-04T09:45:26.827Z"}
{"level":"info","message":"ROUTE API CALL => \n http://localhost:6201/api/v1/cashFlow/getCashFlow","timestamp":"2025-07-04T09:45:48.070Z"}
{"level":"info","message":"ROUTE API CALL => \n http://localhost:6201/api/v1/adminRoutes/getAllLoan","timestamp":"2025-07-04T09:45:48.083Z"}
{"level":"info","message":"ROUTE API CALL => \n http://localhost:6201/api/v1/newLoan/userListOption","timestamp":"2025-07-04T09:45:49.692Z"}
{"level":"info","message":"ROUTE API CALL 685=> \n http://localhost:6201/api/v1/adminRoutes/addLoanOption","timestamp":"2025-07-04T09:45:57.384Z"}
{"level":"info","message":"ROUTE API CALL => \n http://localhost:6201/api/v1/settings/paymentMethod/getOption","timestamp":"2025-07-04T09:45:57.405Z"}
{"level":"info","message":"ROUTE API CALL => \n http://localhost:6201/api/v1/adminRoutes/getLoan","timestamp":"2025-07-04T09:45:57.454Z"}
{"level":"info","message":"ROUTE API CALL => \n http://localhost:6201/api/v1/settings/paymentMethod/getOption","timestamp":"2025-07-04T09:47:27.922Z"}
{"level":"info","message":"ROUTE API CALL => \n http://localhost:6201/api/v1/newLoan/userListOption","timestamp":"2025-07-04T10:04:32.585Z"}
{"level":"info","message":"ROUTE API CALL => \n http://localhost:6201/api/v1/newLoan/userListOption","timestamp":"2025-07-04T10:04:34.237Z"}
{"level":"info","message":"ROUTE API CALL => \n http://localhost:6201/api/v1/settings/paymentMethod/getOption","timestamp":"2025-07-04T10:05:16.598Z"}
{"level":"info","message":"ROUTE API CALL => \n http://localhost:6201/api/v1/settings/paymentMethod/getOption","timestamp":"2025-07-04T10:05:16.715Z"}
{"level":"info","message":"ROUTE API CALL => \n http://localhost:6201/api/v1/settings/paymentMethod/getOption","timestamp":"2025-07-04T10:05:16.735Z"}
{"level":"info","message":"ROUTE API CALL => \n http://localhost:6201/api/v1/settings/paymentMethod/getOption","timestamp":"2025-07-04T10:05:16.749Z"}
{"level":"info","message":"ROUTE API CALL => \n http://192.168.29.35:6201/api/v1/test/GenerateURL","timestamp":"2025-07-04T10:56:11.106Z"}
{"level":"info","message":"Server running --- from server.ts","timestamp":"2025-07-04T11:21:23.468Z"}
{"level":"info","message":"Server running --- from server.ts","timestamp":"2025-07-04T11:21:56.293Z"}
{"level":"info","message":"Server running --- from server.ts","timestamp":"2025-07-04T11:23:05.601Z"}
{"level":"info","message":"Server running --- from server.ts","timestamp":"2025-07-04T11:23:34.091Z"}
{"level":"info","message":"Server running --- from server.ts","timestamp":"2025-07-04T11:24:30.937Z"}
{"level":"info","message":"Server running --- from server.ts","timestamp":"2025-07-04T11:24:56.610Z"}
{"level":"info","message":"Server running --- from server.ts","timestamp":"2025-07-04T11:25:06.394Z"}
{"level":"info","message":"Server running --- from server.ts","timestamp":"2025-07-04T11:25:57.944Z"}
{"level":"info","message":"Server running --- from server.ts","timestamp":"2025-07-04T11:26:07.802Z"}
{"level":"info","message":"ROUTE API CALL => \n http://localhost:6201/api/v1/test/GetFileObjectUrl","timestamp":"2025-07-04T11:28:09.800Z"}
{"level":"info","message":"Server running --- from server.ts","timestamp":"2025-07-04T11:28:55.593Z"}
{"level":"info","message":"ROUTE API CALL => \n http://localhost:6201/api/v1/test/GetFileObjectUrl","timestamp":"2025-07-04T11:28:55.984Z"}
{"level":"info","message":"Server running --- from server.ts","timestamp":"2025-07-04T11:29:29.593Z"}
{"level":"info","message":"ROUTE API CALL => \n http://localhost:6201/api/v1/test/GetFileObjectUrl","timestamp":"2025-07-04T11:29:31.848Z"}
{"level":"info","message":"Server running --- from server.ts","timestamp":"2025-07-04T11:30:03.942Z"}
{"level":"info","message":"Server running --- from server.ts","timestamp":"2025-07-04T11:30:22.834Z"}
{"level":"info","message":"ROUTE API CALL => \n http://localhost:6201/api/v1/test/GetFileObjectUrl","timestamp":"2025-07-04T11:30:23.019Z"}
{"level":"info","message":"ROUTE API CALL => \n http://localhost:6201/api/v1/adminRoutes/getAllLoan","timestamp":"2025-07-04T11:44:25.184Z"}
{"level":"info","message":"ROUTE API CALL => \n http://localhost:6201/api/v1/adminRoutes/getBankFundList","timestamp":"2025-07-04T11:44:26.254Z"}
{"level":"info","message":"ROUTE API CALL => \n http://localhost:6201/api/v1/cashFlow/getCashFlow","timestamp":"2025-07-04T11:44:26.267Z"}
{"level":"info","message":"ROUTE API CALL => \n http://localhost:6201/api/v1/settings/LoanId/getOption","timestamp":"2025-07-04T11:44:28.525Z"}
{"level":"info","message":"ROUTE API CALL => \n http://localhost:6201/api/v1/cashFlow/getCashFlow","timestamp":"2025-07-04T11:44:40.221Z"}
{"level":"info","message":"ROUTE API CALL => \n http://localhost:6201/api/v1/product/list","timestamp":"2025-07-04T11:44:40.262Z"}
{"level":"info","message":"ROUTE API CALL => \n http://localhost:6201/api/v1/product/productOptions","timestamp":"2025-07-04T11:44:42.078Z"}
{"level":"info","message":"ROUTE API CALL => \n http://localhost:6201/api/v1/product/list","timestamp":"2025-07-04T11:44:49.655Z"}
{"level":"info","message":"ROUTE API CALL => \n http://localhost:6201/api/v1/cashFlow/getCashFlow","timestamp":"2025-07-04T11:50:20.636Z"}
{"level":"info","message":"ROUTE API CALL => \n http://localhost:6201/api/v1/adminRoutes/getBankFundList","timestamp":"2025-07-04T11:50:20.673Z"}
{"level":"info","message":"ROUTE API CALL => \n http://localhost:6201/api/v1/cashFlow/getCashFlow","timestamp":"2025-07-04T11:50:22.282Z"}
{"level":"info","message":"ROUTE API CALL => \n http://localhost:6201/api/v1/adminRoutes/getBankAccountList","timestamp":"2025-07-04T11:50:22.302Z"}
{"level":"info","message":"ROUTE API CALL => \n http://localhost:6201/api/v1/settings/paymentMethod/getOption","timestamp":"2025-07-04T11:50:22.314Z"}
{"level":"info","message":"ROUTE API CALL => \n http://localhost:6201/api/v1/cashFlow/getCashFlow","timestamp":"2025-07-04T11:50:23.962Z"}
{"level":"info","message":"ROUTE API CALL => \n http://localhost:6201/api/v1/product/list","timestamp":"2025-07-04T11:50:23.978Z"}
{"level":"info","message":"ROUTE API CALL => \n http://localhost:6201/api/v1/product/productOptions","timestamp":"2025-07-04T11:50:25.996Z"}
{"level":"info","message":"ROUTE API CALL => \n http://localhost:6201/api/v1/product/list","timestamp":"2025-07-04T11:50:28.497Z"}
