{"level":"info","message":"ROUTE API CALL => \n http://localhost:6200/api/v1/adminRoutes/getLoanAndUser","timestamp":"2025-04-16T19:32:20.750Z"}
{"level":"info","message":"ROUTE API CALL => \n http://localhost:6200/api/v1/adminRoutes/getLoan","timestamp":"2025-04-16T19:32:30.029Z"}
{"level":"info","message":"ROUTE API CALL => \n http://localhost:6200/api/v1/rePayment/loanDetails","timestamp":"2025-04-16T19:32:30.047Z"}
{"level":"info","message":"ROUTE API CALL => \n http://localhost:6200/api/v1/adminRoutes/getLoan","timestamp":"2025-04-16T19:32:35.053Z"}
{"level":"info","message":"ROUTE API CALL => \n http://localhost:6200/api/v1/rePayment/loanDetails","timestamp":"2025-04-16T19:32:35.055Z"}
{"level":"info","message":"ROUTE API CALL => \n http://localhost:6200/api/v1/rePayment/loanAudit","timestamp":"2025-04-16T19:32:40.743Z"}
{"level":"info","message":"ROUTE API CALL => \n http://localhost:6200/api/v1/rePayment/loanAudit","timestamp":"2025-04-16T19:34:36.524Z"}
{"level":"info","message":"ROUTE API CALL => \n http://localhost:6200/api/v1/rePayment/loanAudit","timestamp":"2025-04-16T19:34:51.712Z"}
{"level":"info","message":"ROUTE API CALL => \n http://localhost:6200/api/v1/rePayment/loanAudit","timestamp":"2025-04-16T19:35:15.404Z"}
{"level":"info","message":"ROUTE API CALL => \n http://localhost:6200/api/v1/adminRoutes/getLoan","timestamp":"2025-04-16T19:37:59.545Z"}
{"level":"info","message":"ROUTE API CALL => \n http://localhost:6200/api/v1/rePayment/loanDetails","timestamp":"2025-04-16T19:37:59.562Z"}
{"level":"info","message":"ROUTE API CALL => \n http://localhost:6200/api/v1/adminRoutes/getLoan","timestamp":"2025-04-16T19:38:04.253Z"}
{"level":"info","message":"ROUTE API CALL => \n http://localhost:6200/api/v1/rePayment/loanDetails","timestamp":"2025-04-16T19:38:04.257Z"}
{"level":"info","message":"ROUTE API CALL => \n http://localhost:6200/api/v1/adminRoutes/getLoanAndUser","timestamp":"2025-04-16T19:38:25.363Z"}
{"level":"info","message":"ROUTE API CALL => \n http://localhost:6200/api/v1/adminRoutes/getLoan","timestamp":"2025-04-16T19:38:27.351Z"}
{"level":"info","message":"ROUTE API CALL => \n http://localhost:6200/api/v1/rePayment/loanDetails","timestamp":"2025-04-16T19:38:27.363Z"}
{"level":"info","message":"ROUTE API CALL => \n http://localhost:6200/api/v1/rePayment/loanAudit","timestamp":"2025-04-16T19:38:35.931Z"}
{"level":"info","message":"ROUTE API CALL => \n http://localhost:6200/api/v1/rePayment/loanAudit","timestamp":"2025-04-16T19:38:37.849Z"}
{"level":"info","message":"ROUTE API CALL => \n http://localhost:6200/api/v1/rePayment/loanAudit","timestamp":"2025-04-16T19:40:17.244Z"}
{"level":"info","message":"ROUTE API CALL => \n http://localhost:6200/api/v1/rePayment/loanAudit","timestamp":"2025-04-16T19:40:25.270Z"}
{"level":"info","message":"ROUTE API CALL => \n http://localhost:6200/api/v1/rePayment/loanAudit","timestamp":"2025-04-16T19:40:31.995Z"}
{"level":"info","message":"ROUTE API CALL => \n http://localhost:6200/api/v1/rePayment/loanAudit","timestamp":"2025-04-16T19:41:28.539Z"}
{"level":"info","message":"ROUTE API CALL => \n http://localhost:6200/api/v1/rePayment/loanAudit","timestamp":"2025-04-16T19:41:39.732Z"}
{"level":"info","message":"ROUTE API CALL => \n http://localhost:6200/api/v1/rePayment/loanAudit","timestamp":"2025-04-16T19:41:45.171Z"}
{"level":"info","message":"ROUTE API CALL => \n http://localhost:6200/api/v1/rePayment/loanAudit","timestamp":"2025-04-16T19:41:48.332Z"}
{"level":"info","message":"ROUTE API CALL => \n http://localhost:6200/api/v1/rePayment/loanAudit","timestamp":"2025-04-16T19:41:56.490Z"}
{"level":"info","message":"ROUTE API CALL => \n http://localhost:6200/api/v1/rePayment/loanAudit","timestamp":"2025-04-16T19:42:08.050Z"}
{"level":"info","message":"ROUTE API CALL => \n http://localhost:6200/api/v1/adminRoutes/getLoan","timestamp":"2025-04-16T19:49:28.558Z"}
{"level":"info","message":"ROUTE API CALL => \n http://localhost:6200/api/v1/rePayment/loanDetails","timestamp":"2025-04-16T19:49:28.561Z"}
{"level":"info","message":"ROUTE API CALL => \n http://localhost:6200/api/v1/adminRoutes/getLoan","timestamp":"2025-04-16T19:50:05.007Z"}
{"level":"info","message":"ROUTE API CALL => \n http://localhost:6200/api/v1/rePayment/loanDetails","timestamp":"2025-04-16T19:50:05.240Z"}
{"level":"info","message":"ROUTE API CALL => \n http://localhost:6200/api/v1/rePayment/loanAudit","timestamp":"2025-04-16T19:50:12.651Z"}
{"level":"info","message":"ROUTE API CALL => \n http://localhost:6200/api/v1/rePayment/loanAudit","timestamp":"2025-04-16T19:50:15.662Z"}
{"level":"info","message":"ROUTE API CALL => \n http://localhost:6200/api/v1/adminRoutes/getLoan","timestamp":"2025-04-16T19:51:17.791Z"}
{"level":"info","message":"ROUTE API CALL => \n http://localhost:6200/api/v1/rePayment/loanDetails","timestamp":"2025-04-16T19:51:17.798Z"}
{"level":"info","message":"Server running --- from server.ts","timestamp":"2025-04-16T19:53:08.107Z"}
{"level":"info","message":"Server running --- from server.ts","timestamp":"2025-04-16T19:53:48.211Z"}
{"level":"info","message":"ROUTE API CALL => \n http://localhost:6200/api/v1/rePayment/loanAudit","timestamp":"2025-04-16T20:06:58.267Z"}
{"level":"info","message":"ROUTE API CALL => \n http://localhost:6200/api/v1/rePayment/loanAudit","timestamp":"2025-04-16T20:07:22.352Z"}
{"level":"info","message":"ROUTE API CALL => \n http://localhost:6200/api/v1/rePayment/loanAudit","timestamp":"2025-04-16T20:08:37.629Z"}
{"level":"info","message":"ROUTE API CALL => \n http://localhost:6200/api/v1/adminRoutes/getLoanAndUser","timestamp":"2025-04-16T20:08:46.287Z"}
{"level":"info","message":"ROUTE API CALL => \n http://localhost:6200/api/v1/adminRoutes/getLoan","timestamp":"2025-04-16T20:08:56.438Z"}
{"level":"info","message":"ROUTE API CALL => \n http://localhost:6200/api/v1/rePayment/loanDetails","timestamp":"2025-04-16T20:08:56.444Z"}
{"level":"info","message":"ROUTE API CALL => \n http://localhost:6200/api/v1/adminRoutes/getLoan","timestamp":"2025-04-16T20:11:58.595Z"}
{"level":"info","message":"ROUTE API CALL => \n http://localhost:6200/api/v1/rePayment/loanDetails","timestamp":"2025-04-16T20:11:58.603Z"}
{"level":"info","message":"ROUTE API CALL => \n http://localhost:6200/api/v1/adminRoutes/getLoan","timestamp":"2025-04-16T20:12:03.337Z"}
{"level":"info","message":"ROUTE API CALL => \n http://localhost:6200/api/v1/rePayment/loanDetails","timestamp":"2025-04-16T20:12:03.340Z"}
{"level":"info","message":"ROUTE API CALL => \n http://localhost:6200/api/v1/adminRoutes/getLoan","timestamp":"2025-04-16T20:12:06.055Z"}
{"level":"info","message":"ROUTE API CALL => \n http://localhost:6200/api/v1/rePayment/loanDetails","timestamp":"2025-04-16T20:12:06.061Z"}
{"level":"info","message":"ROUTE API CALL => \n http://localhost:6200/api/v1/rePayment/loanAudit","timestamp":"2025-04-16T20:12:11.633Z"}
{"level":"info","message":"ROUTE API CALL => \n http://localhost:6200/api/v1/adminRoutes/getLoan","timestamp":"2025-04-16T20:12:26.530Z"}
{"level":"info","message":"ROUTE API CALL => \n http://localhost:6200/api/v1/rePayment/loanDetails","timestamp":"2025-04-16T20:12:26.532Z"}
{"level":"info","message":"Server running --- from server.ts","timestamp":"2025-04-16T20:14:10.400Z"}
{"level":"info","message":"Server running --- from server.ts","timestamp":"2025-04-16T20:14:21.051Z"}
{"level":"info","message":"ROUTE API CALL => \n http://localhost:6200/api/v1/adminRoutes/getLoan","timestamp":"2025-04-16T20:14:35.578Z"}
{"level":"info","message":"ROUTE API CALL => \n http://localhost:6200/api/v1/rePayment/loanDetails","timestamp":"2025-04-16T20:14:35.586Z"}
{"level":"info","message":"ROUTE API CALL => \n http://localhost:6200/api/v1/adminRoutes/getLoan","timestamp":"2025-04-16T20:14:37.328Z"}
{"level":"info","message":"ROUTE API CALL => \n http://localhost:6200/api/v1/rePayment/loanDetails","timestamp":"2025-04-16T20:14:37.333Z"}
{"level":"info","message":"ROUTE API CALL => \n http://localhost:6200/api/v1/adminRoutes/getLoan","timestamp":"2025-04-16T20:15:01.545Z"}
{"level":"info","message":"ROUTE API CALL => \n http://localhost:6200/api/v1/rePayment/loanDetails","timestamp":"2025-04-16T20:15:01.563Z"}
{"level":"info","message":"ROUTE API CALL => \n http://localhost:6200/api/v1/rePayment/loanAudit","timestamp":"2025-04-16T20:15:06.855Z"}
{"level":"info","message":"ROUTE API CALL => \n http://localhost:6200/api/v1/rePayment/loanAudit","timestamp":"2025-04-16T20:15:15.044Z"}
{"level":"info","message":"ROUTE API CALL => \n http://localhost:6200/api/v1/adminRoutes/getLoan","timestamp":"2025-04-16T20:15:52.372Z"}
{"level":"info","message":"ROUTE API CALL => \n http://localhost:6200/api/v1/rePayment/loanDetails","timestamp":"2025-04-16T20:15:52.493Z"}
{"level":"info","message":"ROUTE API CALL => \n http://localhost:6200/api/v1/rePayment/loanAudit","timestamp":"2025-04-16T20:15:56.817Z"}
{"level":"info","message":"Server running --- from server.ts","timestamp":"2025-04-16T20:17:13.283Z"}
{"level":"info","message":"Server running --- from server.ts","timestamp":"2025-04-16T20:17:42.721Z"}
{"level":"info","message":"Server running --- from server.ts","timestamp":"2025-04-16T20:17:50.478Z"}
{"level":"info","message":"Server running --- from server.ts","timestamp":"2025-04-16T20:18:03.398Z"}
{"level":"info","message":"Server running --- from server.ts","timestamp":"2025-04-16T20:18:15.391Z"}
{"level":"info","message":"Server running --- from server.ts","timestamp":"2025-04-16T20:18:19.413Z"}
{"level":"info","message":"Server running --- from server.ts","timestamp":"2025-04-16T20:23:22.667Z"}
{"level":"info","message":"Server running --- from server.ts","timestamp":"2025-04-16T20:24:17.061Z"}
{"level":"info","message":"Server running --- from server.ts","timestamp":"2025-04-16T20:24:22.515Z"}
{"level":"info","message":"Server running --- from server.ts","timestamp":"2025-04-16T20:24:29.967Z"}
{"level":"info","message":"Server running --- from server.ts","timestamp":"2025-04-16T20:24:57.123Z"}
{"level":"info","message":"Server running --- from server.ts","timestamp":"2025-04-16T20:25:26.836Z"}
{"level":"info","message":"Server running --- from server.ts","timestamp":"2025-04-16T20:25:32.802Z"}
{"level":"info","message":"Server running --- from server.ts","timestamp":"2025-04-16T20:25:53.423Z"}
{"level":"info","message":"Server running --- from server.ts","timestamp":"2025-04-16T20:26:24.097Z"}
{"level":"info","message":"Server running --- from server.ts","timestamp":"2025-04-16T20:26:39.772Z"}
{"level":"info","message":"Server running --- from server.ts","timestamp":"2025-04-16T20:26:47.621Z"}
{"level":"info","message":"Server running --- from server.ts","timestamp":"2025-04-16T20:26:55.649Z"}
{"level":"info","message":"ROUTE API CALL => \n http://localhost:6200/api/v1/adminRoutes/getLoan","timestamp":"2025-04-16T20:27:23.185Z"}
{"level":"info","message":"ROUTE API CALL => \n http://localhost:6200/api/v1/rePayment/loanDetails","timestamp":"2025-04-16T20:27:23.195Z"}
{"level":"info","message":"ROUTE API CALL => \n http://localhost:6200/api/v1/rePayment/userList","timestamp":"2025-04-16T20:27:24.735Z"}
{"level":"info","message":"ROUTE API CALL => \n http://localhost:6200/api/v1/rePayment/userList","timestamp":"2025-04-16T20:27:27.311Z"}
{"level":"info","message":"ROUTE API CALL => \n http://localhost:6200/api/v1/rePayment/rePaymentCalculation","timestamp":"2025-04-16T20:27:33.032Z"}
{"level":"info","message":"ROUTE API CALL => \n http://localhost:6200/api/v1/rePayment/updateRePayment","timestamp":"2025-04-16T20:27:55.151Z"}
{"level":"info","message":"ROUTE API CALL => \n http://localhost:6200/api/v1/rePayment/userList","timestamp":"2025-04-16T20:27:55.243Z"}
{"level":"info","message":"ROUTE API CALL => \n http://localhost:6200/api/v1/adminRoutes/getLoanAndUser","timestamp":"2025-04-16T20:28:10.608Z"}
{"level":"info","message":"ROUTE API CALL => \n http://localhost:6200/api/v1/adminRoutes/getLoan","timestamp":"2025-04-16T20:28:12.500Z"}
{"level":"info","message":"ROUTE API CALL => \n http://localhost:6200/api/v1/rePayment/loanDetails","timestamp":"2025-04-16T20:28:12.517Z"}
{"level":"info","message":"Server running --- from server.ts","timestamp":"2025-04-16T20:28:38.657Z"}
{"level":"info","message":"ROUTE API CALL => \n http://localhost:6200/api/v1/adminRoutes/getBankFundList","timestamp":"2025-04-16T20:28:44.232Z"}
{"level":"info","message":"ROUTE API CALL => \n http://localhost:6200/api/v1/adminRoutes/getLoanAndUser","timestamp":"2025-04-16T20:29:20.914Z"}
{"level":"info","message":"Server running --- from server.ts","timestamp":"2025-04-16T20:29:34.379Z"}
{"level":"info","message":"Server running --- from server.ts","timestamp":"2025-04-16T20:29:42.739Z"}
{"level":"info","message":"ROUTE API CALL => \n http://localhost:6200/api/v1/adminRoutes/getLoan","timestamp":"2025-04-16T20:29:43.606Z"}
{"level":"info","message":"ROUTE API CALL => \n http://localhost:6200/api/v1/rePayment/loanDetails","timestamp":"2025-04-16T20:29:43.616Z"}
{"level":"info","message":"ROUTE API CALL => \n http://localhost:6200/api/v1/rePayment/userList","timestamp":"2025-04-16T20:30:29.088Z"}
{"level":"info","message":"ROUTE API CALL => \n http://localhost:6200/api/v1/rePayment/userList","timestamp":"2025-04-16T20:30:31.931Z"}
{"level":"info","message":"ROUTE API CALL => \n http://localhost:6200/api/v1/rePayment/userList","timestamp":"2025-04-16T20:30:33.709Z"}
{"level":"info","message":"ROUTE API CALL => \n http://localhost:6200/api/v1/rePayment/rePaymentCalculation","timestamp":"2025-04-16T20:30:39.106Z"}
{"level":"info","message":"ROUTE API CALL => \n http://localhost:6200/api/v1/adminRoutes/getBankAccountList","timestamp":"2025-04-16T20:31:03.160Z"}
{"level":"info","message":"ROUTE API CALL => \n http://localhost:6200/api/v1/adminRoutes/getBankFundList","timestamp":"2025-04-16T20:31:11.138Z"}
{"level":"info","message":"ROUTE API CALL => \n http://localhost:6200/api/v1/adminRoutes/getLoanAndUser","timestamp":"2025-04-16T20:31:13.907Z"}
{"level":"info","message":"ROUTE API CALL => \n http://localhost:6200/api/v1/rePayment/userList","timestamp":"2025-04-16T20:31:15.974Z"}
{"level":"info","message":"ROUTE API CALL => \n http://localhost:6200/api/v1/rePayment/userList","timestamp":"2025-04-16T20:31:18.053Z"}
{"level":"info","message":"ROUTE API CALL => \n http://localhost:6200/api/v1/rePayment/userList","timestamp":"2025-04-16T20:31:19.870Z"}
{"level":"info","message":"ROUTE API CALL => \n http://localhost:6200/api/v1/rePayment/rePaymentCalculation","timestamp":"2025-04-16T20:31:26.632Z"}
{"level":"info","message":"ROUTE API CALL => \n http://localhost:6200/api/v1/rePayment/updateRePayment","timestamp":"2025-04-16T20:31:47.763Z"}
{"level":"info","message":"ROUTE API CALL => \n http://localhost:6200/api/v1/rePayment/userList","timestamp":"2025-04-16T20:31:47.845Z"}
{"level":"info","message":"ROUTE API CALL => \n http://localhost:6200/api/v1/adminRoutes/getBankFundList","timestamp":"2025-04-16T20:32:03.779Z"}
{"level":"info","message":"ROUTE API CALL => \n http://localhost:6200/api/v1/adminRoutes/getBankAccountList","timestamp":"2025-04-16T20:32:09.893Z"}
{"level":"info","message":"Server running --- from server.ts","timestamp":"2025-04-16T20:33:08.758Z"}
{"level":"info","message":"Server running --- from server.ts","timestamp":"2025-04-16T20:33:20.989Z"}
{"level":"info","message":"ROUTE API CALL => \n http://localhost:6200/api/v1/rePayment/userList","timestamp":"2025-04-16T20:33:21.060Z"}
{"level":"info","message":"ROUTE API CALL => \n http://localhost:6200/api/v1/rePayment/userList","timestamp":"2025-04-16T20:33:22.631Z"}
{"level":"info","message":"ROUTE API CALL => \n http://localhost:6200/api/v1/rePayment/userList","timestamp":"2025-04-16T20:33:24.699Z"}
{"level":"info","message":"ROUTE API CALL => \n http://localhost:6200/api/v1/rePayment/rePaymentCalculation","timestamp":"2025-04-16T20:33:33.022Z"}
{"level":"info","message":"Server running --- from server.ts","timestamp":"2025-04-16T20:34:28.931Z"}
{"level":"info","message":"Server running --- from server.ts","timestamp":"2025-04-16T20:34:32.897Z"}
{"level":"info","message":"ROUTE API CALL => \n http://localhost:6200/api/v1/rePayment/updateRePayment","timestamp":"2025-04-16T20:35:05.929Z"}
{"level":"info","message":"ROUTE API CALL => \n http://localhost:6200/api/v1/rePayment/userList","timestamp":"2025-04-16T20:35:06.278Z"}
{"level":"info","message":"ROUTE API CALL => \n http://localhost:6200/api/v1/adminRoutes/getBankFundList","timestamp":"2025-04-16T20:35:45.667Z"}
{"level":"info","message":"Server running --- from server.ts","timestamp":"2025-04-16T20:36:55.039Z"}
{"level":"info","message":"Server running --- from server.ts","timestamp":"2025-04-16T20:37:10.437Z"}
{"level":"info","message":"Server running --- from server.ts","timestamp":"2025-04-16T20:37:20.081Z"}
{"level":"info","message":"Server running --- from server.ts","timestamp":"2025-04-16T20:37:31.965Z"}
{"level":"info","message":"ROUTE API CALL => \n http://localhost:6200/api/v1/rePayment/userList","timestamp":"2025-04-16T20:37:35.463Z"}
{"level":"info","message":"ROUTE API CALL => \n http://localhost:6200/api/v1/rePayment/userList","timestamp":"2025-04-16T20:37:37.887Z"}
{"level":"info","message":"ROUTE API CALL => \n http://localhost:6200/api/v1/rePayment/userList","timestamp":"2025-04-16T20:37:39.573Z"}
{"level":"info","message":"ROUTE API CALL => \n http://localhost:6200/api/v1/rePayment/rePaymentCalculation","timestamp":"2025-04-16T20:37:43.456Z"}
{"level":"info","message":"ROUTE API CALL => \n http://localhost:6200/api/v1/rePayment/userList","timestamp":"2025-04-16T20:37:50.975Z"}
{"level":"info","message":"ROUTE API CALL => \n http://localhost:6200/api/v1/rePayment/rePaymentCalculation","timestamp":"2025-04-16T20:37:53.603Z"}
{"level":"info","message":"ROUTE API CALL => \n http://localhost:6200/api/v1/rePayment/rePaymentCalculation","timestamp":"2025-04-16T20:37:57.240Z"}
{"level":"info","message":"ROUTE API CALL => \n http://localhost:6200/api/v1/rePayment/updateRePayment","timestamp":"2025-04-16T20:38:15.540Z"}
{"level":"info","message":"ROUTE API CALL => \n http://localhost:6200/api/v1/rePayment/userList","timestamp":"2025-04-16T20:38:16.021Z"}
{"level":"info","message":"Server running --- from server.ts","timestamp":"2025-04-16T20:38:30.695Z"}
{"level":"info","message":"Server running --- from server.ts","timestamp":"2025-04-16T20:38:39.148Z"}
{"level":"info","message":"ROUTE API CALL => \n http://localhost:6200/api/v1/rePayment/rePaymentCalculation","timestamp":"2025-04-16T20:38:55.905Z"}
{"level":"info","message":"ROUTE API CALL => \n http://localhost:6200/api/v1/rePayment/rePaymentCalculation","timestamp":"2025-04-16T20:39:00.367Z"}
{"level":"info","message":"ROUTE API CALL => \n http://localhost:6200/api/v1/rePayment/rePaymentCalculation","timestamp":"2025-04-16T20:39:03.781Z"}
{"level":"info","message":"ROUTE API CALL => \n http://localhost:6200/api/v1/adminRoutes/getLoanAndUser","timestamp":"2025-04-16T20:39:07.348Z"}
{"level":"info","message":"ROUTE API CALL => \n http://localhost:6200/api/v1/rePayment/userList","timestamp":"2025-04-16T20:39:08.457Z"}
{"level":"info","message":"ROUTE API CALL => \n http://localhost:6200/api/v1/rePayment/userList","timestamp":"2025-04-16T20:39:10.998Z"}
{"level":"info","message":"ROUTE API CALL => \n http://localhost:6200/api/v1/rePayment/userList","timestamp":"2025-04-16T20:39:13.677Z"}
{"level":"info","message":"ROUTE API CALL => \n http://localhost:6200/api/v1/rePayment/rePaymentCalculation","timestamp":"2025-04-16T20:39:21.601Z"}
{"level":"info","message":"ROUTE API CALL => \n http://localhost:6200/api/v1/rePayment/rePaymentCalculation","timestamp":"2025-04-16T20:39:25.291Z"}
{"level":"info","message":"ROUTE API CALL => \n http://localhost:6200/api/v1/rePayment/rePaymentCalculation","timestamp":"2025-04-16T20:39:27.594Z"}
{"level":"info","message":"ROUTE API CALL => \n http://localhost:6200/api/v1/rePayment/rePaymentCalculation","timestamp":"2025-04-16T20:39:31.011Z"}
{"level":"info","message":"ROUTE API CALL => \n http://localhost:6200/api/v1/rePayment/rePaymentCalculation","timestamp":"2025-04-16T20:39:32.846Z"}
{"level":"info","message":"ROUTE API CALL => \n http://localhost:6200/api/v1/rePayment/rePaymentCalculation","timestamp":"2025-04-16T20:39:43.801Z"}
{"level":"info","message":"ROUTE API CALL => \n http://localhost:6200/api/v1/rePayment/updateRePayment","timestamp":"2025-04-16T20:40:09.976Z"}
{"level":"info","message":"ROUTE API CALL => \n http://localhost:6200/api/v1/rePayment/userList","timestamp":"2025-04-16T20:40:10.061Z"}
{"level":"info","message":"Server running --- from server.ts","timestamp":"2025-04-16T20:40:44.501Z"}
{"level":"info","message":"Server running --- from server.ts","timestamp":"2025-04-16T20:40:51.955Z"}
{"level":"info","message":"Server running --- from server.ts","timestamp":"2025-04-16T20:40:55.874Z"}
{"level":"info","message":"Server running --- from server.ts","timestamp":"2025-04-16T20:41:02.111Z"}
{"level":"info","message":"Server running --- from server.ts","timestamp":"2025-04-16T20:41:07.943Z"}
{"level":"info","message":"ROUTE API CALL => \n http://localhost:6200/api/v1/rePayment/rePaymentCalculation","timestamp":"2025-04-16T20:41:11.344Z"}
{"level":"info","message":"ROUTE API CALL => \n http://localhost:6200/api/v1/rePayment/updateRePayment","timestamp":"2025-04-16T20:41:25.616Z"}
{"level":"info","message":"ROUTE API CALL => \n http://localhost:6200/api/v1/rePayment/userList","timestamp":"2025-04-16T20:41:25.742Z"}
{"level":"info","message":"ROUTE API CALL => \n http://localhost:6200/api/v1/adminRoutes/getLoanAndUser","timestamp":"2025-04-16T20:41:56.656Z"}
{"level":"info","message":"ROUTE API CALL => \n http://localhost:6200/api/v1/adminRoutes/getLoan","timestamp":"2025-04-16T20:41:58.756Z"}
{"level":"info","message":"ROUTE API CALL => \n http://localhost:6200/api/v1/rePayment/loanDetails","timestamp":"2025-04-16T20:41:58.774Z"}
{"level":"info","message":"ROUTE API CALL => \n http://localhost:6200/api/v1/adminRoutes/getLoan","timestamp":"2025-04-16T20:42:32.330Z"}
{"level":"info","message":"ROUTE API CALL => \n http://localhost:6200/api/v1/rePayment/loanDetails","timestamp":"2025-04-16T20:42:32.335Z"}
{"level":"info","message":"ROUTE API CALL => \n http://localhost:6200/api/v1/rePayment/userList","timestamp":"2025-04-16T20:42:34.813Z"}
{"level":"info","message":"ROUTE API CALL => \n http://localhost:6200/api/v1/rePayment/userList","timestamp":"2025-04-16T20:42:37.249Z"}
{"level":"info","message":"ROUTE API CALL => \n http://localhost:6200/api/v1/rePayment/rePaymentCalculation","timestamp":"2025-04-16T20:42:39.532Z"}
{"level":"info","message":"ROUTE API CALL => \n http://localhost:6200/api/v1/rePayment/rePaymentCalculation","timestamp":"2025-04-16T20:42:41.910Z"}
{"level":"info","message":"ROUTE API CALL => \n http://localhost:6200/api/v1/rePayment/updateRePayment","timestamp":"2025-04-16T20:42:58.760Z"}
{"level":"info","message":"ROUTE API CALL => \n http://localhost:6200/api/v1/rePayment/userList","timestamp":"2025-04-16T20:42:58.788Z"}
{"level":"info","message":"Server running --- from server.ts","timestamp":"2025-04-16T20:44:25.723Z"}
{"level":"info","message":"Server running --- from server.ts","timestamp":"2025-04-16T20:44:29.475Z"}
{"level":"info","message":"ROUTE API CALL => \n http://localhost:6200/api/v1/rePayment/rePaymentCalculation","timestamp":"2025-04-16T20:44:34.987Z"}
{"level":"info","message":"ROUTE API CALL => \n http://localhost:6200/api/v1/rePayment/updateRePayment","timestamp":"2025-04-16T20:44:46.571Z"}
{"level":"info","message":"ROUTE API CALL => \n http://localhost:6200/api/v1/rePayment/rePaymentCalculation","timestamp":"2025-04-16T20:46:04.525Z"}
{"level":"info","message":"ROUTE API CALL => \n http://localhost:6200/api/v1/rePayment/rePaymentCalculation","timestamp":"2025-04-16T20:46:13.226Z"}
{"level":"info","message":"ROUTE API CALL => \n http://localhost:6200/api/v1/rePayment/rePaymentCalculation","timestamp":"2025-04-16T20:46:17.225Z"}
{"level":"info","message":"ROUTE API CALL => \n http://localhost:6200/api/v1/rePayment/rePaymentCalculation","timestamp":"2025-04-16T20:46:19.233Z"}
{"level":"info","message":"ROUTE API CALL => \n http://localhost:6200/api/v1/rePayment/rePaymentCalculation","timestamp":"2025-04-16T20:46:28.532Z"}
{"level":"info","message":"ROUTE API CALL => \n http://localhost:6200/api/v1/rePayment/rePaymentCalculation","timestamp":"2025-04-16T20:46:30.237Z"}
{"level":"info","message":"ROUTE API CALL => \n http://localhost:6200/api/v1/rePayment/updateRePayment","timestamp":"2025-04-16T20:46:32.013Z"}
{"level":"info","message":"ROUTE API CALL => \n http://localhost:6200/api/v1/rePayment/updateRePayment","timestamp":"2025-04-16T20:47:20.776Z"}
{"level":"info","message":"Server running --- from server.ts","timestamp":"2025-04-16T20:48:01.618Z"}
{"level":"info","message":"ROUTE API CALL => \n http://localhost:6200/api/v1/rePayment/updateRePayment","timestamp":"2025-04-16T20:48:04.677Z"}
{"level":"info","message":"Server running --- from server.ts","timestamp":"2025-04-16T20:49:40.634Z"}
{"level":"info","message":"ROUTE API CALL => \n http://localhost:6200/api/v1/rePayment/rePaymentCalculation","timestamp":"2025-04-16T20:49:54.625Z"}
{"level":"info","message":"ROUTE API CALL => \n http://localhost:6200/api/v1/rePayment/updateRePayment","timestamp":"2025-04-16T20:49:57.454Z"}
{"level":"info","message":"ROUTE API CALL => \n http://localhost:6200/api/v1/rePayment/updateRePayment","timestamp":"2025-04-16T20:50:02.666Z"}
{"level":"info","message":"ROUTE API CALL => \n http://localhost:6200/api/v1/rePayment/updateRePayment","timestamp":"2025-04-16T20:50:11.297Z"}
{"level":"info","message":"ROUTE API CALL => \n http://localhost:6200/api/v1/rePayment/userList","timestamp":"2025-04-16T20:50:11.330Z"}
{"level":"info","message":"Server running --- from server.ts","timestamp":"2025-04-16T20:50:56.640Z"}
{"level":"info","message":"Server running --- from server.ts","timestamp":"2025-04-16T20:51:13.068Z"}
{"level":"info","message":"Server running --- from server.ts","timestamp":"2025-04-16T20:51:19.608Z"}
{"level":"info","message":"Server running --- from server.ts","timestamp":"2025-04-16T20:51:27.926Z"}
{"level":"info","message":"Server running --- from server.ts","timestamp":"2025-04-16T20:51:37.539Z"}
{"level":"info","message":"Server running --- from server.ts","timestamp":"2025-04-16T20:51:46.746Z"}
{"level":"info","message":"ROUTE API CALL => \n http://localhost:6200/api/v1/adminRoutes/getLoanAndUser","timestamp":"2025-04-16T20:52:03.397Z"}
{"level":"info","message":"ROUTE API CALL => \n http://localhost:6200/api/v1/adminRoutes/getLoan","timestamp":"2025-04-16T20:52:05.192Z"}
{"level":"info","message":"ROUTE API CALL => \n http://localhost:6200/api/v1/rePayment/loanDetails","timestamp":"2025-04-16T20:52:05.196Z"}
{"level":"info","message":"ROUTE API CALL => \n http://localhost:6200/api/v1/adminRoutes/getPersonList","timestamp":"2025-04-16T20:52:18.701Z"}
{"level":"info","message":"ROUTE API CALL => \n http://localhost:6200/api/v1/adminRoutes/getPersonList","timestamp":"2025-04-16T20:52:20.368Z"}
{"level":"info","message":"ROUTE API CALL => \n http://localhost:6200/api/v1/adminRoutes/profileUpload","timestamp":"2025-04-16T21:11:36.709Z"}
{"level":"info","message":"ROUTE API CALL => \n http://localhost:6200/api/v1/adminRoutes/addPerson","timestamp":"2025-04-16T21:11:36.738Z"}
{"level":"info","message":"ROUTE API CALL => \n http://localhost:6200/api/v1/adminRoutes/getPersonList","timestamp":"2025-04-16T21:11:37.069Z"}
{"level":"info","message":"ROUTE API CALL => \n http://localhost:6200/api/v1/adminRoutes/getBankAccountList","timestamp":"2025-04-16T21:11:41.506Z"}
{"level":"info","message":"ROUTE API CALL => \n http://localhost:6200/api/v1/adminRoutes/getLoanAndUser","timestamp":"2025-04-16T21:11:55.048Z"}
{"level":"info","message":"ROUTE API CALL => \n http://localhost:6200/api/v1/rePayment/userList","timestamp":"2025-04-16T21:12:02.127Z"}
{"level":"info","message":"ROUTE API CALL => \n http://localhost:6200/api/v1/adminRoutes/getLoanAndUser","timestamp":"2025-04-16T21:12:03.065Z"}
{"level":"info","message":"ROUTE API CALL => \n http://localhost:6200/api/v1/adminRoutes/getLoan","timestamp":"2025-04-16T21:12:09.797Z"}
{"level":"info","message":"ROUTE API CALL => \n http://localhost:6200/api/v1/rePayment/loanDetails","timestamp":"2025-04-16T21:12:09.814Z"}
{"level":"info","message":"ROUTE API CALL => \n http://localhost:6200/api/v1/adminRoutes/addLoan","timestamp":"2025-04-16T21:12:44.140Z"}
{"level":"info","message":"ROUTE API CALL => \n http://localhost:6200/api/v1/adminRoutes/getLoan","timestamp":"2025-04-16T21:12:44.305Z"}
{"level":"info","message":"ROUTE API CALL => \n http://localhost:6200/api/v1/adminRoutes/getBankFundList","timestamp":"2025-04-16T21:13:13.344Z"}
{"level":"info","message":"ROUTE API CALL => \n http://localhost:6200/api/v1/adminRoutes/getBankAccountList","timestamp":"2025-04-16T21:13:21.916Z"}
{"level":"info","message":"ROUTE API CALL => \n http://localhost:6200/api/v1/adminRoutes/getLoanAndUser","timestamp":"2025-04-16T21:13:28.795Z"}
{"level":"info","message":"ROUTE API CALL => \n http://localhost:6200/api/v1/rePayment/userList","timestamp":"2025-04-16T21:13:30.820Z"}
{"level":"info","message":"ROUTE API CALL => \n http://localhost:6200/api/v1/rePayment/userList","timestamp":"2025-04-16T21:13:36.795Z"}
{"level":"info","message":"ROUTE API CALL => \n http://localhost:6200/api/v1/rePayment/rePaymentCalculation","timestamp":"2025-04-16T21:13:40.129Z"}
{"level":"info","message":"ROUTE API CALL => \n http://localhost:6200/api/v1/rePayment/updateRePayment","timestamp":"2025-04-16T21:14:20.936Z"}
{"level":"info","message":"ROUTE API CALL => \n http://localhost:6200/api/v1/rePayment/userList","timestamp":"2025-04-16T21:14:21.050Z"}
{"level":"info","message":"ROUTE API CALL => \n http://localhost:6200/api/v1/adminRoutes/getBankFundList","timestamp":"2025-04-16T21:14:23.573Z"}
{"level":"info","message":"ROUTE API CALL => \n http://localhost:6200/api/v1/rePayment/userList","timestamp":"2025-04-16T21:14:35.724Z"}
{"level":"info","message":"ROUTE API CALL => \n http://localhost:6200/api/v1/rePayment/userList","timestamp":"2025-04-16T21:14:38.895Z"}
{"level":"info","message":"ROUTE API CALL => \n http://localhost:6200/api/v1/adminRoutes/getLoanAndUser","timestamp":"2025-04-16T21:14:41.227Z"}
{"level":"info","message":"ROUTE API CALL => \n http://localhost:6200/api/v1/adminRoutes/getLoan","timestamp":"2025-04-16T21:14:42.936Z"}
{"level":"info","message":"ROUTE API CALL => \n http://localhost:6200/api/v1/rePayment/loanDetails","timestamp":"2025-04-16T21:14:42.948Z"}
{"level":"info","message":"ROUTE API CALL => \n http://localhost:6200/api/v1/rePayment/loanAudit","timestamp":"2025-04-16T21:14:53.966Z"}
{"level":"info","message":"ROUTE API CALL => \n http://localhost:6200/api/v1/rePayment/userList","timestamp":"2025-04-16T21:15:02.534Z"}
{"level":"info","message":"ROUTE API CALL => \n http://localhost:6200/api/v1/rePayment/userList","timestamp":"2025-04-16T21:15:05.612Z"}
{"level":"info","message":"ROUTE API CALL => \n http://localhost:6200/api/v1/rePayment/userList","timestamp":"2025-04-16T21:15:07.501Z"}
{"level":"info","message":"ROUTE API CALL => \n http://localhost:6200/api/v1/rePayment/rePaymentCalculation","timestamp":"2025-04-16T21:15:16.009Z"}
{"level":"info","message":"ROUTE API CALL => \n http://localhost:6200/api/v1/adminRoutes/getLoanAndUser","timestamp":"2025-04-16T21:15:21.484Z"}
{"level":"info","message":"ROUTE API CALL => \n http://localhost:6200/api/v1/adminRoutes/getLoan","timestamp":"2025-04-16T21:15:22.851Z"}
{"level":"info","message":"ROUTE API CALL => \n http://localhost:6200/api/v1/rePayment/loanDetails","timestamp":"2025-04-16T21:15:22.854Z"}
{"level":"info","message":"ROUTE API CALL => \n http://localhost:6200/api/v1/adminRoutes/addLoanOption","timestamp":"2025-04-16T21:16:20.228Z"}
{"level":"info","message":"ROUTE API CALL => \n http://localhost:6200/api/v1/adminRoutes/addLoan","timestamp":"2025-04-16T21:16:24.188Z"}
{"level":"info","message":"ROUTE API CALL => \n http://localhost:6200/api/v1/adminRoutes/getLoan","timestamp":"2025-04-16T21:16:24.307Z"}
{"level":"info","message":"ROUTE API CALL => \n http://localhost:6200/api/v1/rePayment/userList","timestamp":"2025-04-16T21:16:35.004Z"}
{"level":"info","message":"ROUTE API CALL => \n http://localhost:6200/api/v1/rePayment/userList","timestamp":"2025-04-16T21:16:37.786Z"}
{"level":"info","message":"ROUTE API CALL => \n http://localhost:6200/api/v1/rePayment/rePaymentCalculation","timestamp":"2025-04-16T21:16:40.712Z"}
{"level":"info","message":"ROUTE API CALL => \n http://localhost:6200/api/v1/adminRoutes/getBankFundList","timestamp":"2025-04-16T21:16:51.199Z"}
{"level":"info","message":"ROUTE API CALL => \n http://localhost:6200/api/v1/adminRoutes/getLoanAndUser","timestamp":"2025-04-16T21:17:02.950Z"}
{"level":"info","message":"ROUTE API CALL => \n http://localhost:6200/api/v1/rePayment/userList","timestamp":"2025-04-16T21:17:05.732Z"}
{"level":"info","message":"ROUTE API CALL => \n http://localhost:6200/api/v1/adminRoutes/getLoanAndUser","timestamp":"2025-04-16T21:17:29.554Z"}
{"level":"info","message":"ROUTE API CALL => \n http://localhost:6200/api/v1/rePayment/userList","timestamp":"2025-04-16T21:17:29.721Z"}
{"level":"info","message":"ROUTE API CALL => \n http://localhost:6200/api/v1/rePayment/userList","timestamp":"2025-04-16T21:19:15.900Z"}
{"level":"info","message":"ROUTE API CALL => \n http://localhost:6200/api/v1/rePayment/rePaymentCalculation","timestamp":"2025-04-16T21:19:17.457Z"}
{"level":"info","message":"ROUTE API CALL => \n http://localhost:6200/api/v1/rePayment/rePaymentCalculation","timestamp":"2025-04-16T21:20:07.210Z"}
{"level":"info","message":"ROUTE API CALL => \n http://localhost:6200/api/v1/rePayment/rePaymentCalculation","timestamp":"2025-04-16T21:20:09.250Z"}
{"level":"info","message":"Server running --- from server.ts","timestamp":"2025-04-16T21:20:24.627Z"}
{"level":"info","message":"Server running --- from server.ts","timestamp":"2025-04-16T21:21:03.533Z"}
{"level":"info","message":"Server running --- from server.ts","timestamp":"2025-04-16T21:21:23.928Z"}
{"level":"info","message":"ROUTE API CALL => \n http://localhost:6200/api/v1/rePayment/rePaymentCalculation","timestamp":"2025-04-16T21:21:31.096Z"}
{"level":"info","message":"ROUTE API CALL => \n http://localhost:6200/api/v1/rePayment/rePaymentCalculation","timestamp":"2025-04-16T21:21:39.685Z"}
{"level":"info","message":"ROUTE API CALL => \n http://localhost:6200/api/v1/rePayment/rePaymentCalculation","timestamp":"2025-04-16T21:21:51.191Z"}
{"level":"info","message":"Server running --- from server.ts","timestamp":"2025-04-16T21:22:41.590Z"}
{"level":"info","message":"Server running --- from server.ts","timestamp":"2025-04-16T21:22:50.956Z"}
{"level":"info","message":"Server running --- from server.ts","timestamp":"2025-04-16T21:23:04.372Z"}
{"level":"info","message":"Server running --- from server.ts","timestamp":"2025-04-16T21:23:17.717Z"}
{"level":"info","message":"Server running --- from server.ts","timestamp":"2025-04-16T21:25:06.650Z"}
{"level":"info","message":"Server running --- from server.ts","timestamp":"2025-04-16T21:25:30.276Z"}
{"level":"info","message":"Server running --- from server.ts","timestamp":"2025-04-16T21:25:53.360Z"}
{"level":"info","message":"Server running --- from server.ts","timestamp":"2025-04-16T21:26:41.821Z"}
{"level":"info","message":"Server running --- from server.ts","timestamp":"2025-04-16T21:26:53.139Z"}
{"level":"info","message":"ROUTE API CALL => \n http://localhost:6200/api/v1/rePayment/rePaymentCalculation","timestamp":"2025-04-16T21:27:08.572Z"}
{"level":"info","message":"ROUTE API CALL => \n http://localhost:6200/api/v1/adminRoutes/getPersonList","timestamp":"2025-04-16T21:27:56.399Z"}
{"level":"info","message":"ROUTE API CALL => \n http://localhost:6200/api/v1/adminRoutes/getBankAccountList","timestamp":"2025-04-16T21:27:57.358Z"}
{"level":"info","message":"ROUTE API CALL => \n http://localhost:6200/api/v1/adminRoutes/getBankFundList","timestamp":"2025-04-16T21:27:58.726Z"}
{"level":"info","message":"ROUTE API CALL => \n http://localhost:6200/api/v1/adminRoutes/productList","timestamp":"2025-04-16T21:28:00.103Z"}
{"level":"info","message":"ROUTE API CALL => \n http://localhost:6200/api/v1/adminRoutes/getBankFundList","timestamp":"2025-04-16T21:28:02.339Z"}
{"level":"info","message":"ROUTE API CALL => \n http://localhost:6200/api/v1/adminRoutes/getLoanAndUser","timestamp":"2025-04-16T21:28:04.038Z"}
{"level":"info","message":"ROUTE API CALL => \n http://localhost:6200/api/v1/rePayment/userList","timestamp":"2025-04-16T21:28:09.473Z"}
{"level":"info","message":"ROUTE API CALL => \n http://localhost:6200/api/v1/refDashboard/Count","timestamp":"2025-04-16T21:28:10.529Z"}
{"level":"info","message":"ROUTE API CALL => \n http://localhost:6200/api/v1/refDashboard/Count","timestamp":"2025-04-16T21:28:10.550Z"}
{"level":"info","message":"ROUTE API CALL => \n http://localhost:6200/api/v1/rePayment/userList","timestamp":"2025-04-16T21:28:18.136Z"}
{"level":"info","message":"ROUTE API CALL => \n http://localhost:6200/api/v1/rePayment/rePaymentCalculation","timestamp":"2025-04-16T21:29:50.133Z"}
{"level":"info","message":"ROUTE API CALL => \n http://localhost:6200/api/v1/rePayment/rePaymentCalculation","timestamp":"2025-04-16T21:29:53.168Z"}
{"level":"info","message":"ROUTE API CALL => \n http://localhost:6200/api/v1/rePayment/rePaymentCalculation","timestamp":"2025-04-16T21:29:55.431Z"}
{"level":"info","message":"Server running --- from server.ts","timestamp":"2025-04-17T03:40:54.660Z"}
{"level":"info","message":"ROUTE API CALL => \n http://localhost:6200/api/v1/adminRoutes/adminLogin","timestamp":"2025-04-17T03:40:56.963Z"}
{"level":"info","message":"ROUTE API CALL => \n http://localhost:6200/api/v1/refDashboard/Count","timestamp":"2025-04-17T03:40:57.586Z"}
{"level":"info","message":"ROUTE API CALL => \n http://localhost:6200/api/v1/refDashboard/Count","timestamp":"2025-04-17T03:40:57.640Z"}
{"level":"info","message":"ROUTE API CALL => \n http://localhost:6200/api/v1/adminRoutes/getPersonList","timestamp":"2025-04-17T03:41:00.657Z"}
{"level":"info","message":"ROUTE API CALL => \n http://localhost:6200/api/v1/adminRoutes/getPersonList","timestamp":"2025-04-17T03:41:01.387Z"}
{"level":"info","message":"ROUTE API CALL => \n http://localhost:6200/api/v1/adminRoutes/getPersonList","timestamp":"2025-04-17T03:41:02.538Z"}
{"level":"info","message":"ROUTE API CALL => \n http://localhost:6200/api/v1/adminRoutes/getPersonList","timestamp":"2025-04-17T03:41:03.711Z"}
{"level":"info","message":"ROUTE API CALL => \n http://localhost:6200/api/v1/adminRoutes/getPerson","timestamp":"2025-04-17T03:41:32.259Z"}
{"level":"info","message":"ROUTE API CALL => \n http://localhost:6200/api/v1/adminRoutes/getPersonList","timestamp":"2025-04-17T03:41:41.180Z"}
{"level":"info","message":"ROUTE API CALL => \n http://localhost:6200/api/v1/adminRoutes/getPersonList","timestamp":"2025-04-17T03:55:58.474Z"}
{"level":"info","message":"ROUTE API CALL => \n http://localhost:6200/api/v1/adminRoutes/getPerson","timestamp":"2025-04-17T03:56:00.300Z"}
{"level":"info","message":"ROUTE API CALL => \n http://localhost:6200/api/v1/adminRoutes/getPerson","timestamp":"2025-04-17T03:56:06.688Z"}
{"level":"info","message":"ROUTE API CALL => \n http://localhost:6200/api/v1/adminRoutes/getPerson","timestamp":"2025-04-17T03:56:53.188Z"}
{"level":"info","message":"ROUTE API CALL => \n http://localhost:6200/api/v1/adminRoutes/getPerson","timestamp":"2025-04-17T03:56:55.890Z"}
{"level":"info","message":"ROUTE API CALL => \n http://localhost:6200/api/v1/adminRoutes/getPerson","timestamp":"2025-04-17T03:56:57.889Z"}
{"level":"info","message":"ROUTE API CALL => \n http://localhost:6200/api/v1/adminRoutes/getPerson","timestamp":"2025-04-17T03:56:59.888Z"}
{"level":"info","message":"ROUTE API CALL => \n http://localhost:6200/api/v1/adminRoutes/getPerson","timestamp":"2025-04-17T03:57:01.949Z"}
{"level":"info","message":"ROUTE API CALL => \n http://localhost:6200/api/v1/adminRoutes/getPerson","timestamp":"2025-04-17T03:57:05.905Z"}
{"level":"info","message":"ROUTE API CALL => \n http://localhost:6200/api/v1/adminRoutes/getPerson","timestamp":"2025-04-17T03:57:37.882Z"}
{"level":"info","message":"ROUTE API CALL => \n http://localhost:6200/api/v1/adminRoutes/getPerson","timestamp":"2025-04-17T03:57:40.901Z"}
{"level":"info","message":"ROUTE API CALL => \n http://localhost:6200/api/v1/adminRoutes/getPerson","timestamp":"2025-04-17T03:57:42.879Z"}
{"level":"info","message":"ROUTE API CALL => \n http://localhost:6200/api/v1/adminRoutes/getPerson","timestamp":"2025-04-17T03:57:53.219Z"}
{"level":"info","message":"ROUTE API CALL => \n http://localhost:6200/api/v1/adminRoutes/getPerson","timestamp":"2025-04-17T03:57:54.891Z"}
{"level":"info","message":"ROUTE API CALL => \n http://localhost:6200/api/v1/adminRoutes/getPerson","timestamp":"2025-04-17T03:58:19.890Z"}
{"level":"info","message":"ROUTE API CALL => \n http://localhost:6200/api/v1/adminRoutes/getPerson","timestamp":"2025-04-17T03:58:22.903Z"}
{"level":"info","message":"ROUTE API CALL => \n http://localhost:6200/api/v1/adminRoutes/getPerson","timestamp":"2025-04-17T03:58:23.879Z"}
{"level":"info","message":"ROUTE API CALL => \n http://localhost:6200/api/v1/adminRoutes/getPerson","timestamp":"2025-04-17T03:58:29.213Z"}
{"level":"info","message":"ROUTE API CALL => \n http://localhost:6200/api/v1/adminRoutes/getPerson","timestamp":"2025-04-17T03:58:30.876Z"}
{"level":"info","message":"ROUTE API CALL => \n http://localhost:6200/api/v1/adminRoutes/getPerson","timestamp":"2025-04-17T03:58:46.908Z"}
{"level":"info","message":"ROUTE API CALL => \n http://localhost:6200/api/v1/adminRoutes/getPerson","timestamp":"2025-04-17T03:58:57.244Z"}
{"level":"info","message":"ROUTE API CALL => \n http://localhost:6200/api/v1/adminRoutes/getPerson","timestamp":"2025-04-17T03:59:01.887Z"}
{"level":"info","message":"ROUTE API CALL => \n http://localhost:6200/api/v1/adminRoutes/getPerson","timestamp":"2025-04-17T03:59:20.882Z"}
{"level":"info","message":"ROUTE API CALL => \n http://localhost:6200/api/v1/adminRoutes/getPerson","timestamp":"2025-04-17T03:59:30.218Z"}
{"level":"info","message":"ROUTE API CALL => \n http://localhost:6200/api/v1/adminRoutes/getPerson","timestamp":"2025-04-17T03:59:47.882Z"}
{"level":"info","message":"ROUTE API CALL => \n http://localhost:6200/api/v1/adminRoutes/getPerson","timestamp":"2025-04-17T04:00:03.281Z"}
{"level":"info","message":"ROUTE API CALL => \n http://localhost:6200/api/v1/adminRoutes/getPerson","timestamp":"2025-04-17T04:00:04.874Z"}
{"level":"info","message":"ROUTE API CALL => \n http://localhost:6200/api/v1/rePayment/userList","timestamp":"2025-04-17T04:00:30.294Z"}
{"level":"info","message":"ROUTE API CALL => \n http://localhost:6200/api/v1/adminRoutes/getPersonList","timestamp":"2025-04-17T04:00:33.000Z"}
{"level":"info","message":"ROUTE API CALL => \n http://localhost:6200/api/v1/refDashboard/Count","timestamp":"2025-04-17T04:00:35.344Z"}
{"level":"info","message":"ROUTE API CALL => \n http://localhost:6200/api/v1/refDashboard/Count","timestamp":"2025-04-17T04:00:35.365Z"}
{"level":"info","message":"ROUTE API CALL => \n http://localhost:6200/api/v1/rePayment/userList","timestamp":"2025-04-17T04:00:44.652Z"}
{"level":"info","message":"ROUTE API CALL => \n http://localhost:6200/api/v1/rePayment/rePaymentCalculation","timestamp":"2025-04-17T04:00:46.312Z"}
{"level":"info","message":"ROUTE API CALL => \n http://localhost:6200/api/v1/rePayment/userList","timestamp":"2025-04-17T04:00:52.739Z"}
{"level":"info","message":"ROUTE API CALL => \n http://localhost:6200/api/v1/rePayment/rePaymentCalculation","timestamp":"2025-04-17T04:00:54.894Z"}
{"level":"info","message":"ROUTE API CALL => \n http://localhost:6200/api/v1/adminRoutes/getPersonList","timestamp":"2025-04-17T04:13:26.827Z"}
{"level":"info","message":"ROUTE API CALL => \n http://localhost:6200/api/v1/adminRoutes/getPersonList","timestamp":"2025-04-17T04:13:27.268Z"}
{"level":"info","message":"ROUTE API CALL => \n http://localhost:6200/api/v1/adminRoutes/getBankAccountList","timestamp":"2025-04-17T04:16:54.135Z"}
{"level":"info","message":"ROUTE API CALL => \n http://localhost:6200/api/v1/adminRoutes/getBankFundList","timestamp":"2025-04-17T04:16:55.779Z"}
{"level":"info","message":"ROUTE API CALL => \n http://localhost:6200/api/v1/adminRoutes/getBankFundList","timestamp":"2025-04-17T05:13:31.076Z"}
{"level":"info","message":"ROUTE API CALL => \n http://localhost:6200/api/v1/adminRoutes/adminLogin","timestamp":"2025-04-17T05:24:03.866Z"}
{"level":"info","message":"ROUTE API CALL => \n http://localhost:6200/api/v1/refDashboard/Count","timestamp":"2025-04-17T05:24:04.368Z"}
{"level":"info","message":"ROUTE API CALL => \n http://localhost:6200/api/v1/refDashboard/Count","timestamp":"2025-04-17T05:24:04.377Z"}
{"level":"info","message":"ROUTE API CALL => \n http://localhost:6200/api/v1/refDashboard/Count","timestamp":"2025-04-17T05:25:08.332Z"}
{"level":"info","message":"ROUTE API CALL => \n http://localhost:6200/api/v1/adminRoutes/getPersonList","timestamp":"2025-04-17T05:25:19.109Z"}
{"level":"info","message":"ROUTE API CALL => \n http://localhost:6200/api/v1/adminRoutes/getPersonList","timestamp":"2025-04-17T05:25:35.673Z"}
{"level":"info","message":"ROUTE API CALL => \n http://localhost:6200/api/v1/adminRoutes/profileUpload","timestamp":"2025-04-17T05:27:51.659Z"}
{"level":"info","message":"ROUTE API CALL => \n http://localhost:6200/api/v1/adminRoutes/addPerson","timestamp":"2025-04-17T05:27:51.675Z"}
{"level":"info","message":"ROUTE API CALL => \n http://localhost:6200/api/v1/adminRoutes/getPersonList","timestamp":"2025-04-17T05:27:51.947Z"}
{"level":"info","message":"ROUTE API CALL => \n http://localhost:6200/api/v1/adminRoutes/getPerson","timestamp":"2025-04-17T05:27:57.405Z"}
{"level":"info","message":"ROUTE API CALL => \n http://localhost:6200/api/v1/adminRoutes/profileUpload","timestamp":"2025-04-17T05:28:19.464Z"}
{"level":"info","message":"ROUTE API CALL => \n http://localhost:6200/api/v1/adminRoutes/updatePerson","timestamp":"2025-04-17T05:28:19.476Z"}
{"level":"info","message":"ROUTE API CALL => \n http://localhost:6200/api/v1/adminRoutes/getPersonList","timestamp":"2025-04-17T05:28:19.506Z"}
{"level":"info","message":"ROUTE API CALL => \n http://localhost:6200/api/v1/adminRoutes/getPerson","timestamp":"2025-04-17T05:28:22.095Z"}
{"level":"info","message":"ROUTE API CALL => \n http://localhost:6200/api/v1/adminRoutes/getBankAccountList","timestamp":"2025-04-17T05:28:35.075Z"}
{"level":"info","message":"ROUTE API CALL => \n http://localhost:6200/api/v1/adminRoutes/addBankAccount","timestamp":"2025-04-17T05:28:55.514Z"}
{"level":"info","message":"ROUTE API CALL => \n http://localhost:6200/api/v1/adminRoutes/getBankAccountList","timestamp":"2025-04-17T05:28:55.532Z"}
{"level":"info","message":"ROUTE API CALL => \n http://localhost:6200/api/v1/adminRoutes/getBankFundList","timestamp":"2025-04-17T05:29:05.553Z"}
{"level":"info","message":"ROUTE API CALL => \n http://localhost:6200/api/v1/adminRoutes/getBankAccountList","timestamp":"2025-04-17T05:29:14.395Z"}
{"level":"info","message":"ROUTE API CALL => \n http://localhost:6200/api/v1/adminRoutes/getBankFundList","timestamp":"2025-04-17T05:29:41.512Z"}
{"level":"info","message":"ROUTE API CALL => \n http://localhost:6200/api/v1/adminRoutes/getBankList","timestamp":"2025-04-17T05:29:44.705Z"}
{"level":"info","message":"ROUTE API CALL => \n http://localhost:6200/api/v1/adminRoutes/addBankFund","timestamp":"2025-04-17T05:29:56.326Z"}
{"level":"info","message":"ROUTE API CALL => \n http://localhost:6200/api/v1/adminRoutes/getBankFundList","timestamp":"2025-04-17T05:29:56.348Z"}
{"level":"info","message":"ROUTE API CALL => \n http://localhost:6200/api/v1/adminRoutes/getBankAccountList","timestamp":"2025-04-17T05:30:02.317Z"}
{"level":"info","message":"ROUTE API CALL => \n http://localhost:6200/api/v1/adminRoutes/getBankFundList","timestamp":"2025-04-17T05:30:08.048Z"}
{"level":"info","message":"ROUTE API CALL => \n http://localhost:6200/api/v1/adminRoutes/getBankList","timestamp":"2025-04-17T05:30:30.734Z"}
{"level":"info","message":"ROUTE API CALL => \n http://localhost:6200/api/v1/adminRoutes/getBankList","timestamp":"2025-04-17T05:35:34.141Z"}
{"level":"info","message":"ROUTE API CALL => \n http://localhost:6200/api/v1/adminRoutes/getBankFundList","timestamp":"2025-04-17T05:38:28.537Z"}
{"level":"info","message":"ROUTE API CALL => \n http://localhost:6200/api/v1/adminRoutes/getBankFundList","timestamp":"2025-04-17T05:38:30.826Z"}
{"level":"info","message":"ROUTE API CALL => \n http://localhost:6200/api/v1/adminRoutes/productList","timestamp":"2025-04-17T05:38:40.967Z"}
{"level":"info","message":"ROUTE API CALL => \n http://localhost:6200/api/v1/adminRoutes/getLoanAndUser","timestamp":"2025-04-17T05:39:03.735Z"}
{"level":"info","message":"ROUTE API CALL => \n http://localhost:6200/api/v1/adminRoutes/getLoan","timestamp":"2025-04-17T05:39:11.481Z"}
{"level":"info","message":"ROUTE API CALL => \n http://localhost:6200/api/v1/rePayment/loanDetails","timestamp":"2025-04-17T05:39:11.507Z"}
{"level":"info","message":"ROUTE API CALL => \n http://localhost:6200/api/v1/adminRoutes/getLoan","timestamp":"2025-04-17T05:39:17.092Z"}
{"level":"info","message":"ROUTE API CALL => \n http://localhost:6200/api/v1/rePayment/loanDetails","timestamp":"2025-04-17T05:39:17.098Z"}
{"level":"info","message":"ROUTE API CALL => \n http://localhost:6200/api/v1/adminRoutes/addLoan","timestamp":"2025-04-17T05:41:08.064Z"}
{"level":"info","message":"ROUTE API CALL => \n http://localhost:6200/api/v1/adminRoutes/getLoan","timestamp":"2025-04-17T05:41:08.217Z"}
{"level":"info","message":"ROUTE API CALL => \n http://localhost:6200/api/v1/adminRoutes/getBankFundList","timestamp":"2025-04-17T05:41:12.759Z"}
{"level":"info","message":"ROUTE API CALL => \n http://localhost:6200/api/v1/adminRoutes/getBankAccountList","timestamp":"2025-04-17T05:41:22.167Z"}
{"level":"info","message":"ROUTE API CALL => \n http://localhost:6200/api/v1/adminRoutes/getLoanAndUser","timestamp":"2025-04-17T05:41:44.124Z"}
{"level":"info","message":"ROUTE API CALL => \n http://localhost:6200/api/v1/adminRoutes/getLoan","timestamp":"2025-04-17T05:41:46.641Z"}
{"level":"info","message":"ROUTE API CALL => \n http://localhost:6200/api/v1/rePayment/loanDetails","timestamp":"2025-04-17T05:41:46.644Z"}
{"level":"info","message":"ROUTE API CALL => \n http://localhost:6200/api/v1/rePayment/loanAudit","timestamp":"2025-04-17T05:41:54.654Z"}
{"level":"info","message":"ROUTE API CALL => \n http://localhost:6200/api/v1/rePayment/userList","timestamp":"2025-04-17T05:42:27.564Z"}
{"level":"info","message":"ROUTE API CALL => \n http://localhost:6200/api/v1/rePayment/userList","timestamp":"2025-04-17T05:42:31.309Z"}
{"level":"info","message":"ROUTE API CALL => \n http://localhost:6200/api/v1/rePayment/rePaymentCalculation","timestamp":"2025-04-17T05:42:38.636Z"}
{"level":"info","message":"ROUTE API CALL => \n http://localhost:6200/api/v1/rePayment/updateRePayment","timestamp":"2025-04-17T05:43:03.623Z"}
{"level":"info","message":"ROUTE API CALL => \n http://localhost:6200/api/v1/rePayment/userList","timestamp":"2025-04-17T05:43:03.696Z"}
{"level":"info","message":"ROUTE API CALL => \n http://localhost:6200/api/v1/adminRoutes/getLoanAndUser","timestamp":"2025-04-17T05:43:08.599Z"}
{"level":"info","message":"ROUTE API CALL => \n http://localhost:6200/api/v1/adminRoutes/getLoan","timestamp":"2025-04-17T05:43:10.607Z"}
{"level":"info","message":"ROUTE API CALL => \n http://localhost:6200/api/v1/rePayment/loanDetails","timestamp":"2025-04-17T05:43:10.625Z"}
{"level":"info","message":"ROUTE API CALL => \n http://localhost:6200/api/v1/rePayment/loanAudit","timestamp":"2025-04-17T05:43:14.905Z"}
{"level":"info","message":"ROUTE API CALL => \n http://localhost:6200/api/v1/adminRoutes/getBankFundList","timestamp":"2025-04-17T05:43:31.896Z"}
{"level":"info","message":"ROUTE API CALL => \n http://localhost:6200/api/v1/adminRoutes/getLoanAndUser","timestamp":"2025-04-17T05:43:39.589Z"}
{"level":"info","message":"ROUTE API CALL => \n http://localhost:6200/api/v1/adminRoutes/getLoan","timestamp":"2025-04-17T05:43:41.418Z"}
{"level":"info","message":"ROUTE API CALL => \n http://localhost:6200/api/v1/rePayment/loanDetails","timestamp":"2025-04-17T05:43:41.421Z"}
{"level":"info","message":"ROUTE API CALL => \n http://localhost:6200/api/v1/adminRoutes/getLoan","timestamp":"2025-04-17T05:43:53.522Z"}
{"level":"info","message":"ROUTE API CALL => \n http://localhost:6200/api/v1/rePayment/loanDetails","timestamp":"2025-04-17T05:43:53.527Z"}
{"level":"info","message":"ROUTE API CALL => \n http://localhost:6200/api/v1/adminRoutes/addLoanOption","timestamp":"2025-04-17T05:44:44.068Z"}
{"level":"info","message":"ROUTE API CALL => \n http://localhost:6200/api/v1/adminRoutes/addLoan","timestamp":"2025-04-17T05:45:31.539Z"}
{"level":"info","message":"ROUTE API CALL => \n http://localhost:6200/api/v1/adminRoutes/getLoan","timestamp":"2025-04-17T05:45:31.703Z"}
{"level":"info","message":"ROUTE API CALL => \n http://localhost:6200/api/v1/adminRoutes/getBankFundList","timestamp":"2025-04-17T05:45:36.439Z"}
{"level":"info","message":"ROUTE API CALL => \n http://localhost:6200/api/v1/adminRoutes/getLoanAndUser","timestamp":"2025-04-17T05:46:32.577Z"}
{"level":"info","message":"ROUTE API CALL => \n http://localhost:6200/api/v1/adminRoutes/getLoan","timestamp":"2025-04-17T05:46:36.323Z"}
{"level":"info","message":"ROUTE API CALL => \n http://localhost:6200/api/v1/rePayment/loanDetails","timestamp":"2025-04-17T05:46:36.325Z"}
{"level":"info","message":"ROUTE API CALL => \n http://localhost:6200/api/v1/adminRoutes/addLoanOption","timestamp":"2025-04-17T05:47:35.983Z"}
{"level":"info","message":"ROUTE API CALL => \n http://localhost:6200/api/v1/adminRoutes/addLoan","timestamp":"2025-04-17T05:47:40.160Z"}
{"level":"info","message":"Server running --- from server.ts","timestamp":"2025-04-17T06:19:40.357Z"}
