{"level":"info","message":"ROUTE API CALL => \n http://localhost:6201/api/v1/adminRoutes/getPersonList","timestamp":"2025-05-25T18:33:22.863Z"}
{"level":"info","message":"ROUTE API CALL => \n http://localhost:6201/api/v1/adminRoutes/getPersonList","timestamp":"2025-05-25T18:33:22.876Z"}
{"level":"info","message":"ROUTE API CALL => \n http://localhost:6201/api/v1/adminRoutes/getPersonList","timestamp":"2025-05-25T18:48:47.534Z"}
{"level":"info","message":"ROUTE API CALL => \n http://localhost:6201/api/v1/adminRoutes/getPersonList","timestamp":"2025-05-25T18:48:47.542Z"}
{"level":"info","message":"ROUTE API CALL => \n http://localhost:6201/api/v1/adminRoutes/getPerson","timestamp":"2025-05-25T18:55:43.729Z"}
{"level":"info","message":"ROUTE API CALL => \n http://localhost:6201/api/v1/adminRoutes/getPerson","timestamp":"2025-05-25T18:55:43.735Z"}
{"level":"info","message":"ROUTE API CALL => \n http://localhost:6201/api/v1/adminRoutes/getPerson","timestamp":"2025-05-25T19:04:34.989Z"}
{"level":"info","message":"ROUTE API CALL => \n http://localhost:6201/api/v1/adminRoutes/getPerson","timestamp":"2025-05-25T19:04:34.996Z"}
{"level":"info","message":"ROUTE API CALL => \n http://localhost:6201/api/v1/adminRoutes/getPerson","timestamp":"2025-05-25T19:04:44.362Z"}
{"level":"info","message":"ROUTE API CALL => \n http://localhost:6201/api/v1/adminRoutes/getPerson","timestamp":"2025-05-25T19:04:44.368Z"}
{"level":"info","message":"ROUTE API CALL => \n http://localhost:6201/api/v1/adminRoutes/getPerson","timestamp":"2025-05-25T19:04:48.031Z"}
{"level":"info","message":"ROUTE API CALL => \n http://localhost:6201/api/v1/adminRoutes/getPerson","timestamp":"2025-05-25T19:04:48.038Z"}
{"level":"info","message":"ROUTE API CALL => \n http://localhost:6201/api/v1/adminRoutes/getPerson","timestamp":"2025-05-25T19:05:20.778Z"}
{"level":"info","message":"ROUTE API CALL => \n http://localhost:6201/api/v1/adminRoutes/getPerson","timestamp":"2025-05-25T19:05:20.783Z"}
{"level":"info","message":"ROUTE API CALL => \n http://localhost:6201/api/v1/adminRoutes/getPerson","timestamp":"2025-05-25T19:05:26.184Z"}
{"level":"info","message":"ROUTE API CALL => \n http://localhost:6201/api/v1/adminRoutes/getPerson","timestamp":"2025-05-25T19:05:26.191Z"}
{"level":"info","message":"ROUTE API CALL => \n http://localhost:6201/api/v1/adminRoutes/addReference","timestamp":"2025-05-25T19:07:27.271Z"}
{"level":"info","message":"ROUTE API CALL => \n http://localhost:6201/api/v1/adminRoutes/getPerson","timestamp":"2025-05-25T19:07:27.402Z"}
{"level":"info","message":"ROUTE API CALL => \n http://localhost:6201/api/v1/adminRoutes/getPerson","timestamp":"2025-05-25T19:09:45.617Z"}
{"level":"info","message":"ROUTE API CALL => \n http://localhost:6201/api/v1/adminRoutes/getPerson","timestamp":"2025-05-25T19:09:45.624Z"}
{"level":"info","message":"Server running --- from server.ts","timestamp":"2025-05-25T19:13:47.795Z"}
{"level":"info","message":"Server running --- from server.ts","timestamp":"2025-05-26T12:09:36.603Z"}
{"level":"info","message":"ROUTE API CALL => \n http://localhost:6201/api/v1/adminRoutes/adminLogin","timestamp":"2025-05-26T12:11:52.527Z"}
{"level":"info","message":"ROUTE API CALL => \n http://localhost:6201/api/v1/cashFlow/getCashFlow","timestamp":"2025-05-26T12:11:53.698Z"}
{"level":"info","message":"ROUTE API CALL => \n http://localhost:6201/api/v1/refDashboard/Count","timestamp":"2025-05-26T12:11:53.721Z"}
{"level":"info","message":"ROUTE API CALL => \n http://localhost:6201/api/v1/refDashboard/Count","timestamp":"2025-05-26T12:11:53.747Z"}
{"level":"info","message":"ROUTE API CALL => \n http://localhost:6201/api/v1/cashFlow/getCashFlow","timestamp":"2025-05-26T12:11:55.714Z"}
{"level":"info","message":"ROUTE API CALL => \n http://localhost:6201/api/v1/adminRoutes/getBankFundList","timestamp":"2025-05-26T12:11:55.729Z"}
{"level":"info","message":"ROUTE API CALL => \n http://localhost:6201/api/v1/expense/expenseData","timestamp":"2025-05-26T12:11:55.740Z"}
{"level":"info","message":"ROUTE API CALL => \n http://localhost:6201/api/v1/expense/expenseOption","timestamp":"2025-05-26T12:12:06.747Z"}
{"level":"info","message":"ROUTE API CALL => \n http://localhost:6201/api/v1/expense/expenseData","timestamp":"2025-05-26T12:12:29.582Z"}
{"level":"info","message":"ROUTE API CALL => \n http://localhost:6201/api/v1/expense/addExpense","timestamp":"2025-05-26T12:12:29.597Z"}
{"level":"info","message":"ROUTE API CALL => \n http://localhost:6201/api/v1/cashFlow/getCashFlow","timestamp":"2025-05-26T12:12:43.862Z"}
{"level":"info","message":"ROUTE API CALL => \n http://localhost:6201/api/v1/adminRoutes/getBankFundList","timestamp":"2025-05-26T12:12:43.867Z"}
{"level":"info","message":"ROUTE API CALL => \n http://localhost:6201/api/v1/cashFlow/getCashFlow","timestamp":"2025-05-26T12:12:44.949Z"}
{"level":"info","message":"ROUTE API CALL => \n http://localhost:6201/api/v1/adminRoutes/getBankFundList","timestamp":"2025-05-26T12:12:44.967Z"}
{"level":"info","message":"ROUTE API CALL => \n http://localhost:6201/api/v1/expense/expenseData","timestamp":"2025-05-26T12:12:44.999Z"}
{"level":"info","message":"ROUTE API CALL => \n http://localhost:6201/api/v1/cashFlow/getCashFlow","timestamp":"2025-05-26T12:15:37.099Z"}
{"level":"info","message":"ROUTE API CALL => \n http://localhost:6201/api/v1/adminRoutes/getBankFundList","timestamp":"2025-05-26T12:15:37.110Z"}
{"level":"info","message":"ROUTE API CALL => \n http://localhost:6201/api/v1/cashFlow/getCashFlow","timestamp":"2025-05-26T12:15:38.374Z"}
{"level":"info","message":"ROUTE API CALL => \n http://localhost:6201/api/v1/adminRoutes/getBankFundList","timestamp":"2025-05-26T12:15:38.379Z"}
{"level":"info","message":"ROUTE API CALL => \n http://localhost:6201/api/v1/expense/expenseData","timestamp":"2025-05-26T12:15:38.384Z"}
{"level":"info","message":"Server running --- from server.ts","timestamp":"2025-05-26T12:17:37.853Z"}
{"level":"info","message":"ROUTE API CALL => \n http://localhost:6201/api/v1/cashFlow/getCashFlow","timestamp":"2025-05-26T12:17:41.166Z"}
{"level":"info","message":"ROUTE API CALL => \n http://localhost:6201/api/v1/expense/expenseData","timestamp":"2025-05-26T12:17:41.208Z"}
{"level":"info","message":"ROUTE API CALL => \n http://localhost:6201/api/v1/adminRoutes/getBankFundList","timestamp":"2025-05-26T12:17:41.228Z"}
{"code":"ENOTFOUND","errno":-3008,"hostname":"http://zadroit.brightoncloudtech.com","level":"error","message":"Error in view bank fund list getaddrinfo ENOTFOUND http://zadroit.brightoncloudtech.com","stack":"Error: getaddrinfo ENOTFOUND http://zadroit.brightoncloudtech.com\n    at C:\\Users\\VIJAY L\\Desktop\\Finance\\ZAdPro_MicroFin_Service\\node_modules\\pg-pool\\index.js:45:11\n    at processTicksAndRejections (node:internal/process/task_queues:95:5)","syscall":"getaddrinfo","timestamp":"2025-05-26T12:17:41.255Z"}
{"level":"info","message":"ROUTE API CALL => \n http://localhost:6201/api/v1/cashFlow/getCashFlow","timestamp":"2025-05-26T12:17:53.254Z"}
{"level":"info","message":"ROUTE API CALL => \n http://localhost:6201/api/v1/adminRoutes/getBankAccountList","timestamp":"2025-05-26T12:17:53.281Z"}
{"level":"info","message":"ROUTE API CALL => \n http://localhost:6201/api/v1/cashFlow/getCashFlow","timestamp":"2025-05-26T12:18:27.585Z"}
{"level":"info","message":"ROUTE API CALL => \n http://localhost:6201/api/v1/adminRoutes/productList","timestamp":"2025-05-26T12:18:27.595Z"}
{"code":"ENOTFOUND","errno":-3008,"hostname":"http://zadroit.brightoncloudtech.com","level":"error","message":"Error in list the product getaddrinfo ENOTFOUND http://zadroit.brightoncloudtech.com","stack":"Error: getaddrinfo ENOTFOUND http://zadroit.brightoncloudtech.com\n    at C:\\Users\\VIJAY L\\Desktop\\Finance\\ZAdPro_MicroFin_Service\\node_modules\\pg-pool\\index.js:45:11\n    at processTicksAndRejections (node:internal/process/task_queues:95:5)","syscall":"getaddrinfo","timestamp":"2025-05-26T12:18:27.599Z"}
{"level":"info","message":"ROUTE API CALL => \n http://localhost:6201/api/v1/cashFlow/getCashFlow","timestamp":"2025-05-26T12:18:28.604Z"}
{"level":"info","message":"ROUTE API CALL => \n http://localhost:6201/api/v1/expense/expenseData","timestamp":"2025-05-26T12:18:28.638Z"}
{"level":"info","message":"ROUTE API CALL => \n http://localhost:6201/api/v1/adminRoutes/getBankFundList","timestamp":"2025-05-26T12:18:28.673Z"}
{"code":"ENOTFOUND","errno":-3008,"hostname":"http://zadroit.brightoncloudtech.com","level":"error","message":"Error in view bank fund list getaddrinfo ENOTFOUND http://zadroit.brightoncloudtech.com","stack":"Error: getaddrinfo ENOTFOUND http://zadroit.brightoncloudtech.com\n    at C:\\Users\\VIJAY L\\Desktop\\Finance\\ZAdPro_MicroFin_Service\\node_modules\\pg-pool\\index.js:45:11\n    at processTicksAndRejections (node:internal/process/task_queues:95:5)","syscall":"getaddrinfo","timestamp":"2025-05-26T12:18:28.680Z"}
{"level":"info","message":"Server running --- from server.ts","timestamp":"2025-05-26T12:18:53.945Z"}
{"level":"info","message":"ROUTE API CALL => \n http://localhost:6201/api/v1/cashFlow/getCashFlow","timestamp":"2025-05-26T12:19:30.749Z"}
{"level":"info","message":"ROUTE API CALL => \n http://localhost:6201/api/v1/adminRoutes/getBankFundList","timestamp":"2025-05-26T12:19:30.777Z"}
{"level":"error","message":"Error in view bank fund list Connection terminated due to connection timeout","stack":"Error: Connection terminated due to connection timeout\n    at C:\\Users\\VIJAY L\\Desktop\\Finance\\ZAdPro_MicroFin_Service\\node_modules\\pg-pool\\index.js:45:11\n    at processTicksAndRejections (node:internal/process/task_queues:95:5)","timestamp":"2025-05-26T12:19:32.794Z"}
{"level":"info","message":"ROUTE API CALL => \n http://localhost:6201/api/v1/cashFlow/getCashFlow","timestamp":"2025-05-26T12:19:40.552Z"}
{"level":"info","message":"ROUTE API CALL => \n http://localhost:6201/api/v1/expense/expenseData","timestamp":"2025-05-26T12:19:40.572Z"}
{"level":"info","message":"ROUTE API CALL => \n http://localhost:6201/api/v1/adminRoutes/getBankFundList","timestamp":"2025-05-26T12:19:40.865Z"}
{"level":"error","message":"Error in view bank fund list Connection terminated due to connection timeout","stack":"Error: Connection terminated due to connection timeout\n    at C:\\Users\\VIJAY L\\Desktop\\Finance\\ZAdPro_MicroFin_Service\\node_modules\\pg-pool\\index.js:45:11\n    at processTicksAndRejections (node:internal/process/task_queues:95:5)","timestamp":"2025-05-26T12:19:42.874Z"}
{"level":"info","message":"ROUTE API CALL => \n http://localhost:6201/api/v1/cashFlow/getCashFlow","timestamp":"2025-05-26T12:19:57.534Z"}
{"level":"info","message":"ROUTE API CALL => \n http://localhost:6201/api/v1/refDashboard/Count","timestamp":"2025-05-26T12:19:57.549Z"}
{"level":"info","message":"ROUTE API CALL => \n http://localhost:6201/api/v1/refDashboard/Count","timestamp":"2025-05-26T12:19:57.849Z"}
{"level":"info","message":"ROUTE API CALL => \n http://localhost:6201/api/v1/adminRoutes/adminLogin","timestamp":"2025-05-26T12:20:03.628Z"}
{"level":"error","message":"Error in admin Login Connection terminated due to connection timeout","stack":"Error: Connection terminated due to connection timeout\n    at C:\\Users\\VIJAY L\\Desktop\\Finance\\ZAdPro_MicroFin_Service\\node_modules\\pg-pool\\index.js:45:11\n    at processTicksAndRejections (node:internal/process/task_queues:95:5)","timestamp":"2025-05-26T12:20:05.637Z"}
{"level":"info","message":"ROUTE API CALL => \n http://localhost:6201/api/v1/adminRoutes/adminLogin","timestamp":"2025-05-26T12:20:13.754Z"}
{"level":"info","message":"ROUTE API CALL => \n http://localhost:6201/api/v1/adminRoutes/adminLogin","timestamp":"2025-05-26T12:20:14.549Z"}
{"level":"info","message":"ROUTE API CALL => \n http://localhost:6201/api/v1/adminRoutes/adminLogin","timestamp":"2025-05-26T12:20:14.577Z"}
{"level":"info","message":"ROUTE API CALL => \n http://localhost:6201/api/v1/adminRoutes/adminLogin","timestamp":"2025-05-26T12:20:14.607Z"}
{"level":"info","message":"ROUTE API CALL => \n http://localhost:6201/api/v1/adminRoutes/adminLogin","timestamp":"2025-05-26T12:20:14.638Z"}
{"level":"info","message":"ROUTE API CALL => \n http://localhost:6201/api/v1/adminRoutes/adminLogin","timestamp":"2025-05-26T12:20:14.668Z"}
{"level":"error","message":"Error in admin Login Connection terminated due to connection timeout","stack":"Error: Connection terminated due to connection timeout\n    at C:\\Users\\VIJAY L\\Desktop\\Finance\\ZAdPro_MicroFin_Service\\node_modules\\pg-pool\\index.js:45:11\n    at processTicksAndRejections (node:internal/process/task_queues:95:5)","timestamp":"2025-05-26T12:20:15.758Z"}
{"level":"info","message":"ROUTE API CALL => \n http://localhost:6201/api/v1/adminRoutes/adminLogin","timestamp":"2025-05-26T12:20:15.766Z"}
{"level":"error","message":"Error in admin Login Connection terminated due to connection timeout","stack":"Error: Connection terminated due to connection timeout\n    at C:\\Users\\VIJAY L\\Desktop\\Finance\\ZAdPro_MicroFin_Service\\node_modules\\pg-pool\\index.js:45:11\n    at processTicksAndRejections (node:internal/process/task_queues:95:5)","timestamp":"2025-05-26T12:20:16.569Z"}
{"level":"info","message":"ROUTE API CALL => \n http://localhost:6201/api/v1/adminRoutes/adminLogin","timestamp":"2025-05-26T12:20:16.576Z"}
{"level":"error","message":"Error in admin Login Connection terminated due to connection timeout","stack":"Error: Connection terminated due to connection timeout\n    at C:\\Users\\VIJAY L\\Desktop\\Finance\\ZAdPro_MicroFin_Service\\node_modules\\pg-pool\\index.js:45:11\n    at processTicksAndRejections (node:internal/process/task_queues:95:5)","timestamp":"2025-05-26T12:20:16.586Z"}
{"level":"info","message":"ROUTE API CALL => \n http://localhost:6201/api/v1/adminRoutes/adminLogin","timestamp":"2025-05-26T12:20:16.594Z"}
{"level":"error","message":"Error in admin Login Connection terminated due to connection timeout","stack":"Error: Connection terminated due to connection timeout\n    at C:\\Users\\VIJAY L\\Desktop\\Finance\\ZAdPro_MicroFin_Service\\node_modules\\pg-pool\\index.js:45:11\n    at processTicksAndRejections (node:internal/process/task_queues:95:5)","timestamp":"2025-05-26T12:20:16.613Z"}
{"level":"info","message":"ROUTE API CALL => \n http://localhost:6201/api/v1/adminRoutes/adminLogin","timestamp":"2025-05-26T12:20:16.617Z"}
{"level":"error","message":"Error in admin Login Connection terminated due to connection timeout","stack":"Error: Connection terminated due to connection timeout\n    at C:\\Users\\VIJAY L\\Desktop\\Finance\\ZAdPro_MicroFin_Service\\node_modules\\pg-pool\\index.js:45:11\n    at processTicksAndRejections (node:internal/process/task_queues:95:5)","timestamp":"2025-05-26T12:20:16.644Z"}
{"level":"info","message":"ROUTE API CALL => \n http://localhost:6201/api/v1/adminRoutes/adminLogin","timestamp":"2025-05-26T12:20:16.652Z"}
{"level":"error","message":"Error in admin Login Connection terminated due to connection timeout","stack":"Error: Connection terminated due to connection timeout\n    at C:\\Users\\VIJAY L\\Desktop\\Finance\\ZAdPro_MicroFin_Service\\node_modules\\pg-pool\\index.js:45:11\n    at processTicksAndRejections (node:internal/process/task_queues:95:5)","timestamp":"2025-05-26T12:20:16.675Z"}
{"level":"info","message":"ROUTE API CALL => \n http://localhost:6201/api/v1/adminRoutes/adminLogin","timestamp":"2025-05-26T12:20:16.681Z"}
{"level":"error","message":"Error in admin Login Connection terminated due to connection timeout","stack":"Error: Connection terminated due to connection timeout\n    at C:\\Users\\VIJAY L\\Desktop\\Finance\\ZAdPro_MicroFin_Service\\node_modules\\pg-pool\\index.js:45:11\n    at processTicksAndRejections (node:internal/process/task_queues:95:5)","timestamp":"2025-05-26T12:20:17.773Z"}
{"level":"info","message":"ROUTE API CALL => \n http://localhost:6201/api/v1/adminRoutes/adminLogin","timestamp":"2025-05-26T12:20:17.779Z"}
{"level":"error","message":"Error in admin Login Connection terminated due to connection timeout","stack":"Error: Connection terminated due to connection timeout\n    at C:\\Users\\VIJAY L\\Desktop\\Finance\\ZAdPro_MicroFin_Service\\node_modules\\pg-pool\\index.js:45:11\n    at processTicksAndRejections (node:internal/process/task_queues:95:5)","timestamp":"2025-05-26T12:20:18.597Z"}
{"level":"error","message":"Error in admin Login Connection terminated due to connection timeout","stack":"Error: Connection terminated due to connection timeout\n    at C:\\Users\\VIJAY L\\Desktop\\Finance\\ZAdPro_MicroFin_Service\\node_modules\\pg-pool\\index.js:45:11\n    at processTicksAndRejections (node:internal/process/task_queues:95:5)","timestamp":"2025-05-26T12:20:18.604Z"}
{"level":"info","message":"ROUTE API CALL => \n http://localhost:6201/api/v1/adminRoutes/adminLogin","timestamp":"2025-05-26T12:20:18.613Z"}
{"level":"info","message":"ROUTE API CALL => \n http://localhost:6201/api/v1/adminRoutes/adminLogin","timestamp":"2025-05-26T12:20:18.629Z"}
{"level":"error","message":"Error in admin Login Connection terminated due to connection timeout","stack":"Error: Connection terminated due to connection timeout\n    at C:\\Users\\VIJAY L\\Desktop\\Finance\\ZAdPro_MicroFin_Service\\node_modules\\pg-pool\\index.js:45:11\n    at processTicksAndRejections (node:internal/process/task_queues:95:5)","timestamp":"2025-05-26T12:20:18.632Z"}
{"level":"info","message":"ROUTE API CALL => \n http://localhost:6201/api/v1/adminRoutes/adminLogin","timestamp":"2025-05-26T12:20:18.635Z"}
{"level":"error","message":"Error in admin Login Connection terminated due to connection timeout","stack":"Error: Connection terminated due to connection timeout\n    at C:\\Users\\VIJAY L\\Desktop\\Finance\\ZAdPro_MicroFin_Service\\node_modules\\pg-pool\\index.js:45:11\n    at processTicksAndRejections (node:internal/process/task_queues:95:5)","timestamp":"2025-05-26T12:20:18.658Z"}
{"level":"info","message":"ROUTE API CALL => \n http://localhost:6201/api/v1/adminRoutes/adminLogin","timestamp":"2025-05-26T12:20:18.663Z"}
{"level":"error","message":"Error in admin Login Connection terminated due to connection timeout","stack":"Error: Connection terminated due to connection timeout\n    at C:\\Users\\VIJAY L\\Desktop\\Finance\\ZAdPro_MicroFin_Service\\node_modules\\pg-pool\\index.js:45:11\n    at processTicksAndRejections (node:internal/process/task_queues:95:5)","timestamp":"2025-05-26T12:20:18.689Z"}
{"level":"info","message":"ROUTE API CALL => \n http://localhost:6201/api/v1/adminRoutes/adminLogin","timestamp":"2025-05-26T12:20:18.696Z"}
{"level":"error","message":"Error in admin Login Connection terminated due to connection timeout","stack":"Error: Connection terminated due to connection timeout\n    at C:\\Users\\VIJAY L\\Desktop\\Finance\\ZAdPro_MicroFin_Service\\node_modules\\pg-pool\\index.js:45:11\n    at processTicksAndRejections (node:internal/process/task_queues:95:5)","timestamp":"2025-05-26T12:20:19.785Z"}
{"level":"info","message":"ROUTE API CALL => \n http://localhost:6201/api/v1/adminRoutes/adminLogin","timestamp":"2025-05-26T12:20:19.790Z"}
{"level":"error","message":"Error in admin Login Connection terminated due to connection timeout","stack":"Error: Connection terminated due to connection timeout\n    at C:\\Users\\VIJAY L\\Desktop\\Finance\\ZAdPro_MicroFin_Service\\node_modules\\pg-pool\\index.js:45:11\n    at processTicksAndRejections (node:internal/process/task_queues:95:5)","timestamp":"2025-05-26T12:20:20.626Z"}
{"level":"error","message":"Error in admin Login Connection terminated due to connection timeout","stack":"Error: Connection terminated due to connection timeout\n    at C:\\Users\\VIJAY L\\Desktop\\Finance\\ZAdPro_MicroFin_Service\\node_modules\\pg-pool\\index.js:45:11\n    at processTicksAndRejections (node:internal/process/task_queues:95:5)","timestamp":"2025-05-26T12:20:20.643Z"}
{"level":"error","message":"Error in admin Login Connection terminated due to connection timeout","stack":"Error: Connection terminated due to connection timeout\n    at C:\\Users\\VIJAY L\\Desktop\\Finance\\ZAdPro_MicroFin_Service\\node_modules\\pg-pool\\index.js:45:11\n    at processTicksAndRejections (node:internal/process/task_queues:95:5)","timestamp":"2025-05-26T12:20:20.648Z"}
{"level":"error","message":"Error in admin Login Connection terminated due to connection timeout","stack":"Error: Connection terminated due to connection timeout\n    at C:\\Users\\VIJAY L\\Desktop\\Finance\\ZAdPro_MicroFin_Service\\node_modules\\pg-pool\\index.js:45:11\n    at processTicksAndRejections (node:internal/process/task_queues:95:5)","timestamp":"2025-05-26T12:20:20.673Z"}
{"level":"error","message":"Error in admin Login Connection terminated due to connection timeout","stack":"Error: Connection terminated due to connection timeout\n    at C:\\Users\\VIJAY L\\Desktop\\Finance\\ZAdPro_MicroFin_Service\\node_modules\\pg-pool\\index.js:45:11\n    at processTicksAndRejections (node:internal/process/task_queues:95:5)","timestamp":"2025-05-26T12:20:20.706Z"}
{"level":"error","message":"Error in admin Login Connection terminated due to connection timeout","stack":"Error: Connection terminated due to connection timeout\n    at C:\\Users\\VIJAY L\\Desktop\\Finance\\ZAdPro_MicroFin_Service\\node_modules\\pg-pool\\index.js:45:11\n    at processTicksAndRejections (node:internal/process/task_queues:95:5)","timestamp":"2025-05-26T12:20:21.806Z"}
{"level":"info","message":"ROUTE API CALL => \n http://localhost:6201/api/v1/adminRoutes/adminLogin","timestamp":"2025-05-26T12:20:38.452Z"}
{"level":"error","message":"Error in admin Login Connection terminated due to connection timeout","stack":"Error: Connection terminated due to connection timeout\n    at C:\\Users\\VIJAY L\\Desktop\\Finance\\ZAdPro_MicroFin_Service\\node_modules\\pg-pool\\index.js:45:11\n    at processTicksAndRejections (node:internal/process/task_queues:95:5)","timestamp":"2025-05-26T12:20:40.462Z"}
{"level":"info","message":"ROUTE API CALL => \n http://localhost:6201/api/v1/adminRoutes/adminLogin","timestamp":"2025-05-26T12:27:45.955Z"}
{"level":"error","message":"Error in admin Login Connection terminated due to connection timeout","stack":"Error: Connection terminated due to connection timeout\n    at C:\\Users\\VIJAY L\\Desktop\\Finance\\ZAdPro_MicroFin_Service\\node_modules\\pg-pool\\index.js:45:11\n    at processTicksAndRejections (node:internal/process/task_queues:95:5)","timestamp":"2025-05-26T12:27:47.960Z"}
{"level":"info","message":"Server running --- from server.ts","timestamp":"2025-05-26T12:28:07.614Z"}
{"level":"info","message":"ROUTE API CALL => \n http://localhost:6201/api/v1/adminRoutes/adminLogin","timestamp":"2025-05-26T12:28:16.079Z"}
{"level":"info","message":"ROUTE API CALL => \n http://localhost:6201/api/v1/cashFlow/getCashFlow","timestamp":"2025-05-26T12:28:17.174Z"}
{"level":"info","message":"ROUTE API CALL => \n http://localhost:6201/api/v1/refDashboard/Count","timestamp":"2025-05-26T12:28:17.188Z"}
{"level":"info","message":"ROUTE API CALL => \n http://localhost:6201/api/v1/refDashboard/Count","timestamp":"2025-05-26T12:28:17.206Z"}
