{"level":"info","message":"Server running --- from server.ts","timestamp":"2025-05-27T00:57:06.269Z"}
{"level":"info","message":"ROUTE API CALL => \n http://localhost:6201/api/v1/adminRoutes/adminLogin","timestamp":"2025-05-27T00:57:36.810Z"}
{"level":"info","message":"ROUTE API CALL => \n http://localhost:6201/api/v1/cashFlow/getCashFlow","timestamp":"2025-05-27T00:57:37.550Z"}
{"level":"info","message":"ROUTE API CALL => \n http://localhost:6201/api/v1/refDashboard/Count","timestamp":"2025-05-27T00:57:37.561Z"}
{"level":"info","message":"ROUTE API CALL => \n http://localhost:6201/api/v1/refDashboard/Count","timestamp":"2025-05-27T00:57:37.587Z"}
{"level":"info","message":"Server running --- from server.ts","timestamp":"2025-05-27T00:58:06.493Z"}
{"level":"info","message":"ROUTE API CALL => \n http://localhost:6201/api/v1/adminRoutes/adminLogin","timestamp":"2025-05-27T00:58:14.412Z"}
{"code":"ENOTFOUND","errno":-3008,"hostname":"http://zadroit.brightoncloudtech.com","level":"error","message":"Error in admin Login getaddrinfo ENOTFOUND http://zadroit.brightoncloudtech.com","stack":"Error: getaddrinfo ENOTFOUND http://zadroit.brightoncloudtech.com\n    at C:\\Users\\VIJAY L\\Desktop\\Finance\\ZAdPro_MicroFin_Service\\node_modules\\pg-pool\\index.js:45:11\n    at processTicksAndRejections (node:internal/process/task_queues:95:5)","syscall":"getaddrinfo","timestamp":"2025-05-27T00:58:14.442Z"}
{"level":"info","message":"ROUTE API CALL => \n http://localhost:6201/api/v1/adminRoutes/adminLogin","timestamp":"2025-05-27T00:58:55.537Z"}
{"code":"ENOTFOUND","errno":-3008,"hostname":"http://zadroit.brightoncloudtech.com","level":"error","message":"Error in admin Login getaddrinfo ENOTFOUND http://zadroit.brightoncloudtech.com","stack":"Error: getaddrinfo ENOTFOUND http://zadroit.brightoncloudtech.com\n    at C:\\Users\\VIJAY L\\Desktop\\Finance\\ZAdPro_MicroFin_Service\\node_modules\\pg-pool\\index.js:45:11\n    at processTicksAndRejections (node:internal/process/task_queues:95:5)","syscall":"getaddrinfo","timestamp":"2025-05-27T00:58:55.545Z"}
{"level":"info","message":"Server running --- from server.ts","timestamp":"2025-05-27T00:59:20.243Z"}
{"level":"info","message":"ROUTE API CALL => \n http://localhost:6201/api/v1/adminRoutes/adminLogin","timestamp":"2025-05-27T00:59:28.329Z"}
{"level":"info","message":"ROUTE API CALL => \n http://localhost:6201/api/v1/cashFlow/getCashFlow","timestamp":"2025-05-27T00:59:29.709Z"}
{"level":"info","message":"ROUTE API CALL => \n http://localhost:6201/api/v1/refDashboard/Count","timestamp":"2025-05-27T00:59:29.724Z"}
{"level":"info","message":"ROUTE API CALL => \n http://localhost:6201/api/v1/refDashboard/Count","timestamp":"2025-05-27T00:59:29.759Z"}
{"level":"info","message":"ROUTE API CALL => \n http://localhost:6201/api/v1/cashFlow/getCashFlow","timestamp":"2025-05-27T00:59:33.151Z"}
{"level":"info","message":"ROUTE API CALL => \n http://localhost:6201/api/v1/adminRoutes/getBankFundList","timestamp":"2025-05-27T00:59:33.178Z"}
{"level":"info","message":"ROUTE API CALL => \n http://localhost:6201/api/v1/expense/expenseData","timestamp":"2025-05-27T00:59:33.188Z"}
{"level":"info","message":"ROUTE API CALL => \n http://localhost:6201/api/v1/expense/expenseOption","timestamp":"2025-05-27T00:59:41.211Z"}
{"level":"info","message":"ROUTE API CALL => \n http://localhost:6201/api/v1/expense/expenseData","timestamp":"2025-05-27T01:00:16.701Z"}
{"level":"info","message":"ROUTE API CALL => \n http://localhost:6201/api/v1/expense/addExpense","timestamp":"2025-05-27T01:00:16.710Z"}
{"level":"info","message":"Server running --- from server.ts","timestamp":"2025-05-27T01:03:21.292Z"}
{"level":"info","message":"Server running --- from server.ts","timestamp":"2025-05-27T01:03:33.049Z"}
{"level":"info","message":"ROUTE API CALL => \n http://localhost:6201/api/v1/expense/expenseData","timestamp":"2025-05-27T01:03:33.213Z"}
{"level":"info","message":"ROUTE API CALL => \n http://localhost:6201/api/v1/expense/expenseOption","timestamp":"2025-05-27T01:03:42.371Z"}
{"level":"info","message":"ROUTE API CALL => \n http://localhost:6201/api/v1/expense/addExpense","timestamp":"2025-05-27T01:04:40.034Z"}
{"level":"info","message":"ROUTE API CALL => \n http://localhost:6201/api/v1/expense/expenseData","timestamp":"2025-05-27T01:04:40.047Z"}
{"level":"info","message":"ROUTE API CALL => \n http://localhost:6201/api/v1/cashFlow/getCashFlow","timestamp":"2025-05-27T01:04:56.027Z"}
{"level":"info","message":"ROUTE API CALL => \n http://localhost:6201/api/v1/adminRoutes/getBankFundList","timestamp":"2025-05-27T01:04:56.037Z"}
{"level":"info","message":"ROUTE API CALL => \n http://localhost:6201/api/v1/cashFlow/getCashFlow","timestamp":"2025-05-27T01:04:58.560Z"}
{"level":"info","message":"ROUTE API CALL => \n http://localhost:6201/api/v1/expense/expenseData","timestamp":"2025-05-27T01:04:58.570Z"}
{"level":"info","message":"ROUTE API CALL => \n http://localhost:6201/api/v1/adminRoutes/getBankFundList","timestamp":"2025-05-27T01:04:58.582Z"}
{"level":"info","message":"Server running --- from server.ts","timestamp":"2025-05-27T01:06:11.283Z"}
{"level":"info","message":"ROUTE API CALL => \n http://localhost:6201/api/v1/cashFlow/getCashFlow","timestamp":"2025-05-27T01:06:12.469Z"}
{"level":"info","message":"ROUTE API CALL => \n http://localhost:6201/api/v1/adminRoutes/getBankFundList","timestamp":"2025-05-27T01:06:12.501Z"}
{"level":"info","message":"ROUTE API CALL => \n http://localhost:6201/api/v1/cashFlow/getCashFlow","timestamp":"2025-05-27T01:06:17.916Z"}
{"level":"info","message":"ROUTE API CALL => \n http://localhost:6201/api/v1/expense/expenseData","timestamp":"2025-05-27T01:06:17.960Z"}
{"level":"info","message":"ROUTE API CALL => \n http://localhost:6201/api/v1/adminRoutes/getBankFundList","timestamp":"2025-05-27T01:06:17.993Z"}
{"level":"info","message":"Server running --- from server.ts","timestamp":"2025-05-27T01:07:04.622Z"}
{"level":"info","message":"Server running --- from server.ts","timestamp":"2025-05-27T01:07:39.014Z"}
{"level":"info","message":"ROUTE API CALL => \n http://localhost:6201/api/v1/expense/expenseData","timestamp":"2025-05-27T01:07:40.993Z"}
{"level":"info","message":"ROUTE API CALL => \n http://localhost:6201/api/v1/cashFlow/getCashFlow","timestamp":"2025-05-27T01:07:41.042Z"}
{"level":"info","message":"ROUTE API CALL => \n http://localhost:6201/api/v1/adminRoutes/getBankFundList","timestamp":"2025-05-27T01:07:41.085Z"}
{"level":"info","message":"Server running --- from server.ts","timestamp":"2025-05-27T01:08:09.108Z"}
{"level":"info","message":"Server running --- from server.ts","timestamp":"2025-05-27T01:08:18.020Z"}
{"level":"info","message":"Server running --- from server.ts","timestamp":"2025-05-27T01:08:28.361Z"}
{"level":"info","message":"ROUTE API CALL => \n http://localhost:6201/api/v1/cashFlow/getCashFlow","timestamp":"2025-05-27T01:08:29.459Z"}
{"level":"info","message":"ROUTE API CALL => \n http://localhost:6201/api/v1/expense/expenseData","timestamp":"2025-05-27T01:08:29.505Z"}
{"level":"info","message":"ROUTE API CALL => \n http://localhost:6201/api/v1/adminRoutes/getBankFundList","timestamp":"2025-05-27T01:08:29.541Z"}
{"level":"info","message":"Server running --- from server.ts","timestamp":"2025-05-27T01:09:01.613Z"}
{"level":"info","message":"ROUTE API CALL => \n http://localhost:6201/api/v1/cashFlow/updateCashFlow","timestamp":"2025-05-27T01:09:02.838Z"}
{"level":"info","message":"ROUTE API CALL => \n http://localhost:6201/api/v1/adminRoutes/getBankFundList","timestamp":"2025-05-27T01:09:02.851Z"}
{"level":"info","message":"ROUTE API CALL => \n http://localhost:6201/api/v1/expense/expenseData","timestamp":"2025-05-27T01:09:03.054Z"}
{"level":"info","message":"ROUTE API CALL => \n http://localhost:6201/api/v1/cashFlow/updateCashFlow","timestamp":"2025-05-27T01:09:03.473Z"}
{"level":"info","message":"ROUTE API CALL => \n http://localhost:6201/api/v1/expense/expenseData","timestamp":"2025-05-27T01:09:03.492Z"}
{"level":"info","message":"ROUTE API CALL => \n http://localhost:6201/api/v1/adminRoutes/getBankFundList","timestamp":"2025-05-27T01:09:03.501Z"}
{"level":"info","message":"ROUTE API CALL => \n http://localhost:6201/api/v1/expense/expenseOption","timestamp":"2025-05-27T01:12:42.010Z"}
{"level":"info","message":"ROUTE API CALL => \n http://localhost:6201/api/v1/expense/addExpense","timestamp":"2025-05-27T01:13:02.607Z"}
{"level":"info","message":"ROUTE API CALL => \n http://localhost:6201/api/v1/expense/expenseData","timestamp":"2025-05-27T01:13:02.911Z"}
{"level":"info","message":"Server running --- from server.ts","timestamp":"2025-05-27T01:16:04.970Z"}
{"level":"info","message":"ROUTE API CALL => \n http://localhost:6201/api/v1/adminRoutes/productList","timestamp":"2025-05-27T01:17:37.056Z"}
{"level":"info","message":"ROUTE API CALL => \n http://localhost:6201/api/v1/cashFlow/getCashFlow","timestamp":"2025-05-27T01:17:37.071Z"}
{"level":"info","message":"ROUTE API CALL => \n http://localhost:6201/api/v1/cashFlow/getCashFlow","timestamp":"2025-05-27T01:17:39.503Z"}
{"level":"info","message":"ROUTE API CALL => \n http://localhost:6201/api/v1/adminRoutes/getBankFundList","timestamp":"2025-05-27T01:17:39.517Z"}
{"level":"info","message":"ROUTE API CALL => \n http://localhost:6201/api/v1/cashFlow/getCashFlow","timestamp":"2025-05-27T01:17:41.766Z"}
{"level":"info","message":"ROUTE API CALL => \n http://localhost:6201/api/v1/adminRoutes/getBankFundList","timestamp":"2025-05-27T01:17:41.775Z"}
{"level":"info","message":"ROUTE API CALL => \n http://localhost:6201/api/v1/expense/expenseData","timestamp":"2025-05-27T01:17:41.786Z"}
{"level":"info","message":"ROUTE API CALL => \n http://localhost:6201/api/v1/expense/expenseOption","timestamp":"2025-05-27T01:17:45.388Z"}
