{"level":"info","message":"Server running --- from server.ts","timestamp":"2025-07-14T09:43:43.265Z"}
{"level":"info","message":"ROUTE API CALL => \n http://localhost:6201/api/v1/adminRoutes/adminLogin","timestamp":"2025-07-14T09:44:11.670Z"}
{"level":"info","message":"ROUTE API CALL => \n http://localhost:6201/api/v1/cashFlow/getCashFlow","timestamp":"2025-07-14T09:44:13.340Z"}
{"level":"info","message":"ROUTE API CALL => \n http://localhost:6201/api/v1/refDashboard/Count","timestamp":"2025-07-14T09:44:13.368Z"}
{"level":"info","message":"ROUTE API CALL => \n http://localhost:6201/api/v1/refDashboard/Count","timestamp":"2025-07-14T09:44:13.439Z"}
{"level":"info","message":"ROUTE API CALL => \n http://localhost:6201/api/v1/cashFlow/getCashFlow","timestamp":"2025-07-14T09:50:47.740Z"}
{"level":"info","message":"ROUTE API CALL => \n http://localhost:6201/api/v1/adminRoutes/getBankAccountList","timestamp":"2025-07-14T09:50:47.772Z"}
{"level":"info","message":"ROUTE API CALL => \n http://localhost:6201/api/v1/settings/paymentMethod/getOption","timestamp":"2025-07-14T09:50:47.841Z"}
{"level":"info","message":"ROUTE API CALL => \n http://localhost:6201/api/v1/cashFlow/getCashFlow","timestamp":"2025-07-14T09:50:48.392Z"}
{"level":"info","message":"ROUTE API CALL => \n http://localhost:6201/api/v1/adminRoutes/getBankFundList","timestamp":"2025-07-14T09:50:48.408Z"}
{"level":"info","message":"ROUTE API CALL => \n http://localhost:6201/api/v1/cashFlow/getCashFlow","timestamp":"2025-07-14T09:50:49.373Z"}
{"level":"info","message":"ROUTE API CALL => \n http://localhost:6201/api/v1/product/list","timestamp":"2025-07-14T09:50:49.389Z"}
{"level":"info","message":"ROUTE API CALL => \n http://localhost:6201/api/v1/cashFlow/getCashFlow","timestamp":"2025-07-14T09:50:50.033Z"}
{"level":"info","message":"ROUTE API CALL => \n http://localhost:6201/api/v1/adminRoutes/getAllLoan","timestamp":"2025-07-14T09:50:50.051Z"}
{"level":"info","message":"ROUTE API CALL => \n http://localhost:6201/api/v1/cashFlow/getCashFlow","timestamp":"2025-07-14T09:50:50.898Z"}
{"level":"info","message":"ROUTE API CALL => \n http://localhost:6201/api/v1/rePayment/userList","timestamp":"2025-07-14T09:50:50.912Z"}
{"level":"info","message":"ROUTE API CALL => \n http://localhost:6201/api/v1/cashFlow/getCashFlow","timestamp":"2025-07-14T09:50:51.923Z"}
{"level":"info","message":"ROUTE API CALL => \n http://localhost:6201/api/v1/adminRoutes/getLoanAndUser","timestamp":"2025-07-14T09:50:51.939Z"}
{"level":"info","message":"ROUTE API CALL => \n http://localhost:6201/api/v1/AdminRePayment/userList","timestamp":"2025-07-14T09:50:51.976Z"}
{"level":"info","message":"ROUTE API CALL => \n http://localhost:6201/api/v1/cashFlow/getCashFlow","timestamp":"2025-07-14T09:50:52.801Z"}
{"level":"info","message":"ROUTE API CALL => \n http://localhost:6201/api/v1/adminRoutes/getBankFundList","timestamp":"2025-07-14T09:50:52.814Z"}
{"level":"info","message":"ROUTE API CALL => \n http://localhost:6201/api/v1/expense/expenseData","timestamp":"2025-07-14T09:50:52.824Z"}
{"level":"info","message":"ROUTE API CALL => \n http://localhost:6201/api/v1/cashFlow/getCashFlow","timestamp":"2025-07-14T09:52:40.881Z"}
{"level":"info","message":"ROUTE API CALL => \n http://localhost:6201/api/v1/adminRoutes/getAllLoan","timestamp":"2025-07-14T09:52:40.908Z"}
{"level":"info","message":"ROUTE API CALL => \n http://localhost:6201/api/v1/cashFlow/getCashFlow","timestamp":"2025-07-14T09:52:46.390Z"}
{"level":"info","message":"ROUTE API CALL => \n http://localhost:6201/api/v1/adminRoutes/getBankFundList","timestamp":"2025-07-14T09:52:46.411Z"}
{"level":"info","message":"ROUTE API CALL => \n http://localhost:6201/api/v1/settings/LoanId/getOption","timestamp":"2025-07-14T09:52:47.942Z"}
{"level":"info","message":"ROUTE API CALL => \n http://localhost:6201/api/v1/settings/LoanId/getOption","timestamp":"2025-07-14T09:54:49.398Z"}
{"level":"info","message":"ROUTE API CALL => \n http://localhost:6201/api/v1/settings/LoanId/getOption","timestamp":"2025-07-14T09:54:58.128Z"}
{"level":"info","message":"ROUTE API CALL => \n http://localhost:6201/api/v1/settings/LoanId/getOption","timestamp":"2025-07-14T09:55:45.355Z"}
{"level":"info","message":"ROUTE API CALL => \n http://localhost:6201/api/v1/settings/LoanId/getOption","timestamp":"2025-07-14T09:55:49.513Z"}
{"level":"info","message":"ROUTE API CALL => \n http://localhost:6201/api/v1/settings/LoanId/getOption","timestamp":"2025-07-14T09:55:56.055Z"}
{"level":"info","message":"ROUTE API CALL => \n http://localhost:6201/api/v1/settings/LoanId/getOption","timestamp":"2025-07-14T09:56:02.598Z"}
{"level":"info","message":"ROUTE API CALL => \n http://localhost:6201/api/v1/settings/LoanId/getOption","timestamp":"2025-07-14T09:56:22.032Z"}
{"level":"info","message":"ROUTE API CALL => \n http://localhost:6201/api/v1/settings/LoanId/getOption","timestamp":"2025-07-14T09:56:28.554Z"}
{"level":"info","message":"ROUTE API CALL => \n http://localhost:6201/api/v1/settings/LoanId/getOption","timestamp":"2025-07-14T09:57:25.071Z"}
{"level":"info","message":"ROUTE API CALL => \n http://localhost:6201/api/v1/settings/LoanId/getOption","timestamp":"2025-07-14T09:57:28.693Z"}
{"level":"info","message":"ROUTE API CALL => \n http://localhost:6201/api/v1/cashFlow/getCashFlow","timestamp":"2025-07-14T09:57:53.573Z"}
{"level":"info","message":"ROUTE API CALL => \n http://localhost:6201/api/v1/adminRoutes/getBankFundList","timestamp":"2025-07-14T09:57:53.585Z"}
{"level":"info","message":"ROUTE API CALL => \n http://localhost:6201/api/v1/settings/LoanId/getOption","timestamp":"2025-07-14T10:48:34.923Z"}
{"level":"info","message":"Server running --- from server.ts","timestamp":"2025-07-14T10:56:59.699Z"}
{"level":"info","message":"ROUTE API CALL => \n http://localhost:6201/api/v1/settings/LoanId/getOption","timestamp":"2025-07-14T10:57:04.409Z"}
{"level":"info","message":"ROUTE API CALL => \n http://localhost:6201/api/v1/settings/LoanId/getOption","timestamp":"2025-07-14T10:57:39.023Z"}
{"level":"info","message":"ROUTE API CALL => \n http://localhost:6201/api/v1/settings/LoanId/getOption","timestamp":"2025-07-14T10:57:46.327Z"}
{"level":"info","message":"ROUTE API CALL => \n http://localhost:6201/api/v1/settings/LoanId/getOption","timestamp":"2025-07-14T10:57:53.047Z"}
{"level":"info","message":"ROUTE API CALL => \n http://localhost:6201/api/v1/settings/LoanId/getOption","timestamp":"2025-07-14T10:58:07.331Z"}
{"level":"info","message":"ROUTE API CALL => \n http://localhost:6201/api/v1/settings/LoanId/getOption","timestamp":"2025-07-14T10:58:26.054Z"}
{"level":"info","message":"ROUTE API CALL => \n http://localhost:6201/api/v1/settings/LoanId/getOption","timestamp":"2025-07-14T10:58:32.336Z"}
{"level":"info","message":"ROUTE API CALL => \n http://localhost:6201/api/v1/cashFlow/getCashFlow","timestamp":"2025-07-14T10:59:04.274Z"}
{"level":"info","message":"ROUTE API CALL => \n http://localhost:6201/api/v1/adminRoutes/getBankFundList","timestamp":"2025-07-14T10:59:04.291Z"}
{"level":"info","message":"ROUTE API CALL => \n http://localhost:6201/api/v1/cashFlow/getCashFlow","timestamp":"2025-07-14T11:21:52.199Z"}
{"level":"info","message":"ROUTE API CALL => \n http://localhost:6201/api/v1/adminRoutes/getBankFundList","timestamp":"2025-07-14T11:21:52.206Z"}
{"level":"info","message":"ROUTE API CALL => \n http://localhost:6201/api/v1/cashFlow/getCashFlow","timestamp":"2025-07-14T11:27:03.150Z"}
{"level":"info","message":"ROUTE API CALL => \n http://localhost:6201/api/v1/adminRoutes/getBankFundList","timestamp":"2025-07-14T11:27:03.159Z"}
{"level":"info","message":"ROUTE API CALL => \n http://localhost:6201/api/v1/cashFlow/getCashFlow","timestamp":"2025-07-14T11:28:16.821Z"}
{"level":"info","message":"ROUTE API CALL => \n http://localhost:6201/api/v1/adminRoutes/getBankFundList","timestamp":"2025-07-14T11:28:16.889Z"}
{"level":"info","message":"ROUTE API CALL => \n http://localhost:6201/api/v1/cashFlow/getCashFlow","timestamp":"2025-07-14T11:29:15.022Z"}
{"level":"info","message":"ROUTE API CALL => \n http://localhost:6201/api/v1/adminRoutes/getBankFundList","timestamp":"2025-07-14T11:29:15.035Z"}
{"level":"info","message":"ROUTE API CALL => \n http://localhost:6201/api/v1/settings/LoanId/getOption","timestamp":"2025-07-14T11:29:30.492Z"}
{"level":"info","message":"ROUTE API CALL => \n http://localhost:6201/api/v1/cashFlow/getCashFlow","timestamp":"2025-07-14T16:04:08.782Z"}
{"level":"info","message":"ROUTE API CALL => \n http://localhost:6201/api/v1/adminRoutes/getBankFundList","timestamp":"2025-07-14T16:04:08.808Z"}
{"level":"info","message":"ROUTE API CALL => \n http://localhost:6201/api/v1/cashFlow/getCashFlow","timestamp":"2025-07-14T16:35:48.308Z"}
{"level":"info","message":"ROUTE API CALL => \n http://localhost:6201/api/v1/adminRoutes/getBankFundList","timestamp":"2025-07-14T16:35:49.454Z"}
