{"level":"info","message":"Server running --- from server.ts","timestamp":"2025-04-12T03:26:21.840Z"}
{"level":"info","message":"ROUTE API CALL => \n http://localhost:6200/api/v1/adminRoutes/adminLogin","timestamp":"2025-04-12T03:30:52.154Z"}
{"level":"info","message":"ROUTE API CALL => \n http://localhost:6200/api/v1/adminRoutes/getPersonList","timestamp":"2025-04-12T03:30:53.343Z"}
{"level":"info","message":"ROUTE API CALL => \n http://localhost:6200/api/v1/adminRoutes/getLoanAndUser","timestamp":"2025-04-12T03:32:27.060Z"}
{"level":"info","message":"ROUTE API CALL => \n http://localhost:6200/api/v1/adminRoutes/getLoanAndUser","timestamp":"2025-04-12T04:24:48.666Z"}
{"level":"info","message":"ROUTE API CALL => \n http://localhost:6200/api/v1/adminRoutes/getLoanAndUser","timestamp":"2025-04-12T06:39:47.541Z"}
{"level":"info","message":"ROUTE API CALL => \n http://localhost:6200/api/v1/adminRoutes/getLoanAndUser","timestamp":"2025-04-12T12:25:35.832Z"}
{"level":"info","message":"ROUTE API CALL => \n http://localhost:6200/api/v1/adminRoutes/getPersonList","timestamp":"2025-04-12T12:25:43.501Z"}
{"level":"info","message":"ROUTE API CALL => \n http://localhost:6200/api/v1/adminRoutes/getLoanAndUser","timestamp":"2025-04-12T12:25:45.377Z"}
{"level":"info","message":"ROUTE API CALL => \n http://localhost:6200/api/v1/adminRoutes/getLoanAndUser","timestamp":"2025-04-12T12:29:39.707Z"}
{"level":"info","message":"ROUTE API CALL => \n http://localhost:6200/api/v1/adminRoutes/getLoanAndUser","timestamp":"2025-04-12T12:34:27.016Z"}
{"level":"info","message":"ROUTE API CALL => \n http://localhost:6200/api/v1/adminRoutes/getPersonList","timestamp":"2025-04-12T13:29:34.583Z"}
{"level":"info","message":"ROUTE API CALL => \n http://localhost:6200/api/v1/adminRoutes/getBankAccountList","timestamp":"2025-04-12T13:29:36.516Z"}
{"level":"info","message":"ROUTE API CALL => \n http://localhost:6200/api/v1/adminRoutes/getBankFundList","timestamp":"2025-04-12T13:29:37.486Z"}
{"level":"info","message":"ROUTE API CALL => \n http://localhost:6200/api/v1/adminRoutes/getPersonList","timestamp":"2025-04-12T13:29:38.085Z"}
{"level":"info","message":"Server running --- from server.ts","timestamp":"2025-04-12T13:29:45.897Z"}
{"level":"info","message":"ROUTE API CALL => \n http://localhost:6200/api/v1/adminRoutes/getBankAccountList","timestamp":"2025-04-12T13:29:55.673Z"}
{"level":"info","message":"ROUTE API CALL => \n http://localhost:6200/api/v1/adminRoutes/getPersonList","timestamp":"2025-04-12T13:29:56.634Z"}
{"level":"info","message":"ROUTE API CALL => \n http://localhost:6200/api/v1/adminRoutes/getPerson","timestamp":"2025-04-12T13:29:57.878Z"}
{"level":"info","message":"ROUTE API CALL => \n http://localhost:6200/api/v1/adminRoutes/getLoanAndUser","timestamp":"2025-04-12T13:30:26.413Z"}
{"level":"info","message":"Server running --- from server.ts","timestamp":"2025-04-12T13:53:51.052Z"}
{"level":"info","message":"Server running --- from server.ts","timestamp":"2025-04-12T14:01:05.671Z"}
{"level":"info","message":"Server running --- from server.ts","timestamp":"2025-04-12T14:01:13.375Z"}
{"level":"error","message":"Server not running ---  Invalid route options (POST ) {\n  \"method\": \"POST\",\n  \u001b[41m\"path\"\u001b[0m\u001b[31m [1]: -- missing --\u001b[0m\n}\n\u001b[31m\n[1] \"path\" is required\u001b[0m","stack":"Error: Invalid route options (POST ) {\n  \"method\": \"POST\",\n  \u001b[41m\"path\"\u001b[0m\u001b[31m [1]: -- missing --\u001b[0m\n}\n\u001b[31m\n[1] \"path\" is required\u001b[0m\n    at Object.exports.apply (C:\\Users\\VIJAY L\\Desktop\\Finance\\ZAdPro_MicroFin_Service\\node_modules\\@hapi\\hapi\\lib\\config.js:20:15)\n    at new module.exports.internals.Route (C:\\Users\\VIJAY L\\Desktop\\Finance\\ZAdPro_MicroFin_Service\\node_modules\\@hapi\\hapi\\lib\\route.js:34:16)\n    at internals.Server._addRoute (C:\\Users\\VIJAY L\\Desktop\\Finance\\ZAdPro_MicroFin_Service\\node_modules\\@hapi\\hapi\\lib\\server.js:525:23)\n    at internals.Server.route (C:\\Users\\VIJAY L\\Desktop\\Finance\\ZAdPro_MicroFin_Service\\node_modules\\@hapi\\hapi\\lib\\server.js:518:22)\n    at C:\\Users\\VIJAY L\\Desktop\\Finance\\ZAdPro_MicroFin_Service\\src\\api\\admin\\routes.ts:11:14\n    at new Promise (<anonymous>)\n    at adminRoutes.<anonymous> (C:\\Users\\VIJAY L\\Desktop\\Finance\\ZAdPro_MicroFin_Service\\src\\api\\admin\\routes.ts:9:12)\n    at Generator.next (<anonymous>)\n    at C:\\Users\\VIJAY L\\Desktop\\Finance\\ZAdPro_MicroFin_Service\\src\\api\\admin\\routes.ts:8:71\n    at new Promise (<anonymous>)","timestamp":"2025-04-12T14:02:00.748Z"}
{"level":"info","message":"Server running --- from server.ts","timestamp":"2025-04-12T14:02:07.531Z"}
{"level":"info","message":"Server running --- from server.ts","timestamp":"2025-04-12T14:02:14.014Z"}
{"level":"info","message":"Server running --- from server.ts","timestamp":"2025-04-12T14:02:19.808Z"}
{"level":"info","message":"Server running --- from server.ts","timestamp":"2025-04-12T14:02:44.263Z"}
{"level":"info","message":"Server running --- from server.ts","timestamp":"2025-04-12T14:03:21.747Z"}
{"level":"info","message":"Server running --- from server.ts","timestamp":"2025-04-12T14:03:26.986Z"}
{"level":"info","message":"Server running --- from server.ts","timestamp":"2025-04-12T14:03:45.928Z"}
{"level":"info","message":"Server running --- from server.ts","timestamp":"2025-04-12T14:04:14.137Z"}
{"level":"info","message":"Server running --- from server.ts","timestamp":"2025-04-12T14:04:19.399Z"}
{"level":"info","message":"Server running --- from server.ts","timestamp":"2025-04-12T14:04:39.668Z"}
{"level":"info","message":"Server running --- from server.ts","timestamp":"2025-04-12T15:51:30.227Z"}
{"level":"info","message":"Server running --- from server.ts","timestamp":"2025-04-12T15:52:12.941Z"}
{"level":"info","message":"Server running --- from server.ts","timestamp":"2025-04-12T15:52:37.915Z"}
{"level":"info","message":"Server running --- from server.ts","timestamp":"2025-04-12T15:53:06.457Z"}
{"level":"info","message":"Server running --- from server.ts","timestamp":"2025-04-12T15:53:10.363Z"}
{"level":"info","message":"Server running --- from server.ts","timestamp":"2025-04-12T15:53:28.066Z"}
{"level":"info","message":"Server running --- from server.ts","timestamp":"2025-04-12T15:53:42.796Z"}
{"level":"info","message":"Server running --- from server.ts","timestamp":"2025-04-12T15:53:51.373Z"}
{"level":"info","message":"Server running --- from server.ts","timestamp":"2025-04-12T15:54:11.379Z"}
{"level":"info","message":"Server running --- from server.ts","timestamp":"2025-04-12T15:54:19.315Z"}
{"level":"info","message":"Server running --- from server.ts","timestamp":"2025-04-12T15:54:26.131Z"}
{"level":"info","message":"Server running --- from server.ts","timestamp":"2025-04-12T15:54:52.659Z"}
{"level":"info","message":"Server running --- from server.ts","timestamp":"2025-04-12T15:55:29.899Z"}
{"level":"info","message":"Server running --- from server.ts","timestamp":"2025-04-12T15:55:37.593Z"}
{"level":"info","message":"Server running --- from server.ts","timestamp":"2025-04-12T15:55:43.699Z"}
{"level":"info","message":"Server running --- from server.ts","timestamp":"2025-04-12T15:55:50.022Z"}
{"level":"info","message":"Server running --- from server.ts","timestamp":"2025-04-12T15:56:05.170Z"}
{"level":"info","message":"Server running --- from server.ts","timestamp":"2025-04-12T15:56:16.381Z"}
{"level":"info","message":"Server running --- from server.ts","timestamp":"2025-04-12T15:56:24.930Z"}
{"level":"info","message":"Server running --- from server.ts","timestamp":"2025-04-12T15:56:39.242Z"}
{"level":"info","message":"Server running --- from server.ts","timestamp":"2025-04-12T15:57:10.435Z"}
{"level":"info","message":"Server running --- from server.ts","timestamp":"2025-04-12T15:57:43.496Z"}
{"level":"info","message":"Server running --- from server.ts","timestamp":"2025-04-12T15:57:48.413Z"}
{"level":"info","message":"Server running --- from server.ts","timestamp":"2025-04-12T15:57:53.640Z"}
{"level":"info","message":"Server running --- from server.ts","timestamp":"2025-04-12T15:58:00.671Z"}
{"level":"info","message":"Server running --- from server.ts","timestamp":"2025-04-12T15:58:09.304Z"}
{"level":"info","message":"Server running --- from server.ts","timestamp":"2025-04-12T15:59:33.504Z"}
{"level":"info","message":"Server running --- from server.ts","timestamp":"2025-04-12T16:00:19.748Z"}
{"level":"info","message":"Server running --- from server.ts","timestamp":"2025-04-12T16:00:23.850Z"}
{"level":"error","message":"Server not running ---  New route /api/v1/adminRoutes/adminLogin conflicts with existing /api/v1/adminRoutes/adminLogin","name":"AssertError","stack":"AssertError: New route /api/v1/adminRoutes/adminLogin conflicts with existing /api/v1/adminRoutes/adminLogin\n    at module.exports.internals.Segment.internals.Segment.add (C:\\Users\\VIJAY L\\Desktop\\Finance\\ZAdPro_MicroFin_Service\\node_modules\\@hapi\\call\\lib\\segment.js:47:14)\n    at exports.Router.internals.Router.internals.Router.add (C:\\Users\\VIJAY L\\Desktop\\Finance\\ZAdPro_MicroFin_Service\\node_modules\\@hapi\\call\\lib\\index.js:65:16)\n    at internals.Server._addRoute (C:\\Users\\VIJAY L\\Desktop\\Finance\\ZAdPro_MicroFin_Service\\node_modules\\@hapi\\hapi\\lib\\server.js:529:46)\n    at internals.Server.route (C:\\Users\\VIJAY L\\Desktop\\Finance\\ZAdPro_MicroFin_Service\\node_modules\\@hapi\\hapi\\lib\\server.js:518:22)\n    at C:\\Users\\VIJAY L\\Desktop\\Finance\\ZAdPro_MicroFin_Service\\src\\api\\repayment\\routes.ts:10:14\n    at new Promise (<anonymous>)\n    at rePaymentRoutes.<anonymous> (C:\\Users\\VIJAY L\\Desktop\\Finance\\ZAdPro_MicroFin_Service\\src\\api\\repayment\\routes.ts:8:12)\n    at Generator.next (<anonymous>)\n    at C:\\Users\\VIJAY L\\Desktop\\Finance\\ZAdPro_MicroFin_Service\\src\\api\\repayment\\routes.ts:8:71\n    at new Promise (<anonymous>)","timestamp":"2025-04-12T16:02:51.049Z"}
{"level":"error","message":"Server not running ---  New route /api/v1/adminRoutes/adminLogin conflicts with existing /api/v1/adminRoutes/adminLogin","name":"AssertError","stack":"AssertError: New route /api/v1/adminRoutes/adminLogin conflicts with existing /api/v1/adminRoutes/adminLogin\n    at module.exports.internals.Segment.internals.Segment.add (C:\\Users\\VIJAY L\\Desktop\\Finance\\ZAdPro_MicroFin_Service\\node_modules\\@hapi\\call\\lib\\segment.js:47:14)\n    at exports.Router.internals.Router.internals.Router.add (C:\\Users\\VIJAY L\\Desktop\\Finance\\ZAdPro_MicroFin_Service\\node_modules\\@hapi\\call\\lib\\index.js:65:16)\n    at internals.Server._addRoute (C:\\Users\\VIJAY L\\Desktop\\Finance\\ZAdPro_MicroFin_Service\\node_modules\\@hapi\\hapi\\lib\\server.js:529:46)\n    at internals.Server.route (C:\\Users\\VIJAY L\\Desktop\\Finance\\ZAdPro_MicroFin_Service\\node_modules\\@hapi\\hapi\\lib\\server.js:518:22)\n    at C:\\Users\\VIJAY L\\Desktop\\Finance\\ZAdPro_MicroFin_Service\\src\\api\\repayment\\routes.ts:10:14\n    at new Promise (<anonymous>)\n    at rePaymentRoutes.<anonymous> (C:\\Users\\VIJAY L\\Desktop\\Finance\\ZAdPro_MicroFin_Service\\src\\api\\repayment\\routes.ts:8:12)\n    at Generator.next (<anonymous>)\n    at C:\\Users\\VIJAY L\\Desktop\\Finance\\ZAdPro_MicroFin_Service\\src\\api\\repayment\\routes.ts:8:71\n    at new Promise (<anonymous>)","timestamp":"2025-04-12T16:02:54.806Z"}
{"level":"error","message":"Server not running ---  New route /api/v1/adminRoutes/adminLogin conflicts with existing /api/v1/adminRoutes/adminLogin","name":"AssertError","stack":"AssertError: New route /api/v1/adminRoutes/adminLogin conflicts with existing /api/v1/adminRoutes/adminLogin\n    at module.exports.internals.Segment.internals.Segment.add (C:\\Users\\VIJAY L\\Desktop\\Finance\\ZAdPro_MicroFin_Service\\node_modules\\@hapi\\call\\lib\\segment.js:47:14)\n    at exports.Router.internals.Router.internals.Router.add (C:\\Users\\VIJAY L\\Desktop\\Finance\\ZAdPro_MicroFin_Service\\node_modules\\@hapi\\call\\lib\\index.js:65:16)\n    at internals.Server._addRoute (C:\\Users\\VIJAY L\\Desktop\\Finance\\ZAdPro_MicroFin_Service\\node_modules\\@hapi\\hapi\\lib\\server.js:529:46)\n    at internals.Server.route (C:\\Users\\VIJAY L\\Desktop\\Finance\\ZAdPro_MicroFin_Service\\node_modules\\@hapi\\hapi\\lib\\server.js:518:22)\n    at C:\\Users\\VIJAY L\\Desktop\\Finance\\ZAdPro_MicroFin_Service\\src\\api\\repayment\\routes.ts:10:14\n    at new Promise (<anonymous>)\n    at rePaymentRoutes.<anonymous> (C:\\Users\\VIJAY L\\Desktop\\Finance\\ZAdPro_MicroFin_Service\\src\\api\\repayment\\routes.ts:8:12)\n    at Generator.next (<anonymous>)\n    at C:\\Users\\VIJAY L\\Desktop\\Finance\\ZAdPro_MicroFin_Service\\src\\api\\repayment\\routes.ts:8:71\n    at new Promise (<anonymous>)","timestamp":"2025-04-12T16:03:05.897Z"}
{"level":"error","message":"Server not running ---  New route /api/v1/adminRoutes/adminLogin conflicts with existing /api/v1/adminRoutes/adminLogin","name":"AssertError","stack":"AssertError: New route /api/v1/adminRoutes/adminLogin conflicts with existing /api/v1/adminRoutes/adminLogin\n    at module.exports.internals.Segment.internals.Segment.add (C:\\Users\\VIJAY L\\Desktop\\Finance\\ZAdPro_MicroFin_Service\\node_modules\\@hapi\\call\\lib\\segment.js:47:14)\n    at exports.Router.internals.Router.internals.Router.add (C:\\Users\\VIJAY L\\Desktop\\Finance\\ZAdPro_MicroFin_Service\\node_modules\\@hapi\\call\\lib\\index.js:65:16)\n    at internals.Server._addRoute (C:\\Users\\VIJAY L\\Desktop\\Finance\\ZAdPro_MicroFin_Service\\node_modules\\@hapi\\hapi\\lib\\server.js:529:46)\n    at internals.Server.route (C:\\Users\\VIJAY L\\Desktop\\Finance\\ZAdPro_MicroFin_Service\\node_modules\\@hapi\\hapi\\lib\\server.js:518:22)\n    at C:\\Users\\VIJAY L\\Desktop\\Finance\\ZAdPro_MicroFin_Service\\src\\api\\repayment\\routes.ts:10:14\n    at new Promise (<anonymous>)\n    at rePaymentRoutes.<anonymous> (C:\\Users\\VIJAY L\\Desktop\\Finance\\ZAdPro_MicroFin_Service\\src\\api\\repayment\\routes.ts:8:12)\n    at Generator.next (<anonymous>)\n    at C:\\Users\\VIJAY L\\Desktop\\Finance\\ZAdPro_MicroFin_Service\\src\\api\\repayment\\routes.ts:8:71\n    at new Promise (<anonymous>)","timestamp":"2025-04-12T16:03:10.638Z"}
{"level":"error","message":"Server not running ---  New route /api/v1/adminRoutes/adminLogin conflicts with existing /api/v1/adminRoutes/adminLogin","name":"AssertError","stack":"AssertError: New route /api/v1/adminRoutes/adminLogin conflicts with existing /api/v1/adminRoutes/adminLogin\n    at module.exports.internals.Segment.internals.Segment.add (C:\\Users\\VIJAY L\\Desktop\\Finance\\ZAdPro_MicroFin_Service\\node_modules\\@hapi\\call\\lib\\segment.js:47:14)\n    at exports.Router.internals.Router.internals.Router.add (C:\\Users\\VIJAY L\\Desktop\\Finance\\ZAdPro_MicroFin_Service\\node_modules\\@hapi\\call\\lib\\index.js:65:16)\n    at internals.Server._addRoute (C:\\Users\\VIJAY L\\Desktop\\Finance\\ZAdPro_MicroFin_Service\\node_modules\\@hapi\\hapi\\lib\\server.js:529:46)\n    at internals.Server.route (C:\\Users\\VIJAY L\\Desktop\\Finance\\ZAdPro_MicroFin_Service\\node_modules\\@hapi\\hapi\\lib\\server.js:518:22)\n    at C:\\Users\\VIJAY L\\Desktop\\Finance\\ZAdPro_MicroFin_Service\\src\\api\\repayment\\routes.ts:10:14\n    at new Promise (<anonymous>)\n    at rePaymentRoutes.<anonymous> (C:\\Users\\VIJAY L\\Desktop\\Finance\\ZAdPro_MicroFin_Service\\src\\api\\repayment\\routes.ts:8:12)\n    at Generator.next (<anonymous>)\n    at C:\\Users\\VIJAY L\\Desktop\\Finance\\ZAdPro_MicroFin_Service\\src\\api\\repayment\\routes.ts:8:71\n    at new Promise (<anonymous>)","timestamp":"2025-04-12T16:03:19.468Z"}
{"level":"error","message":"Server not running ---  New route /api/v1/adminRoutes/adminLogin conflicts with existing /api/v1/adminRoutes/adminLogin","name":"AssertError","stack":"AssertError: New route /api/v1/adminRoutes/adminLogin conflicts with existing /api/v1/adminRoutes/adminLogin\n    at module.exports.internals.Segment.internals.Segment.add (C:\\Users\\VIJAY L\\Desktop\\Finance\\ZAdPro_MicroFin_Service\\node_modules\\@hapi\\call\\lib\\segment.js:47:14)\n    at exports.Router.internals.Router.internals.Router.add (C:\\Users\\VIJAY L\\Desktop\\Finance\\ZAdPro_MicroFin_Service\\node_modules\\@hapi\\call\\lib\\index.js:65:16)\n    at internals.Server._addRoute (C:\\Users\\VIJAY L\\Desktop\\Finance\\ZAdPro_MicroFin_Service\\node_modules\\@hapi\\hapi\\lib\\server.js:529:46)\n    at internals.Server.route (C:\\Users\\VIJAY L\\Desktop\\Finance\\ZAdPro_MicroFin_Service\\node_modules\\@hapi\\hapi\\lib\\server.js:518:22)\n    at C:\\Users\\VIJAY L\\Desktop\\Finance\\ZAdPro_MicroFin_Service\\src\\api\\repayment\\routes.ts:10:14\n    at new Promise (<anonymous>)\n    at rePaymentRoutes.<anonymous> (C:\\Users\\VIJAY L\\Desktop\\Finance\\ZAdPro_MicroFin_Service\\src\\api\\repayment\\routes.ts:8:12)\n    at Generator.next (<anonymous>)\n    at C:\\Users\\VIJAY L\\Desktop\\Finance\\ZAdPro_MicroFin_Service\\src\\api\\repayment\\routes.ts:8:71\n    at new Promise (<anonymous>)","timestamp":"2025-04-12T16:03:23.866Z"}
{"level":"error","message":"Server not running ---  New route /api/v1/adminRoutes/adminLogin conflicts with existing /api/v1/adminRoutes/adminLogin","name":"AssertError","stack":"AssertError: New route /api/v1/adminRoutes/adminLogin conflicts with existing /api/v1/adminRoutes/adminLogin\n    at module.exports.internals.Segment.internals.Segment.add (C:\\Users\\VIJAY L\\Desktop\\Finance\\ZAdPro_MicroFin_Service\\node_modules\\@hapi\\call\\lib\\segment.js:47:14)\n    at exports.Router.internals.Router.internals.Router.add (C:\\Users\\VIJAY L\\Desktop\\Finance\\ZAdPro_MicroFin_Service\\node_modules\\@hapi\\call\\lib\\index.js:65:16)\n    at internals.Server._addRoute (C:\\Users\\VIJAY L\\Desktop\\Finance\\ZAdPro_MicroFin_Service\\node_modules\\@hapi\\hapi\\lib\\server.js:529:46)\n    at internals.Server.route (C:\\Users\\VIJAY L\\Desktop\\Finance\\ZAdPro_MicroFin_Service\\node_modules\\@hapi\\hapi\\lib\\server.js:518:22)\n    at C:\\Users\\VIJAY L\\Desktop\\Finance\\ZAdPro_MicroFin_Service\\src\\api\\repayment\\routes.ts:10:14\n    at new Promise (<anonymous>)\n    at rePaymentRoutes.<anonymous> (C:\\Users\\VIJAY L\\Desktop\\Finance\\ZAdPro_MicroFin_Service\\src\\api\\repayment\\routes.ts:8:12)\n    at Generator.next (<anonymous>)\n    at C:\\Users\\VIJAY L\\Desktop\\Finance\\ZAdPro_MicroFin_Service\\src\\api\\repayment\\routes.ts:8:71\n    at new Promise (<anonymous>)","timestamp":"2025-04-12T16:03:28.378Z"}
{"level":"error","message":"Server not running ---  New route /api/v1/adminRoutes/adminLogin conflicts with existing /api/v1/adminRoutes/adminLogin","name":"AssertError","stack":"AssertError: New route /api/v1/adminRoutes/adminLogin conflicts with existing /api/v1/adminRoutes/adminLogin\n    at module.exports.internals.Segment.internals.Segment.add (C:\\Users\\VIJAY L\\Desktop\\Finance\\ZAdPro_MicroFin_Service\\node_modules\\@hapi\\call\\lib\\segment.js:47:14)\n    at exports.Router.internals.Router.internals.Router.add (C:\\Users\\VIJAY L\\Desktop\\Finance\\ZAdPro_MicroFin_Service\\node_modules\\@hapi\\call\\lib\\index.js:65:16)\n    at internals.Server._addRoute (C:\\Users\\VIJAY L\\Desktop\\Finance\\ZAdPro_MicroFin_Service\\node_modules\\@hapi\\hapi\\lib\\server.js:529:46)\n    at internals.Server.route (C:\\Users\\VIJAY L\\Desktop\\Finance\\ZAdPro_MicroFin_Service\\node_modules\\@hapi\\hapi\\lib\\server.js:518:22)\n    at C:\\Users\\VIJAY L\\Desktop\\Finance\\ZAdPro_MicroFin_Service\\src\\api\\repayment\\routes.ts:10:14\n    at new Promise (<anonymous>)\n    at rePaymentRoutes.<anonymous> (C:\\Users\\VIJAY L\\Desktop\\Finance\\ZAdPro_MicroFin_Service\\src\\api\\repayment\\routes.ts:8:12)\n    at Generator.next (<anonymous>)\n    at C:\\Users\\VIJAY L\\Desktop\\Finance\\ZAdPro_MicroFin_Service\\src\\api\\repayment\\routes.ts:8:71\n    at new Promise (<anonymous>)","timestamp":"2025-04-12T16:03:34.549Z"}
{"level":"info","message":"Server running --- from server.ts","timestamp":"2025-04-12T16:04:48.837Z"}
{"level":"info","message":"Server running --- from server.ts","timestamp":"2025-04-12T16:05:24.582Z"}
{"level":"info","message":"Server running --- from server.ts","timestamp":"2025-04-12T16:05:45.647Z"}
{"level":"info","message":"Server running --- from server.ts","timestamp":"2025-04-12T16:06:14.085Z"}
{"level":"info","message":"Server running --- from server.ts","timestamp":"2025-04-12T16:06:23.727Z"}
{"level":"info","message":"Server running --- from server.ts","timestamp":"2025-04-12T16:06:28.954Z"}
{"level":"info","message":"Server running --- from server.ts","timestamp":"2025-04-12T16:07:23.890Z"}
{"level":"info","message":"Server running --- from server.ts","timestamp":"2025-04-12T16:09:38.197Z"}
{"level":"info","message":"Server running --- from server.ts","timestamp":"2025-04-12T16:10:06.617Z"}
{"level":"info","message":"Server running --- from server.ts","timestamp":"2025-04-12T16:10:25.143Z"}
{"level":"info","message":"Server running --- from server.ts","timestamp":"2025-04-12T16:10:32.206Z"}
{"level":"info","message":"Server running --- from server.ts","timestamp":"2025-04-12T16:10:43.211Z"}
{"level":"info","message":"Server running --- from server.ts","timestamp":"2025-04-12T16:11:03.207Z"}
{"level":"info","message":"Server running --- from server.ts","timestamp":"2025-04-12T16:11:08.312Z"}
{"level":"info","message":"Server running --- from server.ts","timestamp":"2025-04-12T16:11:13.837Z"}
{"level":"info","message":"Server running --- from server.ts","timestamp":"2025-04-12T16:14:24.649Z"}
{"level":"info","message":"ROUTE API CALL => \n http://localhost:6200/api/v1/rePayment/userList","timestamp":"2025-04-12T16:14:58.787Z"}
{"level":"error","message":"Error in getting Loan unpaid User List Cannot read properties of undefined (reading 'id')","stack":"TypeError: Cannot read properties of undefined (reading 'id')\n    at rePayment.<anonymous> (C:\\Users\\VIJAY L\\Desktop\\Finance\\ZAdPro_MicroFin_Service\\src\\api\\repayment\\controller.ts:18:35)\n    at Generator.next (<anonymous>)\n    at C:\\Users\\VIJAY L\\Desktop\\Finance\\ZAdPro_MicroFin_Service\\src\\api\\repayment\\controller.ts:8:71\n    at new Promise (<anonymous>)\n    at __awaiter (C:\\Users\\VIJAY L\\Desktop\\Finance\\ZAdPro_MicroFin_Service\\src\\api\\repayment\\controller.ts:4:12)\n    at unPaidUserList (C:\\Users\\VIJAY L\\Desktop\\Finance\\ZAdPro_MicroFin_Service\\src\\api\\repayment\\controller.ts:14:21)\n    at exports.Manager.execute (C:\\Users\\VIJAY L\\Desktop\\Finance\\ZAdPro_MicroFin_Service\\node_modules\\@hapi\\hapi\\lib\\toolkit.js:57:29)\n    at Object.internals.handler (C:\\Users\\VIJAY L\\Desktop\\Finance\\ZAdPro_MicroFin_Service\\node_modules\\@hapi\\hapi\\lib\\handler.js:46:48)\n    at exports.execute (C:\\Users\\VIJAY L\\Desktop\\Finance\\ZAdPro_MicroFin_Service\\node_modules\\@hapi\\hapi\\lib\\handler.js:31:36)\n    at Request._lifecycle (C:\\Users\\VIJAY L\\Desktop\\Finance\\ZAdPro_MicroFin_Service\\node_modules\\@hapi\\hapi\\lib\\request.js:370:68)","timestamp":"2025-04-12T16:14:58.798Z"}
{"level":"info","message":"Server running --- from server.ts","timestamp":"2025-04-12T16:15:24.075Z"}
{"level":"info","message":"ROUTE API CALL => \n http://localhost:6200/api/v1/rePayment/userList","timestamp":"2025-04-12T16:15:30.657Z"}
{"level":"info","message":"ROUTE API CALL => \n http://localhost:6200/api/v1/adminRoutes/getLoanAndUser","timestamp":"2025-04-12T16:16:02.776Z"}
{"level":"info","message":"Server running --- from server.ts","timestamp":"2025-04-12T16:33:18.027Z"}
{"level":"info","message":"Server running --- from server.ts","timestamp":"2025-04-12T16:33:23.839Z"}
{"level":"info","message":"Server running --- from server.ts","timestamp":"2025-04-12T16:33:35.614Z"}
{"level":"info","message":"Server running --- from server.ts","timestamp":"2025-04-12T16:33:45.231Z"}
{"level":"info","message":"Server running --- from server.ts","timestamp":"2025-04-12T16:34:02.059Z"}
{"level":"info","message":"Server running --- from server.ts","timestamp":"2025-04-12T16:34:07.318Z"}
{"level":"info","message":"Server running --- from server.ts","timestamp":"2025-04-12T16:34:36.475Z"}
{"level":"info","message":"Server running --- from server.ts","timestamp":"2025-04-12T16:34:45.796Z"}
{"level":"info","message":"Server running --- from server.ts","timestamp":"2025-04-12T16:36:03.379Z"}
{"level":"info","message":"Server running --- from server.ts","timestamp":"2025-04-12T16:36:26.617Z"}
{"level":"info","message":"Server running --- from server.ts","timestamp":"2025-04-12T16:36:34.737Z"}
{"level":"info","message":"Server running --- from server.ts","timestamp":"2025-04-12T16:36:39.319Z"}
{"level":"info","message":"Server running --- from server.ts","timestamp":"2025-04-12T16:36:44.975Z"}
{"level":"info","message":"Server running --- from server.ts","timestamp":"2025-04-12T16:37:00.370Z"}
{"level":"info","message":"Server running --- from server.ts","timestamp":"2025-04-12T16:37:13.933Z"}
{"level":"info","message":"Server running --- from server.ts","timestamp":"2025-04-12T16:37:31.900Z"}
{"level":"info","message":"ROUTE API CALL => \n http://localhost:6200/api/v1/rePayment/userList","timestamp":"2025-04-12T16:38:08.865Z"}
{"level":"info","message":"ROUTE API CALL => \n http://localhost:6200/api/v1/rePayment/userList","timestamp":"2025-04-12T16:38:55.613Z"}
{"level":"info","message":"Server running --- from server.ts","timestamp":"2025-04-12T16:39:24.901Z"}
{"level":"info","message":"Server running --- from server.ts","timestamp":"2025-04-12T16:39:29.449Z"}
{"level":"info","message":"Server running --- from server.ts","timestamp":"2025-04-12T16:39:38.184Z"}
{"level":"info","message":"ROUTE API CALL => \n http://localhost:6200/api/v1/rePayment/userList","timestamp":"2025-04-12T16:39:43.371Z"}
{"level":"info","message":"Server running --- from server.ts","timestamp":"2025-04-12T16:39:59.331Z"}
{"level":"info","message":"ROUTE API CALL => \n http://localhost:6200/api/v1/rePayment/userList","timestamp":"2025-04-12T16:40:03.444Z"}
{"level":"info","message":"Server running --- from server.ts","timestamp":"2025-04-12T16:41:30.861Z"}
{"level":"info","message":"Server running --- from server.ts","timestamp":"2025-04-12T16:41:35.005Z"}
{"level":"info","message":"Server running --- from server.ts","timestamp":"2025-04-12T16:41:40.920Z"}
{"level":"info","message":"Server running --- from server.ts","timestamp":"2025-04-12T16:42:11.976Z"}
{"level":"info","message":"Server running --- from server.ts","timestamp":"2025-04-12T16:42:20.039Z"}
{"level":"info","message":"Server running --- from server.ts","timestamp":"2025-04-12T16:42:33.012Z"}
{"level":"info","message":"ROUTE API CALL => \n http://localhost:6200/api/v1/rePayment/userList","timestamp":"2025-04-12T16:42:36.517Z"}
{"level":"info","message":"Server running --- from server.ts","timestamp":"2025-04-12T16:43:37.828Z"}
{"level":"info","message":"Server running --- from server.ts","timestamp":"2025-04-12T16:43:43.895Z"}
{"level":"info","message":"ROUTE API CALL => \n http://localhost:6200/api/v1/rePayment/userList","timestamp":"2025-04-12T16:43:47.553Z"}
{"level":"info","message":"Server running --- from server.ts","timestamp":"2025-04-12T16:44:37.967Z"}
{"level":"info","message":"Server running --- from server.ts","timestamp":"2025-04-12T16:44:42.314Z"}
{"level":"info","message":"ROUTE API CALL => \n http://localhost:6200/api/v1/rePayment/userList","timestamp":"2025-04-12T16:44:46.495Z"}
{"level":"info","message":"Server running --- from server.ts","timestamp":"2025-04-12T16:45:25.215Z"}
{"level":"info","message":"Server running --- from server.ts","timestamp":"2025-04-12T16:45:49.815Z"}
{"level":"info","message":"Server running --- from server.ts","timestamp":"2025-04-12T16:46:11.990Z"}
{"level":"info","message":"Server running --- from server.ts","timestamp":"2025-04-12T16:46:24.903Z"}
{"level":"info","message":"ROUTE API CALL => \n http://localhost:6200/api/v1/rePayment/userList","timestamp":"2025-04-12T16:46:32.478Z"}
{"level":"info","message":"Server running --- from server.ts","timestamp":"2025-04-12T16:48:32.388Z"}
{"level":"info","message":"ROUTE API CALL => \n http://localhost:6200/api/v1/rePayment/userList","timestamp":"2025-04-12T16:48:39.585Z"}
