{"level":"info","message":"Server running --- from server.ts","timestamp":"2025-06-02T18:30:27.770Z"}
{"level":"info","message":"ROUTE API CALL => \n http://localhost:6201/api/v1/AdminRePayment/rePaymentCalculation","timestamp":"2025-06-02T18:30:29.499Z"}
{"level":"info","message":"ROUTE API CALL => \n http://localhost:6201/api/v1/adminLoan/loanRePaymentAudit","timestamp":"2025-06-02T18:30:31.150Z"}
{"level":"info","message":"ROUTE API CALL => \n http://localhost:6201/api/v1/AdminRePayment/rePaymentCalculation","timestamp":"2025-06-02T18:30:54.301Z"}
{"level":"info","message":"ROUTE API CALL => \n http://localhost:6201/api/v1/adminLoan/loanRePaymentAudit","timestamp":"2025-06-02T18:32:04.347Z"}
{"level":"info","message":"ROUTE API CALL => \n http://localhost:6201/api/v1/AdminRePayment/rePaymentCalculation","timestamp":"2025-06-02T18:36:57.534Z"}
{"level":"info","message":"ROUTE API CALL => \n http://localhost:6201/api/v1/AdminRePayment/rePaymentCalculation","timestamp":"2025-06-02T18:36:59.213Z"}
{"level":"info","message":"ROUTE API CALL => \n http://localhost:6201/api/v1/AdminRePayment/rePaymentCalculation","timestamp":"2025-06-02T18:37:19.218Z"}
{"level":"info","message":"ROUTE API CALL => \n http://localhost:6201/api/v1/adminLoan/loanRePaymentAudit","timestamp":"2025-06-02T18:37:25.320Z"}
{"level":"info","message":"ROUTE API CALL => \n http://localhost:6201/api/v1/AdminRePayment/rePaymentCalculation","timestamp":"2025-06-02T18:37:43.569Z"}
{"level":"info","message":"ROUTE API CALL => \n http://localhost:6201/api/v1/AdminRePayment/updateRePayment","timestamp":"2025-06-02T18:38:14.656Z"}
{"level":"info","message":"ROUTE API CALL => \n http://localhost:6201/api/v1/AdminRePayment/userList","timestamp":"2025-06-02T18:38:14.977Z"}
{"level":"info","message":"ROUTE API CALL => \n http://localhost:6201/api/v1/adminLoan/allLoan","timestamp":"2025-06-02T18:38:18.038Z"}
{"level":"info","message":"ROUTE API CALL => \n http://localhost:6201/api/v1/adminLoan/loanRePaymentAudit","timestamp":"2025-06-02T18:38:19.166Z"}
{"level":"info","message":"ROUTE API CALL => \n http://localhost:6201/api/v1/adminLoan/loanAudit","timestamp":"2025-06-02T18:38:19.173Z"}
{"level":"info","message":"Server running --- from server.ts","timestamp":"2025-06-02T18:44:17.724Z"}
{"level":"info","message":"Server running --- from server.ts","timestamp":"2025-06-02T18:44:31.941Z"}
{"level":"info","message":"Server running --- from server.ts","timestamp":"2025-06-02T18:44:50.337Z"}
{"level":"info","message":"Server running --- from server.ts","timestamp":"2025-06-02T18:54:18.733Z"}
{"level":"info","message":"Server running --- from server.ts","timestamp":"2025-06-02T18:55:35.287Z"}
{"level":"info","message":"Server running --- from server.ts","timestamp":"2025-06-02T18:55:47.790Z"}
{"level":"info","message":"Server running --- from server.ts","timestamp":"2025-06-02T18:55:59.082Z"}
{"level":"info","message":"Server running --- from server.ts","timestamp":"2025-06-02T18:56:03.814Z"}
{"level":"info","message":"ROUTE API CALL => \n http://localhost:6201/api/v1/adminLoan/allLoan","timestamp":"2025-06-02T18:56:10.918Z"}
{"level":"info","message":"ROUTE API CALL => \n http://localhost:6201/api/v1/AdminRePayment/userList","timestamp":"2025-06-02T18:56:12.255Z"}
{"level":"info","message":"ROUTE API CALL => \n http://localhost:6201/api/v1/AdminRePayment/userList","timestamp":"2025-06-02T18:56:13.978Z"}
{"level":"info","message":"ROUTE API CALL => \n http://localhost:6201/api/v1/AdminRePayment/userList","timestamp":"2025-06-02T18:56:17.424Z"}
{"level":"info","message":"ROUTE API CALL => \n http://localhost:6201/api/v1/AdminRePayment/rePaymentCalculation","timestamp":"2025-06-02T18:56:18.824Z"}
{"level":"info","message":"ROUTE API CALL => \n http://localhost:6201/api/v1/AdminRePayment/updateRePayment","timestamp":"2025-06-02T18:56:46.290Z"}
{"level":"info","message":"ROUTE API CALL => \n http://localhost:6201/api/v1/AdminRePayment/userList","timestamp":"2025-06-02T18:56:46.509Z"}
{"level":"info","message":"ROUTE API CALL => \n http://localhost:6201/api/v1/adminLoan/allLoan","timestamp":"2025-06-02T18:56:48.478Z"}
{"level":"info","message":"ROUTE API CALL => \n http://localhost:6201/api/v1/adminLoan/loanRePaymentAudit","timestamp":"2025-06-02T18:56:49.652Z"}
{"level":"info","message":"ROUTE API CALL => \n http://localhost:6201/api/v1/adminLoan/loanAudit","timestamp":"2025-06-02T18:56:49.668Z"}
{"level":"info","message":"ROUTE API CALL => \n http://localhost:6201/api/v1/adminLoan/loanCloseData","timestamp":"2025-06-02T18:57:40.534Z"}
{"level":"info","message":"ROUTE API CALL => \n http://localhost:6201/api/v1/adminLoan/loanRePaymentAudit","timestamp":"2025-06-02T18:57:45.363Z"}
{"level":"info","message":"ROUTE API CALL => \n http://localhost:6201/api/v1/adminLoan/loanCloseData","timestamp":"2025-06-02T18:57:46.855Z"}
{"level":"info","message":"ROUTE API CALL => \n http://localhost:6201/api/v1/adminLoan/loanRePaymentAudit","timestamp":"2025-06-02T18:57:48.039Z"}
{"level":"info","message":"ROUTE API CALL => \n http://localhost:6201/api/v1/adminLoan/loanCloseData","timestamp":"2025-06-02T18:57:52.836Z"}
{"level":"info","message":"ROUTE API CALL => \n http://localhost:6201/api/v1/adminLoan/loanRePaymentAudit","timestamp":"2025-06-02T18:58:06.471Z"}
{"level":"info","message":"ROUTE API CALL => \n http://localhost:6201/api/v1/adminLoan/loanCloseData","timestamp":"2025-06-02T18:58:08.804Z"}
{"level":"info","message":"Server running --- from server.ts","timestamp":"2025-06-02T18:59:17.631Z"}
{"level":"info","message":"Server running --- from server.ts","timestamp":"2025-06-02T18:59:38.239Z"}
{"level":"info","message":"Server running --- from server.ts","timestamp":"2025-06-02T18:59:55.327Z"}
{"level":"info","message":"ROUTE API CALL => \n http://localhost:6201/api/v1/adminLoan/loanCloseData","timestamp":"2025-06-02T19:00:54.577Z"}
{"level":"info","message":"ROUTE API CALL => \n http://localhost:6201/api/v1/adminLoan/allLoan","timestamp":"2025-06-02T19:00:55.910Z"}
{"level":"info","message":"ROUTE API CALL => \n http://localhost:6201/api/v1/adminLoan/loanRePaymentAudit","timestamp":"2025-06-02T19:00:58.274Z"}
{"level":"info","message":"ROUTE API CALL => \n http://localhost:6201/api/v1/adminLoan/loanAudit","timestamp":"2025-06-02T19:00:58.284Z"}
{"level":"info","message":"ROUTE API CALL => \n http://localhost:6201/api/v1/adminLoan/loanCloseData","timestamp":"2025-06-02T19:00:59.189Z"}
{"level":"info","message":"ROUTE API CALL => \n http://localhost:6201/api/v1/adminLoan/allLoan","timestamp":"2025-06-02T19:01:00.351Z"}
{"level":"info","message":"ROUTE API CALL => \n http://localhost:6201/api/v1/adminLoan/loanRePaymentAudit","timestamp":"2025-06-02T19:01:12.842Z"}
{"level":"info","message":"ROUTE API CALL => \n http://localhost:6201/api/v1/adminLoan/loanAudit","timestamp":"2025-06-02T19:01:12.852Z"}
{"level":"info","message":"ROUTE API CALL => \n http://localhost:6201/api/v1/adminLoan/loanCloseData","timestamp":"2025-06-02T19:01:13.455Z"}
{"level":"info","message":"ROUTE API CALL => \n http://localhost:6201/api/v1/adminLoan/allLoan","timestamp":"2025-06-02T19:01:15.224Z"}
{"level":"info","message":"Server running --- from server.ts","timestamp":"2025-06-02T19:01:42.055Z"}
{"level":"info","message":"ROUTE API CALL => \n http://localhost:6201/api/v1/adminLoan/loanRePaymentAudit","timestamp":"2025-06-02T19:01:42.387Z"}
{"level":"info","message":"ROUTE API CALL => \n http://localhost:6201/api/v1/adminLoan/loanAudit","timestamp":"2025-06-02T19:01:42.397Z"}
{"level":"info","message":"ROUTE API CALL => \n http://localhost:6201/api/v1/adminLoan/loanCloseData","timestamp":"2025-06-02T19:01:43.075Z"}
{"level":"info","message":"ROUTE API CALL => \n http://localhost:6201/api/v1/adminLoan/loanCloseData","timestamp":"2025-06-02T19:01:53.086Z"}
{"level":"info","message":"ROUTE API CALL => \n http://localhost:6201/api/v1/adminLoan/loanCloseData","timestamp":"2025-06-02T19:02:12.544Z"}
{"level":"info","message":"ROUTE API CALL => \n http://localhost:6201/api/v1/adminLoan/loanCloseData","timestamp":"2025-06-02T19:02:15.731Z"}
{"level":"info","message":"ROUTE API CALL => \n http://localhost:6201/api/v1/adminLoan/loanCloseData","timestamp":"2025-06-02T19:02:20.241Z"}
{"level":"info","message":"ROUTE API CALL => \n http://localhost:6201/api/v1/adminLoan/loanCloseData","timestamp":"2025-06-02T19:02:22.211Z"}
{"level":"info","message":"ROUTE API CALL => \n http://localhost:6201/api/v1/adminLoan/loanCloseData","timestamp":"2025-06-02T19:02:24.204Z"}
{"level":"info","message":"ROUTE API CALL => \n http://localhost:6201/api/v1/adminLoan/loanCloseData","timestamp":"2025-06-02T19:02:26.202Z"}
{"level":"info","message":"ROUTE API CALL => \n http://localhost:6201/api/v1/adminLoan/loanCloseData","timestamp":"2025-06-02T19:02:26.845Z"}
{"level":"info","message":"ROUTE API CALL => \n http://localhost:6201/api/v1/adminLoan/loanCloseData","timestamp":"2025-06-02T19:02:38.533Z"}
{"level":"info","message":"ROUTE API CALL => \n http://localhost:6201/api/v1/adminLoan/loanCloseData","timestamp":"2025-06-02T19:02:45.536Z"}
{"level":"info","message":"ROUTE API CALL => \n http://localhost:6201/api/v1/adminLoan/loanCloseData","timestamp":"2025-06-02T19:03:09.288Z"}
{"level":"info","message":"ROUTE API CALL => \n http://localhost:6201/api/v1/cashFlow/getCashFlow","timestamp":"2025-06-02T19:03:12.320Z"}
{"level":"info","message":"ROUTE API CALL => \n http://localhost:6201/api/v1/adminRoutes/getLoanAndUser","timestamp":"2025-06-02T19:03:12.328Z"}
{"level":"info","message":"ROUTE API CALL => \n http://localhost:6201/api/v1/AdminRePayment/userList","timestamp":"2025-06-02T19:03:12.549Z"}
{"level":"info","message":"ROUTE API CALL => \n http://localhost:6201/api/v1/adminLoan/allLoan","timestamp":"2025-06-02T19:04:18.674Z"}
{"level":"info","message":"ROUTE API CALL => \n http://localhost:6201/api/v1/adminLoan/loanRePaymentAudit","timestamp":"2025-06-02T19:04:20.295Z"}
{"level":"info","message":"ROUTE API CALL => \n http://localhost:6201/api/v1/adminLoan/loanAudit","timestamp":"2025-06-02T19:04:20.303Z"}
{"level":"info","message":"ROUTE API CALL => \n http://localhost:6201/api/v1/adminLoan/loanCloseData","timestamp":"2025-06-02T19:04:22.178Z"}
{"level":"info","message":"ROUTE API CALL => \n http://localhost:6201/api/v1/adminLoan/loanCloseData","timestamp":"2025-06-02T19:04:59.527Z"}
{"level":"info","message":"ROUTE API CALL => \n http://localhost:6201/api/v1/adminLoan/loanRePaymentAudit","timestamp":"2025-06-02T19:05:43.439Z"}
{"level":"info","message":"ROUTE API CALL => \n http://localhost:6201/api/v1/adminLoan/loanCloseData","timestamp":"2025-06-02T19:05:46.306Z"}
{"level":"info","message":"ROUTE API CALL => \n http://localhost:6201/api/v1/adminLoan/allLoan","timestamp":"2025-06-02T19:05:47.758Z"}
{"level":"info","message":"ROUTE API CALL => \n http://localhost:6201/api/v1/cashFlow/getCashFlow","timestamp":"2025-06-02T19:05:48.602Z"}
{"level":"info","message":"ROUTE API CALL => \n http://localhost:6201/api/v1/adminRoutes/getAllLoan","timestamp":"2025-06-02T19:05:48.612Z"}
{"level":"info","message":"ROUTE API CALL => \n http://localhost:6201/api/v1/rePayment/loanDetails","timestamp":"2025-06-02T19:05:50.184Z"}
{"level":"info","message":"ROUTE API CALL => \n http://localhost:6201/api/v1/rePayment/loanAudit","timestamp":"2025-06-02T19:05:50.231Z"}
{"level":"info","message":"ROUTE API CALL => \n http://localhost:6201/api/v1/rePayment/loanCloseData","timestamp":"2025-06-02T19:05:51.373Z"}
{"level":"info","message":"ROUTE API CALL 685=> \n http://localhost:6201/api/v1/adminRoutes/addLoanOption","timestamp":"2025-06-02T19:05:51.383Z"}
{"level":"info","message":"ROUTE API CALL => \n http://localhost:6201/api/v1/rePayment/loanDetails","timestamp":"2025-06-02T19:05:51.400Z"}
{"level":"info","message":"ROUTE API CALL => \n http://localhost:6201/api/v1/rePayment/loanAudit","timestamp":"2025-06-02T19:05:54.212Z"}
{"level":"info","message":"ROUTE API CALL => \n http://localhost:6201/api/v1/rePayment/loanDetails","timestamp":"2025-06-02T19:05:54.220Z"}
{"level":"info","message":"ROUTE API CALL => \n http://localhost:6201/api/v1/adminRoutes/getAllLoan","timestamp":"2025-06-02T19:05:58.291Z"}
{"level":"info","message":"ROUTE API CALL => \n http://localhost:6201/api/v1/rePayment/loanDetails","timestamp":"2025-06-02T19:06:03.153Z"}
{"level":"info","message":"ROUTE API CALL => \n http://localhost:6201/api/v1/rePayment/loanAudit","timestamp":"2025-06-02T19:06:03.193Z"}
{"level":"info","message":"ROUTE API CALL => \n http://localhost:6201/api/v1/rePayment/loanCloseData","timestamp":"2025-06-02T19:06:07.222Z"}
{"level":"info","message":"ROUTE API CALL 685=> \n http://localhost:6201/api/v1/adminRoutes/addLoanOption","timestamp":"2025-06-02T19:06:07.231Z"}
{"level":"info","message":"ROUTE API CALL => \n http://localhost:6201/api/v1/rePayment/loanDetails","timestamp":"2025-06-02T19:06:07.244Z"}
{"level":"info","message":"ROUTE API CALL => \n http://localhost:6201/api/v1/rePayment/loanAudit","timestamp":"2025-06-02T19:06:09.092Z"}
{"level":"info","message":"ROUTE API CALL => \n http://localhost:6201/api/v1/rePayment/loanDetails","timestamp":"2025-06-02T19:06:09.101Z"}
{"level":"info","message":"ROUTE API CALL => \n http://localhost:6201/api/v1/adminRoutes/getAllLoan","timestamp":"2025-06-02T19:06:09.778Z"}
{"level":"info","message":"ROUTE API CALL => \n http://localhost:6201/api/v1/rePayment/loanDetails","timestamp":"2025-06-02T19:06:18.197Z"}
{"level":"info","message":"ROUTE API CALL => \n http://localhost:6201/api/v1/rePayment/loanAudit","timestamp":"2025-06-02T19:06:18.279Z"}
{"level":"info","message":"Server running --- from server.ts","timestamp":"2025-06-02T19:07:14.491Z"}
{"level":"info","message":"ROUTE API CALL => \n http://localhost:6201/api/v1/rePayment/loanCloseData","timestamp":"2025-06-02T19:07:34.339Z"}
{"level":"info","message":"ROUTE API CALL 685=> \n http://localhost:6201/api/v1/adminRoutes/addLoanOption","timestamp":"2025-06-02T19:07:34.350Z"}
{"level":"info","message":"ROUTE API CALL => \n http://localhost:6201/api/v1/rePayment/loanDetails","timestamp":"2025-06-02T19:07:34.356Z"}
{"level":"info","message":"ROUTE API CALL => \n http://localhost:6201/api/v1/rePayment/loanAudit","timestamp":"2025-06-02T19:07:35.534Z"}
{"level":"info","message":"ROUTE API CALL => \n http://localhost:6201/api/v1/rePayment/loanDetails","timestamp":"2025-06-02T19:07:35.546Z"}
{"level":"info","message":"ROUTE API CALL => \n http://localhost:6201/api/v1/rePayment/loanCloseData","timestamp":"2025-06-02T19:07:40.278Z"}
{"level":"info","message":"ROUTE API CALL 685=> \n http://localhost:6201/api/v1/adminRoutes/addLoanOption","timestamp":"2025-06-02T19:07:40.292Z"}
{"level":"info","message":"ROUTE API CALL => \n http://localhost:6201/api/v1/rePayment/loanDetails","timestamp":"2025-06-02T19:07:40.303Z"}
{"level":"info","message":"Server running --- from server.ts","timestamp":"2025-06-02T19:08:07.533Z"}
{"level":"info","message":"Server running --- from server.ts","timestamp":"2025-06-02T19:08:20.796Z"}
{"level":"info","message":"ROUTE API CALL => \n http://localhost:6201/api/v1/adminRoutes/getAllLoan","timestamp":"2025-06-02T19:08:24.581Z"}
{"level":"info","message":"ROUTE API CALL => \n http://localhost:6201/api/v1/rePayment/loanDetails","timestamp":"2025-06-02T19:10:22.072Z"}
{"level":"info","message":"ROUTE API CALL => \n http://localhost:6201/api/v1/adminRoutes/getAllLoan","timestamp":"2025-06-02T19:10:23.932Z"}
{"level":"info","message":"ROUTE API CALL => \n http://localhost:6201/api/v1/rePayment/loanDetails","timestamp":"2025-06-02T19:10:26.251Z"}
{"level":"info","message":"Server running --- from server.ts","timestamp":"2025-06-02T19:11:08.328Z"}
{"level":"info","message":"ROUTE API CALL => \n http://localhost:6201/api/v1/rePayment/loanDetails","timestamp":"2025-06-02T19:11:14.129Z"}
{"level":"info","message":"Server running --- from server.ts","timestamp":"2025-06-02T19:11:38.707Z"}
{"level":"info","message":"Server running --- from server.ts","timestamp":"2025-06-02T19:11:59.179Z"}
{"level":"info","message":"ROUTE API CALL => \n http://localhost:6201/api/v1/adminRoutes/getAllLoan","timestamp":"2025-06-02T19:11:59.510Z"}
{"level":"info","message":"ROUTE API CALL => \n http://localhost:6201/api/v1/rePayment/loanDetails","timestamp":"2025-06-02T19:12:04.840Z"}
{"level":"info","message":"Server running --- from server.ts","timestamp":"2025-06-02T19:12:37.922Z"}
{"level":"info","message":"Server running --- from server.ts","timestamp":"2025-06-02T19:12:43.539Z"}
{"level":"info","message":"ROUTE API CALL => \n http://localhost:6201/api/v1/rePayment/loanDetails","timestamp":"2025-06-02T19:12:46.310Z"}
{"level":"info","message":"ROUTE API CALL => \n http://localhost:6201/api/v1/rePayment/loanAudit","timestamp":"2025-06-02T19:12:46.418Z"}
{"level":"info","message":"ROUTE API CALL => \n http://localhost:6201/api/v1/rePayment/loanCloseData","timestamp":"2025-06-02T19:12:59.948Z"}
{"level":"info","message":"ROUTE API CALL 685=> \n http://localhost:6201/api/v1/adminRoutes/addLoanOption","timestamp":"2025-06-02T19:13:00.002Z"}
{"level":"info","message":"ROUTE API CALL => \n http://localhost:6201/api/v1/rePayment/loanDetails","timestamp":"2025-06-02T19:13:00.019Z"}
{"level":"info","message":"ROUTE API CALL => \n http://localhost:6201/api/v1/rePayment/loanCloseData","timestamp":"2025-06-02T19:13:25.220Z"}
{"level":"info","message":"ROUTE API CALL 685=> \n http://localhost:6201/api/v1/adminRoutes/addLoanOption","timestamp":"2025-06-02T19:13:25.230Z"}
{"level":"info","message":"ROUTE API CALL => \n http://localhost:6201/api/v1/rePayment/loanCloseData","timestamp":"2025-06-02T19:13:33.544Z"}
{"level":"info","message":"ROUTE API CALL 685=> \n http://localhost:6201/api/v1/adminRoutes/addLoanOption","timestamp":"2025-06-02T19:13:33.557Z"}
{"level":"info","message":"ROUTE API CALL => \n http://localhost:6201/api/v1/rePayment/loanCloseData","timestamp":"2025-06-02T19:13:38.219Z"}
{"level":"info","message":"ROUTE API CALL 685=> \n http://localhost:6201/api/v1/adminRoutes/addLoanOption","timestamp":"2025-06-02T19:13:38.226Z"}
{"level":"info","message":"ROUTE API CALL => \n http://localhost:6201/api/v1/rePayment/loanCloseData","timestamp":"2025-06-02T19:13:41.211Z"}
{"level":"info","message":"ROUTE API CALL 685=> \n http://localhost:6201/api/v1/adminRoutes/addLoanOption","timestamp":"2025-06-02T19:13:41.218Z"}
{"level":"info","message":"ROUTE API CALL => \n http://localhost:6201/api/v1/rePayment/loanAudit","timestamp":"2025-06-02T19:14:01.199Z"}
{"level":"info","message":"ROUTE API CALL => \n http://localhost:6201/api/v1/rePayment/loanDetails","timestamp":"2025-06-02T19:14:01.212Z"}
{"level":"info","message":"ROUTE API CALL => \n http://localhost:6201/api/v1/rePayment/loanDetails","timestamp":"2025-06-02T19:14:13.223Z"}
{"level":"info","message":"ROUTE API CALL => \n http://localhost:6201/api/v1/rePayment/loanDetails","timestamp":"2025-06-02T19:15:15.357Z"}
{"level":"info","message":"ROUTE API CALL => \n http://localhost:6201/api/v1/rePayment/loanDetails","timestamp":"2025-06-02T19:15:19.370Z"}
{"level":"info","message":"ROUTE API CALL => \n http://localhost:6201/api/v1/rePayment/loanDetails","timestamp":"2025-06-02T19:15:30.588Z"}
{"level":"info","message":"ROUTE API CALL => \n http://localhost:6201/api/v1/rePayment/loanDetails","timestamp":"2025-06-02T19:15:35.226Z"}
{"level":"info","message":"ROUTE API CALL => \n http://localhost:6201/api/v1/rePayment/loanDetails","timestamp":"2025-06-02T19:15:40.219Z"}
{"level":"info","message":"ROUTE API CALL => \n http://localhost:6201/api/v1/rePayment/loanDetails","timestamp":"2025-06-02T19:16:38.530Z"}
{"level":"info","message":"ROUTE API CALL => \n http://localhost:6201/api/v1/rePayment/loanDetails","timestamp":"2025-06-02T19:16:40.269Z"}
{"level":"info","message":"ROUTE API CALL => \n http://localhost:6201/api/v1/rePayment/loanDetails","timestamp":"2025-06-02T19:16:46.234Z"}
{"level":"info","message":"ROUTE API CALL => \n http://localhost:6201/api/v1/rePayment/loanDetails","timestamp":"2025-06-02T19:16:51.600Z"}
{"level":"info","message":"ROUTE API CALL => \n http://localhost:6201/api/v1/rePayment/loanDetails","timestamp":"2025-06-02T19:16:54.220Z"}
{"level":"info","message":"ROUTE API CALL => \n http://localhost:6201/api/v1/rePayment/loanDetails","timestamp":"2025-06-02T19:17:23.223Z"}
{"level":"info","message":"ROUTE API CALL => \n http://localhost:6201/api/v1/cashFlow/getCashFlow","timestamp":"2025-06-02T19:18:06.627Z"}
{"level":"info","message":"ROUTE API CALL => \n http://localhost:6201/api/v1/adminRoutes/getAllLoan","timestamp":"2025-06-02T19:18:06.635Z"}
{"level":"info","message":"ROUTE API CALL => \n http://localhost:6201/api/v1/rePayment/loanDetails","timestamp":"2025-06-02T19:18:35.883Z"}
{"level":"info","message":"ROUTE API CALL => \n http://localhost:6201/api/v1/rePayment/loanAudit","timestamp":"2025-06-02T19:18:35.925Z"}
{"level":"info","message":"ROUTE API CALL => \n http://localhost:6201/api/v1/rePayment/loanCloseData","timestamp":"2025-06-02T19:18:37.265Z"}
{"level":"info","message":"ROUTE API CALL 685=> \n http://localhost:6201/api/v1/adminRoutes/addLoanOption","timestamp":"2025-06-02T19:18:37.290Z"}
{"level":"info","message":"ROUTE API CALL => \n http://localhost:6201/api/v1/rePayment/loanDetails","timestamp":"2025-06-02T19:18:37.301Z"}
{"level":"info","message":"ROUTE API CALL => \n http://localhost:6201/api/v1/adminRoutes/getAllLoan","timestamp":"2025-06-02T19:18:38.385Z"}
{"level":"info","message":"ROUTE API CALL => \n http://localhost:6201/api/v1/rePayment/loanDetails","timestamp":"2025-06-02T19:18:42.610Z"}
{"level":"info","message":"ROUTE API CALL => \n http://localhost:6201/api/v1/rePayment/loanAudit","timestamp":"2025-06-02T19:18:42.681Z"}
{"level":"info","message":"ROUTE API CALL => \n http://localhost:6201/api/v1/adminRoutes/getAllLoan","timestamp":"2025-06-02T19:18:45.340Z"}
{"level":"info","message":"ROUTE API CALL => \n http://localhost:6201/api/v1/cashFlow/getCashFlow","timestamp":"2025-06-02T19:18:48.203Z"}
{"level":"info","message":"ROUTE API CALL => \n http://localhost:6201/api/v1/adminRoutes/getLoanAndUser","timestamp":"2025-06-02T19:18:48.210Z"}
{"level":"info","message":"ROUTE API CALL => \n http://localhost:6201/api/v1/AdminRePayment/userList","timestamp":"2025-06-02T19:18:48.229Z"}
{"level":"info","message":"ROUTE API CALL => \n http://localhost:6201/api/v1/cashFlow/getCashFlow","timestamp":"2025-06-02T19:18:58.647Z"}
{"level":"info","message":"ROUTE API CALL => \n http://localhost:6201/api/v1/adminRoutes/getBankFundList","timestamp":"2025-06-02T19:18:58.658Z"}
{"level":"info","message":"ROUTE API CALL => \n http://localhost:6201/api/v1/cashFlow/getCashFlow","timestamp":"2025-06-02T19:18:59.143Z"}
{"level":"info","message":"ROUTE API CALL => \n http://localhost:6201/api/v1/adminRoutes/getLoanAndUser","timestamp":"2025-06-02T19:18:59.150Z"}
{"level":"info","message":"ROUTE API CALL => \n http://localhost:6201/api/v1/AdminRePayment/userList","timestamp":"2025-06-02T19:18:59.166Z"}
{"level":"info","message":"ROUTE API CALL => \n http://localhost:6201/api/v1/adminLoan/allLoan","timestamp":"2025-06-02T19:19:00.027Z"}
{"level":"info","message":"ROUTE API CALL => \n http://localhost:6201/api/v1/adminLoan/loanRePaymentAudit","timestamp":"2025-06-02T19:19:02.965Z"}
{"level":"info","message":"ROUTE API CALL => \n http://localhost:6201/api/v1/adminLoan/loanAudit","timestamp":"2025-06-02T19:19:02.972Z"}
{"level":"info","message":"ROUTE API CALL => \n http://localhost:6201/api/v1/adminLoan/loanAudit","timestamp":"2025-06-02T19:19:42.539Z"}
{"level":"info","message":"ROUTE API CALL => \n http://localhost:6201/api/v1/adminLoan/loanAudit","timestamp":"2025-06-02T19:19:44.264Z"}
{"level":"info","message":"ROUTE API CALL => \n http://localhost:6201/api/v1/adminLoan/loanAudit","timestamp":"2025-06-02T19:19:47.246Z"}
{"level":"info","message":"ROUTE API CALL => \n http://localhost:6201/api/v1/adminLoan/loanAudit","timestamp":"2025-06-02T19:19:54.237Z"}
{"level":"info","message":"ROUTE API CALL => \n http://localhost:6201/api/v1/adminLoan/loanAudit","timestamp":"2025-06-02T19:20:03.548Z"}
{"level":"info","message":"ROUTE API CALL => \n http://localhost:6201/api/v1/adminLoan/loanAudit","timestamp":"2025-06-02T19:20:04.226Z"}
{"level":"info","message":"ROUTE API CALL => \n http://localhost:6201/api/v1/adminLoan/allLoan","timestamp":"2025-06-02T19:20:06.612Z"}
{"level":"info","message":"ROUTE API CALL => \n http://localhost:6201/api/v1/adminLoan/loanRePaymentAudit","timestamp":"2025-06-02T19:20:07.434Z"}
{"level":"info","message":"ROUTE API CALL => \n http://localhost:6201/api/v1/adminLoan/loanAudit","timestamp":"2025-06-02T19:20:07.440Z"}
{"level":"info","message":"ROUTE API CALL => \n http://localhost:6201/api/v1/adminLoan/loanCloseData","timestamp":"2025-06-02T19:20:08.962Z"}
{"level":"info","message":"ROUTE API CALL => \n http://localhost:6201/api/v1/adminLoan/payPrincipalAmt","timestamp":"2025-06-02T19:20:42.678Z"}
{"level":"info","message":"ROUTE API CALL => \n http://localhost:6201/api/v1/adminLoan/allLoan","timestamp":"2025-06-02T19:20:42.834Z"}
{"level":"info","message":"ROUTE API CALL => \n http://localhost:6201/api/v1/adminLoan/loanRePaymentAudit","timestamp":"2025-06-02T19:20:46.250Z"}
{"level":"info","message":"ROUTE API CALL => \n http://localhost:6201/api/v1/adminLoan/loanAudit","timestamp":"2025-06-02T19:20:46.255Z"}
{"level":"info","message":"ROUTE API CALL => \n http://localhost:6201/api/v1/adminLoan/allLoan","timestamp":"2025-06-02T19:20:47.769Z"}
{"level":"info","message":"ROUTE API CALL => \n http://localhost:6201/api/v1/adminLoan/loanRePaymentAudit","timestamp":"2025-06-02T19:20:50.744Z"}
{"level":"info","message":"ROUTE API CALL => \n http://localhost:6201/api/v1/adminLoan/loanAudit","timestamp":"2025-06-02T19:20:50.750Z"}
{"level":"info","message":"ROUTE API CALL => \n http://localhost:6201/api/v1/adminLoan/allLoan","timestamp":"2025-06-02T19:21:55.692Z"}
{"level":"info","message":"Server running --- from server.ts","timestamp":"2025-06-02T19:23:02.521Z"}
{"level":"info","message":"Server running --- from server.ts","timestamp":"2025-06-02T19:23:57.176Z"}
{"level":"info","message":"Server running --- from server.ts","timestamp":"2025-06-02T19:26:13.086Z"}
{"level":"info","message":"Server running --- from server.ts","timestamp":"2025-06-02T19:26:33.349Z"}
{"level":"info","message":"Server running --- from server.ts","timestamp":"2025-06-02T19:26:48.110Z"}
{"level":"info","message":"ROUTE API CALL => \n http://localhost:6201/api/v1/adminLoan/loanRePaymentAudit","timestamp":"2025-06-02T19:26:50.714Z"}
{"level":"info","message":"ROUTE API CALL => \n http://localhost:6201/api/v1/adminLoan/loanAudit","timestamp":"2025-06-02T19:26:50.728Z"}
{"level":"info","message":"Server running --- from server.ts","timestamp":"2025-06-02T19:27:10.341Z"}
{"level":"info","message":"ROUTE API CALL => \n http://localhost:6201/api/v1/adminLoan/loanRePaymentAudit","timestamp":"2025-06-02T19:27:19.917Z"}
{"level":"info","message":"ROUTE API CALL => \n http://localhost:6201/api/v1/adminLoan/loanAudit","timestamp":"2025-06-02T19:27:19.944Z"}
{"level":"info","message":"Server running --- from server.ts","timestamp":"2025-06-02T19:29:33.982Z"}
{"level":"info","message":"Server running --- from server.ts","timestamp":"2025-06-02T19:29:49.148Z"}
{"level":"info","message":"ROUTE API CALL => \n http://localhost:6201/api/v1/adminLoan/allLoan","timestamp":"2025-06-02T19:29:49.225Z"}
{"level":"info","message":"ROUTE API CALL => \n http://localhost:6201/api/v1/adminLoan/loanRePaymentAudit","timestamp":"2025-06-02T19:29:51.421Z"}
{"level":"info","message":"ROUTE API CALL => \n http://localhost:6201/api/v1/adminLoan/loanAudit","timestamp":"2025-06-02T19:29:51.428Z"}
{"level":"info","message":"Server running --- from server.ts","timestamp":"2025-06-02T19:30:15.399Z"}
{"level":"info","message":"Server running --- from server.ts","timestamp":"2025-06-02T19:30:32.383Z"}
{"level":"info","message":"ROUTE API CALL => \n http://localhost:6201/api/v1/adminLoan/allLoan","timestamp":"2025-06-02T19:30:37.672Z"}
{"level":"info","message":"ROUTE API CALL => \n http://localhost:6201/api/v1/adminLoan/loanRePaymentAudit","timestamp":"2025-06-02T19:30:38.187Z"}
{"level":"info","message":"ROUTE API CALL => \n http://localhost:6201/api/v1/adminLoan/loanAudit","timestamp":"2025-06-02T19:30:38.210Z"}
{"level":"info","message":"Server running --- from server.ts","timestamp":"2025-06-02T19:31:33.500Z"}
{"level":"info","message":"ROUTE API CALL => \n http://localhost:6201/api/v1/adminLoan/allLoan","timestamp":"2025-06-02T19:31:39.624Z"}
{"level":"info","message":"ROUTE API CALL => \n http://localhost:6201/api/v1/adminLoan/loanRePaymentAudit","timestamp":"2025-06-02T19:31:39.989Z"}
{"level":"info","message":"ROUTE API CALL => \n http://localhost:6201/api/v1/adminLoan/loanAudit","timestamp":"2025-06-02T19:31:39.995Z"}
{"level":"info","message":"Server running --- from server.ts","timestamp":"2025-06-02T19:32:10.615Z"}
{"level":"info","message":"ROUTE API CALL => \n http://localhost:6201/api/v1/adminLoan/allLoan","timestamp":"2025-06-02T19:32:10.787Z"}
{"level":"info","message":"ROUTE API CALL => \n http://localhost:6201/api/v1/adminLoan/loanRePaymentAudit","timestamp":"2025-06-02T19:32:20.074Z"}
{"level":"info","message":"ROUTE API CALL => \n http://localhost:6201/api/v1/adminLoan/loanAudit","timestamp":"2025-06-02T19:32:20.091Z"}
{"level":"info","message":"Server running --- from server.ts","timestamp":"2025-06-02T19:32:35.604Z"}
{"level":"info","message":"Server running --- from server.ts","timestamp":"2025-06-02T19:33:03.929Z"}
{"level":"info","message":"Server running --- from server.ts","timestamp":"2025-06-02T19:33:11.349Z"}
{"level":"info","message":"Server running --- from server.ts","timestamp":"2025-06-02T19:33:27.899Z"}
{"level":"info","message":"ROUTE API CALL => \n http://localhost:6201/api/v1/adminLoan/loanAudit","timestamp":"2025-06-02T19:33:28.279Z"}
{"level":"info","message":"ROUTE API CALL => \n http://localhost:6201/api/v1/adminLoan/allLoan","timestamp":"2025-06-02T19:33:28.297Z"}
{"level":"info","message":"ROUTE API CALL => \n http://localhost:6201/api/v1/adminLoan/loanRePaymentAudit","timestamp":"2025-06-02T19:33:33.678Z"}
{"level":"info","message":"ROUTE API CALL => \n http://localhost:6201/api/v1/adminLoan/loanAudit","timestamp":"2025-06-02T19:33:33.692Z"}
{"level":"info","message":"Server running --- from server.ts","timestamp":"2025-06-02T19:34:26.979Z"}
{"level":"info","message":"ROUTE API CALL => \n http://localhost:6201/api/v1/adminLoan/loanRePaymentAudit","timestamp":"2025-06-02T19:34:28.681Z"}
{"level":"info","message":"ROUTE API CALL => \n http://localhost:6201/api/v1/adminLoan/loanAudit","timestamp":"2025-06-02T19:34:28.694Z"}
{"level":"info","message":"ROUTE API CALL => \n http://localhost:6201/api/v1/adminLoan/allLoan","timestamp":"2025-06-02T19:35:02.055Z"}
{"level":"info","message":"ROUTE API CALL => \n http://localhost:6201/api/v1/adminLoan/vendorList","timestamp":"2025-06-02T19:35:03.709Z"}
{"level":"info","message":"ROUTE API CALL => \n http://localhost:6201/api/v1/adminLoan/allLoan","timestamp":"2025-06-02T19:35:05.513Z"}
{"level":"info","message":"ROUTE API CALL => \n http://localhost:6201/api/v1/adminLoan/vendorList","timestamp":"2025-06-02T19:35:07.029Z"}
{"level":"info","message":"ROUTE API CALL => \n http://localhost:6201/api/v1/adminLoan/addLoanOption","timestamp":"2025-06-02T19:35:12.995Z"}
{"level":"info","message":"ROUTE API CALL => \n http://localhost:6201/api/v1/adminLoan/getLoan","timestamp":"2025-06-02T19:35:13.000Z"}
{"level":"info","message":"ROUTE API CALL => \n http://localhost:6201/api/v1/adminLoan/addLoanOption","timestamp":"2025-06-02T19:35:18.276Z"}
{"level":"info","message":"ROUTE API CALL => \n http://localhost:6201/api/v1/adminLoan/getLoan","timestamp":"2025-06-02T19:35:18.289Z"}
{"level":"info","message":"ROUTE API CALL => \n http://localhost:6201/api/v1/adminLoan/CreateNewLoan","timestamp":"2025-06-02T19:36:17.742Z"}
{"level":"info","message":"ROUTE API CALL => \n http://localhost:6201/api/v1/adminLoan/allLoan","timestamp":"2025-06-02T19:36:18.888Z"}
{"level":"info","message":"ROUTE API CALL => \n http://localhost:6201/api/v1/adminLoan/loanRePaymentAudit","timestamp":"2025-06-02T19:36:20.579Z"}
{"level":"info","message":"ROUTE API CALL => \n http://localhost:6201/api/v1/adminLoan/loanAudit","timestamp":"2025-06-02T19:36:20.594Z"}
{"level":"info","message":"ROUTE API CALL => \n http://localhost:6201/api/v1/adminLoan/allLoan","timestamp":"2025-06-02T19:37:10.941Z"}
{"level":"info","message":"ROUTE API CALL => \n http://localhost:6201/api/v1/cashFlow/getCashFlow","timestamp":"2025-06-02T19:37:13.864Z"}
{"level":"info","message":"ROUTE API CALL => \n http://localhost:6201/api/v1/adminRoutes/getAllLoan","timestamp":"2025-06-02T19:37:13.872Z"}
{"level":"info","message":"ROUTE API CALL => \n http://localhost:6201/api/v1/newLoan/userListOption","timestamp":"2025-06-02T19:37:16.284Z"}
{"level":"info","message":"ROUTE API CALL 685=> \n http://localhost:6201/api/v1/adminRoutes/addLoanOption","timestamp":"2025-06-02T19:37:19.606Z"}
{"level":"info","message":"ROUTE API CALL => \n http://localhost:6201/api/v1/adminRoutes/getLoan","timestamp":"2025-06-02T19:37:19.615Z"}
{"level":"info","message":"ROUTE API CALL => \n http://localhost:6201/api/v1/newLoan/CreateNewLoan","timestamp":"2025-06-02T19:37:52.957Z"}
{"level":"info","message":"ROUTE API CALL => \n http://localhost:6201/api/v1/adminRoutes/getAllLoan","timestamp":"2025-06-02T19:37:54.111Z"}
{"level":"info","message":"ROUTE API CALL => \n http://localhost:6201/api/v1/rePayment/loanDetails","timestamp":"2025-06-02T19:37:55.433Z"}
{"level":"info","message":"ROUTE API CALL => \n http://localhost:6201/api/v1/rePayment/loanAudit","timestamp":"2025-06-02T19:37:55.463Z"}
{"level":"info","message":"Server running --- from server.ts","timestamp":"2025-06-02T19:53:12.163Z"}
{"level":"info","message":"ROUTE API CALL => \n http://localhost:6201/api/v1/adminRoutes/getAllLoan","timestamp":"2025-06-02T19:53:12.438Z"}
{"level":"info","message":"ROUTE API CALL => \n http://localhost:6201/api/v1/newLoan/userListOption","timestamp":"2025-06-02T19:53:13.534Z"}
{"level":"info","message":"ROUTE API CALL 685=> \n http://localhost:6201/api/v1/adminRoutes/addLoanOption","timestamp":"2025-06-02T19:53:16.952Z"}
{"level":"info","message":"ROUTE API CALL => \n http://localhost:6201/api/v1/adminRoutes/getLoan","timestamp":"2025-06-02T19:53:16.960Z"}
{"level":"info","message":"ROUTE API CALL => \n http://localhost:6201/api/v1/newLoan/CreateNewLoan","timestamp":"2025-06-02T19:53:52.664Z"}
{"level":"info","message":"Server running --- from server.ts","timestamp":"2025-06-02T19:55:48.153Z"}
{"level":"info","message":"ROUTE API CALL => \n http://localhost:6201/api/v1/newLoan/CreateNewLoan","timestamp":"2025-06-02T19:55:52.048Z"}
{"level":"info","message":"ROUTE API CALL => \n http://localhost:6201/api/v1/adminRoutes/getAllLoan","timestamp":"2025-06-02T19:55:53.259Z"}
{"level":"info","message":"ROUTE API CALL => \n http://localhost:6201/api/v1/rePayment/loanDetails","timestamp":"2025-06-02T19:55:55.940Z"}
{"level":"info","message":"ROUTE API CALL => \n http://localhost:6201/api/v1/rePayment/loanAudit","timestamp":"2025-06-02T19:55:55.967Z"}
{"level":"info","message":"ROUTE API CALL => \n http://localhost:6201/api/v1/adminRoutes/getAllLoan","timestamp":"2025-06-02T19:57:10.031Z"}
{"level":"info","message":"ROUTE API CALL => \n http://localhost:6201/api/v1/newLoan/userListOption","timestamp":"2025-06-02T19:57:13.099Z"}
{"level":"info","message":"ROUTE API CALL 685=> \n http://localhost:6201/api/v1/adminRoutes/addLoanOption","timestamp":"2025-06-02T19:57:16.820Z"}
{"level":"info","message":"ROUTE API CALL => \n http://localhost:6201/api/v1/adminRoutes/getLoan","timestamp":"2025-06-02T19:57:16.830Z"}
{"level":"info","message":"ROUTE API CALL => \n http://localhost:6201/api/v1/adminRoutes/getAllLoan","timestamp":"2025-06-02T19:57:21.799Z"}
{"level":"info","message":"ROUTE API CALL => \n http://localhost:6201/api/v1/cashFlow/getCashFlow","timestamp":"2025-06-02T19:57:23.694Z"}
{"level":"info","message":"ROUTE API CALL => \n http://localhost:6201/api/v1/adminRoutes/productList","timestamp":"2025-06-02T19:57:23.703Z"}
{"level":"info","message":"Server running --- from server.ts","timestamp":"2025-06-02T19:59:31.841Z"}
{"level":"info","message":"ROUTE API CALL => \n http://localhost:6201/api/v1/adminRoutes/getLoanAndUser","timestamp":"2025-06-02T19:59:33.062Z"}
{"level":"info","message":"ROUTE API CALL => \n http://localhost:6201/api/v1/cashFlow/getCashFlow","timestamp":"2025-06-02T19:59:33.071Z"}
{"level":"info","message":"ROUTE API CALL => \n http://localhost:6201/api/v1/AdminRePayment/userList","timestamp":"2025-06-02T19:59:33.202Z"}
{"level":"info","message":"ROUTE API CALL => \n http://localhost:6201/api/v1/adminLoan/allLoan","timestamp":"2025-06-02T19:59:34.561Z"}
{"level":"info","message":"ROUTE API CALL => \n http://localhost:6201/api/v1/adminLoan/vendorList","timestamp":"2025-06-02T19:59:36.375Z"}
{"level":"info","message":"ROUTE API CALL => \n http://localhost:6201/api/v1/adminLoan/addLoanOption","timestamp":"2025-06-02T19:59:40.209Z"}
{"level":"info","message":"ROUTE API CALL => \n http://localhost:6201/api/v1/adminLoan/getLoan","timestamp":"2025-06-02T19:59:40.217Z"}
{"level":"info","message":"ROUTE API CALL => \n http://localhost:6201/api/v1/adminLoan/CreateNewLoan","timestamp":"2025-06-02T20:00:37.320Z"}
{"level":"info","message":"ROUTE API CALL => \n http://localhost:6201/api/v1/adminLoan/allLoan","timestamp":"2025-06-02T20:00:38.472Z"}
{"level":"info","message":"ROUTE API CALL => \n http://localhost:6201/api/v1/adminLoan/loanRePaymentAudit","timestamp":"2025-06-02T20:00:39.601Z"}
{"level":"info","message":"ROUTE API CALL => \n http://localhost:6201/api/v1/adminLoan/loanAudit","timestamp":"2025-06-02T20:00:39.608Z"}
{"level":"info","message":"ROUTE API CALL => \n http://localhost:6201/api/v1/adminLoan/loanCloseData","timestamp":"2025-06-02T20:01:13.985Z"}
{"level":"info","message":"ROUTE API CALL => \n http://localhost:6201/api/v1/adminLoan/loanRePaymentAudit","timestamp":"2025-06-02T20:01:14.703Z"}
{"level":"info","message":"ROUTE API CALL => \n http://localhost:6201/api/v1/adminLoan/loanCloseData","timestamp":"2025-06-02T20:01:19.446Z"}
{"level":"info","message":"ROUTE API CALL => \n http://localhost:6201/api/v1/adminLoan/loanRePaymentAudit","timestamp":"2025-06-02T20:01:20.244Z"}
{"level":"info","message":"ROUTE API CALL => \n http://localhost:6201/api/v1/adminLoan/loanCloseData","timestamp":"2025-06-02T20:01:21.738Z"}
{"level":"info","message":"ROUTE API CALL => \n http://localhost:6201/api/v1/adminLoan/loanRePaymentAudit","timestamp":"2025-06-02T20:01:25.277Z"}
{"level":"info","message":"ROUTE API CALL => \n http://localhost:6201/api/v1/adminLoan/allLoan","timestamp":"2025-06-02T20:01:26.406Z"}
{"level":"info","message":"ROUTE API CALL => \n http://localhost:6201/api/v1/adminLoan/loanRePaymentAudit","timestamp":"2025-06-02T20:01:28.097Z"}
{"level":"info","message":"ROUTE API CALL => \n http://localhost:6201/api/v1/adminLoan/loanAudit","timestamp":"2025-06-02T20:01:28.103Z"}
{"level":"info","message":"ROUTE API CALL => \n http://localhost:6201/api/v1/adminLoan/allLoan","timestamp":"2025-06-02T20:01:28.949Z"}
{"level":"info","message":"ROUTE API CALL => \n http://localhost:6201/api/v1/adminLoan/loanRePaymentAudit","timestamp":"2025-06-02T20:01:29.891Z"}
{"level":"info","message":"ROUTE API CALL => \n http://localhost:6201/api/v1/adminLoan/loanAudit","timestamp":"2025-06-02T20:01:29.898Z"}
{"level":"info","message":"Server running --- from server.ts","timestamp":"2025-06-02T20:03:22.257Z"}
{"level":"info","message":"ROUTE API CALL => \n http://localhost:6201/api/v1/adminLoan/allLoan","timestamp":"2025-06-02T20:03:22.390Z"}
{"level":"info","message":"ROUTE API CALL => \n http://localhost:6201/api/v1/adminLoan/vendorList","timestamp":"2025-06-02T20:03:22.482Z"}
{"level":"info","message":"ROUTE API CALL => \n http://localhost:6201/api/v1/adminLoan/addLoanOption","timestamp":"2025-06-02T20:03:26.038Z"}
{"level":"info","message":"ROUTE API CALL => \n http://localhost:6201/api/v1/adminLoan/getLoan","timestamp":"2025-06-02T20:03:26.048Z"}
{"level":"info","message":"ROUTE API CALL => \n http://localhost:6201/api/v1/adminLoan/CreateNewLoan","timestamp":"2025-06-02T20:03:57.658Z"}
{"level":"info","message":"ROUTE API CALL => \n http://localhost:6201/api/v1/adminLoan/allLoan","timestamp":"2025-06-02T20:03:58.824Z"}
{"level":"info","message":"ROUTE API CALL => \n http://localhost:6201/api/v1/adminLoan/loanRePaymentAudit","timestamp":"2025-06-02T20:04:00.684Z"}
{"level":"info","message":"ROUTE API CALL => \n http://localhost:6201/api/v1/adminLoan/loanAudit","timestamp":"2025-06-02T20:04:00.699Z"}
{"level":"info","message":"Server running --- from server.ts","timestamp":"2025-06-02T20:06:50.699Z"}
{"level":"info","message":"Server running --- from server.ts","timestamp":"2025-06-02T20:06:59.926Z"}
