{"level":"info","message":"Server running --- from server.ts","timestamp":"2025-04-13T01:42:19.033Z"}
{"level":"info","message":"ROUTE API CALL => \n http://localhost:6200/api/v1/adminRoutes/adminLogin","timestamp":"2025-04-13T01:42:26.436Z"}
{"level":"info","message":"ROUTE API CALL => \n http://localhost:6200/api/v1/adminRoutes/getPersonList","timestamp":"2025-04-13T01:42:27.572Z"}
{"level":"info","message":"ROUTE API CALL => \n http://localhost:6200/api/v1/adminRoutes/getLoanAndUser","timestamp":"2025-04-13T01:42:30.583Z"}
{"level":"info","message":"ROUTE API CALL => \n http://localhost:6200/api/v1/adminRoutes/getLoanAndUser","timestamp":"2025-04-13T01:43:42.782Z"}
{"level":"info","message":"ROUTE API CALL => \n http://localhost:6200/api/v1/adminRoutes/getLoanAndUser","timestamp":"2025-04-13T01:43:43.290Z"}
{"level":"info","message":"ROUTE API CALL => \n http://localhost:6200/api/v1/adminRoutes/getLoanAndUser","timestamp":"2025-04-13T01:44:05.128Z"}
{"level":"info","message":"ROUTE API CALL => \n http://localhost:6200/api/v1/adminRoutes/getLoanAndUser","timestamp":"2025-04-13T01:44:09.258Z"}
{"level":"info","message":"ROUTE API CALL => \n http://localhost:6200/api/v1/adminRoutes/getLoanAndUser","timestamp":"2025-04-13T01:44:17.629Z"}
{"level":"info","message":"ROUTE API CALL => \n http://localhost:6200/api/v1/adminRoutes/getLoanAndUser","timestamp":"2025-04-13T01:44:19.153Z"}
{"level":"info","message":"ROUTE API CALL => \n http://localhost:6200/api/v1/adminRoutes/getLoanAndUser","timestamp":"2025-04-13T01:44:23.285Z"}
{"level":"info","message":"ROUTE API CALL => \n http://localhost:6200/api/v1/adminRoutes/getLoanAndUser","timestamp":"2025-04-13T01:44:25.280Z"}
{"level":"info","message":"ROUTE API CALL => \n http://localhost:6200/api/v1/adminRoutes/getLoanAndUser","timestamp":"2025-04-13T01:44:47.326Z"}
{"level":"info","message":"ROUTE API CALL => \n http://localhost:6200/api/v1/adminRoutes/getLoanAndUser","timestamp":"2025-04-13T01:44:49.205Z"}
{"level":"info","message":"ROUTE API CALL => \n http://localhost:6200/api/v1/adminRoutes/getLoanAndUser","timestamp":"2025-04-13T01:44:54.605Z"}
{"level":"info","message":"ROUTE API CALL => \n http://localhost:6200/api/v1/adminRoutes/getLoanAndUser","timestamp":"2025-04-13T01:44:58.609Z"}
{"level":"info","message":"ROUTE API CALL => \n http://localhost:6200/api/v1/adminRoutes/getLoanAndUser","timestamp":"2025-04-13T01:45:01.615Z"}
{"level":"info","message":"Server running --- from server.ts","timestamp":"2025-04-13T02:00:38.661Z"}
{"level":"info","message":"ROUTE API CALL => \n http://localhost:6200/api/v1/adminRoutes/getLoanAndUser","timestamp":"2025-04-13T02:00:39.038Z"}
{"level":"info","message":"ROUTE API CALL => \n http://localhost:6200/api/v1/adminRoutes/getLoanAndUser","timestamp":"2025-04-13T02:00:39.069Z"}
{"level":"info","message":"ROUTE API CALL => \n http://localhost:6200/api/v1/adminRoutes/getLoanAndUser","timestamp":"2025-04-13T02:00:39.078Z"}
{"level":"info","message":"ROUTE API CALL => \n http://localhost:6200/api/v1/adminRoutes/getLoanAndUser","timestamp":"2025-04-13T02:00:39.086Z"}
{"level":"info","message":"ROUTE API CALL => \n http://localhost:6200/api/v1/adminRoutes/getLoanAndUser","timestamp":"2025-04-13T02:00:39.093Z"}
{"level":"info","message":"ROUTE API CALL => \n http://localhost:6200/api/v1/adminRoutes/getLoanAndUser","timestamp":"2025-04-13T02:00:39.097Z"}
{"level":"info","message":"ROUTE API CALL => \n http://localhost:6200/api/v1/adminRoutes/getLoanAndUser","timestamp":"2025-04-13T02:00:39.248Z"}
{"level":"info","message":"ROUTE API CALL => \n http://localhost:6200/api/v1/adminRoutes/getLoanAndUser","timestamp":"2025-04-13T02:00:39.253Z"}
{"level":"info","message":"ROUTE API CALL => \n http://localhost:6200/api/v1/adminRoutes/getLoanAndUser","timestamp":"2025-04-13T02:00:39.257Z"}
{"level":"info","message":"ROUTE API CALL => \n http://localhost:6200/api/v1/adminRoutes/getLoanAndUser","timestamp":"2025-04-13T02:00:39.293Z"}
{"level":"info","message":"ROUTE API CALL => \n http://localhost:6200/api/v1/adminRoutes/getLoanAndUser","timestamp":"2025-04-13T02:00:39.296Z"}
{"level":"info","message":"ROUTE API CALL => \n http://localhost:6200/api/v1/adminRoutes/getLoanAndUser","timestamp":"2025-04-13T02:00:39.304Z"}
{"level":"info","message":"ROUTE API CALL => \n http://localhost:6200/api/v1/adminRoutes/getLoanAndUser","timestamp":"2025-04-13T02:00:39.310Z"}
{"level":"info","message":"ROUTE API CALL => \n http://localhost:6200/api/v1/adminRoutes/getLoanAndUser","timestamp":"2025-04-13T02:00:39.315Z"}
{"level":"info","message":"ROUTE API CALL => \n http://localhost:6200/api/v1/adminRoutes/getLoanAndUser","timestamp":"2025-04-13T02:00:39.318Z"}
{"level":"info","message":"Server running --- from server.ts","timestamp":"2025-04-13T02:01:00.898Z"}
{"level":"info","message":"ROUTE API CALL => \n http://localhost:6200/api/v1/adminRoutes/getLoanAndUser","timestamp":"2025-04-13T02:01:01.333Z"}
{"level":"info","message":"ROUTE API CALL => \n http://localhost:6200/api/v1/adminRoutes/getLoanAndUser","timestamp":"2025-04-13T02:01:01.368Z"}
{"level":"info","message":"ROUTE API CALL => \n http://localhost:6200/api/v1/adminRoutes/getLoanAndUser","timestamp":"2025-04-13T02:01:01.386Z"}
{"level":"info","message":"ROUTE API CALL => \n http://localhost:6200/api/v1/adminRoutes/getLoanAndUser","timestamp":"2025-04-13T02:01:01.395Z"}
{"level":"info","message":"ROUTE API CALL => \n http://localhost:6200/api/v1/adminRoutes/getLoanAndUser","timestamp":"2025-04-13T02:01:01.401Z"}
{"level":"info","message":"ROUTE API CALL => \n http://localhost:6200/api/v1/adminRoutes/getLoanAndUser","timestamp":"2025-04-13T02:01:01.407Z"}
{"level":"info","message":"ROUTE API CALL => \n http://localhost:6200/api/v1/adminRoutes/getLoanAndUser","timestamp":"2025-04-13T02:01:01.603Z"}
{"level":"info","message":"ROUTE API CALL => \n http://localhost:6200/api/v1/adminRoutes/getLoanAndUser","timestamp":"2025-04-13T02:01:01.651Z"}
{"level":"info","message":"ROUTE API CALL => \n http://localhost:6200/api/v1/adminRoutes/getLoanAndUser","timestamp":"2025-04-13T02:01:01.659Z"}
{"level":"info","message":"ROUTE API CALL => \n http://localhost:6200/api/v1/adminRoutes/getLoanAndUser","timestamp":"2025-04-13T02:01:01.667Z"}
{"level":"info","message":"ROUTE API CALL => \n http://localhost:6200/api/v1/adminRoutes/getLoanAndUser","timestamp":"2025-04-13T02:01:01.673Z"}
{"level":"info","message":"ROUTE API CALL => \n http://localhost:6200/api/v1/adminRoutes/getLoanAndUser","timestamp":"2025-04-13T02:01:01.677Z"}
{"level":"info","message":"ROUTE API CALL => \n http://localhost:6200/api/v1/adminRoutes/getLoanAndUser","timestamp":"2025-04-13T02:01:01.683Z"}
{"level":"info","message":"Server running --- from server.ts","timestamp":"2025-04-13T02:01:31.741Z"}
{"level":"info","message":"ROUTE API CALL => \n http://localhost:6200/api/v1/adminRoutes/productList","timestamp":"2025-04-13T02:01:33.801Z"}
{"level":"info","message":"ROUTE API CALL => \n http://localhost:6200/api/v1/adminRoutes/getPersonList","timestamp":"2025-04-13T02:01:35.045Z"}
{"level":"info","message":"ROUTE API CALL => \n http://localhost:6200/api/v1/adminRoutes/getLoanAndUser","timestamp":"2025-04-13T02:01:36.121Z"}
{"level":"info","message":"ROUTE API CALL => \n http://localhost:6200/api/v1/adminRoutes/getLoanAndUser","timestamp":"2025-04-13T02:02:00.226Z"}
{"level":"info","message":"ROUTE API CALL => \n http://localhost:6200/api/v1/adminRoutes/productList","timestamp":"2025-04-13T02:02:06.139Z"}
{"level":"info","message":"ROUTE API CALL => \n http://localhost:6200/api/v1/adminRoutes/getLoanAndUser","timestamp":"2025-04-13T02:02:06.981Z"}
{"level":"info","message":"ROUTE API CALL => \n http://localhost:6200/api/v1/adminRoutes/getLoanAndUser","timestamp":"2025-04-13T02:02:38.281Z"}
{"level":"info","message":"ROUTE API CALL => \n http://localhost:6200/api/v1/adminRoutes/getLoanAndUser","timestamp":"2025-04-13T02:03:59.659Z"}
{"level":"info","message":"ROUTE API CALL => \n http://localhost:6200/api/v1/adminRoutes/getLoanAndUser","timestamp":"2025-04-13T02:04:02.216Z"}
{"level":"info","message":"ROUTE API CALL => \n http://localhost:6200/api/v1/adminRoutes/getLoanAndUser","timestamp":"2025-04-13T02:04:09.937Z"}
{"level":"info","message":"ROUTE API CALL => \n http://localhost:6200/api/v1/adminRoutes/productList","timestamp":"2025-04-13T02:04:15.681Z"}
{"level":"info","message":"Server running --- from server.ts","timestamp":"2025-04-13T02:04:21.825Z"}
{"level":"info","message":"ROUTE API CALL => \n http://localhost:6200/api/v1/adminRoutes/getLoanAndUser","timestamp":"2025-04-13T02:04:25.117Z"}
{"level":"info","message":"ROUTE API CALL => \n http://localhost:6200/api/v1/adminRoutes/getLoanAndUser","timestamp":"2025-04-13T02:07:14.778Z"}
{"level":"info","message":"ROUTE API CALL => \n http://localhost:6200/api/v1/adminRoutes/getLoanAndUser","timestamp":"2025-04-13T02:07:29.366Z"}
{"level":"info","message":"ROUTE API CALL => \n http://localhost:6200/api/v1/adminRoutes/getLoanAndUser","timestamp":"2025-04-13T02:07:44.538Z"}
{"level":"info","message":"ROUTE API CALL => \n http://localhost:6200/api/v1/adminRoutes/getLoanAndUser","timestamp":"2025-04-13T02:08:11.325Z"}
{"level":"info","message":"ROUTE API CALL => \n http://localhost:6200/api/v1/adminRoutes/getLoanAndUser","timestamp":"2025-04-13T02:08:31.703Z"}
{"level":"info","message":"ROUTE API CALL => \n http://localhost:6200/api/v1/adminRoutes/getLoanAndUser","timestamp":"2025-04-13T02:08:32.247Z"}
{"level":"info","message":"ROUTE API CALL => \n http://localhost:6200/api/v1/adminRoutes/getLoanAndUser","timestamp":"2025-04-13T02:08:33.306Z"}
{"level":"info","message":"ROUTE API CALL => \n http://localhost:6200/api/v1/adminRoutes/getLoanAndUser","timestamp":"2025-04-13T02:08:34.942Z"}
{"level":"info","message":"ROUTE API CALL => \n http://localhost:6200/api/v1/adminRoutes/getLoanAndUser","timestamp":"2025-04-13T02:08:46.288Z"}
{"level":"info","message":"ROUTE API CALL => \n http://localhost:6200/api/v1/adminRoutes/getLoanAndUser","timestamp":"2025-04-13T02:09:10.699Z"}
{"level":"info","message":"ROUTE API CALL => \n http://localhost:6200/api/v1/adminRoutes/getLoanAndUser","timestamp":"2025-04-13T02:09:14.679Z"}
{"level":"info","message":"ROUTE API CALL => \n http://localhost:6200/api/v1/adminRoutes/getLoanAndUser","timestamp":"2025-04-13T02:09:18.608Z"}
{"level":"info","message":"ROUTE API CALL => \n http://localhost:6200/api/v1/adminRoutes/getLoanAndUser","timestamp":"2025-04-13T02:10:00.627Z"}
{"level":"info","message":"ROUTE API CALL => \n http://localhost:6200/api/v1/adminRoutes/getLoanAndUser","timestamp":"2025-04-13T02:10:05.613Z"}
{"level":"info","message":"Server running --- from server.ts","timestamp":"2025-04-13T02:14:51.004Z"}
{"level":"info","message":"ROUTE API CALL => \n http://localhost:6200/api/v1/adminRoutes/getLoanAndUser","timestamp":"2025-04-13T02:14:51.396Z"}
{"level":"info","message":"ROUTE API CALL => \n http://localhost:6200/api/v1/adminRoutes/getLoanAndUser","timestamp":"2025-04-13T02:14:51.457Z"}
{"level":"info","message":"ROUTE API CALL => \n http://localhost:6200/api/v1/adminRoutes/getLoanAndUser","timestamp":"2025-04-13T02:14:51.472Z"}
{"level":"info","message":"ROUTE API CALL => \n http://localhost:6200/api/v1/adminRoutes/getLoanAndUser","timestamp":"2025-04-13T02:14:51.488Z"}
{"level":"info","message":"ROUTE API CALL => \n http://localhost:6200/api/v1/adminRoutes/getLoanAndUser","timestamp":"2025-04-13T02:14:51.504Z"}
{"level":"info","message":"ROUTE API CALL => \n http://localhost:6200/api/v1/adminRoutes/getLoanAndUser","timestamp":"2025-04-13T02:14:51.513Z"}
{"level":"info","message":"ROUTE API CALL => \n http://localhost:6200/api/v1/adminRoutes/getLoanAndUser","timestamp":"2025-04-13T02:14:51.697Z"}
{"level":"info","message":"ROUTE API CALL => \n http://localhost:6200/api/v1/adminRoutes/getLoanAndUser","timestamp":"2025-04-13T02:14:51.704Z"}
{"level":"info","message":"ROUTE API CALL => \n http://localhost:6200/api/v1/adminRoutes/getLoanAndUser","timestamp":"2025-04-13T02:14:51.712Z"}
{"level":"info","message":"ROUTE API CALL => \n http://localhost:6200/api/v1/adminRoutes/getLoanAndUser","timestamp":"2025-04-13T02:14:51.717Z"}
{"level":"info","message":"ROUTE API CALL => \n http://localhost:6200/api/v1/adminRoutes/getLoanAndUser","timestamp":"2025-04-13T02:14:51.754Z"}
{"level":"info","message":"ROUTE API CALL => \n http://localhost:6200/api/v1/adminRoutes/getLoanAndUser","timestamp":"2025-04-13T02:14:51.769Z"}
{"level":"info","message":"ROUTE API CALL => \n http://localhost:6200/api/v1/adminRoutes/getLoanAndUser","timestamp":"2025-04-13T02:14:51.845Z"}
{"level":"info","message":"Server running --- from server.ts","timestamp":"2025-04-13T02:15:06.211Z"}
{"level":"info","message":"ROUTE API CALL => \n http://localhost:6200/api/v1/adminRoutes/getLoanAndUser","timestamp":"2025-04-13T02:15:06.448Z"}
{"level":"info","message":"ROUTE API CALL => \n http://localhost:6200/api/v1/adminRoutes/getLoanAndUser","timestamp":"2025-04-13T02:15:06.464Z"}
{"level":"info","message":"ROUTE API CALL => \n http://localhost:6200/api/v1/adminRoutes/getLoanAndUser","timestamp":"2025-04-13T02:15:06.468Z"}
{"level":"info","message":"ROUTE API CALL => \n http://localhost:6200/api/v1/adminRoutes/getLoanAndUser","timestamp":"2025-04-13T02:15:06.473Z"}
{"level":"info","message":"ROUTE API CALL => \n http://localhost:6200/api/v1/adminRoutes/getLoanAndUser","timestamp":"2025-04-13T02:15:06.478Z"}
{"level":"info","message":"ROUTE API CALL => \n http://localhost:6200/api/v1/adminRoutes/getLoanAndUser","timestamp":"2025-04-13T02:15:06.482Z"}
{"level":"info","message":"ROUTE API CALL => \n http://localhost:6200/api/v1/adminRoutes/getLoanAndUser","timestamp":"2025-04-13T02:15:06.677Z"}
{"level":"info","message":"ROUTE API CALL => \n http://localhost:6200/api/v1/adminRoutes/getLoanAndUser","timestamp":"2025-04-13T02:15:06.682Z"}
{"level":"info","message":"ROUTE API CALL => \n http://localhost:6200/api/v1/adminRoutes/getPersonList","timestamp":"2025-04-13T02:15:06.693Z"}
{"level":"info","message":"ROUTE API CALL => \n http://localhost:6200/api/v1/adminRoutes/getLoanAndUser","timestamp":"2025-04-13T02:15:06.700Z"}
{"level":"info","message":"ROUTE API CALL => \n http://localhost:6200/api/v1/adminRoutes/adminLogin","timestamp":"2025-04-13T02:15:21.562Z"}
{"level":"info","message":"Server running --- from server.ts","timestamp":"2025-04-13T02:15:29.358Z"}
{"level":"info","message":"ROUTE API CALL => \n http://localhost:6200/api/v1/adminRoutes/adminLogin","timestamp":"2025-04-13T02:15:35.013Z"}
{"level":"info","message":"ROUTE API CALL => \n http://localhost:6200/api/v1/adminRoutes/getPersonList","timestamp":"2025-04-13T02:15:35.784Z"}
{"level":"info","message":"ROUTE API CALL => \n http://localhost:6200/api/v1/adminRoutes/getLoanAndUser","timestamp":"2025-04-13T02:15:38.121Z"}
{"level":"info","message":"ROUTE API CALL => \n http://localhost:6200/api/v1/adminRoutes/getLoanAndUser","timestamp":"2025-04-13T02:16:32.229Z"}
{"level":"info","message":"ROUTE API CALL => \n http://localhost:6200/api/v1/adminRoutes/getLoanAndUser","timestamp":"2025-04-13T02:37:52.622Z"}
{"level":"info","message":"Server running --- from server.ts","timestamp":"2025-04-13T02:37:59.719Z"}
{"level":"info","message":"ROUTE API CALL => \n http://localhost:6200/api/v1/adminRoutes/getLoanAndUser","timestamp":"2025-04-13T02:38:14.647Z"}
{"level":"info","message":"ROUTE API CALL => \n http://localhost:6200/api/v1/adminRoutes/getLoanAndUser","timestamp":"2025-04-13T02:38:38.278Z"}
{"level":"info","message":"ROUTE API CALL => \n http://localhost:6200/api/v1/adminRoutes/getLoanAndUser","timestamp":"2025-04-13T02:39:05.676Z"}
{"level":"info","message":"ROUTE API CALL => \n http://localhost:6200/api/v1/adminRoutes/getLoanAndUser","timestamp":"2025-04-13T02:39:23.343Z"}
{"level":"info","message":"ROUTE API CALL => \n http://localhost:6200/api/v1/adminRoutes/getLoanAndUser","timestamp":"2025-04-13T02:39:37.643Z"}
{"level":"info","message":"ROUTE API CALL => \n http://localhost:6200/api/v1/adminRoutes/getLoanAndUser","timestamp":"2025-04-13T02:39:39.295Z"}
{"level":"info","message":"ROUTE API CALL => \n http://localhost:6200/api/v1/adminRoutes/getLoanAndUser","timestamp":"2025-04-13T02:40:05.307Z"}
{"level":"info","message":"ROUTE API CALL => \n http://localhost:6200/api/v1/adminRoutes/getLoanAndUser","timestamp":"2025-04-13T02:40:15.586Z"}
{"level":"info","message":"ROUTE API CALL => \n http://localhost:6200/api/v1/adminRoutes/getLoanAndUser","timestamp":"2025-04-13T02:40:19.299Z"}
{"level":"info","message":"ROUTE API CALL => \n http://localhost:6200/api/v1/adminRoutes/getLoanAndUser","timestamp":"2025-04-13T02:40:26.316Z"}
{"level":"info","message":"ROUTE API CALL => \n http://localhost:6200/api/v1/adminRoutes/getLoanAndUser","timestamp":"2025-04-13T02:40:49.598Z"}
{"level":"info","message":"ROUTE API CALL => \n http://localhost:6200/api/v1/adminRoutes/getLoanAndUser","timestamp":"2025-04-13T02:40:50.609Z"}
{"level":"info","message":"ROUTE API CALL => \n http://localhost:6200/api/v1/adminRoutes/getLoanAndUser","timestamp":"2025-04-13T02:40:54.651Z"}
{"level":"info","message":"ROUTE API CALL => \n http://localhost:6200/api/v1/adminRoutes/getLoanAndUser","timestamp":"2025-04-13T02:40:59.715Z"}
{"level":"info","message":"ROUTE API CALL => \n http://localhost:6200/api/v1/adminRoutes/getLoanAndUser","timestamp":"2025-04-13T02:41:01.658Z"}
{"level":"info","message":"Server running --- from server.ts","timestamp":"2025-04-13T02:44:26.066Z"}
{"level":"info","message":"ROUTE API CALL => \n http://localhost:6200/api/v1/adminRoutes/getLoanAndUser","timestamp":"2025-04-13T02:44:26.091Z"}
{"level":"info","message":"ROUTE API CALL => \n http://localhost:6200/api/v1/adminRoutes/getLoanAndUser","timestamp":"2025-04-13T02:44:26.105Z"}
{"level":"info","message":"ROUTE API CALL => \n http://localhost:6200/api/v1/adminRoutes/getLoanAndUser","timestamp":"2025-04-13T02:44:26.114Z"}
{"level":"info","message":"ROUTE API CALL => \n http://localhost:6200/api/v1/adminRoutes/getLoanAndUser","timestamp":"2025-04-13T02:44:26.121Z"}
{"level":"info","message":"ROUTE API CALL => \n http://localhost:6200/api/v1/adminRoutes/getLoanAndUser","timestamp":"2025-04-13T02:44:26.128Z"}
{"level":"info","message":"ROUTE API CALL => \n http://localhost:6200/api/v1/adminRoutes/getLoanAndUser","timestamp":"2025-04-13T02:44:26.134Z"}
{"level":"info","message":"ROUTE API CALL => \n http://localhost:6200/api/v1/adminRoutes/getLoanAndUser","timestamp":"2025-04-13T02:44:26.276Z"}
{"level":"info","message":"ROUTE API CALL => \n http://localhost:6200/api/v1/adminRoutes/getLoanAndUser","timestamp":"2025-04-13T02:44:26.286Z"}
{"level":"info","message":"ROUTE API CALL => \n http://localhost:6200/api/v1/adminRoutes/getLoanAndUser","timestamp":"2025-04-13T02:44:26.292Z"}
{"level":"info","message":"ROUTE API CALL => \n http://localhost:6200/api/v1/adminRoutes/getLoanAndUser","timestamp":"2025-04-13T02:44:26.301Z"}
{"level":"info","message":"ROUTE API CALL => \n http://localhost:6200/api/v1/adminRoutes/productList","timestamp":"2025-04-13T02:44:26.320Z"}
{"level":"info","message":"ROUTE API CALL => \n http://localhost:6200/api/v1/adminRoutes/getLoanAndUser","timestamp":"2025-04-13T02:44:26.371Z"}
{"level":"info","message":"ROUTE API CALL => \n http://localhost:6200/api/v1/adminRoutes/getLoanAndUser","timestamp":"2025-04-13T02:44:29.220Z"}
{"level":"info","message":"ROUTE API CALL => \n http://localhost:6200/api/v1/adminRoutes/getPersonList","timestamp":"2025-04-13T02:44:32.378Z"}
{"level":"info","message":"Server running --- from server.ts","timestamp":"2025-04-13T02:44:38.074Z"}
{"level":"info","message":"ROUTE API CALL => \n http://localhost:6200/api/v1/adminRoutes/getLoanAndUser","timestamp":"2025-04-13T02:44:38.477Z"}
{"level":"info","message":"ROUTE API CALL => \n http://localhost:6200/api/v1/adminRoutes/getLoanAndUser","timestamp":"2025-04-13T02:44:38.512Z"}
{"level":"info","message":"ROUTE API CALL => \n http://localhost:6200/api/v1/adminRoutes/getPersonList","timestamp":"2025-04-13T02:44:41.297Z"}
{"level":"info","message":"ROUTE API CALL => \n http://localhost:6200/api/v1/adminRoutes/getLoanAndUser","timestamp":"2025-04-13T02:44:43.382Z"}
{"level":"info","message":"ROUTE API CALL => \n http://localhost:6200/api/v1/adminRoutes/getLoanAndUser","timestamp":"2025-04-13T02:45:02.592Z"}
{"level":"info","message":"ROUTE API CALL => \n http://localhost:6200/api/v1/adminRoutes/getLoanAndUser","timestamp":"2025-04-13T02:45:11.353Z"}
{"level":"info","message":"ROUTE API CALL => \n http://localhost:6200/api/v1/adminRoutes/getLoanAndUser","timestamp":"2025-04-13T02:45:13.292Z"}
{"level":"info","message":"ROUTE API CALL => \n http://localhost:6200/api/v1/adminRoutes/getLoanAndUser","timestamp":"2025-04-13T02:45:18.350Z"}
{"level":"info","message":"ROUTE API CALL => \n http://localhost:6200/api/v1/adminRoutes/getLoanAndUser","timestamp":"2025-04-13T02:45:19.367Z"}
{"level":"info","message":"ROUTE API CALL => \n http://localhost:6200/api/v1/adminRoutes/getLoanAndUser","timestamp":"2025-04-13T02:45:29.236Z"}
{"level":"info","message":"ROUTE API CALL => \n http://localhost:6200/api/v1/adminRoutes/getLoanAndUser","timestamp":"2025-04-13T02:46:00.303Z"}
{"level":"info","message":"ROUTE API CALL => \n http://localhost:6200/api/v1/adminRoutes/getLoanAndUser","timestamp":"2025-04-13T02:46:03.623Z"}
{"level":"info","message":"ROUTE API CALL => \n http://localhost:6200/api/v1/adminRoutes/getLoanAndUser","timestamp":"2025-04-13T02:46:04.606Z"}
{"level":"info","message":"ROUTE API CALL => \n http://localhost:6200/api/v1/adminRoutes/getLoanAndUser","timestamp":"2025-04-13T02:46:15.653Z"}
{"level":"info","message":"ROUTE API CALL => \n http://localhost:6200/api/v1/adminRoutes/getLoanAndUser","timestamp":"2025-04-13T02:46:19.529Z"}
{"level":"info","message":"Server running --- from server.ts","timestamp":"2025-04-13T02:46:33.686Z"}
{"level":"info","message":"ROUTE API CALL => \n http://localhost:6200/api/v1/adminRoutes/getLoanAndUser","timestamp":"2025-04-13T02:46:33.921Z"}
{"level":"info","message":"ROUTE API CALL => \n http://localhost:6200/api/v1/adminRoutes/getLoanAndUser","timestamp":"2025-04-13T02:46:36.728Z"}
{"level":"info","message":"ROUTE API CALL => \n http://localhost:6200/api/v1/adminRoutes/getLoanAndUser","timestamp":"2025-04-13T02:48:59.573Z"}
{"level":"info","message":"ROUTE API CALL => \n http://localhost:6200/api/v1/adminRoutes/getLoanAndUser","timestamp":"2025-04-13T02:49:02.295Z"}
{"level":"info","message":"ROUTE API CALL => \n http://localhost:6200/api/v1/adminRoutes/getLoanAndUser","timestamp":"2025-04-13T02:49:15.275Z"}
{"level":"info","message":"ROUTE API CALL => \n http://localhost:6200/api/v1/adminRoutes/getLoanAndUser","timestamp":"2025-04-13T02:49:21.634Z"}
{"level":"info","message":"ROUTE API CALL => \n http://localhost:6200/api/v1/adminRoutes/getLoanAndUser","timestamp":"2025-04-13T02:49:23.296Z"}
{"level":"info","message":"ROUTE API CALL => \n http://localhost:6200/api/v1/adminRoutes/getLoanAndUser","timestamp":"2025-04-13T02:49:37.294Z"}
{"level":"info","message":"ROUTE API CALL => \n http://localhost:6200/api/v1/adminRoutes/getLoanAndUser","timestamp":"2025-04-13T02:49:47.655Z"}
{"level":"info","message":"ROUTE API CALL => \n http://localhost:6200/api/v1/adminRoutes/getLoanAndUser","timestamp":"2025-04-13T02:49:49.297Z"}
{"level":"info","message":"ROUTE API CALL => \n http://localhost:6200/api/v1/adminRoutes/getLoanAndUser","timestamp":"2025-04-13T02:50:17.342Z"}
{"level":"info","message":"ROUTE API CALL => \n http://localhost:6200/api/v1/adminRoutes/getLoanAndUser","timestamp":"2025-04-13T02:50:24.592Z"}
{"level":"info","message":"ROUTE API CALL => \n http://localhost:6200/api/v1/adminRoutes/getLoanAndUser","timestamp":"2025-04-13T02:50:25.619Z"}
{"level":"info","message":"ROUTE API CALL => \n http://localhost:6200/api/v1/adminRoutes/getLoanAndUser","timestamp":"2025-04-13T02:50:29.705Z"}
{"level":"info","message":"ROUTE API CALL => \n http://localhost:6200/api/v1/adminRoutes/getLoanAndUser","timestamp":"2025-04-13T02:50:30.628Z"}
{"level":"info","message":"ROUTE API CALL => \n http://localhost:6200/api/v1/adminRoutes/getLoanAndUser","timestamp":"2025-04-13T05:23:03.240Z"}
{"level":"info","message":"Server running --- from server.ts","timestamp":"2025-04-13T05:32:19.840Z"}
{"level":"info","message":"ROUTE API CALL => \n http://localhost:6200/api/v1/adminRoutes/getLoanAndUser","timestamp":"2025-04-13T05:32:24.311Z"}
{"level":"info","message":"ROUTE API CALL => \n http://localhost:6200/api/v1/adminRoutes/getLoanAndUser","timestamp":"2025-04-13T06:45:15.356Z"}
{"level":"info","message":"ROUTE API CALL => \n http://localhost:6200/api/v1/adminRoutes/getLoanAndUser","timestamp":"2025-04-13T13:17:58.291Z"}
{"level":"info","message":"Server running --- from server.ts","timestamp":"2025-04-13T13:18:03.318Z"}
