{"level":"info","message":"Server running --- from server.ts","timestamp":"2025-06-09T05:19:50.370Z"}
{"level":"info","message":"Server running --- from server.ts","timestamp":"2025-06-09T05:20:12.493Z"}
{"level":"info","message":"Server running --- from server.ts","timestamp":"2025-06-09T05:26:32.301Z"}
{"level":"info","message":"Server running --- from server.ts","timestamp":"2025-06-09T05:26:41.937Z"}
{"level":"info","message":"Server running --- from server.ts","timestamp":"2025-06-09T05:27:09.903Z"}
{"level":"info","message":"Server running --- from server.ts","timestamp":"2025-06-09T05:27:30.257Z"}
{"level":"info","message":"Server running --- from server.ts","timestamp":"2025-06-09T05:27:38.356Z"}
{"level":"info","message":"Server running --- from server.ts","timestamp":"2025-06-09T05:27:47.303Z"}
{"level":"info","message":"Server running --- from server.ts","timestamp":"2025-06-09T05:27:53.612Z"}
{"level":"info","message":"Server running --- from server.ts","timestamp":"2025-06-09T05:28:02.283Z"}
{"level":"info","message":"Server running --- from server.ts","timestamp":"2025-06-09T05:28:09.119Z"}
{"level":"info","message":"Server running --- from server.ts","timestamp":"2025-06-09T05:28:15.572Z"}
{"level":"info","message":"Server running --- from server.ts","timestamp":"2025-06-09T05:28:44.708Z"}
{"level":"info","message":"Server running --- from server.ts","timestamp":"2025-06-09T05:29:05.547Z"}
{"level":"info","message":"Server running --- from server.ts","timestamp":"2025-06-09T05:29:12.493Z"}
{"level":"info","message":"Server running --- from server.ts","timestamp":"2025-06-09T05:29:19.799Z"}
{"level":"info","message":"Server running --- from server.ts","timestamp":"2025-06-09T05:30:27.899Z"}
{"level":"info","message":"Server running --- from server.ts","timestamp":"2025-06-09T05:30:39.310Z"}
{"level":"info","message":"Server running --- from server.ts","timestamp":"2025-06-09T05:30:43.822Z"}
{"level":"info","message":"Server running --- from server.ts","timestamp":"2025-06-09T05:31:05.564Z"}
{"level":"info","message":"Server running --- from server.ts","timestamp":"2025-06-09T05:31:15.943Z"}
{"level":"info","message":"Server running --- from server.ts","timestamp":"2025-06-09T05:31:22.596Z"}
{"level":"info","message":"Server running --- from server.ts","timestamp":"2025-06-09T05:31:29.757Z"}
{"level":"info","message":"Server running --- from server.ts","timestamp":"2025-06-09T05:31:39.953Z"}
{"level":"info","message":"Server running --- from server.ts","timestamp":"2025-06-09T05:31:44.778Z"}
{"level":"info","message":"Server running --- from server.ts","timestamp":"2025-06-09T05:31:59.824Z"}
{"level":"info","message":"Server running --- from server.ts","timestamp":"2025-06-09T05:32:13.400Z"}
{"level":"info","message":"Server running --- from server.ts","timestamp":"2025-06-09T05:32:25.200Z"}
{"level":"info","message":"Server running --- from server.ts","timestamp":"2025-06-09T07:19:07.108Z"}
{"level":"info","message":"Server running --- from server.ts","timestamp":"2025-06-09T11:09:39.716Z"}
{"level":"info","message":"Server running --- from server.ts","timestamp":"2025-06-09T11:10:00.683Z"}
{"level":"info","message":"Server running --- from server.ts","timestamp":"2025-06-09T11:10:06.874Z"}
{"level":"info","message":"Server running --- from server.ts","timestamp":"2025-06-09T11:10:16.457Z"}
{"level":"info","message":"Server running --- from server.ts","timestamp":"2025-06-09T11:16:49.697Z"}
{"level":"info","message":"Server running --- from server.ts","timestamp":"2025-06-09T11:17:27.985Z"}
{"level":"info","message":"Server running --- from server.ts","timestamp":"2025-06-09T11:17:48.006Z"}
{"level":"info","message":"Server running --- from server.ts","timestamp":"2025-06-09T11:17:55.092Z"}
{"level":"info","message":"Server running --- from server.ts","timestamp":"2025-06-09T11:18:11.904Z"}
{"level":"info","message":"Server running --- from server.ts","timestamp":"2025-06-09T11:19:01.849Z"}
{"level":"info","message":"Server running --- from server.ts","timestamp":"2025-06-09T11:19:09.020Z"}
{"level":"info","message":"Server running --- from server.ts","timestamp":"2025-06-09T11:19:53.569Z"}
{"level":"info","message":"Server running --- from server.ts","timestamp":"2025-06-09T11:20:09.596Z"}
{"level":"info","message":"Server running --- from server.ts","timestamp":"2025-06-09T11:20:22.547Z"}
{"level":"info","message":"Server running --- from server.ts","timestamp":"2025-06-09T11:20:44.268Z"}
{"level":"info","message":"Server running --- from server.ts","timestamp":"2025-06-09T11:21:17.427Z"}
{"level":"info","message":"Server running --- from server.ts","timestamp":"2025-06-09T11:21:51.573Z"}
{"level":"info","message":"Server running --- from server.ts","timestamp":"2025-06-09T11:22:07.491Z"}
{"level":"info","message":"Server running --- from server.ts","timestamp":"2025-06-09T11:22:26.781Z"}
{"level":"info","message":"ROUTE API CALL => \n http://localhost:6201/api/v1/cashFlow/getCashFlow","timestamp":"2025-06-09T11:24:13.008Z"}
{"level":"info","message":"ROUTE API CALL => \n http://localhost:6201/api/v1/adminRoutes/getBankFundList","timestamp":"2025-06-09T11:24:13.043Z"}
{"level":"info","message":"ROUTE API CALL => \n http://localhost:6201/api/v1/area/addArea","timestamp":"2025-06-09T11:24:41.452Z"}
{"code":"42P01","file":"parse_relation.c","length":113,"level":"error","line":"1428","message":"Error in Adding new Area \n\n relation \"public.refArea\" does not exist","name":"error","position":"33","routine":"parserOpenTable","severity":"ERROR","stack":"error: relation \"public.refArea\" does not exist\n    at C:\\Users\\VIJAY L\\Desktop\\Finance\\ZAdPro_MicroFin_Service\\node_modules\\pg\\lib\\client.js:535:17\n    at processTicksAndRejections (node:internal/process/task_queues:95:5)","timestamp":"2025-06-09T11:24:41.545Z"}
{"level":"info","message":"Server running --- from server.ts","timestamp":"2025-06-09T11:25:37.438Z"}
{"level":"info","message":"Server running --- from server.ts","timestamp":"2025-06-09T11:26:33.607Z"}
{"level":"info","message":"ROUTE API CALL => \n http://localhost:6201/api/v1/area/addArea","timestamp":"2025-06-09T11:26:45.875Z"}
{"level":"info","message":"ROUTE API CALL => \n http://localhost:6201/api/v1/area/addArea","timestamp":"2025-06-09T11:29:54.538Z"}
{"level":"info","message":"ROUTE API CALL => \n http://localhost:6201/api/v1/cashFlow/getCashFlow","timestamp":"2025-06-09T11:30:18.668Z"}
{"level":"info","message":"ROUTE API CALL => \n http://localhost:6201/api/v1/adminRoutes/getBankFundList","timestamp":"2025-06-09T11:30:18.700Z"}
{"level":"info","message":"ROUTE API CALL => \n http://localhost:6201/api/v1/area/addArea","timestamp":"2025-06-09T11:30:59.187Z"}
{"level":"info","message":"ROUTE API CALL => \n http://localhost:6201/api/v1/area/addArea","timestamp":"2025-06-09T11:31:52.605Z"}
{"level":"info","message":"ROUTE API CALL => \n http://localhost:6201/api/v1/area/addArea","timestamp":"2025-06-09T11:33:06.815Z"}
{"level":"info","message":"ROUTE API CALL => \n http://localhost:6201/api/v1/area/addArea","timestamp":"2025-06-09T11:43:35.326Z"}
{"level":"error","message":"Server not running ---  New route /api/v1/area/addArea conflicts with existing /api/v1/area/addArea","name":"AssertError","stack":"AssertError: New route /api/v1/area/addArea conflicts with existing /api/v1/area/addArea\n    at module.exports.internals.Segment.internals.Segment.add (C:\\Users\\VIJAY L\\Desktop\\Finance\\ZAdPro_MicroFin_Service\\node_modules\\@hapi\\call\\lib\\segment.js:47:14)\n    at exports.Router.internals.Router.internals.Router.add (C:\\Users\\VIJAY L\\Desktop\\Finance\\ZAdPro_MicroFin_Service\\node_modules\\@hapi\\call\\lib\\index.js:65:16)\n    at internals.Server._addRoute (C:\\Users\\VIJAY L\\Desktop\\Finance\\ZAdPro_MicroFin_Service\\node_modules\\@hapi\\hapi\\lib\\server.js:529:46)\n    at internals.Server.route (C:\\Users\\VIJAY L\\Desktop\\Finance\\ZAdPro_MicroFin_Service\\node_modules\\@hapi\\hapi\\lib\\server.js:518:22)\n    at C:\\Users\\VIJAY L\\Desktop\\Finance\\ZAdPro_MicroFin_Service\\src\\api\\Area\\routes.ts:10:14\n    at new Promise (<anonymous>)\n    at AreaRoutes.<anonymous> (C:\\Users\\VIJAY L\\Desktop\\Finance\\ZAdPro_MicroFin_Service\\src\\api\\Area\\routes.ts:8:12)\n    at Generator.next (<anonymous>)\n    at C:\\Users\\VIJAY L\\Desktop\\Finance\\ZAdPro_MicroFin_Service\\src\\api\\Area\\routes.ts:8:71\n    at new Promise (<anonymous>)","timestamp":"2025-06-09T11:47:23.323Z"}
{"level":"info","message":"Server running --- from server.ts","timestamp":"2025-06-09T11:47:29.971Z"}
{"level":"info","message":"Server running --- from server.ts","timestamp":"2025-06-09T11:47:34.033Z"}
{"level":"info","message":"Server running --- from server.ts","timestamp":"2025-06-09T11:48:04.108Z"}
{"level":"info","message":"Server running --- from server.ts","timestamp":"2025-06-09T11:48:12.559Z"}
{"level":"info","message":"Server running --- from server.ts","timestamp":"2025-06-09T11:48:23.848Z"}
{"level":"info","message":"Server running --- from server.ts","timestamp":"2025-06-09T11:48:53.701Z"}
{"level":"info","message":"Server running --- from server.ts","timestamp":"2025-06-09T11:49:12.362Z"}
{"level":"info","message":"Server running --- from server.ts","timestamp":"2025-06-09T11:49:42.503Z"}
{"level":"info","message":"Server running --- from server.ts","timestamp":"2025-06-09T11:50:29.203Z"}
{"level":"info","message":"Server running --- from server.ts","timestamp":"2025-06-09T11:50:36.601Z"}
{"level":"info","message":"Server running --- from server.ts","timestamp":"2025-06-09T11:50:45.907Z"}
{"level":"info","message":"Server running --- from server.ts","timestamp":"2025-06-09T11:51:00.833Z"}
{"level":"info","message":"Server running --- from server.ts","timestamp":"2025-06-09T11:51:44.015Z"}
{"level":"info","message":"Server running --- from server.ts","timestamp":"2025-06-09T11:52:23.320Z"}
{"level":"info","message":"Server running --- from server.ts","timestamp":"2025-06-09T11:52:29.738Z"}
{"level":"info","message":"Server running --- from server.ts","timestamp":"2025-06-09T11:52:38.539Z"}
{"level":"info","message":"Server running --- from server.ts","timestamp":"2025-06-09T11:53:13.909Z"}
{"level":"info","message":"ROUTE API CALL => \n http://localhost:6201/api/v1/cashFlow/getCashFlow","timestamp":"2025-06-09T11:57:24.290Z"}
{"level":"info","message":"ROUTE API CALL => \n http://localhost:6201/api/v1/adminRoutes/getBankFundList","timestamp":"2025-06-09T11:57:24.351Z"}
{"level":"info","message":"ROUTE API CALL => \n http://localhost:6201/api/v1/area/checkPinCode","timestamp":"2025-06-09T12:01:39.868Z"}
{"level":"info","message":"ROUTE API CALL => \n http://localhost:6201/api/v1/area/checkPinCode","timestamp":"2025-06-09T12:02:08.072Z"}
{"level":"info","message":"ROUTE API CALL => \n http://localhost:6201/api/v1/area/checkPinCode","timestamp":"2025-06-09T12:02:14.211Z"}
{"level":"info","message":"Server running --- from server.ts","timestamp":"2025-06-09T12:03:02.974Z"}
{"level":"info","message":"ROUTE API CALL => \n http://localhost:6201/api/v1/area/checkPinCode","timestamp":"2025-06-09T12:03:16.804Z"}
{"level":"info","message":"ROUTE API CALL => \n http://localhost:6201/api/v1/area/checkPinCode","timestamp":"2025-06-09T12:03:40.156Z"}
{"level":"info","message":"ROUTE API CALL => \n http://localhost:6201/api/v1/area/checkPinCode","timestamp":"2025-06-09T12:03:53.031Z"}
{"level":"info","message":"ROUTE API CALL => \n http://localhost:6201/api/v1/area/checkPinCode","timestamp":"2025-06-09T12:04:08.622Z"}
{"level":"info","message":"ROUTE API CALL => \n http://localhost:6201/api/v1/area/checkPinCode","timestamp":"2025-06-09T12:04:11.578Z"}
{"level":"info","message":"ROUTE API CALL => \n http://localhost:6201/api/v1/area/checkPinCode","timestamp":"2025-06-09T12:06:44.947Z"}
{"level":"info","message":"ROUTE API CALL => \n http://localhost:6201/api/v1/area/checkPinCode","timestamp":"2025-06-09T12:08:33.774Z"}
{"level":"info","message":"ROUTE API CALL => \n http://localhost:6201/api/v1/area/checkPinCode","timestamp":"2025-06-09T12:10:18.084Z"}
{"level":"info","message":"ROUTE API CALL => \n http://localhost:6201/api/v1/area/checkPinCode","timestamp":"2025-06-09T12:11:32.781Z"}
{"level":"info","message":"ROUTE API CALL => \n http://localhost:6201/api/v1/area/checkPinCode","timestamp":"2025-06-09T12:11:36.274Z"}
{"level":"info","message":"ROUTE API CALL => \n http://localhost:6201/api/v1/area/checkPinCode","timestamp":"2025-06-09T12:11:39.911Z"}
{"level":"info","message":"ROUTE API CALL => \n http://localhost:6201/api/v1/cashFlow/getCashFlow","timestamp":"2025-06-09T12:13:06.339Z"}
{"level":"info","message":"ROUTE API CALL => \n http://localhost:6201/api/v1/adminRoutes/getBankFundList","timestamp":"2025-06-09T12:13:06.365Z"}
