{"level":"info","message":"Server running --- from server.ts","timestamp":"2025-04-10T04:08:55.140Z"}
{"level":"info","message":"Router-----adminLogin","timestamp":"2025-04-10T04:10:05.986Z"}
{"level":"info","message":"Router-----adminLogin","timestamp":"2025-04-10T04:10:51.162Z"}
{"level":"info","message":"Router-----get Customer and Agent","timestamp":"2025-04-10T04:10:51.626Z"}
{"level":"info","message":"Router-----adminLogin","timestamp":"2025-04-10T04:15:47.823Z"}
{"level":"info","message":"Router-----get Customer and Agent","timestamp":"2025-04-10T04:15:48.253Z"}
{"level":"info","message":"Router-----get Customer and Agent","timestamp":"2025-04-10T04:15:51.573Z"}
{"level":"info","message":"Router-----get bank account","timestamp":"2025-04-10T04:15:52.258Z"}
{"level":"info","message":"Router-----view bank fund list","timestamp":"2025-04-10T04:15:52.701Z"}
{"level":"info","message":"Router-----list the product","timestamp":"2025-04-10T04:15:53.037Z"}
{"level":"info","message":"Router-----view loan list 724","timestamp":"2025-04-10T04:15:53.507Z"}
{"level":"info","message":"Router-----list the product","timestamp":"2025-04-10T04:15:54.069Z"}
{"level":"info","message":"Router-----view loan list 724","timestamp":"2025-04-10T04:15:54.530Z"}
{"level":"info","message":"Router-----list the product","timestamp":"2025-04-10T04:15:54.788Z"}
{"level":"info","message":"Router-----view loan list 724","timestamp":"2025-04-10T04:15:55.094Z"}
{"level":"info","message":"Router-----list the product","timestamp":"2025-04-10T04:15:55.381Z"}
{"level":"info","message":"Router-----view bank fund list","timestamp":"2025-04-10T04:15:56.827Z"}
{"level":"info","message":"Router-----get Customer and Agent","timestamp":"2025-04-10T04:15:58.544Z"}
{"level":"info","message":"Router-----adminLogin","timestamp":"2025-04-10T04:26:16.820Z"}
{"level":"info","message":"Router-----adminLogin","timestamp":"2025-04-10T04:26:40.000Z"}
{"level":"info","message":"Router-----adminLogin","timestamp":"2025-04-10T04:26:40.514Z"}
{"level":"info","message":"Router-----adminLogin","timestamp":"2025-04-10T04:26:40.684Z"}
{"level":"info","message":"Router-----adminLogin","timestamp":"2025-04-10T04:26:40.836Z"}
{"level":"info","message":"Router-----adminLogin","timestamp":"2025-04-10T04:26:41.048Z"}
{"level":"info","message":"Router-----adminLogin","timestamp":"2025-04-10T04:44:07.179Z"}
{"level":"info","message":"Router-----adminLogin","timestamp":"2025-04-10T04:44:49.144Z"}
{"level":"info","message":"Router-----adminLogin","timestamp":"2025-04-10T04:50:33.932Z"}
{"level":"info","message":"Router-----adminLogin","timestamp":"2025-04-10T04:50:41.783Z"}
{"level":"info","message":"Router-----adminLogin","timestamp":"2025-04-10T04:50:42.898Z"}
{"level":"info","message":"Router-----adminLogin","timestamp":"2025-04-10T04:50:43.080Z"}
{"level":"info","message":"Router-----adminLogin","timestamp":"2025-04-10T04:50:44.761Z"}
{"level":"info","message":"Router-----adminLogin","timestamp":"2025-04-10T04:50:44.977Z"}
{"level":"info","message":"Server running --- from server.ts","timestamp":"2025-04-10T04:50:49.838Z"}
{"level":"info","message":"Router-----adminLogin","timestamp":"2025-04-10T04:50:55.142Z"}
{"level":"info","message":"Router-----get Customer and Agent","timestamp":"2025-04-10T04:50:55.556Z"}
{"level":"info","message":"Router-----adminLogin","timestamp":"2025-04-10T04:51:02.886Z"}
{"level":"info","message":"Router-----get Customer and Agent","timestamp":"2025-04-10T04:51:04.407Z"}
{"level":"info","message":"Router-----get Customer and Agent","timestamp":"2025-04-10T04:51:06.807Z"}
{"level":"info","message":"Router-----get Customer and Agent","timestamp":"2025-04-10T04:51:09.841Z"}
{"level":"info","message":"Router-----get Customer and Agent","timestamp":"2025-04-10T04:51:10.355Z"}
{"level":"info","message":"Router-----get Customer and Agent","timestamp":"2025-04-10T04:52:46.437Z"}
{"level":"info","message":"Router-----get Customer and Agent","timestamp":"2025-04-10T04:52:48.997Z"}
{"level":"info","message":"Router-----get Customer and Agent","timestamp":"2025-04-10T04:53:01.581Z"}
{"level":"info","message":"Router-----get bank account","timestamp":"2025-04-10T04:53:23.613Z"}
{"level":"info","message":"Router-----view bank fund list","timestamp":"2025-04-10T04:53:30.770Z"}
{"level":"info","message":"Router-----add bank fund","timestamp":"2025-04-10T04:53:32.541Z"}
{"level":"info","message":"Router-----get bank account","timestamp":"2025-04-10T04:53:34.688Z"}
{"level":"info","message":"Server running --- from server.ts","timestamp":"2025-04-10T04:53:41.264Z"}
{"level":"info","message":"Router-----get bank account","timestamp":"2025-04-10T04:53:41.587Z"}
{"level":"info","message":"Router-----get Customer and Agent","timestamp":"2025-04-10T04:53:42.243Z"}
{"level":"info","message":"Router-----get bank account","timestamp":"2025-04-10T04:53:43.808Z"}
{"level":"info","message":"Router-----view bank fund list","timestamp":"2025-04-10T04:53:46.636Z"}
{"level":"info","message":"Router-----list the product","timestamp":"2025-04-10T04:54:05.668Z"}
{"level":"info","message":"Router-----view loan list 724","timestamp":"2025-04-10T04:54:20.170Z"}
{"level":"info","message":"Router-----view loan list 756","timestamp":"2025-04-10T04:54:27.838Z"}
{"level":"info","message":"Router-----view loan list 756","timestamp":"2025-04-10T04:58:16.129Z"}
{"level":"info","message":"Router-----view loan list 756","timestamp":"2025-04-10T04:58:59.483Z"}
{"level":"info","message":"Router-----get Customer and Agent","timestamp":"2025-04-10T05:03:40.410Z"}
{"level":"info","message":"Router-----list the product","timestamp":"2025-04-10T05:03:42.633Z"}
{"level":"info","message":"Router-----view loan list 724","timestamp":"2025-04-10T05:03:43.624Z"}
{"level":"info","message":"Server running --- from server.ts","timestamp":"2025-04-10T05:03:50.756Z"}
{"level":"info","message":"Router-----get Customer and Agent","timestamp":"2025-04-10T05:03:57.076Z"}
{"level":"info","message":"Router-----get Customer and Agent","timestamp":"2025-04-10T05:04:05.261Z"}
{"level":"info","message":"Router-----get Customer and Agent","timestamp":"2025-04-10T05:06:30.241Z"}
{"level":"info","message":"Router-----adminLogin","timestamp":"2025-04-10T05:15:30.316Z"}
{"level":"info","message":"Router-----get Customer and Agent","timestamp":"2025-04-10T05:15:30.878Z"}
{"level":"info","message":"Router-----get Customer and Agent","timestamp":"2025-04-10T05:15:35.646Z"}
{"level":"info","message":"Router-----get bank account","timestamp":"2025-04-10T05:15:36.119Z"}
{"level":"info","message":"Server running --- from server.ts","timestamp":"2025-04-10T11:03:04.426Z"}
{"level":"info","message":"Server running --- from server.ts","timestamp":"2025-04-10T11:04:27.254Z"}
{"level":"info","message":"Server running --- from server.ts","timestamp":"2025-04-10T11:04:32.067Z"}
{"level":"info","message":"Server running --- from server.ts","timestamp":"2025-04-10T11:04:51.566Z"}
{"level":"info","message":"Server running --- from server.ts","timestamp":"2025-04-10T11:05:12.043Z"}
{"level":"error","message":"Server not running ---  New route /api/v1/adminRoutes/addPayment conflicts with existing /api/v1/adminRoutes/addPayment","name":"AssertError","stack":"AssertError: New route /api/v1/adminRoutes/addPayment conflicts with existing /api/v1/adminRoutes/addPayment\n    at module.exports.internals.Segment.internals.Segment.add (C:\\Users\\INDHU\\Desktop\\projects\\zadpro-microfin\\ZAdPro_MicroFin_Service\\node_modules\\@hapi\\call\\lib\\segment.js:47:14)\n    at exports.Router.internals.Router.internals.Router.add (C:\\Users\\INDHU\\Desktop\\projects\\zadpro-microfin\\ZAdPro_MicroFin_Service\\node_modules\\@hapi\\call\\lib\\index.js:65:16)\n    at internals.Server._addRoute (C:\\Users\\INDHU\\Desktop\\projects\\zadpro-microfin\\ZAdPro_MicroFin_Service\\node_modules\\@hapi\\hapi\\lib\\server.js:529:46)\n    at internals.Server.route (C:\\Users\\INDHU\\Desktop\\projects\\zadpro-microfin\\ZAdPro_MicroFin_Service\\node_modules\\@hapi\\hapi\\lib\\server.js:518:22)\n    at C:\\Users\\INDHU\\Desktop\\projects\\zadpro-microfin\\ZAdPro_MicroFin_Service\\src\\api\\admin\\routes.ts:11:14\n    at new Promise (<anonymous>)\n    at adminRoutes.<anonymous> (C:\\Users\\INDHU\\Desktop\\projects\\zadpro-microfin\\ZAdPro_MicroFin_Service\\src\\api\\admin\\routes.ts:9:12)\n    at Generator.next (<anonymous>)\n    at C:\\Users\\INDHU\\Desktop\\projects\\zadpro-microfin\\ZAdPro_MicroFin_Service\\src\\api\\admin\\routes.ts:8:71\n    at new Promise (<anonymous>)","timestamp":"2025-04-10T11:05:25.943Z"}
{"level":"info","message":"Server running --- from server.ts","timestamp":"2025-04-10T11:05:33.041Z"}
{"level":"info","message":"Server running --- from server.ts","timestamp":"2025-04-10T11:06:27.449Z"}
{"level":"info","message":"Server running --- from server.ts","timestamp":"2025-04-10T11:06:33.148Z"}
{"level":"info","message":"Server running --- from server.ts","timestamp":"2025-04-10T11:06:38.283Z"}
{"level":"info","message":"Server running --- from server.ts","timestamp":"2025-04-10T11:07:01.074Z"}
{"level":"info","message":"Server running --- from server.ts","timestamp":"2025-04-10T11:07:20.809Z"}
{"level":"info","message":"Server running --- from server.ts","timestamp":"2025-04-10T11:08:55.045Z"}
{"level":"info","message":"Server running --- from server.ts","timestamp":"2025-04-10T11:09:07.665Z"}
{"level":"info","message":"Server running --- from server.ts","timestamp":"2025-04-10T11:09:50.918Z"}
{"level":"info","message":"Server running --- from server.ts","timestamp":"2025-04-10T11:09:59.142Z"}
{"level":"info","message":"Server running --- from server.ts","timestamp":"2025-04-10T11:10:17.411Z"}
{"level":"info","message":"Server running --- from server.ts","timestamp":"2025-04-10T11:10:58.019Z"}
{"level":"info","message":"Router-----list UnPaid","timestamp":"2025-04-10T11:11:57.173Z"}
{"code":"28P01","file":"auth.c","length":104,"level":"error","line":"324","message":"Error in list UnPaid password authentication failed for user \"postgres\"","name":"error","routine":"auth_failed","severity":"FATAL","stack":"error: password authentication failed for user \"postgres\"\n    at C:\\Users\\INDHU\\Desktop\\projects\\zadpro-microfin\\ZAdPro_MicroFin_Service\\node_modules\\pg-pool\\index.js:45:11\n    at processTicksAndRejections (node:internal/process/task_queues:105:5)","timestamp":"2025-04-10T11:11:57.286Z"}
{"level":"info","message":"Server running --- from server.ts","timestamp":"2025-04-10T11:19:34.061Z"}
{"level":"info","message":"Server running --- from server.ts","timestamp":"2025-04-10T11:19:38.857Z"}
{"level":"info","message":"Router-----list UnPaid","timestamp":"2025-04-10T11:19:52.108Z"}
{"level":"info","message":"Server running --- from server.ts","timestamp":"2025-04-10T11:20:31.301Z"}
{"level":"info","message":"Server running --- from server.ts","timestamp":"2025-04-10T11:20:50.492Z"}
{"level":"info","message":"Server running --- from server.ts","timestamp":"2025-04-10T11:22:01.126Z"}
{"level":"info","message":"Router-----adminLogin","timestamp":"2025-04-10T11:22:28.834Z"}
{"level":"info","message":"Router-----get Customer and Agent","timestamp":"2025-04-10T11:22:30.037Z"}
{"level":"info","message":"Router-----view loan list 724","timestamp":"2025-04-10T11:22:33.199Z"}
{"level":"info","message":"Router-----get bank account","timestamp":"2025-04-10T11:22:34.538Z"}
{"level":"info","message":"Router-----get Customer and Agent","timestamp":"2025-04-10T11:22:35.551Z"}
{"level":"info","message":"Router-----view bank fund list","timestamp":"2025-04-10T11:22:41.702Z"}
{"level":"info","message":"Router-----view loan list 724","timestamp":"2025-04-10T11:22:43.537Z"}
{"level":"info","message":"Router-----view bank fund list","timestamp":"2025-04-10T11:22:44.354Z"}
{"level":"info","message":"Router-----list the product","timestamp":"2025-04-10T11:22:45.272Z"}
{"level":"info","message":"Router-----view bank fund list","timestamp":"2025-04-10T11:22:46.192Z"}
{"level":"info","message":"Router-----view loan list 724","timestamp":"2025-04-10T11:22:46.806Z"}
{"level":"info","message":"Router-----view bank fund list","timestamp":"2025-04-10T11:22:48.863Z"}
{"level":"info","message":"Router-----get bank account","timestamp":"2025-04-10T11:22:50.707Z"}
{"level":"info","message":"Router-----list the product","timestamp":"2025-04-10T11:22:51.732Z"}
{"level":"info","message":"Server running --- from server.ts","timestamp":"2025-04-10T11:23:14.705Z"}
{"level":"info","message":"Router-----view loan list 724","timestamp":"2025-04-10T11:23:15.185Z"}
{"level":"info","message":"Router-----view bank fund list","timestamp":"2025-04-10T11:23:15.374Z"}
{"level":"info","message":"Router-----get bank account","timestamp":"2025-04-10T11:23:15.419Z"}
{"level":"info","message":"Router-----list the product","timestamp":"2025-04-10T11:23:15.472Z"}
{"level":"info","message":"Router-----get Customer and Agent","timestamp":"2025-04-10T11:23:15.518Z"}
{"level":"info","message":"Router-----view bank fund list","timestamp":"2025-04-10T11:23:15.563Z"}
{"level":"info","message":"Router-----view loan list 724","timestamp":"2025-04-10T11:23:15.608Z"}
{"level":"info","message":"Router-----view bank fund list","timestamp":"2025-04-10T11:23:15.650Z"}
{"level":"info","message":"Router-----view bank fund list","timestamp":"2025-04-10T11:23:15.870Z"}
{"level":"info","message":"Router-----adminLogin","timestamp":"2025-04-10T11:23:16.918Z"}
{"level":"info","message":"Router-----get Customer and Agent","timestamp":"2025-04-10T11:23:17.935Z"}
{"level":"info","message":"Router-----adminLogin","timestamp":"2025-04-10T11:28:56.288Z"}
{"level":"info","message":"Server running --- from server.ts","timestamp":"2025-04-10T11:41:16.610Z"}
{"level":"info","message":"Server running --- from server.ts","timestamp":"2025-04-10T11:41:23.470Z"}
{"level":"info","message":"Server running --- from server.ts","timestamp":"2025-04-10T11:41:42.499Z"}
{"level":"info","message":"Server running --- from server.ts","timestamp":"2025-04-10T12:03:04.380Z"}
{"level":"info","message":"Router-----adminLogin","timestamp":"2025-04-10T12:03:20.666Z"}
{"level":"info","message":"Router-----get Customer and Agent","timestamp":"2025-04-10T12:03:21.607Z"}
{"level":"info","message":"Server running --- from server.ts","timestamp":"2025-04-10T12:08:07.961Z"}
{"level":"info","message":"Server running --- from server.ts","timestamp":"2025-04-10T12:09:06.165Z"}
{"level":"info","message":"Server running --- from server.ts","timestamp":"2025-04-10T12:35:45.879Z"}
