{"level":"info","message":"Server running --- from server.ts","timestamp":"2025-06-05T04:20:54.110Z"}
{"level":"info","message":"ROUTE API CALL => \n http://192.168.1.100:6201/api/v1/adminRoutes/adminLogin","timestamp":"2025-06-05T05:55:26.931Z"}
{"level":"info","message":"ROUTE API CALL => \n http://192.168.1.100:6201/api/v1/cashFlow/getCashFlow","timestamp":"2025-06-05T05:55:28.205Z"}
{"level":"info","message":"ROUTE API CALL => \n http://192.168.1.100:6201/api/v1/refDashboard/Count","timestamp":"2025-06-05T05:55:28.218Z"}
{"level":"info","message":"ROUTE API CALL => \n http://192.168.1.100:6201/api/v1/refDashboard/Count","timestamp":"2025-06-05T05:55:28.234Z"}
{"level":"info","message":"ROUTE API CALL => \n http://192.168.1.100:6201/api/v1/cashFlow/getCashFlow","timestamp":"2025-06-05T05:55:32.038Z"}
{"level":"info","message":"ROUTE API CALL => \n http://192.168.1.100:6201/api/v1/adminRoutes/getBankFundList","timestamp":"2025-06-05T05:55:32.049Z"}
{"level":"info","message":"ROUTE API CALL => \n http://192.168.1.100:6201/api/v1/expense/expenseData","timestamp":"2025-06-05T05:55:32.055Z"}
{"level":"info","message":"ROUTE API CALL => \n http://192.168.1.100:6201/api/v1/expense/expenseOption","timestamp":"2025-06-05T05:55:38.922Z"}
{"level":"info","message":"ROUTE API CALL => \n http://192.168.1.100:6201/api/v1/adminRoutes/getBankFundList","timestamp":"2025-06-05T05:55:44.736Z"}
{"level":"info","message":"ROUTE API CALL => \n http://192.168.1.100:6201/api/v1/expense/expenseData","timestamp":"2025-06-05T05:55:44.754Z"}
{"level":"info","message":"ROUTE API CALL => \n http://192.168.1.100:6201/api/v1/expense/expenseData","timestamp":"2025-06-05T05:55:44.774Z"}
{"level":"info","message":"ROUTE API CALL => \n http://192.168.1.100:6201/api/v1/expense/expenseOption","timestamp":"2025-06-05T05:55:54.059Z"}
{"level":"info","message":"ROUTE API CALL => \n http://192.168.1.100:6201/api/v1/expense/expenseData","timestamp":"2025-06-05T05:57:16.294Z"}
{"level":"info","message":"ROUTE API CALL => \n http://192.168.1.100:6201/api/v1/adminRoutes/getBankFundList","timestamp":"2025-06-05T05:57:16.308Z"}
{"level":"info","message":"ROUTE API CALL => \n http://192.168.1.100:6201/api/v1/expense/expenseData","timestamp":"2025-06-05T05:57:16.314Z"}
{"level":"info","message":"ROUTE API CALL => \n http://192.168.1.100:6201/api/v1/adminRoutes/adminLogin","timestamp":"2025-06-05T06:46:28.487Z"}
{"level":"info","message":"ROUTE API CALL => \n http://192.168.1.100:6201/api/v1/cashFlow/getCashFlow","timestamp":"2025-06-05T06:46:29.557Z"}
{"level":"info","message":"ROUTE API CALL => \n http://192.168.1.100:6201/api/v1/refDashboard/Count","timestamp":"2025-06-05T06:46:29.566Z"}
{"level":"info","message":"ROUTE API CALL => \n http://192.168.1.100:6201/api/v1/refDashboard/Count","timestamp":"2025-06-05T06:46:29.598Z"}
{"level":"info","message":"ROUTE API CALL => \n http://192.168.1.100:6201/api/v1/adminRoutes/adminLogin","timestamp":"2025-06-05T08:02:37.198Z"}
{"level":"info","message":"ROUTE API CALL => \n http://192.168.1.100:6201/api/v1/cashFlow/getCashFlow","timestamp":"2025-06-05T08:02:38.016Z"}
{"level":"info","message":"ROUTE API CALL => \n http://192.168.1.100:6201/api/v1/refDashboard/Count","timestamp":"2025-06-05T08:02:38.024Z"}
{"level":"info","message":"ROUTE API CALL => \n http://192.168.1.100:6201/api/v1/refDashboard/Count","timestamp":"2025-06-05T08:02:38.045Z"}
{"level":"info","message":"ROUTE API CALL => \n http://192.168.1.100:6201/api/v1/cashFlow/getCashFlow","timestamp":"2025-06-05T08:02:55.019Z"}
{"level":"info","message":"ROUTE API CALL => \n http://192.168.1.100:6201/api/v1/adminRoutes/getPersonList","timestamp":"2025-06-05T08:02:55.029Z"}
{"level":"info","message":"ROUTE API CALL => \n http://192.168.1.100:6201/api/v1/cashFlow/getCashFlow","timestamp":"2025-06-05T08:02:57.154Z"}
{"level":"info","message":"ROUTE API CALL => \n http://192.168.1.100:6201/api/v1/adminRoutes/getBankAccountList","timestamp":"2025-06-05T08:02:57.162Z"}
{"level":"info","message":"ROUTE API CALL => \n http://192.168.1.100:6201/api/v1/cashFlow/getCashFlow","timestamp":"2025-06-05T08:02:58.205Z"}
{"level":"info","message":"ROUTE API CALL => \n http://192.168.1.100:6201/api/v1/adminRoutes/getBankFundList","timestamp":"2025-06-05T08:02:58.220Z"}
{"level":"info","message":"ROUTE API CALL => \n http://192.168.1.100:6201/api/v1/cashFlow/getCashFlow","timestamp":"2025-06-05T08:03:00.566Z"}
{"level":"info","message":"ROUTE API CALL => \n http://192.168.1.100:6201/api/v1/adminRoutes/getBankFundList","timestamp":"2025-06-05T08:03:00.579Z"}
{"level":"info","message":"ROUTE API CALL => \n http://192.168.1.100:6201/api/v1/expense/expenseData","timestamp":"2025-06-05T08:03:00.584Z"}
{"level":"info","message":"ROUTE API CALL => \n http://192.168.1.100:6201/api/v1/cashFlow/getCashFlow","timestamp":"2025-06-05T08:03:01.955Z"}
{"level":"info","message":"ROUTE API CALL => \n http://192.168.1.100:6201/api/v1/adminRoutes/productList","timestamp":"2025-06-05T08:03:01.966Z"}
{"level":"info","message":"ROUTE API CALL => \n http://192.168.1.100:6201/api/v1/cashFlow/getCashFlow","timestamp":"2025-06-05T08:03:02.954Z"}
{"level":"info","message":"ROUTE API CALL => \n http://192.168.1.100:6201/api/v1/adminRoutes/getAllLoan","timestamp":"2025-06-05T08:03:02.964Z"}
{"level":"info","message":"ROUTE API CALL => \n http://192.168.1.100:6201/api/v1/cashFlow/getCashFlow","timestamp":"2025-06-05T08:03:04.018Z"}
{"level":"info","message":"ROUTE API CALL => \n http://192.168.1.100:6201/api/v1/rePayment/userList","timestamp":"2025-06-05T08:03:04.031Z"}
{"level":"info","message":"ROUTE API CALL => \n http://192.168.1.100:6201/api/v1/cashFlow/getCashFlow","timestamp":"2025-06-05T08:03:04.962Z"}
{"level":"info","message":"ROUTE API CALL => \n http://192.168.1.100:6201/api/v1/adminRoutes/getLoanAndUser","timestamp":"2025-06-05T08:03:04.969Z"}
{"level":"info","message":"ROUTE API CALL => \n http://192.168.1.100:6201/api/v1/AdminRePayment/userList","timestamp":"2025-06-05T08:03:05.063Z"}
{"level":"info","message":"ROUTE API CALL => \n http://192.168.1.100:6201/api/v1/cashFlow/getCashFlow","timestamp":"2025-06-05T08:03:06.761Z"}
{"level":"info","message":"ROUTE API CALL => \n http://192.168.1.100:6201/api/v1/adminRoutes/getBankFundList","timestamp":"2025-06-05T08:03:06.768Z"}
{"level":"info","message":"ROUTE API CALL => \n http://192.168.1.100:6201/api/v1/report/overAllReportOption","timestamp":"2025-06-05T08:04:05.792Z"}
{"level":"info","message":"ROUTE API CALL => \n http://192.168.1.100:6201/api/v1/report/overAllReport","timestamp":"2025-06-05T08:04:06.092Z"}
{"level":"info","message":"ROUTE API CALL => \n http://192.168.1.100:6201/api/v1/cashFlow/getCashFlow","timestamp":"2025-06-05T08:04:09.281Z"}
{"level":"info","message":"ROUTE API CALL => \n http://192.168.1.100:6201/api/v1/adminRoutes/getLoanAndUser","timestamp":"2025-06-05T08:04:09.290Z"}
{"level":"info","message":"ROUTE API CALL => \n http://192.168.1.100:6201/api/v1/AdminRePayment/userList","timestamp":"2025-06-05T08:04:09.576Z"}
{"level":"info","message":"Server running --- from server.ts","timestamp":"2025-06-05T09:25:12.872Z"}
{"level":"info","message":"ROUTE API CALL => \n http://localhost:6201/api/v1/cashFlow/getCashFlow","timestamp":"2025-06-05T09:25:31.037Z"}
{"level":"info","message":"ROUTE API CALL => \n http://localhost:6201/api/v1/rePayment/userList","timestamp":"2025-06-05T09:25:31.063Z"}
{"level":"info","message":"ROUTE API CALL => \n http://localhost:6201/api/v1/cashFlow/getCashFlow","timestamp":"2025-06-05T09:25:37.636Z"}
{"level":"info","message":"ROUTE API CALL => \n http://localhost:6201/api/v1/rePayment/userList","timestamp":"2025-06-05T09:25:37.821Z"}
{"level":"info","message":"ROUTE API CALL => \n http://localhost:6201/api/v1/rePayment/userList","timestamp":"2025-06-05T09:25:42.342Z"}
{"level":"info","message":"ROUTE API CALL => \n http://localhost:6201/api/v1/rePayment/userList","timestamp":"2025-06-05T09:25:47.054Z"}
{"level":"info","message":"ROUTE API CALL => \n http://localhost:6201/api/v1/rePayment/rePaymentCalculation","timestamp":"2025-06-05T09:25:48.830Z"}
{"level":"info","message":"ROUTE API CALL => \n http://localhost:6201/api/v1/adminRoutes/adminLogin","timestamp":"2025-06-05T09:26:48.376Z"}
{"level":"info","message":"ROUTE API CALL => \n http://localhost:6201/api/v1/cashFlow/getCashFlow","timestamp":"2025-06-05T09:26:49.887Z"}
{"level":"info","message":"ROUTE API CALL => \n http://localhost:6201/api/v1/refDashboard/Count","timestamp":"2025-06-05T09:26:49.900Z"}
{"level":"info","message":"ROUTE API CALL => \n http://localhost:6201/api/v1/refDashboard/Count","timestamp":"2025-06-05T09:26:49.926Z"}
{"level":"info","message":"ROUTE API CALL => \n http://localhost:6201/api/v1/cashFlow/getCashFlow","timestamp":"2025-06-05T09:26:52.556Z"}
{"level":"info","message":"ROUTE API CALL => \n http://localhost:6201/api/v1/adminRoutes/getPersonList","timestamp":"2025-06-05T09:26:52.569Z"}
{"level":"info","message":"ROUTE API CALL => \n http://localhost:6201/api/v1/cashFlow/getCashFlow","timestamp":"2025-06-05T09:26:54.240Z"}
{"level":"info","message":"ROUTE API CALL => \n http://localhost:6201/api/v1/refDashboard/Count","timestamp":"2025-06-05T09:26:54.248Z"}
{"level":"info","message":"ROUTE API CALL => \n http://localhost:6201/api/v1/refDashboard/Count","timestamp":"2025-06-05T09:26:54.261Z"}
{"level":"info","message":"ROUTE API CALL => \n http://localhost:6201/api/v1/cashFlow/getCashFlow","timestamp":"2025-06-05T09:26:57.899Z"}
{"level":"info","message":"ROUTE API CALL => \n http://localhost:6201/api/v1/adminRoutes/getBankFundList","timestamp":"2025-06-05T09:26:57.907Z"}
{"level":"info","message":"ROUTE API CALL => \n http://localhost:6201/api/v1/cashFlow/getCashFlow","timestamp":"2025-06-05T09:27:01.183Z"}
{"level":"info","message":"ROUTE API CALL => \n http://localhost:6201/api/v1/adminRoutes/getBankFundList","timestamp":"2025-06-05T09:27:01.194Z"}
{"level":"info","message":"ROUTE API CALL => \n http://localhost:6201/api/v1/cashFlow/getCashFlow","timestamp":"2025-06-05T09:27:02.599Z"}
{"level":"info","message":"ROUTE API CALL => \n http://localhost:6201/api/v1/adminRoutes/getLoanAndUser","timestamp":"2025-06-05T09:27:02.612Z"}
{"level":"info","message":"ROUTE API CALL => \n http://localhost:6201/api/v1/AdminRePayment/userList","timestamp":"2025-06-05T09:27:02.737Z"}
{"level":"info","message":"ROUTE API CALL => \n http://localhost:6201/api/v1/adminLoan/allLoan","timestamp":"2025-06-05T09:27:09.925Z"}
{"level":"info","message":"ROUTE API CALL => \n http://localhost:6201/api/v1/adminLoan/vendor/list","timestamp":"2025-06-05T09:27:10.618Z"}
{"level":"info","message":"ROUTE API CALL => \n http://localhost:6201/api/v1/adminLoan/allLoan","timestamp":"2025-06-05T09:27:14.430Z"}
{"level":"info","message":"ROUTE API CALL => \n http://localhost:6201/api/v1/adminLoan/vendor/list","timestamp":"2025-06-05T09:27:15.577Z"}
{"level":"info","message":"ROUTE API CALL => \n http://localhost:6201/api/v1/adminLoan/allLoan","timestamp":"2025-06-05T09:27:18.509Z"}
{"level":"info","message":"ROUTE API CALL => \n http://localhost:6201/api/v1/AdminRePayment/userList","timestamp":"2025-06-05T09:27:20.109Z"}
{"level":"info","message":"ROUTE API CALL => \n http://localhost:6201/api/v1/AdminRePayment/userList","timestamp":"2025-06-05T09:27:53.613Z"}
{"level":"info","message":"ROUTE API CALL => \n http://localhost:6201/api/v1/AdminRePayment/userList","timestamp":"2025-06-05T09:27:59.935Z"}
{"level":"info","message":"ROUTE API CALL => \n http://localhost:6201/api/v1/AdminRePayment/userList","timestamp":"2025-06-05T09:28:03.669Z"}
{"level":"info","message":"ROUTE API CALL => \n http://localhost:6201/api/v1/AdminRePayment/userList","timestamp":"2025-06-05T09:28:05.667Z"}
{"level":"info","message":"ROUTE API CALL => \n http://localhost:6201/api/v1/AdminRePayment/userList","timestamp":"2025-06-05T09:28:07.638Z"}
{"level":"info","message":"ROUTE API CALL => \n http://localhost:6201/api/v1/AdminRePayment/userList","timestamp":"2025-06-05T09:28:09.530Z"}
{"level":"info","message":"ROUTE API CALL => \n http://localhost:6201/api/v1/AdminRePayment/userList","timestamp":"2025-06-05T09:28:14.657Z"}
{"level":"info","message":"ROUTE API CALL => \n http://localhost:6201/api/v1/AdminRePayment/userList","timestamp":"2025-06-05T09:28:17.610Z"}
{"level":"info","message":"ROUTE API CALL => \n http://localhost:6201/api/v1/AdminRePayment/userList","timestamp":"2025-06-05T09:28:18.621Z"}
{"level":"info","message":"ROUTE API CALL => \n http://localhost:6201/api/v1/AdminRePayment/userList","timestamp":"2025-06-05T09:28:23.371Z"}
{"level":"info","message":"ROUTE API CALL => \n http://localhost:6201/api/v1/cashFlow/getCashFlow","timestamp":"2025-06-05T09:28:52.580Z"}
{"level":"info","message":"ROUTE API CALL => \n http://localhost:6201/api/v1/adminRoutes/getLoanAndUser","timestamp":"2025-06-05T09:28:52.598Z"}
{"level":"info","message":"ROUTE API CALL => \n http://localhost:6201/api/v1/AdminRePayment/userList","timestamp":"2025-06-05T09:28:53.243Z"}
{"level":"info","message":"ROUTE API CALL => \n http://localhost:6201/api/v1/adminRoutes/adminLogin","timestamp":"2025-06-05T09:29:25.753Z"}
{"level":"info","message":"ROUTE API CALL => \n http://localhost:6201/api/v1/cashFlow/getCashFlow","timestamp":"2025-06-05T09:29:26.543Z"}
{"level":"info","message":"ROUTE API CALL => \n http://localhost:6201/api/v1/refDashboard/Count","timestamp":"2025-06-05T09:29:26.553Z"}
{"level":"info","message":"ROUTE API CALL => \n http://localhost:6201/api/v1/refDashboard/Count","timestamp":"2025-06-05T09:29:26.574Z"}
{"level":"info","message":"ROUTE API CALL => \n http://localhost:6201/api/v1/cashFlow/getCashFlow","timestamp":"2025-06-05T09:29:28.601Z"}
{"level":"info","message":"ROUTE API CALL => \n http://localhost:6201/api/v1/expense/expenseData","timestamp":"2025-06-05T09:29:28.609Z"}
{"level":"info","message":"ROUTE API CALL => \n http://localhost:6201/api/v1/adminRoutes/getBankFundList","timestamp":"2025-06-05T09:29:28.614Z"}
{"level":"info","message":"ROUTE API CALL => \n http://localhost:6201/api/v1/cashFlow/getCashFlow","timestamp":"2025-06-05T09:29:29.800Z"}
{"level":"info","message":"ROUTE API CALL => \n http://localhost:6201/api/v1/adminRoutes/getBankFundList","timestamp":"2025-06-05T09:29:29.806Z"}
{"level":"info","message":"ROUTE API CALL => \n http://localhost:6201/api/v1/cashFlow/getCashFlow","timestamp":"2025-06-05T09:29:31.064Z"}
{"level":"info","message":"ROUTE API CALL => \n http://localhost:6201/api/v1/adminRoutes/getLoanAndUser","timestamp":"2025-06-05T09:29:31.071Z"}
{"level":"info","message":"ROUTE API CALL => \n http://localhost:6201/api/v1/AdminRePayment/userList","timestamp":"2025-06-05T09:29:31.211Z"}
{"level":"info","message":"ROUTE API CALL => \n http://localhost:6201/api/v1/adminRoutes/adminLogin","timestamp":"2025-06-05T09:39:23.528Z"}
{"level":"info","message":"ROUTE API CALL => \n http://localhost:6201/api/v1/cashFlow/getCashFlow","timestamp":"2025-06-05T09:39:24.616Z"}
{"level":"info","message":"ROUTE API CALL => \n http://localhost:6201/api/v1/refDashboard/Count","timestamp":"2025-06-05T09:39:24.622Z"}
{"level":"info","message":"ROUTE API CALL => \n http://localhost:6201/api/v1/refDashboard/Count","timestamp":"2025-06-05T09:39:24.653Z"}
{"level":"info","message":"ROUTE API CALL => \n http://localhost:6201/api/v1/cashFlow/getCashFlow","timestamp":"2025-06-05T09:39:26.447Z"}
{"level":"info","message":"ROUTE API CALL => \n http://localhost:6201/api/v1/adminRoutes/getLoanAndUser","timestamp":"2025-06-05T09:39:26.454Z"}
{"level":"info","message":"ROUTE API CALL => \n http://localhost:6201/api/v1/AdminRePayment/userList","timestamp":"2025-06-05T09:39:26.544Z"}
{"level":"info","message":"ROUTE API CALL => \n http://localhost:6201/api/v1/cashFlow/getCashFlow","timestamp":"2025-06-05T09:39:27.630Z"}
{"level":"info","message":"ROUTE API CALL => \n http://localhost:6201/api/v1/adminRoutes/getBankFundList","timestamp":"2025-06-05T09:39:27.636Z"}
{"level":"info","message":"ROUTE API CALL => \n http://localhost:6201/api/v1/cashFlow/getCashFlow","timestamp":"2025-06-05T09:39:54.026Z"}
{"level":"info","message":"ROUTE API CALL => \n http://localhost:6201/api/v1/adminRoutes/getBankFundList","timestamp":"2025-06-05T09:39:54.030Z"}
{"level":"info","message":"ROUTE API CALL => \n http://localhost:6201/api/v1/adminRoutes/adminLogin","timestamp":"2025-06-05T09:41:33.824Z"}
{"level":"info","message":"ROUTE API CALL => \n http://localhost:6201/api/v1/adminRoutes/adminLogin","timestamp":"2025-06-05T09:41:34.068Z"}
{"level":"info","message":"ROUTE API CALL => \n http://localhost:6201/api/v1/cashFlow/getCashFlow","timestamp":"2025-06-05T09:41:34.673Z"}
{"level":"info","message":"ROUTE API CALL => \n http://localhost:6201/api/v1/refDashboard/Count","timestamp":"2025-06-05T09:41:34.681Z"}
{"level":"info","message":"ROUTE API CALL => \n http://localhost:6201/api/v1/refDashboard/Count","timestamp":"2025-06-05T09:41:34.900Z"}
{"level":"info","message":"ROUTE API CALL => \n http://localhost:6201/api/v1/cashFlow/getCashFlow","timestamp":"2025-06-05T09:41:37.208Z"}
{"level":"info","message":"ROUTE API CALL => \n http://localhost:6201/api/v1/adminRoutes/getLoanAndUser","timestamp":"2025-06-05T09:41:37.216Z"}
{"level":"info","message":"ROUTE API CALL => \n http://localhost:6201/api/v1/AdminRePayment/userList","timestamp":"2025-06-05T09:41:37.345Z"}
{"level":"info","message":"ROUTE API CALL => \n http://localhost:6201/api/v1/adminLoan/allLoan","timestamp":"2025-06-05T09:41:38.963Z"}
{"level":"info","message":"ROUTE API CALL => \n http://localhost:6201/api/v1/adminLoan/vendor/list","timestamp":"2025-06-05T09:41:39.811Z"}
{"level":"info","message":"ROUTE API CALL => \n http://localhost:6201/api/v1/adminLoan/vendor/details","timestamp":"2025-06-05T09:42:05.716Z"}
{"level":"info","message":"ROUTE API CALL => \n http://localhost:6201/api/v1/adminLoan/vendor/list","timestamp":"2025-06-05T09:42:05.951Z"}
{"level":"info","message":"ROUTE API CALL => \n http://localhost:6201/api/v1/adminRoutes/adminLogin","timestamp":"2025-06-05T09:42:32.631Z"}
{"level":"info","message":"ROUTE API CALL => \n http://localhost:6201/api/v1/cashFlow/getCashFlow","timestamp":"2025-06-05T09:42:33.241Z"}
{"level":"info","message":"ROUTE API CALL => \n http://localhost:6201/api/v1/refDashboard/Count","timestamp":"2025-06-05T09:42:33.249Z"}
{"level":"info","message":"ROUTE API CALL => \n http://localhost:6201/api/v1/refDashboard/Count","timestamp":"2025-06-05T09:42:33.273Z"}
{"level":"info","message":"ROUTE API CALL => \n http://localhost:6201/api/v1/cashFlow/getCashFlow","timestamp":"2025-06-05T09:42:35.659Z"}
{"level":"info","message":"ROUTE API CALL => \n http://localhost:6201/api/v1/adminRoutes/getLoanAndUser","timestamp":"2025-06-05T09:42:35.667Z"}
{"level":"info","message":"ROUTE API CALL => \n http://localhost:6201/api/v1/AdminRePayment/userList","timestamp":"2025-06-05T09:42:35.786Z"}
{"level":"info","message":"ROUTE API CALL => \n http://localhost:6201/api/v1/adminRoutes/adminLogin","timestamp":"2025-06-05T09:45:42.693Z"}
{"level":"info","message":"ROUTE API CALL => \n http://localhost:6201/api/v1/adminRoutes/adminLogin","timestamp":"2025-06-05T09:52:13.914Z"}
{"level":"info","message":"ROUTE API CALL => \n http://localhost:6201/api/v1/cashFlow/getCashFlow","timestamp":"2025-06-05T09:52:14.745Z"}
{"level":"info","message":"ROUTE API CALL => \n http://localhost:6201/api/v1/refDashboard/Count","timestamp":"2025-06-05T09:52:14.753Z"}
{"level":"info","message":"ROUTE API CALL => \n http://localhost:6201/api/v1/refDashboard/Count","timestamp":"2025-06-05T09:52:14.771Z"}
{"level":"info","message":"ROUTE API CALL => \n http://localhost:6201/api/v1/cashFlow/getCashFlow","timestamp":"2025-06-05T09:52:17.056Z"}
{"level":"info","message":"ROUTE API CALL => \n http://localhost:6201/api/v1/adminRoutes/getLoanAndUser","timestamp":"2025-06-05T09:52:17.063Z"}
{"level":"info","message":"ROUTE API CALL => \n http://localhost:6201/api/v1/AdminRePayment/userList","timestamp":"2025-06-05T09:52:17.171Z"}
{"level":"info","message":"ROUTE API CALL => \n http://localhost:6201/api/v1/cashFlow/getCashFlow","timestamp":"2025-06-05T09:52:17.998Z"}
{"level":"info","message":"ROUTE API CALL => \n http://localhost:6201/api/v1/adminRoutes/getBankFundList","timestamp":"2025-06-05T09:52:18.008Z"}
{"level":"info","message":"ROUTE API CALL => \n http://localhost:6201/api/v1/cashFlow/getCashFlow","timestamp":"2025-06-05T09:52:21.591Z"}
{"level":"info","message":"ROUTE API CALL => \n http://localhost:6201/api/v1/adminRoutes/getLoanAndUser","timestamp":"2025-06-05T09:52:21.602Z"}
{"level":"info","message":"ROUTE API CALL => \n http://localhost:6201/api/v1/AdminRePayment/userList","timestamp":"2025-06-05T09:52:21.697Z"}
{"level":"info","message":"ROUTE API CALL => \n http://localhost:6201/api/v1/adminLoan/allLoan","timestamp":"2025-06-05T09:52:23.865Z"}
{"level":"info","message":"ROUTE API CALL => \n http://localhost:6201/api/v1/adminLoan/vendor/list","timestamp":"2025-06-05T09:52:26.096Z"}
{"level":"info","message":"ROUTE API CALL => \n http://localhost:6201/api/v1/cashFlow/getCashFlow","timestamp":"2025-06-05T09:52:27.642Z"}
{"level":"info","message":"ROUTE API CALL => \n http://localhost:6201/api/v1/adminRoutes/getAllLoan","timestamp":"2025-06-05T09:52:27.650Z"}
{"level":"info","message":"ROUTE API CALL => \n http://localhost:6201/api/v1/cashFlow/getCashFlow","timestamp":"2025-06-05T09:52:28.516Z"}
{"level":"info","message":"ROUTE API CALL => \n http://localhost:6201/api/v1/rePayment/userList","timestamp":"2025-06-05T09:52:28.526Z"}
{"level":"info","message":"ROUTE API CALL => \n http://localhost:6201/api/v1/cashFlow/getCashFlow","timestamp":"2025-06-05T09:52:29.619Z"}
{"level":"info","message":"ROUTE API CALL => \n http://localhost:6201/api/v1/adminRoutes/getAllLoan","timestamp":"2025-06-05T09:52:29.629Z"}
{"level":"info","message":"ROUTE API CALL => \n http://localhost:6201/api/v1/rePayment/Notification","timestamp":"2025-06-05T09:52:31.560Z"}
{"level":"info","message":"ROUTE API CALL => \n http://localhost:6201/api/v1/cashFlow/getCashFlow","timestamp":"2025-06-05T09:52:36.533Z"}
{"level":"info","message":"ROUTE API CALL => \n http://localhost:6201/api/v1/adminRoutes/productList","timestamp":"2025-06-05T09:52:36.540Z"}
{"level":"info","message":"ROUTE API CALL => \n http://localhost:6201/api/v1/cashFlow/getCashFlow","timestamp":"2025-06-05T09:52:37.759Z"}
{"level":"info","message":"ROUTE API CALL => \n http://localhost:6201/api/v1/expense/expenseData","timestamp":"2025-06-05T09:52:37.768Z"}
{"level":"info","message":"ROUTE API CALL => \n http://localhost:6201/api/v1/adminRoutes/getBankFundList","timestamp":"2025-06-05T09:52:37.773Z"}
{"level":"info","message":"ROUTE API CALL => \n http://localhost:6201/api/v1/cashFlow/getCashFlow","timestamp":"2025-06-05T09:52:38.832Z"}
{"level":"info","message":"ROUTE API CALL => \n http://localhost:6201/api/v1/adminRoutes/getBankFundList","timestamp":"2025-06-05T09:52:38.839Z"}
{"level":"info","message":"ROUTE API CALL => \n http://localhost:6201/api/v1/cashFlow/getCashFlow","timestamp":"2025-06-05T09:52:40.359Z"}
{"level":"info","message":"ROUTE API CALL => \n http://localhost:6201/api/v1/adminRoutes/getBankFundList","timestamp":"2025-06-05T09:52:40.369Z"}
{"level":"info","message":"ROUTE API CALL => \n http://localhost:6201/api/v1/expense/expenseData","timestamp":"2025-06-05T09:52:40.375Z"}
{"level":"info","message":"ROUTE API CALL => \n http://localhost:6201/api/v1/cashFlow/getCashFlow","timestamp":"2025-06-05T09:52:42.269Z"}
{"level":"info","message":"ROUTE API CALL => \n http://localhost:6201/api/v1/adminRoutes/getBankFundList","timestamp":"2025-06-05T09:52:42.276Z"}
{"level":"info","message":"ROUTE API CALL => \n http://localhost:6201/api/v1/cashFlow/getCashFlow","timestamp":"2025-06-05T09:52:44.341Z"}
{"level":"info","message":"ROUTE API CALL => \n http://localhost:6201/api/v1/expense/expenseData","timestamp":"2025-06-05T09:52:44.350Z"}
{"level":"info","message":"ROUTE API CALL => \n http://localhost:6201/api/v1/adminRoutes/getBankFundList","timestamp":"2025-06-05T09:52:44.355Z"}
{"level":"info","message":"ROUTE API CALL => \n http://localhost:6201/api/v1/adminRoutes/getBankFundList","timestamp":"2025-06-05T09:53:35.021Z"}
{"level":"info","message":"ROUTE API CALL => \n http://localhost:6201/api/v1/expense/expenseData","timestamp":"2025-06-05T09:53:35.025Z"}
{"level":"info","message":"ROUTE API CALL => \n http://localhost:6201/api/v1/adminRoutes/getBankFundList","timestamp":"2025-06-05T09:53:37.112Z"}
{"level":"info","message":"ROUTE API CALL => \n http://localhost:6201/api/v1/expense/expenseData","timestamp":"2025-06-05T09:53:37.116Z"}
{"level":"info","message":"ROUTE API CALL => \n http://localhost:6201/api/v1/adminRoutes/getBankFundList","timestamp":"2025-06-05T09:53:44.563Z"}
{"level":"info","message":"ROUTE API CALL => \n http://localhost:6201/api/v1/expense/expenseData","timestamp":"2025-06-05T09:53:44.670Z"}
{"level":"info","message":"ROUTE API CALL => \n http://localhost:6201/api/v1/adminRoutes/getBankFundList","timestamp":"2025-06-05T09:53:48.627Z"}
{"level":"info","message":"ROUTE API CALL => \n http://localhost:6201/api/v1/expense/expenseData","timestamp":"2025-06-05T09:53:48.632Z"}
{"level":"info","message":"ROUTE API CALL => \n http://localhost:6201/api/v1/adminRoutes/getBankFundList","timestamp":"2025-06-05T09:54:08.944Z"}
{"level":"info","message":"ROUTE API CALL => \n http://localhost:6201/api/v1/expense/expenseData","timestamp":"2025-06-05T09:54:08.947Z"}
{"level":"info","message":"ROUTE API CALL => \n http://localhost:6201/api/v1/adminRoutes/getBankFundList","timestamp":"2025-06-05T09:54:10.069Z"}
{"level":"info","message":"ROUTE API CALL => \n http://localhost:6201/api/v1/expense/expenseData","timestamp":"2025-06-05T09:54:10.072Z"}
{"level":"info","message":"ROUTE API CALL => \n http://localhost:6201/api/v1/cashFlow/getCashFlow","timestamp":"2025-06-05T09:54:11.784Z"}
{"level":"info","message":"ROUTE API CALL => \n http://localhost:6201/api/v1/adminRoutes/getBankFundList","timestamp":"2025-06-05T09:54:11.797Z"}
{"level":"info","message":"ROUTE API CALL => \n http://localhost:6201/api/v1/cashFlow/getCashFlow","timestamp":"2025-06-05T09:54:17.235Z"}
{"level":"info","message":"ROUTE API CALL => \n http://localhost:6201/api/v1/adminRoutes/getLoanAndUser","timestamp":"2025-06-05T09:54:17.245Z"}
{"level":"info","message":"ROUTE API CALL => \n http://localhost:6201/api/v1/AdminRePayment/userList","timestamp":"2025-06-05T09:54:17.408Z"}
{"level":"info","message":"ROUTE API CALL => \n http://localhost:6201/api/v1/adminLoan/allLoan","timestamp":"2025-06-05T09:54:18.769Z"}
{"level":"info","message":"ROUTE API CALL => \n http://localhost:6201/api/v1/adminLoan/vendor/list","timestamp":"2025-06-05T09:54:19.475Z"}
{"level":"info","message":"ROUTE API CALL => \n http://localhost:6201/api/v1/adminLoan/vendor/details","timestamp":"2025-06-05T09:54:21.051Z"}
{"level":"info","message":"ROUTE API CALL => \n http://localhost:6201/api/v1/adminLoan/vendor/list","timestamp":"2025-06-05T09:54:22.535Z"}
{"level":"info","message":"ROUTE API CALL => \n http://localhost:6201/api/v1/rePayment/userList","timestamp":"2025-06-05T09:54:23.757Z"}
{"level":"info","message":"ROUTE API CALL => \n http://localhost:6201/api/v1/cashFlow/getCashFlow","timestamp":"2025-06-05T09:54:23.767Z"}
{"level":"info","message":"ROUTE API CALL => \n http://localhost:6201/api/v1/cashFlow/getCashFlow","timestamp":"2025-06-05T09:54:24.849Z"}
{"level":"info","message":"ROUTE API CALL => \n http://localhost:6201/api/v1/adminRoutes/getAllLoan","timestamp":"2025-06-05T09:54:24.869Z"}
{"level":"info","message":"ROUTE API CALL => \n http://localhost:6201/api/v1/cashFlow/getCashFlow","timestamp":"2025-06-05T09:54:25.783Z"}
{"level":"info","message":"ROUTE API CALL => \n http://localhost:6201/api/v1/adminRoutes/productList","timestamp":"2025-06-05T09:54:25.791Z"}
{"level":"info","message":"ROUTE API CALL => \n http://localhost:6201/api/v1/cashFlow/getCashFlow","timestamp":"2025-06-05T09:54:27.136Z"}
{"level":"info","message":"ROUTE API CALL => \n http://localhost:6201/api/v1/adminRoutes/getAllLoan","timestamp":"2025-06-05T09:54:27.143Z"}
{"level":"info","message":"ROUTE API CALL => \n http://localhost:6201/api/v1/newLoan/userListOption","timestamp":"2025-06-05T09:54:29.603Z"}
{"level":"info","message":"ROUTE API CALL 685=> \n http://localhost:6201/api/v1/adminRoutes/addLoanOption","timestamp":"2025-06-05T09:54:34.282Z"}
{"level":"info","message":"ROUTE API CALL => \n http://localhost:6201/api/v1/adminRoutes/getLoan","timestamp":"2025-06-05T09:54:34.339Z"}
{"level":"info","message":"ROUTE API CALL 685=> \n http://localhost:6201/api/v1/adminRoutes/addLoanOption","timestamp":"2025-06-05T09:54:38.056Z"}
{"level":"info","message":"ROUTE API CALL => \n http://localhost:6201/api/v1/adminRoutes/getLoan","timestamp":"2025-06-05T09:54:38.065Z"}
{"level":"info","message":"ROUTE API CALL => \n http://localhost:6201/api/v1/adminRoutes/adminLogin","timestamp":"2025-06-05T10:06:48.305Z"}
{"level":"info","message":"ROUTE API CALL => \n http://localhost:6201/api/v1/cashFlow/getCashFlow","timestamp":"2025-06-05T10:06:49.159Z"}
{"level":"info","message":"ROUTE API CALL => \n http://localhost:6201/api/v1/refDashboard/Count","timestamp":"2025-06-05T10:06:49.166Z"}
{"level":"info","message":"ROUTE API CALL => \n http://localhost:6201/api/v1/refDashboard/Count","timestamp":"2025-06-05T10:06:49.184Z"}
{"level":"info","message":"ROUTE API CALL => \n http://localhost:6201/api/v1/cashFlow/getCashFlow","timestamp":"2025-06-05T10:06:57.191Z"}
{"level":"info","message":"ROUTE API CALL => \n http://localhost:6201/api/v1/adminRoutes/getBankFundList","timestamp":"2025-06-05T10:06:57.195Z"}
{"level":"info","message":"ROUTE API CALL => \n http://localhost:6201/api/v1/cashFlow/getCashFlow","timestamp":"2025-06-05T10:07:09.919Z"}
{"level":"info","message":"ROUTE API CALL => \n http://localhost:6201/api/v1/rePayment/userList","timestamp":"2025-06-05T10:07:09.928Z"}
{"level":"info","message":"ROUTE API CALL => \n http://localhost:6201/api/v1/cashFlow/getCashFlow","timestamp":"2025-06-05T10:12:40.899Z"}
{"level":"info","message":"ROUTE API CALL => \n http://localhost:6201/api/v1/adminRoutes/getBankFundList","timestamp":"2025-06-05T10:12:40.911Z"}
{"level":"info","message":"ROUTE API CALL => \n http://localhost:6201/api/v1/expense/expenseData","timestamp":"2025-06-05T10:12:40.920Z"}
{"level":"info","message":"ROUTE API CALL => \n http://localhost:6201/api/v1/cashFlow/getCashFlow","timestamp":"2025-06-05T10:15:46.745Z"}
{"level":"info","message":"ROUTE API CALL => \n http://localhost:6201/api/v1/adminRoutes/getAllLoan","timestamp":"2025-06-05T10:15:46.761Z"}
{"level":"info","message":"ROUTE API CALL => \n http://localhost:6201/api/v1/cashFlow/getCashFlow","timestamp":"2025-06-05T10:27:42.961Z"}
{"level":"info","message":"ROUTE API CALL => \n http://localhost:6201/api/v1/adminRoutes/getBankFundList","timestamp":"2025-06-05T10:27:42.977Z"}
{"level":"error","message":"Error in view bank fund list Connection terminated due to connection timeout","stack":"Error: Connection terminated due to connection timeout\n    at C:\\Users\\VIJAY L\\Desktop\\Finance\\ZAdPro_MicroFin_Service\\node_modules\\pg-pool\\index.js:45:11\n    at processTicksAndRejections (node:internal/process/task_queues:95:5)","timestamp":"2025-06-05T10:27:45.013Z"}
{"level":"info","message":"ROUTE API CALL => \n http://localhost:6201/api/v1/cashFlow/getCashFlow","timestamp":"2025-06-05T10:29:19.633Z"}
{"level":"info","message":"ROUTE API CALL => \n http://localhost:6201/api/v1/adminRoutes/getLoanAndUser","timestamp":"2025-06-05T10:29:19.651Z"}
{"level":"info","message":"ROUTE API CALL => \n http://localhost:6201/api/v1/AdminRePayment/userList","timestamp":"2025-06-05T10:29:20.196Z"}
{"level":"info","message":"ROUTE API CALL => \n http://localhost:6201/api/v1/cashFlow/getCashFlow","timestamp":"2025-06-05T10:29:22.024Z"}
{"level":"info","message":"ROUTE API CALL => \n http://localhost:6201/api/v1/adminRoutes/getBankFundList","timestamp":"2025-06-05T10:29:22.032Z"}
{"level":"info","message":"ROUTE API CALL => \n http://localhost:6201/api/v1/cashFlow/getCashFlow","timestamp":"2025-06-05T10:29:28.502Z"}
{"level":"info","message":"ROUTE API CALL => \n http://localhost:6201/api/v1/adminRoutes/getBankFundList","timestamp":"2025-06-05T10:29:28.533Z"}
{"level":"info","message":"ROUTE API CALL => \n http://localhost:6201/api/v1/cashFlow/getCashFlow","timestamp":"2025-06-05T10:29:33.818Z"}
{"level":"info","message":"ROUTE API CALL => \n http://localhost:6201/api/v1/refDashboard/Count","timestamp":"2025-06-05T10:29:33.827Z"}
{"level":"info","message":"ROUTE API CALL => \n http://localhost:6201/api/v1/refDashboard/Count","timestamp":"2025-06-05T10:29:34.058Z"}
{"level":"info","message":"ROUTE API CALL => \n http://localhost:6201/api/v1/cashFlow/getCashFlow","timestamp":"2025-06-05T10:29:35.873Z"}
{"level":"info","message":"ROUTE API CALL => \n http://localhost:6201/api/v1/adminRoutes/getBankFundList","timestamp":"2025-06-05T10:29:35.896Z"}
{"level":"info","message":"ROUTE API CALL => \n http://localhost:6201/api/v1/cashFlow/getCashFlow","timestamp":"2025-06-05T10:29:37.043Z"}
{"level":"info","message":"ROUTE API CALL => \n http://localhost:6201/api/v1/adminRoutes/getLoanAndUser","timestamp":"2025-06-05T10:29:37.057Z"}
{"level":"info","message":"ROUTE API CALL => \n http://localhost:6201/api/v1/AdminRePayment/userList","timestamp":"2025-06-05T10:29:37.181Z"}
{"level":"info","message":"ROUTE API CALL => \n http://localhost:6201/api/v1/cashFlow/getCashFlow","timestamp":"2025-06-05T10:29:39.313Z"}
{"level":"info","message":"ROUTE API CALL => \n http://localhost:6201/api/v1/rePayment/userList","timestamp":"2025-06-05T10:29:39.320Z"}
{"level":"info","message":"ROUTE API CALL => \n http://localhost:6201/api/v1/cashFlow/getCashFlow","timestamp":"2025-06-05T10:29:40.532Z"}
{"level":"info","message":"ROUTE API CALL => \n http://localhost:6201/api/v1/adminRoutes/getAllLoan","timestamp":"2025-06-05T10:29:40.538Z"}
{"level":"info","message":"ROUTE API CALL => \n http://localhost:6201/api/v1/newLoan/userListOption","timestamp":"2025-06-05T10:29:42.386Z"}
{"level":"info","message":"ROUTE API CALL 685=> \n http://localhost:6201/api/v1/adminRoutes/addLoanOption","timestamp":"2025-06-05T10:29:48.214Z"}
{"level":"info","message":"ROUTE API CALL => \n http://localhost:6201/api/v1/adminRoutes/getLoan","timestamp":"2025-06-05T10:29:48.261Z"}
{"level":"info","message":"ROUTE API CALL => \n http://localhost:6201/api/v1/newLoan/selectedLoanDetailsV1","timestamp":"2025-06-05T10:29:50.643Z"}
{"level":"info","message":"ROUTE API CALL => \n http://localhost:6201/api/v1/adminRoutes/getLoan","timestamp":"2025-06-05T10:29:50.735Z"}
{"level":"info","message":"ROUTE API CALL => \n http://localhost:6201/api/v1/newLoan/CreateNewLoan","timestamp":"2025-06-05T10:30:52.012Z"}
{"level":"info","message":"ROUTE API CALL => \n http://localhost:6201/api/v1/adminRoutes/getAllLoan","timestamp":"2025-06-05T10:31:04.608Z"}
{"level":"info","message":"ROUTE API CALL => \n http://localhost:6201/api/v1/cashFlow/getCashFlow","timestamp":"2025-06-05T10:31:05.799Z"}
{"level":"info","message":"ROUTE API CALL => \n http://localhost:6201/api/v1/adminRoutes/productList","timestamp":"2025-06-05T10:31:05.809Z"}
{"level":"info","message":"ROUTE API CALL => \n http://localhost:6201/api/v1/expense/expenseData","timestamp":"2025-06-05T10:31:08.328Z"}
{"level":"info","message":"ROUTE API CALL => \n http://localhost:6201/api/v1/cashFlow/getCashFlow","timestamp":"2025-06-05T10:31:08.337Z"}
{"level":"info","message":"ROUTE API CALL => \n http://localhost:6201/api/v1/adminRoutes/getBankFundList","timestamp":"2025-06-05T10:31:08.343Z"}
{"level":"info","message":"ROUTE API CALL => \n http://localhost:6201/api/v1/expense/expenseOption","timestamp":"2025-06-05T10:31:10.326Z"}
{"level":"info","message":"ROUTE API CALL => \n http://localhost:6201/api/v1/expense/expenseData","timestamp":"2025-06-05T10:31:13.014Z"}
{"level":"info","message":"ROUTE API CALL => \n http://localhost:6201/api/v1/expense/expenseData","timestamp":"2025-06-05T10:31:13.022Z"}
{"level":"info","message":"ROUTE API CALL => \n http://localhost:6201/api/v1/adminRoutes/getBankFundList","timestamp":"2025-06-05T10:31:13.028Z"}
{"level":"info","message":"ROUTE API CALL => \n http://localhost:6201/api/v1/cashFlow/getCashFlow","timestamp":"2025-06-05T10:31:14.249Z"}
{"level":"info","message":"ROUTE API CALL => \n http://localhost:6201/api/v1/adminRoutes/getPersonList","timestamp":"2025-06-05T10:31:14.271Z"}
{"level":"info","message":"ROUTE API CALL => \n http://localhost:6201/api/v1/cashFlow/getCashFlow","timestamp":"2025-06-05T10:31:18.005Z"}
{"level":"info","message":"ROUTE API CALL => \n http://localhost:6201/api/v1/refDashboard/Count","timestamp":"2025-06-05T10:31:18.017Z"}
{"level":"info","message":"ROUTE API CALL => \n http://localhost:6201/api/v1/refDashboard/Count","timestamp":"2025-06-05T10:31:18.036Z"}
{"level":"info","message":"ROUTE API CALL => \n http://localhost:6201/api/v1/cashFlow/getCashFlow","timestamp":"2025-06-05T10:31:21.291Z"}
{"level":"info","message":"ROUTE API CALL => \n http://localhost:6201/api/v1/adminRoutes/getBankFundList","timestamp":"2025-06-05T10:31:21.303Z"}
{"level":"info","message":"ROUTE API CALL => \n http://localhost:6201/api/v1/report/overAllReportOption","timestamp":"2025-06-05T10:31:22.822Z"}
{"level":"info","message":"ROUTE API CALL => \n http://localhost:6201/api/v1/report/overAllReport","timestamp":"2025-06-05T10:31:22.927Z"}
{"level":"info","message":"ROUTE API CALL => \n http://localhost:6201/api/v1/report/expenseReport","timestamp":"2025-06-05T10:31:26.651Z"}
{"level":"info","message":"ROUTE API CALL => \n http://localhost:6201/api/v1/report/expenseReport","timestamp":"2025-06-05T10:31:28.762Z"}
{"level":"info","message":"ROUTE API CALL => \n http://localhost:6201/api/v1/cashFlow/getCashFlow","timestamp":"2025-06-05T11:17:28.520Z"}
{"level":"info","message":"ROUTE API CALL => \n http://localhost:6201/api/v1/adminRoutes/getBankFundList","timestamp":"2025-06-05T11:17:28.536Z"}
{"level":"error","message":"Error in view bank fund list Connection terminated due to connection timeout","stack":"Error: Connection terminated due to connection timeout\n    at C:\\Users\\VIJAY L\\Desktop\\Finance\\ZAdPro_MicroFin_Service\\node_modules\\pg-pool\\index.js:45:11\n    at processTicksAndRejections (node:internal/process/task_queues:95:5)","timestamp":"2025-06-05T11:17:30.556Z"}
{"level":"info","message":"Server running --- from server.ts","timestamp":"2025-06-05T11:17:59.782Z"}
{"level":"info","message":"ROUTE API CALL => \n http://localhost:6201/api/v1/cashFlow/getCashFlow","timestamp":"2025-06-05T11:18:04.498Z"}
{"level":"info","message":"ROUTE API CALL => \n http://localhost:6201/api/v1/expense/expenseData","timestamp":"2025-06-05T11:18:04.574Z"}
{"level":"info","message":"ROUTE API CALL => \n http://localhost:6201/api/v1/adminRoutes/getBankFundList","timestamp":"2025-06-05T11:18:04.595Z"}
{"level":"info","message":"ROUTE API CALL => \n http://localhost:6201/api/v1/cashFlow/getCashFlow","timestamp":"2025-06-05T11:18:06.741Z"}
{"level":"info","message":"ROUTE API CALL => \n http://localhost:6201/api/v1/adminRoutes/getBankFundList","timestamp":"2025-06-05T11:18:06.756Z"}
{"level":"info","message":"ROUTE API CALL => \n http://localhost:6201/api/v1/adminRoutes/getBankList","timestamp":"2025-06-05T11:18:10.071Z"}
{"level":"info","message":"ROUTE API CALL => \n http://localhost:6201/api/v1/adminRoutes/getBankList","timestamp":"2025-06-05T11:18:11.217Z"}
{"level":"info","message":"ROUTE API CALL => \n http://localhost:6201/api/v1/adminRoutes/getBankList","timestamp":"2025-06-05T11:18:14.747Z"}
{"level":"info","message":"ROUTE API CALL => \n http://localhost:6201/api/v1/adminRoutes/getBankList","timestamp":"2025-06-05T11:18:16.795Z"}
{"level":"info","message":"ROUTE API CALL => \n http://localhost:6201/api/v1/adminRoutes/addBankFund","timestamp":"2025-06-05T11:18:22.907Z"}
{"level":"info","message":"ROUTE API CALL => \n http://localhost:6201/api/v1/adminRoutes/getBankFundList","timestamp":"2025-06-05T11:18:23.290Z"}
{"level":"info","message":"ROUTE API CALL => \n http://localhost:6201/api/v1/cashFlow/getCashFlow","timestamp":"2025-06-05T11:18:25.284Z"}
{"level":"info","message":"ROUTE API CALL => \n http://localhost:6201/api/v1/adminRoutes/getBankAccountList","timestamp":"2025-06-05T11:18:25.303Z"}
{"level":"info","message":"ROUTE API CALL => \n http://localhost:6201/api/v1/adminRoutes/addBankAccount","timestamp":"2025-06-05T11:18:54.004Z"}
{"level":"info","message":"ROUTE API CALL => \n http://localhost:6201/api/v1/adminRoutes/getBankAccountList","timestamp":"2025-06-05T11:18:54.194Z"}
{"level":"info","message":"ROUTE API CALL => \n http://localhost:6201/api/v1/cashFlow/getCashFlow","timestamp":"2025-06-05T11:18:56.539Z"}
{"level":"info","message":"ROUTE API CALL => \n http://localhost:6201/api/v1/adminRoutes/getBankFundList","timestamp":"2025-06-05T11:18:56.555Z"}
{"level":"info","message":"ROUTE API CALL => \n http://localhost:6201/api/v1/adminRoutes/getBankList","timestamp":"2025-06-05T11:18:58.262Z"}
{"level":"info","message":"ROUTE API CALL => \n http://localhost:6201/api/v1/adminRoutes/getBankList","timestamp":"2025-06-05T11:18:59.105Z"}
{"level":"info","message":"ROUTE API CALL => \n http://localhost:6201/api/v1/fund/selfTransfer","timestamp":"2025-06-05T11:19:09.848Z"}
{"level":"info","message":"ROUTE API CALL => \n http://localhost:6201/api/v1/adminRoutes/getBankFundList","timestamp":"2025-06-05T11:19:10.225Z"}
{"level":"info","message":"ROUTE API CALL => \n http://localhost:6201/api/v1/cashFlow/getCashFlow","timestamp":"2025-06-05T11:19:12.902Z"}
{"level":"info","message":"ROUTE API CALL => \n http://localhost:6201/api/v1/adminRoutes/getBankAccountList","timestamp":"2025-06-05T11:19:12.916Z"}
{"level":"info","message":"ROUTE API CALL => \n http://localhost:6201/api/v1/cashFlow/getCashFlow","timestamp":"2025-06-05T11:20:50.396Z"}
{"level":"info","message":"ROUTE API CALL => \n http://localhost:6201/api/v1/adminRoutes/getBankFundList","timestamp":"2025-06-05T11:20:50.402Z"}
{"level":"info","message":"ROUTE API CALL => \n http://localhost:6201/api/v1/adminRoutes/getBankFundList","timestamp":"2025-06-05T11:28:49.671Z"}
{"level":"info","message":"ROUTE API CALL => \n http://localhost:6201/api/v1/cashFlow/getCashFlow","timestamp":"2025-06-05T11:28:49.690Z"}
{"level":"info","message":"ROUTE API CALL => \n http://localhost:6201/api/v1/cashFlow/getCashFlow","timestamp":"2025-06-05T11:28:50.707Z"}
{"level":"info","message":"ROUTE API CALL => \n http://localhost:6201/api/v1/adminRoutes/getPersonList","timestamp":"2025-06-05T11:28:50.720Z"}
{"level":"info","message":"ROUTE API CALL => \n http://localhost:6201/api/v1/adminRoutes/getPersonList","timestamp":"2025-06-05T11:29:00.894Z"}
{"level":"info","message":"Server running --- from server.ts","timestamp":"2025-06-05T13:20:13.438Z"}
