{"level":"info","message":"Server running --- from server.ts","timestamp":"2025-06-04T03:38:37.631Z"}
{"level":"info","message":"ROUTE API CALL => \n http://localhost:6201/api/v1/adminRoutes/adminLogin","timestamp":"2025-06-04T03:42:26.349Z"}
{"level":"info","message":"ROUTE API CALL => \n http://localhost:6201/api/v1/cashFlow/getCashFlow","timestamp":"2025-06-04T03:42:27.013Z"}
{"level":"info","message":"ROUTE API CALL => \n http://localhost:6201/api/v1/refDashboard/Count","timestamp":"2025-06-04T03:42:27.020Z"}
{"level":"info","message":"ROUTE API CALL => \n http://localhost:6201/api/v1/refDashboard/Count","timestamp":"2025-06-04T03:42:27.061Z"}
{"level":"info","message":"ROUTE API CALL => \n http://localhost:6201/api/v1/cashFlow/getCashFlow","timestamp":"2025-06-04T03:42:54.579Z"}
{"level":"info","message":"ROUTE API CALL => \n http://localhost:6201/api/v1/rePayment/userList","timestamp":"2025-06-04T03:42:54.593Z"}
{"level":"info","message":"ROUTE API CALL => \n http://localhost:6201/api/v1/cashFlow/getCashFlow","timestamp":"2025-06-04T03:42:58.684Z"}
{"level":"info","message":"ROUTE API CALL => \n http://localhost:6201/api/v1/adminRoutes/getAllLoan","timestamp":"2025-06-04T03:42:58.699Z"}
{"level":"info","message":"ROUTE API CALL => \n http://localhost:6201/api/v1/refDashboard/Count","timestamp":"2025-06-04T03:43:17.570Z"}
{"level":"info","message":"ROUTE API CALL => \n http://localhost:6201/api/v1/cashFlow/getCashFlow","timestamp":"2025-06-04T03:43:17.586Z"}
{"level":"info","message":"ROUTE API CALL => \n http://localhost:6201/api/v1/refDashboard/Count","timestamp":"2025-06-04T03:43:17.596Z"}
{"level":"info","message":"Server running --- from server.ts","timestamp":"2025-06-04T03:43:33.447Z"}
{"level":"info","message":"ROUTE API CALL => \n http://localhost:6201/api/v1/cashFlow/getCashFlow","timestamp":"2025-06-04T03:43:37.118Z"}
{"level":"info","message":"ROUTE API CALL => \n http://localhost:6201/api/v1/adminRoutes/getAllLoan","timestamp":"2025-06-04T03:43:37.144Z"}
{"level":"info","message":"ROUTE API CALL => \n http://localhost:6201/api/v1/rePayment/loanDetails","timestamp":"2025-06-04T03:43:40.855Z"}
{"level":"info","message":"ROUTE API CALL => \n http://localhost:6201/api/v1/rePayment/loanAudit","timestamp":"2025-06-04T03:43:40.945Z"}
{"level":"info","message":"ROUTE API CALL => \n http://localhost:6201/api/v1/rePayment/loanCloseData","timestamp":"2025-06-04T03:43:44.512Z"}
{"level":"info","message":"ROUTE API CALL 685=> \n http://localhost:6201/api/v1/adminRoutes/addLoanOption","timestamp":"2025-06-04T03:43:44.520Z"}
{"level":"info","message":"ROUTE API CALL => \n http://localhost:6201/api/v1/rePayment/loanDetails","timestamp":"2025-06-04T03:43:44.575Z"}
{"level":"info","message":"ROUTE API CALL => \n http://localhost:6201/api/v1/rePayment/payPrincipalAmt","timestamp":"2025-06-04T03:45:07.170Z"}
{"level":"info","message":"ROUTE API CALL => \n http://localhost:6201/api/v1/rePayment/loanAudit","timestamp":"2025-06-04T03:45:08.285Z"}
{"level":"info","message":"ROUTE API CALL => \n http://localhost:6201/api/v1/rePayment/loanDetails","timestamp":"2025-06-04T03:45:08.291Z"}
{"level":"info","message":"Server running --- from server.ts","timestamp":"2025-06-04T03:46:40.812Z"}
{"level":"info","message":"Server running --- from server.ts","timestamp":"2025-06-04T03:46:46.076Z"}
{"level":"info","message":"Server running --- from server.ts","timestamp":"2025-06-04T03:46:58.907Z"}
{"level":"info","message":"ROUTE API CALL => \n http://localhost:6201/api/v1/adminRoutes/getAllLoan","timestamp":"2025-06-04T03:46:59.527Z"}
{"level":"info","message":"ROUTE API CALL => \n http://localhost:6201/api/v1/rePayment/loanDetails","timestamp":"2025-06-04T03:47:00.629Z"}
{"level":"info","message":"ROUTE API CALL => \n http://localhost:6201/api/v1/rePayment/loanAudit","timestamp":"2025-06-04T03:47:00.707Z"}
{"level":"info","message":"ROUTE API CALL => \n http://localhost:6201/api/v1/rePayment/loanCloseData","timestamp":"2025-06-04T03:47:20.098Z"}
{"level":"info","message":"ROUTE API CALL 685=> \n http://localhost:6201/api/v1/adminRoutes/addLoanOption","timestamp":"2025-06-04T03:47:20.311Z"}
{"level":"info","message":"ROUTE API CALL => \n http://localhost:6201/api/v1/rePayment/loanDetails","timestamp":"2025-06-04T03:47:20.367Z"}
{"level":"info","message":"ROUTE API CALL => \n http://localhost:6201/api/v1/rePayment/payPrincipalAmt","timestamp":"2025-06-04T03:47:27.983Z"}
{"level":"info","message":"ROUTE API CALL => \n http://localhost:6201/api/v1/rePayment/loanAudit","timestamp":"2025-06-04T03:47:28.597Z"}
{"level":"info","message":"ROUTE API CALL => \n http://localhost:6201/api/v1/rePayment/loanDetails","timestamp":"2025-06-04T03:47:28.604Z"}
{"level":"info","message":"Server running --- from server.ts","timestamp":"2025-06-04T03:48:49.725Z"}
{"level":"info","message":"Server running --- from server.ts","timestamp":"2025-06-04T03:48:54.546Z"}
{"level":"info","message":"Server running --- from server.ts","timestamp":"2025-06-04T03:49:30.700Z"}
{"level":"info","message":"Server running --- from server.ts","timestamp":"2025-06-04T03:49:44.652Z"}
{"level":"info","message":"Server running --- from server.ts","timestamp":"2025-06-04T03:49:51.326Z"}
{"level":"info","message":"ROUTE API CALL => \n http://localhost:6201/api/v1/adminRoutes/getAllLoan","timestamp":"2025-06-04T03:50:04.791Z"}
{"level":"info","message":"ROUTE API CALL => \n http://localhost:6201/api/v1/rePayment/loanDetails","timestamp":"2025-06-04T03:50:06.932Z"}
{"level":"info","message":"ROUTE API CALL => \n http://localhost:6201/api/v1/rePayment/loanAudit","timestamp":"2025-06-04T03:50:07.016Z"}
{"level":"info","message":"ROUTE API CALL => \n http://localhost:6201/api/v1/rePayment/loanCloseData","timestamp":"2025-06-04T03:50:08.665Z"}
{"level":"info","message":"ROUTE API CALL 685=> \n http://localhost:6201/api/v1/adminRoutes/addLoanOption","timestamp":"2025-06-04T03:50:08.675Z"}
{"level":"info","message":"ROUTE API CALL => \n http://localhost:6201/api/v1/rePayment/loanDetails","timestamp":"2025-06-04T03:50:08.727Z"}
{"level":"info","message":"ROUTE API CALL => \n http://localhost:6201/api/v1/rePayment/payPrincipalAmt","timestamp":"2025-06-04T03:50:16.866Z"}
{"level":"info","message":"ROUTE API CALL => \n http://localhost:6201/api/v1/adminRoutes/getAllLoan","timestamp":"2025-06-04T03:50:44.012Z"}
{"level":"info","message":"ROUTE API CALL => \n http://localhost:6201/api/v1/rePayment/loanDetails","timestamp":"2025-06-04T03:50:45.256Z"}
{"level":"info","message":"ROUTE API CALL => \n http://localhost:6201/api/v1/rePayment/loanAudit","timestamp":"2025-06-04T03:50:45.329Z"}
{"level":"info","message":"ROUTE API CALL => \n http://localhost:6201/api/v1/rePayment/loanCloseData","timestamp":"2025-06-04T03:50:47.453Z"}
{"level":"info","message":"ROUTE API CALL 685=> \n http://localhost:6201/api/v1/adminRoutes/addLoanOption","timestamp":"2025-06-04T03:50:47.465Z"}
{"level":"info","message":"ROUTE API CALL => \n http://localhost:6201/api/v1/rePayment/loanDetails","timestamp":"2025-06-04T03:50:47.515Z"}
{"level":"info","message":"ROUTE API CALL => \n http://localhost:6201/api/v1/rePayment/payPrincipalAmt","timestamp":"2025-06-04T03:50:57.868Z"}
{"level":"info","message":"Server running --- from server.ts","timestamp":"2025-06-04T03:51:42.679Z"}
{"level":"info","message":"ROUTE API CALL => \n http://localhost:6201/api/v1/rePayment/payPrincipalAmt","timestamp":"2025-06-04T03:51:44.625Z"}
{"level":"info","message":"Server running --- from server.ts","timestamp":"2025-06-04T03:52:01.962Z"}
{"level":"info","message":"ROUTE API CALL => \n http://localhost:6201/api/v1/adminRoutes/getAllLoan","timestamp":"2025-06-04T03:52:13.082Z"}
{"level":"info","message":"ROUTE API CALL => \n http://localhost:6201/api/v1/rePayment/loanDetails","timestamp":"2025-06-04T03:52:13.718Z"}
{"level":"info","message":"ROUTE API CALL => \n http://localhost:6201/api/v1/rePayment/loanAudit","timestamp":"2025-06-04T03:52:13.790Z"}
{"level":"info","message":"ROUTE API CALL => \n http://localhost:6201/api/v1/rePayment/loanCloseData","timestamp":"2025-06-04T03:52:14.712Z"}
{"level":"info","message":"ROUTE API CALL 685=> \n http://localhost:6201/api/v1/adminRoutes/addLoanOption","timestamp":"2025-06-04T03:52:14.723Z"}
{"level":"info","message":"ROUTE API CALL => \n http://localhost:6201/api/v1/rePayment/loanDetails","timestamp":"2025-06-04T03:52:14.783Z"}
{"level":"info","message":"ROUTE API CALL => \n http://localhost:6201/api/v1/rePayment/payPrincipalAmt","timestamp":"2025-06-04T03:52:23.639Z"}
{"level":"info","message":"ROUTE API CALL => \n http://localhost:6201/api/v1/rePayment/loanAudit","timestamp":"2025-06-04T03:52:24.224Z"}
{"level":"info","message":"ROUTE API CALL => \n http://localhost:6201/api/v1/rePayment/loanDetails","timestamp":"2025-06-04T03:52:24.276Z"}
{"level":"info","message":"Server running --- from server.ts","timestamp":"2025-06-04T03:52:55.425Z"}
{"level":"info","message":"ROUTE API CALL => \n http://localhost:6201/api/v1/rePayment/loanCloseData","timestamp":"2025-06-04T03:52:55.630Z"}
{"level":"info","message":"ROUTE API CALL 685=> \n http://localhost:6201/api/v1/adminRoutes/addLoanOption","timestamp":"2025-06-04T03:52:55.860Z"}
{"level":"info","message":"ROUTE API CALL => \n http://localhost:6201/api/v1/rePayment/loanDetails","timestamp":"2025-06-04T03:52:55.869Z"}
{"level":"info","message":"ROUTE API CALL => \n http://localhost:6201/api/v1/rePayment/payPrincipalAmt","timestamp":"2025-06-04T03:53:12.242Z"}
{"level":"info","message":"Server running --- from server.ts","timestamp":"2025-06-04T03:53:58.078Z"}
{"level":"info","message":"ROUTE API CALL => \n http://localhost:6201/api/v1/rePayment/payPrincipalAmt","timestamp":"2025-06-04T03:54:02.949Z"}
{"level":"info","message":"Server running --- from server.ts","timestamp":"2025-06-04T03:54:42.969Z"}
{"level":"info","message":"Server running --- from server.ts","timestamp":"2025-06-04T03:54:59.145Z"}
{"level":"info","message":"ROUTE API CALL => \n http://localhost:6201/api/v1/rePayment/payPrincipalAmt","timestamp":"2025-06-04T03:55:01.878Z"}
{"level":"info","message":"ROUTE API CALL => \n http://localhost:6201/api/v1/rePayment/loanAudit","timestamp":"2025-06-04T03:55:02.933Z"}
{"level":"info","message":"ROUTE API CALL => \n http://localhost:6201/api/v1/rePayment/loanDetails","timestamp":"2025-06-04T03:55:02.944Z"}
{"level":"info","message":"ROUTE API CALL => \n http://localhost:6201/api/v1/adminRoutes/getAllLoan","timestamp":"2025-06-04T04:11:31.042Z"}
{"level":"info","message":"ROUTE API CALL => \n http://localhost:6201/api/v1/rePayment/loanDetails","timestamp":"2025-06-04T04:11:32.864Z"}
{"level":"info","message":"ROUTE API CALL => \n http://localhost:6201/api/v1/rePayment/loanAudit","timestamp":"2025-06-04T04:11:32.975Z"}
{"level":"info","message":"ROUTE API CALL => \n http://localhost:6201/api/v1/adminRoutes/getAllLoan","timestamp":"2025-06-04T04:11:35.730Z"}
{"level":"info","message":"ROUTE API CALL => \n http://localhost:6201/api/v1/cashFlow/getCashFlow","timestamp":"2025-06-04T04:11:36.935Z"}
{"level":"info","message":"ROUTE API CALL => \n http://localhost:6201/api/v1/adminRoutes/getLoanAndUser","timestamp":"2025-06-04T04:11:36.944Z"}
{"level":"info","message":"ROUTE API CALL => \n http://localhost:6201/api/v1/AdminRePayment/userList","timestamp":"2025-06-04T04:11:37.129Z"}
{"level":"info","message":"ROUTE API CALL => \n http://localhost:6201/api/v1/adminLoan/vendor/list","timestamp":"2025-06-04T04:11:41.698Z"}
{"level":"info","message":"ROUTE API CALL => \n http://localhost:6201/api/v1/adminLoan/allLoan","timestamp":"2025-06-04T04:11:43.469Z"}
{"level":"info","message":"ROUTE API CALL => \n http://localhost:6201/api/v1/adminLoan/vendorList","timestamp":"2025-06-04T04:11:46.451Z"}
{"level":"info","message":"ROUTE API CALL => \n http://localhost:6201/api/v1/adminLoan/addLoanOption","timestamp":"2025-06-04T04:11:51.345Z"}
{"level":"info","message":"ROUTE API CALL => \n http://localhost:6201/api/v1/adminLoan/getLoan","timestamp":"2025-06-04T04:11:51.400Z"}
{"level":"info","message":"ROUTE API CALL => \n http://localhost:6201/api/v1/adminLoan/CreateNewLoan","timestamp":"2025-06-04T04:14:07.029Z"}
{"level":"info","message":"ROUTE API CALL => \n http://localhost:6201/api/v1/adminLoan/allLoan","timestamp":"2025-06-04T04:14:08.996Z"}
{"level":"info","message":"ROUTE API CALL => \n http://localhost:6201/api/v1/adminLoan/loanRePaymentAudit","timestamp":"2025-06-04T04:15:06.745Z"}
{"level":"info","message":"ROUTE API CALL => \n http://localhost:6201/api/v1/adminLoan/loanAudit","timestamp":"2025-06-04T04:15:07.025Z"}
{"level":"info","message":"ROUTE API CALL => \n http://localhost:6201/api/v1/adminLoan/loanCloseData","timestamp":"2025-06-04T04:15:10.740Z"}
{"level":"info","message":"ROUTE API CALL => \n http://localhost:6201/api/v1/adminLoan/payPrincipalAmt","timestamp":"2025-06-04T04:15:24.866Z"}
{"level":"info","message":"ROUTE API CALL => \n http://localhost:6201/api/v1/adminLoan/allLoan","timestamp":"2025-06-04T04:15:25.846Z"}
{"level":"info","message":"ROUTE API CALL => \n http://localhost:6201/api/v1/adminLoan/loanRePaymentAudit","timestamp":"2025-06-04T04:15:28.465Z"}
{"level":"info","message":"ROUTE API CALL => \n http://localhost:6201/api/v1/adminLoan/loanAudit","timestamp":"2025-06-04T04:15:28.470Z"}
{"level":"info","message":"Server running --- from server.ts","timestamp":"2025-06-04T04:40:33.157Z"}
{"level":"info","message":"ROUTE API CALL => \n http://localhost:6201/api/v1/adminLoan/allLoan","timestamp":"2025-06-04T04:40:51.903Z"}
{"level":"info","message":"ROUTE API CALL => \n http://localhost:6201/api/v1/adminLoan/loanRePaymentAudit","timestamp":"2025-06-04T04:40:52.559Z"}
{"level":"info","message":"ROUTE API CALL => \n http://localhost:6201/api/v1/adminLoan/loanAudit","timestamp":"2025-06-04T04:40:52.567Z"}
{"level":"info","message":"ROUTE API CALL => \n http://localhost:6201/api/v1/adminLoan/loanCloseData","timestamp":"2025-06-04T04:40:54.304Z"}
{"level":"info","message":"ROUTE API CALL => \n http://localhost:6201/api/v1/adminLoan/payPrincipalAmt","timestamp":"2025-06-04T04:41:02.228Z"}
{"level":"info","message":"ROUTE API CALL => \n http://localhost:6201/api/v1/adminLoan/allLoan","timestamp":"2025-06-04T04:41:02.843Z"}
{"level":"info","message":"ROUTE API CALL => \n http://localhost:6201/api/v1/adminLoan/loanRePaymentAudit","timestamp":"2025-06-04T04:41:18.387Z"}
{"level":"info","message":"ROUTE API CALL => \n http://localhost:6201/api/v1/adminLoan/loanAudit","timestamp":"2025-06-04T04:41:18.506Z"}
